Thu Jan 27 13:21:51 2022: Running xcd server. This server was built by gradle.
Thu Jan 27 13:21:51 2022: Server was asked to start on port: '37430'
Thu Jan 27 13:21:51 2022: Server is using token UUID: '1b9b008f-04d8-4ab6-a6f8-a53b39abf147'
Thu Jan 27 13:21:51 2022: SESSION_MGR: creating session with session uuid: '6d04a3e9-ade5-4ab9-8d63-1f78fcd2ec76' and name 'default'
Thu Jan 27 13:21:51 2022: Attempting to start server on port '37430'
Thu Jan 27 13:21:51 2022: XCD main fifo: created main fifo '/tmp/xcdmain1b9b008f-04d8-4ab6-a6f8-a53b39abf147', fd read = 14
Thu Jan 27 13:21:51 2022: Running Dispatch Server
Thu Jan 27 13:21:51 2022: Version 2.2.0
Thu Jan 27 13:22:00 2022: Dispatch Server: Accepted socket connection from client
Thu Jan 27 13:22:00 2022: Starting Socket connection
Thu Jan 27 13:22:00 2022: EXCHANGE_TOKEN received, server token: 1b9b008f-04d8-4ab6-a6f8-a53b39abf147, passed token: 1b9b008f-04d8-4ab6-a6f8-a53b39abf147
Thu Jan 27 13:22:02 2022: DISPATCH_HANDLER: Adding handler from function makeHandler in library libxv_system_diagram
Thu Jan 27 13:22:02 2022: SESSION_MGR: creating session with session uuid: 'f419bbcc-8a43-41a0-b67d-04226a02e0ea' and name 'link'
Thu Jan 27 13:22:02 2022: KERNEL_SVC: creating session with uuid: 'f419bbcc-8a43-41a0-b67d-04226a02e0ea' and name 'link'
Thu Jan 27 13:22:02 2022: GUIDANCE_SMGR: creating guidance session with uuid: 'f419bbcc-8a43-41a0-b67d-04226a02e0ea' and name 'link'
Thu Jan 27 13:22:02 2022: SYSTEM_DIAGRAM_SMGR: creating diagram session with uuid: 'f419bbcc-8a43-41a0-b67d-04226a02e0ea' and name 'link'
Thu Jan 27 13:22:24 2022: SESSION_MGR: closing session for UUID 'f419bbcc-8a43-41a0-b67d-04226a02e0ea' with name 'link'
Thu Jan 27 13:22:24 2022: KERNEL_SVC: closing session for UUID 'f419bbcc-8a43-41a0-b67d-04226a02e0ea' with name 'link'
Thu Jan 27 13:22:24 2022: GUIDANCE_SMGR: closing session for UUID 'f419bbcc-8a43-41a0-b67d-04226a02e0ea' with name 'link'
Thu Jan 27 13:22:24 2022: SYSTEM_DIAGRAM_SMGR: closing session for UUID 'f419bbcc-8a43-41a0-b67d-04226a02e0ea' with name 'link'
