Thu Jan 27 12:53:13 2022: Running xcd server. This server was built by gradle.
Thu Jan 27 12:53:13 2022: Server was asked to start on port: '43455'
Thu Jan 27 12:53:13 2022: Server is using token UUID: 'b11b2969-60f6-4e9a-8348-69803aaebf2b'
Thu Jan 27 12:53:13 2022: SESSION_MGR: creating session with session uuid: '6d04a3e9-ade5-4ab9-8d63-1f78fcd2ec76' and name 'default'
Thu Jan 27 12:53:13 2022: Attempting to start server on port '43455'
Thu Jan 27 12:53:13 2022: XCD main fifo: created main fifo '/tmp/xcdmainb11b2969-60f6-4e9a-8348-69803aaebf2b', fd read = 14
Thu Jan 27 12:53:13 2022: Running Dispatch Server
Thu Jan 27 12:53:13 2022: Version 2.2.0
Thu Jan 27 12:53:21 2022: Dispatch Server: Accepted socket connection from client
Thu Jan 27 12:53:21 2022: Starting Socket connection
Thu Jan 27 12:53:21 2022: EXCHANGE_TOKEN received, server token: b11b2969-60f6-4e9a-8348-69803aaebf2b, passed token: b11b2969-60f6-4e9a-8348-69803aaebf2b
Thu Jan 27 12:53:22 2022: DISPATCH_HANDLER: Adding handler from function makeHandler in library libxv_system_diagram
Thu Jan 27 12:53:22 2022: SESSION_MGR: creating session with session uuid: 'd05936f1-a660-4e89-8e65-082bd6b9c209' and name 'link'
Thu Jan 27 12:53:22 2022: KERNEL_SVC: creating session with uuid: 'd05936f1-a660-4e89-8e65-082bd6b9c209' and name 'link'
Thu Jan 27 12:53:22 2022: GUIDANCE_SMGR: creating guidance session with uuid: 'd05936f1-a660-4e89-8e65-082bd6b9c209' and name 'link'
Thu Jan 27 12:53:22 2022: SYSTEM_DIAGRAM_SMGR: creating diagram session with uuid: 'd05936f1-a660-4e89-8e65-082bd6b9c209' and name 'link'
Thu Jan 27 12:53:57 2022: Dispatch Server: Accepted socket connection from client
Thu Jan 27 12:53:57 2022: Starting Socket connection
Thu Jan 27 12:54:15 2022: Dispatch Server: Accepted socket connection from client
Thu Jan 27 12:54:15 2022: Starting Socket connection
Thu Jan 27 12:59:25 2022: SESSION_MGR: closing session for UUID 'd05936f1-a660-4e89-8e65-082bd6b9c209' with name 'link'
Thu Jan 27 12:59:25 2022: KERNEL_SVC: closing session for UUID 'd05936f1-a660-4e89-8e65-082bd6b9c209' with name 'link'
Thu Jan 27 12:59:25 2022: GUIDANCE_SMGR: closing session for UUID 'd05936f1-a660-4e89-8e65-082bd6b9c209' with name 'link'
Thu Jan 27 12:59:25 2022: SYSTEM_DIAGRAM_SMGR: closing session for UUID 'd05936f1-a660-4e89-8e65-082bd6b9c209' with name 'link'
