

================================================================
== Vitis HLS Report for 'muxWideStreaming_2u_16u_16u_8u_complex_ap_fixed_27_13_5_3_0_s'
================================================================
* Date:           Thu Jan 27 12:46:53 2022

* Version:        2021.1 (Build 3247384 on Thu Jun 10 19:36:07 MDT 2021)
* Project:        fft2DKernel
* Solution:       solution (Vitis Kernel Flow Target)
* Product family: virtexuplus
* Target device:  xcvu9p-flgb2104-2-i


================================================================
== Performance Estimates
================================================================
+ Timing: 
    * Summary: 
    +--------+---------+----------+------------+
    |  Clock |  Target | Estimated| Uncertainty|
    +--------+---------+----------+------------+
    |ap_clk  |  4.00 ns|  2.857 ns|     1.08 ns|
    +--------+---------+----------+------------+

+ Latency: 
    * Summary: 
    +---------+---------+----------+----------+-----+-----+------------------------------------------+
    |  Latency (cycles) |  Latency (absolute) |  Interval |                 Pipeline                 |
    |   min   |   max   |    min   |    max   | min | max |                   Type                   |
    +---------+---------+----------+----------+-----+-----+------------------------------------------+
    |       32|       33|  0.128 us|  0.132 us|   32|   32|  loop rewind stp(delay=0 clock cycles(s))|
    +---------+---------+----------+----------+-----+-----+------------------------------------------+

    + Detail: 
        * Instance: 
        N/A

        * Loop: 
        +----------------------+---------+---------+----------+-----------+-----------+------+----------+
        |                      |  Latency (cycles) | Iteration|  Initiation Interval  | Trip |          |
        |       Loop Name      |   min   |   max   |  Latency |  achieved |   target  | Count| Pipelined|
        +----------------------+---------+---------+----------+-----------+-----------+------+----------+
        |- MUX_STREAMING_LOOP  |       32|       32|         2|          1|          1|    32|       yes|
        +----------------------+---------+---------+----------+-----------+-----------+------+----------+



================================================================
== Utilization Estimates
================================================================
* Summary: 
+---------------------+---------+------+---------+---------+-----+
|         Name        | BRAM_18K|  DSP |    FF   |   LUT   | URAM|
+---------------------+---------+------+---------+---------+-----+
|DSP                  |        -|     -|        -|        -|    -|
|Expression           |        -|     -|        0|       45|    -|
|FIFO                 |        -|     -|        -|        -|    -|
|Instance             |        -|     -|        -|        -|    -|
|Memory               |        -|     -|        -|        -|    -|
|Multiplexer          |        -|     -|        -|      599|    -|
|Register             |        -|     -|       17|        -|    -|
+---------------------+---------+------+---------+---------+-----+
|Total                |        0|     0|       17|      644|    0|
+---------------------+---------+------+---------+---------+-----+
|Available SLR        |     1440|  2280|   788160|   394080|  320|
+---------------------+---------+------+---------+---------+-----+
|Utilization SLR (%)  |        0|     0|       ~0|       ~0|    0|
+---------------------+---------+------+---------+---------+-----+
|Available            |     4320|  6840|  2364480|  1182240|  960|
+---------------------+---------+------+---------+---------+-----+
|Utilization (%)      |        0|     0|       ~0|       ~0|    0|
+---------------------+---------+------+---------+---------+-----+

+ Detail: 
    * Instance: 
    N/A

    * DSP: 
    N/A

    * Memory: 
    N/A

    * FIFO: 
    N/A

    * Expression: 
    +----------------------------------+----------+----+---+----+------------+------------+
    |           Variable Name          | Operation| DSP| FF| LUT| Bitwidth P0| Bitwidth P1|
    +----------------------------------+----------+----+---+----+------------+------------+
    |iter_fu_385_p2                    |         +|   0|  0|  12|           5|           1|
    |ap_condition_200                  |       and|   0|  0|   2|           1|           1|
    |ap_ext_blocking_n                 |       and|   0|  0|   2|           2|           2|
    |ap_int_blocking_cur_n             |       and|   0|  0|   2|           1|           1|
    |ap_int_blocking_n                 |       and|   0|  0|   2|           1|           2|
    |ap_str_blocking_n                 |       and|   0|  0|   2|           2|           2|
    |io_acc_block_signal_op55          |       and|   0|  0|   2|           1|           1|
    |io_acc_block_signal_op73          |       and|   0|  0|   2|           1|           1|
    |icmp_ln54_fu_397_p2               |      icmp|   0|  0|   9|           5|           2|
    |ap_block_pp0_stage0_01001         |        or|   0|  0|   2|           1|           1|
    |ap_block_state1                   |        or|   0|  0|   2|           1|           1|
    |ap_block_state3_pp0_stage0_iter1  |        or|   0|  0|   2|           1|           1|
    |ap_enable_pp0                     |       xor|   0|  0|   2|           1|           2|
    |outStreamPtr_fu_391_p2            |       xor|   0|  0|   2|           1|           2|
    +----------------------------------+----------+----+---+----+------------+------------+
    |Total                             |          |   0|  0|  45|          24|          20|
    +----------------------------------+----------+----+---+----+------------+------------+

    * Multiplexer: 
    +-------------------------------------------+----+-----------+-----+-----------+
    |                    Name                   | LUT| Input Size| Bits| Total Bits|
    +-------------------------------------------+----+-----------+-----+-----------+
    |ap_NS_fsm                                  |  14|          3|    1|          3|
    |ap_done                                    |   9|          2|    1|          2|
    |ap_enable_reg_pp0_iter1                    |   9|          2|    1|          2|
    |ap_phi_mux_iter1_phi_fu_231_p6             |  14|          3|    5|         15|
    |ap_phi_mux_outStreamPtr2_phi_fu_216_p6     |  14|          3|    1|          3|
    |ap_phi_mux_p_0_01_0_0_0_0_0_phi_fu_379_p4  |  14|          3|   27|         81|
    |ap_phi_mux_p_0_01_0_0_0_1_0_phi_fu_370_p4  |  14|          3|   27|         81|
    |ap_phi_mux_p_0_01_0_0_0_2_0_phi_fu_361_p4  |  14|          3|   27|         81|
    |ap_phi_mux_p_0_01_0_0_0_3_0_phi_fu_352_p4  |  14|          3|   27|         81|
    |ap_phi_mux_p_0_01_0_0_0_4_0_phi_fu_343_p4  |  14|          3|   27|         81|
    |ap_phi_mux_p_0_01_0_0_0_5_0_phi_fu_334_p4  |  14|          3|   27|         81|
    |ap_phi_mux_p_0_01_0_0_0_6_0_phi_fu_325_p4  |  14|          3|   27|         81|
    |ap_phi_mux_p_0_01_0_0_0_7_0_phi_fu_316_p4  |  14|          3|   27|         81|
    |ap_phi_mux_p_0_12_0_0_0_0_0_phi_fu_307_p4  |  14|          3|   27|         81|
    |ap_phi_mux_p_0_12_0_0_0_1_0_phi_fu_298_p4  |  14|          3|   27|         81|
    |ap_phi_mux_p_0_12_0_0_0_2_0_phi_fu_289_p4  |  14|          3|   27|         81|
    |ap_phi_mux_p_0_12_0_0_0_3_0_phi_fu_280_p4  |  14|          3|   27|         81|
    |ap_phi_mux_p_0_12_0_0_0_4_0_phi_fu_271_p4  |  14|          3|   27|         81|
    |ap_phi_mux_p_0_12_0_0_0_5_0_phi_fu_262_p4  |  14|          3|   27|         81|
    |ap_phi_mux_p_0_12_0_0_0_6_0_phi_fu_253_p4  |  14|          3|   27|         81|
    |ap_phi_mux_p_0_12_0_0_0_7_0_phi_fu_244_p4  |  14|          3|   27|         81|
    |iter1_reg_227                              |   9|          2|    5|         10|
    |l_rowProcOutStream_blk_n                   |   9|          2|    1|          2|
    |outStreamPtr2_reg_212                      |   9|          2|    1|          2|
    |p_inWideStream_0_0_0_0_0_0110_blk_n        |   9|          2|    1|          2|
    |p_inWideStream_0_0_0_0_0_0111_blk_n        |   9|          2|    1|          2|
    |p_inWideStream_0_0_0_0_0_0112_blk_n        |   9|          2|    1|          2|
    |p_inWideStream_0_0_0_0_0_0113_blk_n        |   9|          2|    1|          2|
    |p_inWideStream_0_0_0_0_0_0114_blk_n        |   9|          2|    1|          2|
    |p_inWideStream_0_0_0_0_0_0115_blk_n        |   9|          2|    1|          2|
    |p_inWideStream_0_0_0_0_0_018_blk_n         |   9|          2|    1|          2|
    |p_inWideStream_0_0_0_0_0_019_blk_n         |   9|          2|    1|          2|
    |p_inWideStream_0_0_0_0_0_01_blk_n          |   9|          2|    1|          2|
    |p_inWideStream_0_0_0_0_0_02_blk_n          |   9|          2|    1|          2|
    |p_inWideStream_0_0_0_0_0_03_blk_n          |   9|          2|    1|          2|
    |p_inWideStream_0_0_0_0_0_04_blk_n          |   9|          2|    1|          2|
    |p_inWideStream_0_0_0_0_0_05_blk_n          |   9|          2|    1|          2|
    |p_inWideStream_0_0_0_0_0_06_blk_n          |   9|          2|    1|          2|
    |p_inWideStream_0_0_0_0_0_07_blk_n          |   9|          2|    1|          2|
    |p_inWideStream_0_0_0_0_0_0_blk_n           |   9|          2|    1|          2|
    |p_inWideStream_0_0_1_0_0_016_blk_n         |   9|          2|    1|          2|
    |p_inWideStream_0_0_1_0_0_017_blk_n         |   9|          2|    1|          2|
    |p_inWideStream_0_0_1_0_0_018_blk_n         |   9|          2|    1|          2|
    |p_inWideStream_0_0_1_0_0_019_blk_n         |   9|          2|    1|          2|
    |p_inWideStream_0_0_1_0_0_020_blk_n         |   9|          2|    1|          2|
    |p_inWideStream_0_0_1_0_0_021_blk_n         |   9|          2|    1|          2|
    |p_inWideStream_0_0_1_0_0_0223_blk_n        |   9|          2|    1|          2|
    |p_inWideStream_0_0_1_0_0_0224_blk_n        |   9|          2|    1|          2|
    |p_inWideStream_0_0_1_0_0_0225_blk_n        |   9|          2|    1|          2|
    |p_inWideStream_0_0_1_0_0_0226_blk_n        |   9|          2|    1|          2|
    |p_inWideStream_0_0_1_0_0_0227_blk_n        |   9|          2|    1|          2|
    |p_inWideStream_0_0_1_0_0_0228_blk_n        |   9|          2|    1|          2|
    |p_inWideStream_0_0_1_0_0_0229_blk_n        |   9|          2|    1|          2|
    |p_inWideStream_0_0_1_0_0_022_blk_n         |   9|          2|    1|          2|
    |p_inWideStream_0_0_1_0_0_02_blk_n          |   9|          2|    1|          2|
    |p_inWideStream_0_0_1_0_0_0_blk_n           |   9|          2|    1|          2|
    +-------------------------------------------+----+-----------+-----+-----------+
    |Total                                      | 599|        131|  480|       1399|
    +-------------------------------------------+----+-----------+-----+-----------+

    * Register: 
    +-------------------------+---+----+-----+-----------+
    |           Name          | FF| LUT| Bits| Const Bits|
    +-------------------------+---+----+-----+-----------+
    |ap_CS_fsm                |  2|   0|    2|          0|
    |ap_done_reg              |  1|   0|    1|          0|
    |ap_enable_reg_pp0_iter1  |  1|   0|    1|          0|
    |icmp_ln54_reg_646        |  1|   0|    1|          0|
    |iter1_reg_227            |  5|   0|    5|          0|
    |iter_reg_636             |  5|   0|    5|          0|
    |outStreamPtr2_reg_212    |  1|   0|    1|          0|
    |outStreamPtr_reg_641     |  1|   0|    1|          0|
    +-------------------------+---+----+-----+-----------+
    |Total                    | 17|   0|   17|          0|
    +-------------------------+---+----+-----+-----------+



================================================================
== Interface
================================================================
* Summary: 
+---------------------------------------+-----+-----+------------+--------------------------------------------------------------------------+--------------+
|               RTL Ports               | Dir | Bits|  Protocol  |                               Source Object                              |    C Type    |
+---------------------------------------+-----+-----+------------+--------------------------------------------------------------------------+--------------+
|ap_clk                                 |   in|    1|  ap_ctrl_hs|  muxWideStreaming<2u, 16u, 16u, 8u, complex<ap_fixed<27, 13, 5, 3, 0> > >|  return value|
|ap_rst                                 |   in|    1|  ap_ctrl_hs|  muxWideStreaming<2u, 16u, 16u, 8u, complex<ap_fixed<27, 13, 5, 3, 0> > >|  return value|
|ap_start                               |   in|    1|  ap_ctrl_hs|  muxWideStreaming<2u, 16u, 16u, 8u, complex<ap_fixed<27, 13, 5, 3, 0> > >|  return value|
|ap_done                                |  out|    1|  ap_ctrl_hs|  muxWideStreaming<2u, 16u, 16u, 8u, complex<ap_fixed<27, 13, 5, 3, 0> > >|  return value|
|ap_continue                            |   in|    1|  ap_ctrl_hs|  muxWideStreaming<2u, 16u, 16u, 8u, complex<ap_fixed<27, 13, 5, 3, 0> > >|  return value|
|ap_idle                                |  out|    1|  ap_ctrl_hs|  muxWideStreaming<2u, 16u, 16u, 8u, complex<ap_fixed<27, 13, 5, 3, 0> > >|  return value|
|ap_ready                               |  out|    1|  ap_ctrl_hs|  muxWideStreaming<2u, 16u, 16u, 8u, complex<ap_fixed<27, 13, 5, 3, 0> > >|  return value|
|ap_ext_blocking_n                      |  out|    1|  ap_ctrl_hs|  muxWideStreaming<2u, 16u, 16u, 8u, complex<ap_fixed<27, 13, 5, 3, 0> > >|  return value|
|ap_str_blocking_n                      |  out|    1|  ap_ctrl_hs|  muxWideStreaming<2u, 16u, 16u, 8u, complex<ap_fixed<27, 13, 5, 3, 0> > >|  return value|
|ap_int_blocking_n                      |  out|    1|  ap_ctrl_hs|  muxWideStreaming<2u, 16u, 16u, 8u, complex<ap_fixed<27, 13, 5, 3, 0> > >|  return value|
|p_inWideStream_0_0_0_0_0_0_dout        |   in|   27|     ap_fifo|                                                p_inWideStream_0_0_0_0_0_0|       pointer|
|p_inWideStream_0_0_0_0_0_0_empty_n     |   in|    1|     ap_fifo|                                                p_inWideStream_0_0_0_0_0_0|       pointer|
|p_inWideStream_0_0_0_0_0_0_read        |  out|    1|     ap_fifo|                                                p_inWideStream_0_0_0_0_0_0|       pointer|
|p_inWideStream_0_0_0_0_0_01_dout       |   in|   27|     ap_fifo|                                               p_inWideStream_0_0_0_0_0_01|       pointer|
|p_inWideStream_0_0_0_0_0_01_empty_n    |   in|    1|     ap_fifo|                                               p_inWideStream_0_0_0_0_0_01|       pointer|
|p_inWideStream_0_0_0_0_0_01_read       |  out|    1|     ap_fifo|                                               p_inWideStream_0_0_0_0_0_01|       pointer|
|p_inWideStream_0_0_0_0_0_02_dout       |   in|   27|     ap_fifo|                                               p_inWideStream_0_0_0_0_0_02|       pointer|
|p_inWideStream_0_0_0_0_0_02_empty_n    |   in|    1|     ap_fifo|                                               p_inWideStream_0_0_0_0_0_02|       pointer|
|p_inWideStream_0_0_0_0_0_02_read       |  out|    1|     ap_fifo|                                               p_inWideStream_0_0_0_0_0_02|       pointer|
|p_inWideStream_0_0_0_0_0_03_dout       |   in|   27|     ap_fifo|                                               p_inWideStream_0_0_0_0_0_03|       pointer|
|p_inWideStream_0_0_0_0_0_03_empty_n    |   in|    1|     ap_fifo|                                               p_inWideStream_0_0_0_0_0_03|       pointer|
|p_inWideStream_0_0_0_0_0_03_read       |  out|    1|     ap_fifo|                                               p_inWideStream_0_0_0_0_0_03|       pointer|
|p_inWideStream_0_0_0_0_0_04_dout       |   in|   27|     ap_fifo|                                               p_inWideStream_0_0_0_0_0_04|       pointer|
|p_inWideStream_0_0_0_0_0_04_empty_n    |   in|    1|     ap_fifo|                                               p_inWideStream_0_0_0_0_0_04|       pointer|
|p_inWideStream_0_0_0_0_0_04_read       |  out|    1|     ap_fifo|                                               p_inWideStream_0_0_0_0_0_04|       pointer|
|p_inWideStream_0_0_0_0_0_05_dout       |   in|   27|     ap_fifo|                                               p_inWideStream_0_0_0_0_0_05|       pointer|
|p_inWideStream_0_0_0_0_0_05_empty_n    |   in|    1|     ap_fifo|                                               p_inWideStream_0_0_0_0_0_05|       pointer|
|p_inWideStream_0_0_0_0_0_05_read       |  out|    1|     ap_fifo|                                               p_inWideStream_0_0_0_0_0_05|       pointer|
|p_inWideStream_0_0_0_0_0_06_dout       |   in|   27|     ap_fifo|                                               p_inWideStream_0_0_0_0_0_06|       pointer|
|p_inWideStream_0_0_0_0_0_06_empty_n    |   in|    1|     ap_fifo|                                               p_inWideStream_0_0_0_0_0_06|       pointer|
|p_inWideStream_0_0_0_0_0_06_read       |  out|    1|     ap_fifo|                                               p_inWideStream_0_0_0_0_0_06|       pointer|
|p_inWideStream_0_0_0_0_0_07_dout       |   in|   27|     ap_fifo|                                               p_inWideStream_0_0_0_0_0_07|       pointer|
|p_inWideStream_0_0_0_0_0_07_empty_n    |   in|    1|     ap_fifo|                                               p_inWideStream_0_0_0_0_0_07|       pointer|
|p_inWideStream_0_0_0_0_0_07_read       |  out|    1|     ap_fifo|                                               p_inWideStream_0_0_0_0_0_07|       pointer|
|p_inWideStream_0_0_1_0_0_0_dout        |   in|   27|     ap_fifo|                                                p_inWideStream_0_0_1_0_0_0|       pointer|
|p_inWideStream_0_0_1_0_0_0_empty_n     |   in|    1|     ap_fifo|                                                p_inWideStream_0_0_1_0_0_0|       pointer|
|p_inWideStream_0_0_1_0_0_0_read        |  out|    1|     ap_fifo|                                                p_inWideStream_0_0_1_0_0_0|       pointer|
|p_inWideStream_0_0_1_0_0_016_dout      |   in|   27|     ap_fifo|                                              p_inWideStream_0_0_1_0_0_016|       pointer|
|p_inWideStream_0_0_1_0_0_016_empty_n   |   in|    1|     ap_fifo|                                              p_inWideStream_0_0_1_0_0_016|       pointer|
|p_inWideStream_0_0_1_0_0_016_read      |  out|    1|     ap_fifo|                                              p_inWideStream_0_0_1_0_0_016|       pointer|
|p_inWideStream_0_0_1_0_0_017_dout      |   in|   27|     ap_fifo|                                              p_inWideStream_0_0_1_0_0_017|       pointer|
|p_inWideStream_0_0_1_0_0_017_empty_n   |   in|    1|     ap_fifo|                                              p_inWideStream_0_0_1_0_0_017|       pointer|
|p_inWideStream_0_0_1_0_0_017_read      |  out|    1|     ap_fifo|                                              p_inWideStream_0_0_1_0_0_017|       pointer|
|p_inWideStream_0_0_1_0_0_018_dout      |   in|   27|     ap_fifo|                                              p_inWideStream_0_0_1_0_0_018|       pointer|
|p_inWideStream_0_0_1_0_0_018_empty_n   |   in|    1|     ap_fifo|                                              p_inWideStream_0_0_1_0_0_018|       pointer|
|p_inWideStream_0_0_1_0_0_018_read      |  out|    1|     ap_fifo|                                              p_inWideStream_0_0_1_0_0_018|       pointer|
|p_inWideStream_0_0_1_0_0_019_dout      |   in|   27|     ap_fifo|                                              p_inWideStream_0_0_1_0_0_019|       pointer|
|p_inWideStream_0_0_1_0_0_019_empty_n   |   in|    1|     ap_fifo|                                              p_inWideStream_0_0_1_0_0_019|       pointer|
|p_inWideStream_0_0_1_0_0_019_read      |  out|    1|     ap_fifo|                                              p_inWideStream_0_0_1_0_0_019|       pointer|
|p_inWideStream_0_0_1_0_0_020_dout      |   in|   27|     ap_fifo|                                              p_inWideStream_0_0_1_0_0_020|       pointer|
|p_inWideStream_0_0_1_0_0_020_empty_n   |   in|    1|     ap_fifo|                                              p_inWideStream_0_0_1_0_0_020|       pointer|
|p_inWideStream_0_0_1_0_0_020_read      |  out|    1|     ap_fifo|                                              p_inWideStream_0_0_1_0_0_020|       pointer|
|p_inWideStream_0_0_1_0_0_021_dout      |   in|   27|     ap_fifo|                                              p_inWideStream_0_0_1_0_0_021|       pointer|
|p_inWideStream_0_0_1_0_0_021_empty_n   |   in|    1|     ap_fifo|                                              p_inWideStream_0_0_1_0_0_021|       pointer|
|p_inWideStream_0_0_1_0_0_021_read      |  out|    1|     ap_fifo|                                              p_inWideStream_0_0_1_0_0_021|       pointer|
|p_inWideStream_0_0_1_0_0_022_dout      |   in|   27|     ap_fifo|                                              p_inWideStream_0_0_1_0_0_022|       pointer|
|p_inWideStream_0_0_1_0_0_022_empty_n   |   in|    1|     ap_fifo|                                              p_inWideStream_0_0_1_0_0_022|       pointer|
|p_inWideStream_0_0_1_0_0_022_read      |  out|    1|     ap_fifo|                                              p_inWideStream_0_0_1_0_0_022|       pointer|
|p_inWideStream_0_0_0_0_0_018_dout      |   in|   27|     ap_fifo|                                              p_inWideStream_0_0_0_0_0_018|       pointer|
|p_inWideStream_0_0_0_0_0_018_empty_n   |   in|    1|     ap_fifo|                                              p_inWideStream_0_0_0_0_0_018|       pointer|
|p_inWideStream_0_0_0_0_0_018_read      |  out|    1|     ap_fifo|                                              p_inWideStream_0_0_0_0_0_018|       pointer|
|p_inWideStream_0_0_0_0_0_019_dout      |   in|   27|     ap_fifo|                                              p_inWideStream_0_0_0_0_0_019|       pointer|
|p_inWideStream_0_0_0_0_0_019_empty_n   |   in|    1|     ap_fifo|                                              p_inWideStream_0_0_0_0_0_019|       pointer|
|p_inWideStream_0_0_0_0_0_019_read      |  out|    1|     ap_fifo|                                              p_inWideStream_0_0_0_0_0_019|       pointer|
|p_inWideStream_0_0_0_0_0_0110_dout     |   in|   27|     ap_fifo|                                             p_inWideStream_0_0_0_0_0_0110|       pointer|
|p_inWideStream_0_0_0_0_0_0110_empty_n  |   in|    1|     ap_fifo|                                             p_inWideStream_0_0_0_0_0_0110|       pointer|
|p_inWideStream_0_0_0_0_0_0110_read     |  out|    1|     ap_fifo|                                             p_inWideStream_0_0_0_0_0_0110|       pointer|
|p_inWideStream_0_0_0_0_0_0111_dout     |   in|   27|     ap_fifo|                                             p_inWideStream_0_0_0_0_0_0111|       pointer|
|p_inWideStream_0_0_0_0_0_0111_empty_n  |   in|    1|     ap_fifo|                                             p_inWideStream_0_0_0_0_0_0111|       pointer|
|p_inWideStream_0_0_0_0_0_0111_read     |  out|    1|     ap_fifo|                                             p_inWideStream_0_0_0_0_0_0111|       pointer|
|p_inWideStream_0_0_0_0_0_0112_dout     |   in|   27|     ap_fifo|                                             p_inWideStream_0_0_0_0_0_0112|       pointer|
|p_inWideStream_0_0_0_0_0_0112_empty_n  |   in|    1|     ap_fifo|                                             p_inWideStream_0_0_0_0_0_0112|       pointer|
|p_inWideStream_0_0_0_0_0_0112_read     |  out|    1|     ap_fifo|                                             p_inWideStream_0_0_0_0_0_0112|       pointer|
|p_inWideStream_0_0_0_0_0_0113_dout     |   in|   27|     ap_fifo|                                             p_inWideStream_0_0_0_0_0_0113|       pointer|
|p_inWideStream_0_0_0_0_0_0113_empty_n  |   in|    1|     ap_fifo|                                             p_inWideStream_0_0_0_0_0_0113|       pointer|
|p_inWideStream_0_0_0_0_0_0113_read     |  out|    1|     ap_fifo|                                             p_inWideStream_0_0_0_0_0_0113|       pointer|
|p_inWideStream_0_0_0_0_0_0114_dout     |   in|   27|     ap_fifo|                                             p_inWideStream_0_0_0_0_0_0114|       pointer|
|p_inWideStream_0_0_0_0_0_0114_empty_n  |   in|    1|     ap_fifo|                                             p_inWideStream_0_0_0_0_0_0114|       pointer|
|p_inWideStream_0_0_0_0_0_0114_read     |  out|    1|     ap_fifo|                                             p_inWideStream_0_0_0_0_0_0114|       pointer|
|p_inWideStream_0_0_0_0_0_0115_dout     |   in|   27|     ap_fifo|                                             p_inWideStream_0_0_0_0_0_0115|       pointer|
|p_inWideStream_0_0_0_0_0_0115_empty_n  |   in|    1|     ap_fifo|                                             p_inWideStream_0_0_0_0_0_0115|       pointer|
|p_inWideStream_0_0_0_0_0_0115_read     |  out|    1|     ap_fifo|                                             p_inWideStream_0_0_0_0_0_0115|       pointer|
|p_inWideStream_0_0_1_0_0_02_dout       |   in|   27|     ap_fifo|                                               p_inWideStream_0_0_1_0_0_02|       pointer|
|p_inWideStream_0_0_1_0_0_02_empty_n    |   in|    1|     ap_fifo|                                               p_inWideStream_0_0_1_0_0_02|       pointer|
|p_inWideStream_0_0_1_0_0_02_read       |  out|    1|     ap_fifo|                                               p_inWideStream_0_0_1_0_0_02|       pointer|
|p_inWideStream_0_0_1_0_0_0223_dout     |   in|   27|     ap_fifo|                                             p_inWideStream_0_0_1_0_0_0223|       pointer|
|p_inWideStream_0_0_1_0_0_0223_empty_n  |   in|    1|     ap_fifo|                                             p_inWideStream_0_0_1_0_0_0223|       pointer|
|p_inWideStream_0_0_1_0_0_0223_read     |  out|    1|     ap_fifo|                                             p_inWideStream_0_0_1_0_0_0223|       pointer|
|p_inWideStream_0_0_1_0_0_0224_dout     |   in|   27|     ap_fifo|                                             p_inWideStream_0_0_1_0_0_0224|       pointer|
|p_inWideStream_0_0_1_0_0_0224_empty_n  |   in|    1|     ap_fifo|                                             p_inWideStream_0_0_1_0_0_0224|       pointer|
|p_inWideStream_0_0_1_0_0_0224_read     |  out|    1|     ap_fifo|                                             p_inWideStream_0_0_1_0_0_0224|       pointer|
|p_inWideStream_0_0_1_0_0_0225_dout     |   in|   27|     ap_fifo|                                             p_inWideStream_0_0_1_0_0_0225|       pointer|
|p_inWideStream_0_0_1_0_0_0225_empty_n  |   in|    1|     ap_fifo|                                             p_inWideStream_0_0_1_0_0_0225|       pointer|
|p_inWideStream_0_0_1_0_0_0225_read     |  out|    1|     ap_fifo|                                             p_inWideStream_0_0_1_0_0_0225|       pointer|
|p_inWideStream_0_0_1_0_0_0226_dout     |   in|   27|     ap_fifo|                                             p_inWideStream_0_0_1_0_0_0226|       pointer|
|p_inWideStream_0_0_1_0_0_0226_empty_n  |   in|    1|     ap_fifo|                                             p_inWideStream_0_0_1_0_0_0226|       pointer|
|p_inWideStream_0_0_1_0_0_0226_read     |  out|    1|     ap_fifo|                                             p_inWideStream_0_0_1_0_0_0226|       pointer|
|p_inWideStream_0_0_1_0_0_0227_dout     |   in|   27|     ap_fifo|                                             p_inWideStream_0_0_1_0_0_0227|       pointer|
|p_inWideStream_0_0_1_0_0_0227_empty_n  |   in|    1|     ap_fifo|                                             p_inWideStream_0_0_1_0_0_0227|       pointer|
|p_inWideStream_0_0_1_0_0_0227_read     |  out|    1|     ap_fifo|                                             p_inWideStream_0_0_1_0_0_0227|       pointer|
|p_inWideStream_0_0_1_0_0_0228_dout     |   in|   27|     ap_fifo|                                             p_inWideStream_0_0_1_0_0_0228|       pointer|
|p_inWideStream_0_0_1_0_0_0228_empty_n  |   in|    1|     ap_fifo|                                             p_inWideStream_0_0_1_0_0_0228|       pointer|
|p_inWideStream_0_0_1_0_0_0228_read     |  out|    1|     ap_fifo|                                             p_inWideStream_0_0_1_0_0_0228|       pointer|
|p_inWideStream_0_0_1_0_0_0229_dout     |   in|   27|     ap_fifo|                                             p_inWideStream_0_0_1_0_0_0229|       pointer|
|p_inWideStream_0_0_1_0_0_0229_empty_n  |   in|    1|     ap_fifo|                                             p_inWideStream_0_0_1_0_0_0229|       pointer|
|p_inWideStream_0_0_1_0_0_0229_read     |  out|    1|     ap_fifo|                                             p_inWideStream_0_0_1_0_0_0229|       pointer|
|l_rowProcOutStream_din                 |  out|  512|     ap_fifo|                                                        l_rowProcOutStream|       pointer|
|l_rowProcOutStream_full_n              |   in|    1|     ap_fifo|                                                        l_rowProcOutStream|       pointer|
|l_rowProcOutStream_write               |  out|    1|     ap_fifo|                                                        l_rowProcOutStream|       pointer|
+---------------------------------------+-----+-----+------------+--------------------------------------------------------------------------+--------------+

