

================================================================
== Vitis HLS Report for 'readImages_512u_16u_16u_4096u_22u_8u_complex_ap_fixed_22_8_5_3_0_SuperSampleContainer_8_complex_ap_fixed_22_8_5_3_0_Pipeline_VITIS_LOOP_43_1_VITIS_LOOP_44_2_VITIS_LOOP_45_3'
================================================================
* Date:           Thu Jan 27 12:46:03 2022

* Version:        2021.1 (Build 3247384 on Thu Jun 10 19:36:07 MDT 2021)
* Project:        fft2DKernel
* Solution:       solution (Vitis Kernel Flow Target)
* Product family: virtexuplus
* Target device:  xcvu9p-flgb2104-2-i


================================================================
== Performance Estimates
================================================================
+ Timing: 
    * Summary: 
    +--------+---------+----------+------------+
    |  Clock |  Target | Estimated| Uncertainty|
    +--------+---------+----------+------------+
    |ap_clk  |  4.00 ns|  2.920 ns|     1.08 ns|
    +--------+---------+----------+------------+

+ Latency: 
    * Summary: 
    +---------+---------+----------+----------+-----+-----+---------+
    |  Latency (cycles) |  Latency (absolute) |  Interval | Pipeline|
    |   min   |   max   |    min   |    max   | min | max |   Type  |
    +---------+---------+----------+----------+-----+-----+---------+
    |        ?|        ?|         ?|         ?|    ?|    ?|       no|
    +---------+---------+----------+----------+-----+-----+---------+

    + Detail: 
        * Instance: 
        N/A

        * Loop: 
        +---------------------------------------------------+---------+---------+----------+-----------+-----------+------+----------+
        |                                                   |  Latency (cycles) | Iteration|  Initiation Interval  | Trip |          |
        |                     Loop Name                     |   min   |   max   |  Latency |  achieved |   target  | Count| Pipelined|
        +---------------------------------------------------+---------+---------+----------+-----------+-----------+------+----------+
        |- VITIS_LOOP_43_1_VITIS_LOOP_44_2_VITIS_LOOP_45_3  |        ?|        ?|        73|          1|          1|     ?|       yes|
        +---------------------------------------------------+---------+---------+----------+-----------+-----------+------+----------+



================================================================
== Utilization Estimates
================================================================
* Summary: 
+---------------------+---------+------+---------+---------+-----+
|         Name        | BRAM_18K|  DSP |    FF   |   LUT   | URAM|
+---------------------+---------+------+---------+---------+-----+
|DSP                  |        -|     -|        -|        -|    -|
|Expression           |        -|     -|        0|      402|    -|
|FIFO                 |        -|     -|        -|        -|    -|
|Instance             |        -|     -|        -|        -|    -|
|Memory               |        -|     -|        -|        -|    -|
|Multiplexer          |        -|     -|        -|       99|    -|
|Register             |        -|     -|      415|        -|    -|
+---------------------+---------+------+---------+---------+-----+
|Total                |        0|     0|      415|      501|    0|
+---------------------+---------+------+---------+---------+-----+
|Available SLR        |     1440|  2280|   788160|   394080|  320|
+---------------------+---------+------+---------+---------+-----+
|Utilization SLR (%)  |        0|     0|       ~0|       ~0|    0|
+---------------------+---------+------+---------+---------+-----+
|Available            |     4320|  6840|  2364480|  1182240|  960|
+---------------------+---------+------+---------+---------+-----+
|Utilization (%)      |        0|     0|       ~0|       ~0|    0|
+---------------------+---------+------+---------+---------+-----+

+ Detail: 
    * Instance: 
    N/A

    * DSP: 
    N/A

    * Memory: 
    N/A

    * FIFO: 
    N/A

    * Expression: 
    +---------------------------+----------+----+---+----+------------+------------+
    |       Variable Name       | Operation| DSP| FF| LUT| Bitwidth P0| Bitwidth P1|
    +---------------------------+----------+----+---+----+------------+------------+
    |add_ln43_1_fu_296_p2       |         +|   0|  0|  38|          31|           1|
    |add_ln43_fu_270_p2         |         +|   0|  0|  44|          37|           1|
    |add_ln44_1_fu_402_p2       |         +|   0|  0|  71|          64|          64|
    |add_ln44_2_fu_463_p2       |         +|   0|  0|  14|           7|           1|
    |add_ln44_fu_348_p2         |         +|   0|  0|  12|           5|           1|
    |add_ln45_1_fu_449_p2       |         +|   0|  0|   9|           2|           1|
    |and_ln43_fu_334_p2         |       and|   0|  0|   2|           1|           1|
    |ap_block_state3_io         |       and|   0|  0|   2|           1|           1|
    |ap_ext_blocking_cur_n      |       and|   0|  0|   2|           1|           1|
    |ap_ext_blocking_n          |       and|   0|  0|   2|           1|           2|
    |ap_int_blocking_cur_n      |       and|   0|  0|   2|           1|           0|
    |ap_int_blocking_n          |       and|   0|  0|   2|           1|           2|
    |ap_str_blocking_n          |       and|   0|  0|   2|           2|           2|
    |empty_236_fu_437_p2        |      icmp|   0|  0|  20|          37|           1|
    |icmp_ln43_fu_265_p2        |      icmp|   0|  0|  20|          37|          37|
    |icmp_ln44_fu_282_p2        |      icmp|   0|  0|  10|           7|           6|
    |icmp_ln45_fu_328_p2        |      icmp|   0|  0|   8|           2|           3|
    |ap_block_pp0_stage0_01001  |        or|   0|  0|   2|           1|           1|
    |ap_block_pp0_stage0_11001  |        or|   0|  0|   2|           1|           1|
    |or_ln44_fu_354_p2          |        or|   0|  0|   2|           1|           1|
    |select_ln43_1_fu_306_p3    |    select|   0|  0|  24|           1|          24|
    |select_ln43_2_fu_340_p3    |    select|   0|  0|  31|           1|          31|
    |select_ln43_3_fu_374_p3    |    select|   0|  0|  29|           1|          29|
    |select_ln43_fu_288_p3      |    select|   0|  0|   5|           1|           1|
    |select_ln44_1_fu_417_p3    |    select|   0|  0|   5|           1|           5|
    |select_ln44_2_fu_469_p3    |    select|   0|  0|   7|           1|           1|
    |select_ln44_fu_382_p3      |    select|   0|  0|  29|           1|          29|
    |select_ln45_fu_455_p3      |    select|   0|  0|   2|           1|           1|
    |ap_enable_pp0              |       xor|   0|  0|   2|           1|           2|
    |xor_ln43_fu_322_p2         |       xor|   0|  0|   2|           1|           2|
    +---------------------------+----------+----+---+----+------------+------------+
    |Total                      |          |   0|  0| 402|         250|         253|
    +---------------------------+----------+----+---+----+------------+------------+

    * Multiplexer: 
    +-------------------------+----+-----------+-----+-----------+
    |           Name          | LUT| Input Size| Bits| Total Bits|
    +-------------------------+----+-----------+-----+-----------+
    |ap_done_int              |   9|          2|    1|          2|
    |ap_enable_reg_pp0_iter1  |   9|          2|    1|          2|
    |ap_enable_reg_pp0_iter2  |   9|          2|    1|          2|
    |c_fu_162                 |   9|          2|    2|          4|
    |fftInStrm_blk_n          |   9|          2|    1|          2|
    |gmem_blk_n_AR            |   9|          2|    1|          2|
    |gmem_blk_n_R             |   9|          2|    1|          2|
    |indvar_flatten30_fu_178  |   9|          2|   37|         74|
    |indvar_flatten_fu_170    |   9|          2|    7|         14|
    |n_fu_174                 |   9|          2|   31|         62|
    |r_fu_166                 |   9|          2|    5|         10|
    +-------------------------+----+-----------+-----+-----------+
    |Total                    |  99|         22|   88|        176|
    +-------------------------+----+-----------+-----+-----------+

    * Register: 
    +-----------------------------------+----+----+-----+-----------+
    |                Name               | FF | LUT| Bits| Const Bits|
    +-----------------------------------+----+----+-----+-----------+
    |ap_CS_fsm                          |   1|   0|    1|          0|
    |ap_done_reg                        |   1|   0|    1|          0|
    |ap_enable_reg_pp0_iter1            |   1|   0|    1|          0|
    |ap_enable_reg_pp0_iter10           |   1|   0|    1|          0|
    |ap_enable_reg_pp0_iter11           |   1|   0|    1|          0|
    |ap_enable_reg_pp0_iter12           |   1|   0|    1|          0|
    |ap_enable_reg_pp0_iter13           |   1|   0|    1|          0|
    |ap_enable_reg_pp0_iter14           |   1|   0|    1|          0|
    |ap_enable_reg_pp0_iter15           |   1|   0|    1|          0|
    |ap_enable_reg_pp0_iter16           |   1|   0|    1|          0|
    |ap_enable_reg_pp0_iter17           |   1|   0|    1|          0|
    |ap_enable_reg_pp0_iter18           |   1|   0|    1|          0|
    |ap_enable_reg_pp0_iter19           |   1|   0|    1|          0|
    |ap_enable_reg_pp0_iter2            |   1|   0|    1|          0|
    |ap_enable_reg_pp0_iter20           |   1|   0|    1|          0|
    |ap_enable_reg_pp0_iter21           |   1|   0|    1|          0|
    |ap_enable_reg_pp0_iter22           |   1|   0|    1|          0|
    |ap_enable_reg_pp0_iter23           |   1|   0|    1|          0|
    |ap_enable_reg_pp0_iter24           |   1|   0|    1|          0|
    |ap_enable_reg_pp0_iter25           |   1|   0|    1|          0|
    |ap_enable_reg_pp0_iter26           |   1|   0|    1|          0|
    |ap_enable_reg_pp0_iter27           |   1|   0|    1|          0|
    |ap_enable_reg_pp0_iter28           |   1|   0|    1|          0|
    |ap_enable_reg_pp0_iter29           |   1|   0|    1|          0|
    |ap_enable_reg_pp0_iter3            |   1|   0|    1|          0|
    |ap_enable_reg_pp0_iter30           |   1|   0|    1|          0|
    |ap_enable_reg_pp0_iter31           |   1|   0|    1|          0|
    |ap_enable_reg_pp0_iter32           |   1|   0|    1|          0|
    |ap_enable_reg_pp0_iter33           |   1|   0|    1|          0|
    |ap_enable_reg_pp0_iter34           |   1|   0|    1|          0|
    |ap_enable_reg_pp0_iter35           |   1|   0|    1|          0|
    |ap_enable_reg_pp0_iter36           |   1|   0|    1|          0|
    |ap_enable_reg_pp0_iter37           |   1|   0|    1|          0|
    |ap_enable_reg_pp0_iter38           |   1|   0|    1|          0|
    |ap_enable_reg_pp0_iter39           |   1|   0|    1|          0|
    |ap_enable_reg_pp0_iter4            |   1|   0|    1|          0|
    |ap_enable_reg_pp0_iter40           |   1|   0|    1|          0|
    |ap_enable_reg_pp0_iter41           |   1|   0|    1|          0|
    |ap_enable_reg_pp0_iter42           |   1|   0|    1|          0|
    |ap_enable_reg_pp0_iter43           |   1|   0|    1|          0|
    |ap_enable_reg_pp0_iter44           |   1|   0|    1|          0|
    |ap_enable_reg_pp0_iter45           |   1|   0|    1|          0|
    |ap_enable_reg_pp0_iter46           |   1|   0|    1|          0|
    |ap_enable_reg_pp0_iter47           |   1|   0|    1|          0|
    |ap_enable_reg_pp0_iter48           |   1|   0|    1|          0|
    |ap_enable_reg_pp0_iter49           |   1|   0|    1|          0|
    |ap_enable_reg_pp0_iter5            |   1|   0|    1|          0|
    |ap_enable_reg_pp0_iter50           |   1|   0|    1|          0|
    |ap_enable_reg_pp0_iter51           |   1|   0|    1|          0|
    |ap_enable_reg_pp0_iter52           |   1|   0|    1|          0|
    |ap_enable_reg_pp0_iter53           |   1|   0|    1|          0|
    |ap_enable_reg_pp0_iter54           |   1|   0|    1|          0|
    |ap_enable_reg_pp0_iter55           |   1|   0|    1|          0|
    |ap_enable_reg_pp0_iter56           |   1|   0|    1|          0|
    |ap_enable_reg_pp0_iter57           |   1|   0|    1|          0|
    |ap_enable_reg_pp0_iter58           |   1|   0|    1|          0|
    |ap_enable_reg_pp0_iter59           |   1|   0|    1|          0|
    |ap_enable_reg_pp0_iter6            |   1|   0|    1|          0|
    |ap_enable_reg_pp0_iter60           |   1|   0|    1|          0|
    |ap_enable_reg_pp0_iter61           |   1|   0|    1|          0|
    |ap_enable_reg_pp0_iter62           |   1|   0|    1|          0|
    |ap_enable_reg_pp0_iter63           |   1|   0|    1|          0|
    |ap_enable_reg_pp0_iter64           |   1|   0|    1|          0|
    |ap_enable_reg_pp0_iter65           |   1|   0|    1|          0|
    |ap_enable_reg_pp0_iter66           |   1|   0|    1|          0|
    |ap_enable_reg_pp0_iter67           |   1|   0|    1|          0|
    |ap_enable_reg_pp0_iter68           |   1|   0|    1|          0|
    |ap_enable_reg_pp0_iter69           |   1|   0|    1|          0|
    |ap_enable_reg_pp0_iter7            |   1|   0|    1|          0|
    |ap_enable_reg_pp0_iter70           |   1|   0|    1|          0|
    |ap_enable_reg_pp0_iter71           |   1|   0|    1|          0|
    |ap_enable_reg_pp0_iter72           |   1|   0|    1|          0|
    |ap_enable_reg_pp0_iter73           |   1|   0|    1|          0|
    |ap_enable_reg_pp0_iter8            |   1|   0|    1|          0|
    |ap_enable_reg_pp0_iter9            |   1|   0|    1|          0|
    |ap_loop_exit_ready_pp0_iter10_reg  |   1|   0|    1|          0|
    |ap_loop_exit_ready_pp0_iter11_reg  |   1|   0|    1|          0|
    |ap_loop_exit_ready_pp0_iter12_reg  |   1|   0|    1|          0|
    |ap_loop_exit_ready_pp0_iter13_reg  |   1|   0|    1|          0|
    |ap_loop_exit_ready_pp0_iter14_reg  |   1|   0|    1|          0|
    |ap_loop_exit_ready_pp0_iter15_reg  |   1|   0|    1|          0|
    |ap_loop_exit_ready_pp0_iter16_reg  |   1|   0|    1|          0|
    |ap_loop_exit_ready_pp0_iter17_reg  |   1|   0|    1|          0|
    |ap_loop_exit_ready_pp0_iter18_reg  |   1|   0|    1|          0|
    |ap_loop_exit_ready_pp0_iter19_reg  |   1|   0|    1|          0|
    |ap_loop_exit_ready_pp0_iter20_reg  |   1|   0|    1|          0|
    |ap_loop_exit_ready_pp0_iter21_reg  |   1|   0|    1|          0|
    |ap_loop_exit_ready_pp0_iter22_reg  |   1|   0|    1|          0|
    |ap_loop_exit_ready_pp0_iter23_reg  |   1|   0|    1|          0|
    |ap_loop_exit_ready_pp0_iter24_reg  |   1|   0|    1|          0|
    |ap_loop_exit_ready_pp0_iter25_reg  |   1|   0|    1|          0|
    |ap_loop_exit_ready_pp0_iter26_reg  |   1|   0|    1|          0|
    |ap_loop_exit_ready_pp0_iter27_reg  |   1|   0|    1|          0|
    |ap_loop_exit_ready_pp0_iter28_reg  |   1|   0|    1|          0|
    |ap_loop_exit_ready_pp0_iter29_reg  |   1|   0|    1|          0|
    |ap_loop_exit_ready_pp0_iter2_reg   |   1|   0|    1|          0|
    |ap_loop_exit_ready_pp0_iter30_reg  |   1|   0|    1|          0|
    |ap_loop_exit_ready_pp0_iter31_reg  |   1|   0|    1|          0|
    |ap_loop_exit_ready_pp0_iter32_reg  |   1|   0|    1|          0|
    |ap_loop_exit_ready_pp0_iter33_reg  |   1|   0|    1|          0|
    |ap_loop_exit_ready_pp0_iter34_reg  |   1|   0|    1|          0|
    |ap_loop_exit_ready_pp0_iter35_reg  |   1|   0|    1|          0|
    |ap_loop_exit_ready_pp0_iter36_reg  |   1|   0|    1|          0|
    |ap_loop_exit_ready_pp0_iter37_reg  |   1|   0|    1|          0|
    |ap_loop_exit_ready_pp0_iter38_reg  |   1|   0|    1|          0|
    |ap_loop_exit_ready_pp0_iter39_reg  |   1|   0|    1|          0|
    |ap_loop_exit_ready_pp0_iter3_reg   |   1|   0|    1|          0|
    |ap_loop_exit_ready_pp0_iter40_reg  |   1|   0|    1|          0|
    |ap_loop_exit_ready_pp0_iter41_reg  |   1|   0|    1|          0|
    |ap_loop_exit_ready_pp0_iter42_reg  |   1|   0|    1|          0|
    |ap_loop_exit_ready_pp0_iter43_reg  |   1|   0|    1|          0|
    |ap_loop_exit_ready_pp0_iter44_reg  |   1|   0|    1|          0|
    |ap_loop_exit_ready_pp0_iter45_reg  |   1|   0|    1|          0|
    |ap_loop_exit_ready_pp0_iter46_reg  |   1|   0|    1|          0|
    |ap_loop_exit_ready_pp0_iter47_reg  |   1|   0|    1|          0|
    |ap_loop_exit_ready_pp0_iter48_reg  |   1|   0|    1|          0|
    |ap_loop_exit_ready_pp0_iter49_reg  |   1|   0|    1|          0|
    |ap_loop_exit_ready_pp0_iter4_reg   |   1|   0|    1|          0|
    |ap_loop_exit_ready_pp0_iter50_reg  |   1|   0|    1|          0|
    |ap_loop_exit_ready_pp0_iter51_reg  |   1|   0|    1|          0|
    |ap_loop_exit_ready_pp0_iter52_reg  |   1|   0|    1|          0|
    |ap_loop_exit_ready_pp0_iter53_reg  |   1|   0|    1|          0|
    |ap_loop_exit_ready_pp0_iter54_reg  |   1|   0|    1|          0|
    |ap_loop_exit_ready_pp0_iter55_reg  |   1|   0|    1|          0|
    |ap_loop_exit_ready_pp0_iter56_reg  |   1|   0|    1|          0|
    |ap_loop_exit_ready_pp0_iter57_reg  |   1|   0|    1|          0|
    |ap_loop_exit_ready_pp0_iter58_reg  |   1|   0|    1|          0|
    |ap_loop_exit_ready_pp0_iter59_reg  |   1|   0|    1|          0|
    |ap_loop_exit_ready_pp0_iter5_reg   |   1|   0|    1|          0|
    |ap_loop_exit_ready_pp0_iter60_reg  |   1|   0|    1|          0|
    |ap_loop_exit_ready_pp0_iter61_reg  |   1|   0|    1|          0|
    |ap_loop_exit_ready_pp0_iter62_reg  |   1|   0|    1|          0|
    |ap_loop_exit_ready_pp0_iter63_reg  |   1|   0|    1|          0|
    |ap_loop_exit_ready_pp0_iter64_reg  |   1|   0|    1|          0|
    |ap_loop_exit_ready_pp0_iter65_reg  |   1|   0|    1|          0|
    |ap_loop_exit_ready_pp0_iter66_reg  |   1|   0|    1|          0|
    |ap_loop_exit_ready_pp0_iter67_reg  |   1|   0|    1|          0|
    |ap_loop_exit_ready_pp0_iter68_reg  |   1|   0|    1|          0|
    |ap_loop_exit_ready_pp0_iter69_reg  |   1|   0|    1|          0|
    |ap_loop_exit_ready_pp0_iter6_reg   |   1|   0|    1|          0|
    |ap_loop_exit_ready_pp0_iter70_reg  |   1|   0|    1|          0|
    |ap_loop_exit_ready_pp0_iter71_reg  |   1|   0|    1|          0|
    |ap_loop_exit_ready_pp0_iter72_reg  |   1|   0|    1|          0|
    |ap_loop_exit_ready_pp0_iter7_reg   |   1|   0|    1|          0|
    |ap_loop_exit_ready_pp0_iter8_reg   |   1|   0|    1|          0|
    |ap_loop_exit_ready_pp0_iter9_reg   |   1|   0|    1|          0|
    |c_fu_162                           |   2|   0|    2|          0|
    |empty_236_reg_779                  |   1|   0|    1|          0|
    |indvar_flatten30_fu_178            |  37|   0|   37|          0|
    |indvar_flatten_fu_170              |   7|   0|    7|          0|
    |n_fu_174                           |  31|   0|   31|          0|
    |r_fu_166                           |   5|   0|    5|          0|
    |sext_ln48_1_mid2_v_reg_774         |  58|   0|   58|          0|
    |tmp_63_reg_794                     |   8|   0|    8|          0|
    |tmp_64_reg_799                     |   8|   0|    8|          0|
    |tmp_65_reg_804                     |   8|   0|    8|          0|
    |tmp_66_reg_809                     |   8|   0|    8|          0|
    |tmp_67_reg_814                     |   8|   0|    8|          0|
    |tmp_68_reg_819                     |   8|   0|    8|          0|
    |tmp_69_reg_824                     |   8|   0|    8|          0|
    |tmp_70_reg_829                     |   8|   0|    8|          0|
    |tmp_71_reg_834                     |   8|   0|    8|          0|
    |tmp_72_reg_839                     |   8|   0|    8|          0|
    |tmp_73_reg_844                     |   8|   0|    8|          0|
    |tmp_74_reg_849                     |   8|   0|    8|          0|
    |tmp_75_reg_854                     |   8|   0|    8|          0|
    |tmp_76_reg_859                     |   8|   0|    8|          0|
    |tmp_77_reg_864                     |   8|   0|    8|          0|
    |trunc_ln740_reg_789                |   8|   0|    8|          0|
    +-----------------------------------+----+----+-----+-----------+
    |Total                              | 415|   0|  415|          0|
    +-----------------------------------+----+----+-----+-----------+



================================================================
== Interface
================================================================
* Summary: 
+---------------------+-----+-----+------------+--------------------------------------------------------------------------------------------------------------------------------------------------------------------------------------------------------+--------------+
|      RTL Ports      | Dir | Bits|  Protocol  |                                                                                              Source Object                                                                                             |    C Type    |
+---------------------+-----+-----+------------+--------------------------------------------------------------------------------------------------------------------------------------------------------------------------------------------------------+--------------+
|ap_clk               |   in|    1|  ap_ctrl_hs|  readImages<512u, 16u, 16u, 4096u, 22u, 8u, complex<ap_fixed<22, 8, 5, 3, 0> >, SuperSampleContainer<8, complex<ap_fixed<22, 8, 5, 3, 0> > > >_Pipeline_VITIS_LOOP_43_1_VITIS_LOOP_44_2_VITIS_LOOP_45_3|  return value|
|ap_rst               |   in|    1|  ap_ctrl_hs|  readImages<512u, 16u, 16u, 4096u, 22u, 8u, complex<ap_fixed<22, 8, 5, 3, 0> >, SuperSampleContainer<8, complex<ap_fixed<22, 8, 5, 3, 0> > > >_Pipeline_VITIS_LOOP_43_1_VITIS_LOOP_44_2_VITIS_LOOP_45_3|  return value|
|ap_start             |   in|    1|  ap_ctrl_hs|  readImages<512u, 16u, 16u, 4096u, 22u, 8u, complex<ap_fixed<22, 8, 5, 3, 0> >, SuperSampleContainer<8, complex<ap_fixed<22, 8, 5, 3, 0> > > >_Pipeline_VITIS_LOOP_43_1_VITIS_LOOP_44_2_VITIS_LOOP_45_3|  return value|
|ap_done              |  out|    1|  ap_ctrl_hs|  readImages<512u, 16u, 16u, 4096u, 22u, 8u, complex<ap_fixed<22, 8, 5, 3, 0> >, SuperSampleContainer<8, complex<ap_fixed<22, 8, 5, 3, 0> > > >_Pipeline_VITIS_LOOP_43_1_VITIS_LOOP_44_2_VITIS_LOOP_45_3|  return value|
|ap_idle              |  out|    1|  ap_ctrl_hs|  readImages<512u, 16u, 16u, 4096u, 22u, 8u, complex<ap_fixed<22, 8, 5, 3, 0> >, SuperSampleContainer<8, complex<ap_fixed<22, 8, 5, 3, 0> > > >_Pipeline_VITIS_LOOP_43_1_VITIS_LOOP_44_2_VITIS_LOOP_45_3|  return value|
|ap_ready             |  out|    1|  ap_ctrl_hs|  readImages<512u, 16u, 16u, 4096u, 22u, 8u, complex<ap_fixed<22, 8, 5, 3, 0> >, SuperSampleContainer<8, complex<ap_fixed<22, 8, 5, 3, 0> > > >_Pipeline_VITIS_LOOP_43_1_VITIS_LOOP_44_2_VITIS_LOOP_45_3|  return value|
|ap_ext_blocking_n    |  out|    1|  ap_ctrl_hs|  readImages<512u, 16u, 16u, 4096u, 22u, 8u, complex<ap_fixed<22, 8, 5, 3, 0> >, SuperSampleContainer<8, complex<ap_fixed<22, 8, 5, 3, 0> > > >_Pipeline_VITIS_LOOP_43_1_VITIS_LOOP_44_2_VITIS_LOOP_45_3|  return value|
|ap_str_blocking_n    |  out|    1|  ap_ctrl_hs|  readImages<512u, 16u, 16u, 4096u, 22u, 8u, complex<ap_fixed<22, 8, 5, 3, 0> >, SuperSampleContainer<8, complex<ap_fixed<22, 8, 5, 3, 0> > > >_Pipeline_VITIS_LOOP_43_1_VITIS_LOOP_44_2_VITIS_LOOP_45_3|  return value|
|ap_int_blocking_n    |  out|    1|  ap_ctrl_hs|  readImages<512u, 16u, 16u, 4096u, 22u, 8u, complex<ap_fixed<22, 8, 5, 3, 0> >, SuperSampleContainer<8, complex<ap_fixed<22, 8, 5, 3, 0> > > >_Pipeline_VITIS_LOOP_43_1_VITIS_LOOP_44_2_VITIS_LOOP_45_3|  return value|
|m_axi_gmem_AWVALID   |  out|    1|       m_axi|                                                                                                                                                                                                    gmem|       pointer|
|m_axi_gmem_AWREADY   |   in|    1|       m_axi|                                                                                                                                                                                                    gmem|       pointer|
|m_axi_gmem_AWADDR    |  out|   64|       m_axi|                                                                                                                                                                                                    gmem|       pointer|
|m_axi_gmem_AWID      |  out|    1|       m_axi|                                                                                                                                                                                                    gmem|       pointer|
|m_axi_gmem_AWLEN     |  out|   32|       m_axi|                                                                                                                                                                                                    gmem|       pointer|
|m_axi_gmem_AWSIZE    |  out|    3|       m_axi|                                                                                                                                                                                                    gmem|       pointer|
|m_axi_gmem_AWBURST   |  out|    2|       m_axi|                                                                                                                                                                                                    gmem|       pointer|
|m_axi_gmem_AWLOCK    |  out|    2|       m_axi|                                                                                                                                                                                                    gmem|       pointer|
|m_axi_gmem_AWCACHE   |  out|    4|       m_axi|                                                                                                                                                                                                    gmem|       pointer|
|m_axi_gmem_AWPROT    |  out|    3|       m_axi|                                                                                                                                                                                                    gmem|       pointer|
|m_axi_gmem_AWQOS     |  out|    4|       m_axi|                                                                                                                                                                                                    gmem|       pointer|
|m_axi_gmem_AWREGION  |  out|    4|       m_axi|                                                                                                                                                                                                    gmem|       pointer|
|m_axi_gmem_AWUSER    |  out|    1|       m_axi|                                                                                                                                                                                                    gmem|       pointer|
|m_axi_gmem_WVALID    |  out|    1|       m_axi|                                                                                                                                                                                                    gmem|       pointer|
|m_axi_gmem_WREADY    |   in|    1|       m_axi|                                                                                                                                                                                                    gmem|       pointer|
|m_axi_gmem_WDATA     |  out|  512|       m_axi|                                                                                                                                                                                                    gmem|       pointer|
|m_axi_gmem_WSTRB     |  out|   64|       m_axi|                                                                                                                                                                                                    gmem|       pointer|
|m_axi_gmem_WLAST     |  out|    1|       m_axi|                                                                                                                                                                                                    gmem|       pointer|
|m_axi_gmem_WID       |  out|    1|       m_axi|                                                                                                                                                                                                    gmem|       pointer|
|m_axi_gmem_WUSER     |  out|    1|       m_axi|                                                                                                                                                                                                    gmem|       pointer|
|m_axi_gmem_ARVALID   |  out|    1|       m_axi|                                                                                                                                                                                                    gmem|       pointer|
|m_axi_gmem_ARREADY   |   in|    1|       m_axi|                                                                                                                                                                                                    gmem|       pointer|
|m_axi_gmem_ARADDR    |  out|   64|       m_axi|                                                                                                                                                                                                    gmem|       pointer|
|m_axi_gmem_ARID      |  out|    1|       m_axi|                                                                                                                                                                                                    gmem|       pointer|
|m_axi_gmem_ARLEN     |  out|   32|       m_axi|                                                                                                                                                                                                    gmem|       pointer|
|m_axi_gmem_ARSIZE    |  out|    3|       m_axi|                                                                                                                                                                                                    gmem|       pointer|
|m_axi_gmem_ARBURST   |  out|    2|       m_axi|                                                                                                                                                                                                    gmem|       pointer|
|m_axi_gmem_ARLOCK    |  out|    2|       m_axi|                                                                                                                                                                                                    gmem|       pointer|
|m_axi_gmem_ARCACHE   |  out|    4|       m_axi|                                                                                                                                                                                                    gmem|       pointer|
|m_axi_gmem_ARPROT    |  out|    3|       m_axi|                                                                                                                                                                                                    gmem|       pointer|
|m_axi_gmem_ARQOS     |  out|    4|       m_axi|                                                                                                                                                                                                    gmem|       pointer|
|m_axi_gmem_ARREGION  |  out|    4|       m_axi|                                                                                                                                                                                                    gmem|       pointer|
|m_axi_gmem_ARUSER    |  out|    1|       m_axi|                                                                                                                                                                                                    gmem|       pointer|
|m_axi_gmem_RVALID    |   in|    1|       m_axi|                                                                                                                                                                                                    gmem|       pointer|
|m_axi_gmem_RREADY    |  out|    1|       m_axi|                                                                                                                                                                                                    gmem|       pointer|
|m_axi_gmem_RDATA     |   in|  512|       m_axi|                                                                                                                                                                                                    gmem|       pointer|
|m_axi_gmem_RLAST     |   in|    1|       m_axi|                                                                                                                                                                                                    gmem|       pointer|
|m_axi_gmem_RID       |   in|    1|       m_axi|                                                                                                                                                                                                    gmem|       pointer|
|m_axi_gmem_RUSER     |   in|    1|       m_axi|                                                                                                                                                                                                    gmem|       pointer|
|m_axi_gmem_RRESP     |   in|    2|       m_axi|                                                                                                                                                                                                    gmem|       pointer|
|m_axi_gmem_BVALID    |   in|    1|       m_axi|                                                                                                                                                                                                    gmem|       pointer|
|m_axi_gmem_BREADY    |  out|    1|       m_axi|                                                                                                                                                                                                    gmem|       pointer|
|m_axi_gmem_BRESP     |   in|    2|       m_axi|                                                                                                                                                                                                    gmem|       pointer|
|m_axi_gmem_BID       |   in|    1|       m_axi|                                                                                                                                                                                                    gmem|       pointer|
|m_axi_gmem_BUSER     |   in|    1|       m_axi|                                                                                                                                                                                                    gmem|       pointer|
|fftInStrm_din        |  out|  512|     ap_fifo|                                                                                                                                                                                               fftInStrm|       pointer|
|fftInStrm_full_n     |   in|    1|     ap_fifo|                                                                                                                                                                                               fftInStrm|       pointer|
|fftInStrm_write      |  out|    1|     ap_fifo|                                                                                                                                                                                               fftInStrm|       pointer|
|bound5               |   in|   37|     ap_none|                                                                                                                                                                                                  bound5|        scalar|
|p_fftInData          |   in|   64|     ap_none|                                                                                                                                                                                             p_fftInData|        scalar|
+---------------------+-----+-----+------------+--------------------------------------------------------------------------------------------------------------------------------------------------------------------------------------------------------+--------------+

