

================================================================
== Vitis HLS Report for 'wideToNarrowConverter_8u_4u_16u_complex_ap_fixed_27_13_5_3_0_189'
================================================================
* Date:           Thu Jan 27 12:47:04 2022

* Version:        2021.1 (Build 3247384 on Thu Jun 10 19:36:07 MDT 2021)
* Project:        fft2DKernel
* Solution:       solution (Vitis Kernel Flow Target)
* Product family: virtexuplus
* Target device:  xcvu9p-flgb2104-2-i


================================================================
== Performance Estimates
================================================================
+ Timing: 
    * Summary: 
    +--------+---------+----------+------------+
    |  Clock |  Target | Estimated| Uncertainty|
    +--------+---------+----------+------------+
    |ap_clk  |  4.00 ns|  2.720 ns|     1.08 ns|
    +--------+---------+----------+------------+

+ Latency: 
    * Summary: 
    +---------+---------+----------+----------+-----+-----+------------------------------------------+
    |  Latency (cycles) |  Latency (absolute) |  Interval |                 Pipeline                 |
    |   min   |   max   |    min   |    max   | min | max |                   Type                   |
    +---------+---------+----------+----------+-----+-----+------------------------------------------+
    |       32|       33|  0.128 us|  0.132 us|   32|   32|  loop rewind stp(delay=0 clock cycles(s))|
    +---------+---------+----------+----------+-----+-----+------------------------------------------+

    + Detail: 
        * Instance: 
        N/A

        * Loop: 
        +------------------------------+---------+---------+----------+-----------+-----------+------+----------+
        |                              |  Latency (cycles) | Iteration|  Initiation Interval  | Trip |          |
        |           Loop Name          |   min   |   max   |  Latency |  achieved |   target  | Count| Pipelined|
        +------------------------------+---------+---------+----------+-----------+-----------+------+----------+
        |- wideToNarrowConverter_LOOP  |       32|       32|         2|          1|          1|    32|       yes|
        +------------------------------+---------+---------+----------+-----------+-----------+------+----------+



================================================================
== Utilization Estimates
================================================================
* Summary: 
+---------------------+---------+------+---------+---------+-----+
|         Name        | BRAM_18K|  DSP |    FF   |   LUT   | URAM|
+---------------------+---------+------+---------+---------+-----+
|DSP                  |        -|     -|        -|        -|    -|
|Expression           |        -|     -|        0|      920|    -|
|FIFO                 |        -|     -|        -|        -|    -|
|Instance             |        -|     -|        0|       86|    -|
|Memory               |        -|     -|        -|        -|    -|
|Multiplexer          |        -|     -|        -|      240|    -|
|Register             |        -|     -|      457|        -|    -|
+---------------------+---------+------+---------+---------+-----+
|Total                |        0|     0|      457|     1246|    0|
+---------------------+---------+------+---------+---------+-----+
|Available SLR        |     1440|  2280|   788160|   394080|  320|
+---------------------+---------+------+---------+---------+-----+
|Utilization SLR (%)  |        0|     0|       ~0|       ~0|    0|
+---------------------+---------+------+---------+---------+-----+
|Available            |     4320|  6840|  2364480|  1182240|  960|
+---------------------+---------+------+---------+---------+-----+
|Utilization (%)      |        0|     0|       ~0|       ~0|    0|
+---------------------+---------+------+---------+---------+-----+

+ Detail: 
    * Instance: 
    +--------------------+---------------+---------+----+---+----+-----+
    |      Instance      |     Module    | BRAM_18K| DSP| FF| LUT| URAM|
    +--------------------+---------------+---------+----+---+----+-----+
    |mux_83_27_1_1_U944  |mux_83_27_1_1  |        0|   0|  0|  43|    0|
    |mux_83_27_1_1_U945  |mux_83_27_1_1  |        0|   0|  0|  43|    0|
    +--------------------+---------------+---------+----+---+----+-----+
    |Total               |               |        0|   0|  0|  86|    0|
    +--------------------+---------------+---------+----+---+----+-----+

    * DSP: 
    N/A

    * Memory: 
    N/A

    * FIFO: 
    N/A

    * Expression: 
    +----------------------------------+----------+----+---+----+------------+------------+
    |           Variable Name          | Operation| DSP| FF| LUT| Bitwidth P0| Bitwidth P1|
    +----------------------------------+----------+----+---+----+------------+------------+
    |i_fu_255_p2                       |         +|   0|  0|  12|           5|           1|
    |ap_block_state2_pp0_stage0_iter0  |       and|   0|  0|   2|           1|           1|
    |ap_condition_163                  |       and|   0|  0|   2|           1|           1|
    |ap_ext_blocking_n                 |       and|   0|  0|   2|           2|           2|
    |ap_int_blocking_cur_n             |       and|   0|  0|   2|           1|           1|
    |ap_int_blocking_n                 |       and|   0|  0|   2|           1|           2|
    |ap_str_blocking_n                 |       and|   0|  0|   2|           2|           2|
    |io_acc_block_signal_op52          |       and|   0|  0|   2|           1|           1|
    |icmp_ln69_fu_429_p2               |      icmp|   0|  0|   9|           5|           2|
    |icmp_ln78_1_fu_405_p2             |      icmp|   0|  0|   8|           3|           1|
    |icmp_ln78_2_fu_411_p2             |      icmp|   0|  0|   8|           3|           2|
    |icmp_ln78_3_fu_417_p2             |      icmp|   0|  0|   8|           3|           2|
    |icmp_ln78_4_fu_533_p2             |      icmp|   0|  0|   9|           3|           4|
    |icmp_ln78_5_fu_539_p2             |      icmp|   0|  0|   8|           3|           3|
    |icmp_ln78_fu_527_p2               |      icmp|   0|  0|   8|           3|           1|
    |ap_block_pp0_stage0_01001         |        or|   0|  0|   2|           1|           1|
    |ap_block_state1                   |        or|   0|  0|   2|           1|           1|
    |or_ln78_1_fu_566_p2               |        or|   0|  0|   2|           1|           1|
    |or_ln78_2_fu_577_p2               |        or|   0|  0|   2|           1|           1|
    |or_ln78_3_fu_590_p2               |        or|   0|  0|   2|           1|           1|
    |or_ln78_4_fu_666_p2               |        or|   0|  0|   2|           1|           1|
    |or_ln78_5_fu_678_p2               |        or|   0|  0|   2|           1|           1|
    |or_ln78_6_fu_698_p2               |        or|   0|  0|   2|           1|           1|
    |or_ln78_7_fu_773_p2               |        or|   0|  0|   2|           1|           1|
    |or_ln78_fu_553_p2                 |        or|   0|  0|   2|           1|           1|
    |select_ln78_10_fu_642_p3          |    select|   0|  0|  27|           1|          27|
    |select_ln78_11_fu_650_p3          |    select|   0|  0|  27|           1|          27|
    |select_ln78_12_fu_658_p3          |    select|   0|  0|  27|           1|          27|
    |select_ln78_13_fu_671_p3          |    select|   0|  0|  27|           1|          27|
    |select_ln78_14_fu_682_p3          |    select|   0|  0|  27|           1|          27|
    |select_ln78_15_fu_690_p3          |    select|   0|  0|  27|           1|          27|
    |select_ln78_16_fu_704_p3          |    select|   0|  0|  27|           1|          27|
    |select_ln78_17_fu_712_p3          |    select|   0|  0|  27|           1|          27|
    |select_ln78_18_fu_720_p3          |    select|   0|  0|  27|           1|          27|
    |select_ln78_19_fu_727_p3          |    select|   0|  0|  27|           1|          27|
    |select_ln78_1_fu_559_p3           |    select|   0|  0|  27|           1|          27|
    |select_ln78_20_fu_735_p3          |    select|   0|  0|  27|           1|          27|
    |select_ln78_21_fu_743_p3          |    select|   0|  0|  27|           1|          27|
    |select_ln78_22_fu_751_p3          |    select|   0|  0|  27|           1|          27|
    |select_ln78_23_fu_758_p3          |    select|   0|  0|  27|           1|          27|
    |select_ln78_24_fu_765_p3          |    select|   0|  0|  27|           1|          27|
    |select_ln78_25_fu_779_p3          |    select|   0|  0|  27|           1|          27|
    |select_ln78_26_fu_787_p3          |    select|   0|  0|  27|           1|          27|
    |select_ln78_27_fu_794_p3          |    select|   0|  0|  27|           1|          27|
    |select_ln78_28_fu_801_p3          |    select|   0|  0|  27|           1|          27|
    |select_ln78_29_fu_809_p3          |    select|   0|  0|  27|           1|          27|
    |select_ln78_2_fu_570_p3           |    select|   0|  0|  27|           1|          27|
    |select_ln78_3_fu_582_p3           |    select|   0|  0|  27|           1|          27|
    |select_ln78_4_fu_596_p3           |    select|   0|  0|  27|           1|          27|
    |select_ln78_5_fu_604_p3           |    select|   0|  0|  27|           1|          27|
    |select_ln78_6_fu_612_p3           |    select|   0|  0|  27|           1|          27|
    |select_ln78_7_fu_620_p3           |    select|   0|  0|  27|           1|          27|
    |select_ln78_8_fu_627_p3           |    select|   0|  0|  27|           1|          27|
    |select_ln78_9_fu_634_p3           |    select|   0|  0|  27|           1|          27|
    |select_ln78_fu_545_p3             |    select|   0|  0|  27|           1|          27|
    |ap_enable_pp0                     |       xor|   0|  0|   2|           1|           2|
    |wideReadIndex_fu_423_p2           |       xor|   0|  0|   4|           3|           4|
    +----------------------------------+----------+----+---+----+------------+------------+
    |Total                             |          |   0|  0| 920|          81|         852|
    +----------------------------------+----------+----+---+----+------------+------------+

    * Multiplexer: 
    +------------------------------------------+----+-----------+-----+-----------+
    |                   Name                   | LUT| Input Size| Bits| Total Bits|
    +------------------------------------------+----+-----------+-----+-----------+
    |ap_NS_fsm                                 |  14|          3|    1|          3|
    |ap_done                                   |   9|          2|    1|          2|
    |ap_enable_reg_pp0_iter1                   |   9|          2|    1|          2|
    |ap_phi_mux_i17_phi_fu_241_p6              |  14|          3|    5|         15|
    |ap_phi_mux_wideReadIndex18_phi_fu_226_p6  |  14|          3|    3|          9|
    |i17_reg_237                               |   9|          2|    5|         10|
    |p_wideStreamIn_0_0_0_0_0_0110_blk_n       |   9|          2|    1|          2|
    |p_wideStreamIn_0_0_0_0_0_0111_blk_n       |   9|          2|    1|          2|
    |p_wideStreamIn_0_0_0_0_0_0112_blk_n       |   9|          2|    1|          2|
    |p_wideStreamIn_0_0_0_0_0_0113_blk_n       |   9|          2|    1|          2|
    |p_wideStreamIn_0_0_0_0_0_0114_blk_n       |   9|          2|    1|          2|
    |p_wideStreamIn_0_0_0_0_0_0115_blk_n       |   9|          2|    1|          2|
    |p_wideStreamIn_0_0_0_0_0_018_blk_n        |   9|          2|    1|          2|
    |p_wideStreamIn_0_0_0_0_0_019_blk_n        |   9|          2|    1|          2|
    |p_wideStreamIn_0_0_1_0_0_0223_blk_n       |   9|          2|    1|          2|
    |p_wideStreamIn_0_0_1_0_0_0224_blk_n       |   9|          2|    1|          2|
    |p_wideStreamIn_0_0_1_0_0_0225_blk_n       |   9|          2|    1|          2|
    |p_wideStreamIn_0_0_1_0_0_0226_blk_n       |   9|          2|    1|          2|
    |p_wideStreamIn_0_0_1_0_0_0227_blk_n       |   9|          2|    1|          2|
    |p_wideStreamIn_0_0_1_0_0_0228_blk_n       |   9|          2|    1|          2|
    |p_wideStreamIn_0_0_1_0_0_0229_blk_n       |   9|          2|    1|          2|
    |p_wideStreamIn_0_0_1_0_0_02_blk_n         |   9|          2|    1|          2|
    |real_start                                |   9|          2|    1|          2|
    |ssrWideStream4kernelIn_blk_n              |   9|          2|    1|          2|
    |wideReadIndex18_reg_222                   |   9|          2|    3|          6|
    +------------------------------------------+----+-----------+-----+-----------+
    |Total                                     | 240|         53|   37|         83|
    +------------------------------------------+----+-----------+-----+-----------+

    * Register: 
    +------------------------------------------+----+----+-----+-----------+
    |                   Name                   | FF | LUT| Bits| Const Bits|
    +------------------------------------------+----+----+-----+-----------+
    |ap_CS_fsm                                 |   2|   0|    2|          0|
    |ap_done_reg                               |   1|   0|    1|          0|
    |ap_enable_reg_pp0_iter1                   |   1|   0|    1|          0|
    |i17_reg_237                               |   5|   0|    5|          0|
    |i_reg_957                                 |   5|   0|    5|          0|
    |icmp_ln69_reg_995                         |   1|   0|    1|          0|
    |icmp_ln78_1_reg_962                       |   1|   0|    1|          0|
    |icmp_ln78_2_reg_972                       |   1|   0|    1|          0|
    |icmp_ln78_3_reg_980                       |   1|   0|    1|          0|
    |start_once_reg                            |   1|   0|    1|          0|
    |wideReadIndex18_reg_222                   |   3|   0|    3|          0|
    |wideReadIndex_reg_990                     |   3|   0|    3|          0|
    |wideSample_superSample_M_imag_V_0_fu_128  |  27|   0|   27|          0|
    |wideSample_superSample_M_imag_V_1_fu_124  |  27|   0|   27|          0|
    |wideSample_superSample_M_imag_V_2_fu_120  |  27|   0|   27|          0|
    |wideSample_superSample_M_imag_V_3_fu_116  |  27|   0|   27|          0|
    |wideSample_superSample_M_imag_V_4_fu_112  |  27|   0|   27|          0|
    |wideSample_superSample_M_imag_V_5_fu_108  |  27|   0|   27|          0|
    |wideSample_superSample_M_imag_V_6_fu_104  |  27|   0|   27|          0|
    |wideSample_superSample_M_imag_V_7_fu_100  |  27|   0|   27|          0|
    |wideSample_superSample_M_real_V_0_fu_160  |  27|   0|   27|          0|
    |wideSample_superSample_M_real_V_1_fu_156  |  27|   0|   27|          0|
    |wideSample_superSample_M_real_V_2_fu_152  |  27|   0|   27|          0|
    |wideSample_superSample_M_real_V_3_fu_148  |  27|   0|   27|          0|
    |wideSample_superSample_M_real_V_4_fu_144  |  27|   0|   27|          0|
    |wideSample_superSample_M_real_V_5_fu_140  |  27|   0|   27|          0|
    |wideSample_superSample_M_real_V_6_fu_136  |  27|   0|   27|          0|
    |wideSample_superSample_M_real_V_7_fu_132  |  27|   0|   27|          0|
    +------------------------------------------+----+----+-----+-----------+
    |Total                                     | 457|   0|  457|          0|
    +------------------------------------------+----+----+-----+-----------+



================================================================
== Interface
================================================================
* Summary: 
+---------------------------------------+-----+-----+------------+------------------------------------------------------------------------------+--------------+
|               RTL Ports               | Dir | Bits|  Protocol  |                                 Source Object                                |    C Type    |
+---------------------------------------+-----+-----+------------+------------------------------------------------------------------------------+--------------+
|ap_clk                                 |   in|    1|  ap_ctrl_hs|  wideToNarrowConverter<8u, 4u, 16u, complex<ap_fixed<27, 13, 5, 3, 0> > >.189|  return value|
|ap_rst                                 |   in|    1|  ap_ctrl_hs|  wideToNarrowConverter<8u, 4u, 16u, complex<ap_fixed<27, 13, 5, 3, 0> > >.189|  return value|
|ap_start                               |   in|    1|  ap_ctrl_hs|  wideToNarrowConverter<8u, 4u, 16u, complex<ap_fixed<27, 13, 5, 3, 0> > >.189|  return value|
|start_full_n                           |   in|    1|  ap_ctrl_hs|  wideToNarrowConverter<8u, 4u, 16u, complex<ap_fixed<27, 13, 5, 3, 0> > >.189|  return value|
|ap_done                                |  out|    1|  ap_ctrl_hs|  wideToNarrowConverter<8u, 4u, 16u, complex<ap_fixed<27, 13, 5, 3, 0> > >.189|  return value|
|ap_continue                            |   in|    1|  ap_ctrl_hs|  wideToNarrowConverter<8u, 4u, 16u, complex<ap_fixed<27, 13, 5, 3, 0> > >.189|  return value|
|ap_idle                                |  out|    1|  ap_ctrl_hs|  wideToNarrowConverter<8u, 4u, 16u, complex<ap_fixed<27, 13, 5, 3, 0> > >.189|  return value|
|ap_ready                               |  out|    1|  ap_ctrl_hs|  wideToNarrowConverter<8u, 4u, 16u, complex<ap_fixed<27, 13, 5, 3, 0> > >.189|  return value|
|start_out                              |  out|    1|  ap_ctrl_hs|  wideToNarrowConverter<8u, 4u, 16u, complex<ap_fixed<27, 13, 5, 3, 0> > >.189|  return value|
|start_write                            |  out|    1|  ap_ctrl_hs|  wideToNarrowConverter<8u, 4u, 16u, complex<ap_fixed<27, 13, 5, 3, 0> > >.189|  return value|
|ap_ext_blocking_n                      |  out|    1|  ap_ctrl_hs|  wideToNarrowConverter<8u, 4u, 16u, complex<ap_fixed<27, 13, 5, 3, 0> > >.189|  return value|
|ap_str_blocking_n                      |  out|    1|  ap_ctrl_hs|  wideToNarrowConverter<8u, 4u, 16u, complex<ap_fixed<27, 13, 5, 3, 0> > >.189|  return value|
|ap_int_blocking_n                      |  out|    1|  ap_ctrl_hs|  wideToNarrowConverter<8u, 4u, 16u, complex<ap_fixed<27, 13, 5, 3, 0> > >.189|  return value|
|p_wideStreamIn_0_0_0_0_0_018_dout      |   in|   27|     ap_fifo|                                                  p_wideStreamIn_0_0_0_0_0_018|       pointer|
|p_wideStreamIn_0_0_0_0_0_018_empty_n   |   in|    1|     ap_fifo|                                                  p_wideStreamIn_0_0_0_0_0_018|       pointer|
|p_wideStreamIn_0_0_0_0_0_018_read      |  out|    1|     ap_fifo|                                                  p_wideStreamIn_0_0_0_0_0_018|       pointer|
|p_wideStreamIn_0_0_0_0_0_019_dout      |   in|   27|     ap_fifo|                                                  p_wideStreamIn_0_0_0_0_0_019|       pointer|
|p_wideStreamIn_0_0_0_0_0_019_empty_n   |   in|    1|     ap_fifo|                                                  p_wideStreamIn_0_0_0_0_0_019|       pointer|
|p_wideStreamIn_0_0_0_0_0_019_read      |  out|    1|     ap_fifo|                                                  p_wideStreamIn_0_0_0_0_0_019|       pointer|
|p_wideStreamIn_0_0_0_0_0_0110_dout     |   in|   27|     ap_fifo|                                                 p_wideStreamIn_0_0_0_0_0_0110|       pointer|
|p_wideStreamIn_0_0_0_0_0_0110_empty_n  |   in|    1|     ap_fifo|                                                 p_wideStreamIn_0_0_0_0_0_0110|       pointer|
|p_wideStreamIn_0_0_0_0_0_0110_read     |  out|    1|     ap_fifo|                                                 p_wideStreamIn_0_0_0_0_0_0110|       pointer|
|p_wideStreamIn_0_0_0_0_0_0111_dout     |   in|   27|     ap_fifo|                                                 p_wideStreamIn_0_0_0_0_0_0111|       pointer|
|p_wideStreamIn_0_0_0_0_0_0111_empty_n  |   in|    1|     ap_fifo|                                                 p_wideStreamIn_0_0_0_0_0_0111|       pointer|
|p_wideStreamIn_0_0_0_0_0_0111_read     |  out|    1|     ap_fifo|                                                 p_wideStreamIn_0_0_0_0_0_0111|       pointer|
|p_wideStreamIn_0_0_0_0_0_0112_dout     |   in|   27|     ap_fifo|                                                 p_wideStreamIn_0_0_0_0_0_0112|       pointer|
|p_wideStreamIn_0_0_0_0_0_0112_empty_n  |   in|    1|     ap_fifo|                                                 p_wideStreamIn_0_0_0_0_0_0112|       pointer|
|p_wideStreamIn_0_0_0_0_0_0112_read     |  out|    1|     ap_fifo|                                                 p_wideStreamIn_0_0_0_0_0_0112|       pointer|
|p_wideStreamIn_0_0_0_0_0_0113_dout     |   in|   27|     ap_fifo|                                                 p_wideStreamIn_0_0_0_0_0_0113|       pointer|
|p_wideStreamIn_0_0_0_0_0_0113_empty_n  |   in|    1|     ap_fifo|                                                 p_wideStreamIn_0_0_0_0_0_0113|       pointer|
|p_wideStreamIn_0_0_0_0_0_0113_read     |  out|    1|     ap_fifo|                                                 p_wideStreamIn_0_0_0_0_0_0113|       pointer|
|p_wideStreamIn_0_0_0_0_0_0114_dout     |   in|   27|     ap_fifo|                                                 p_wideStreamIn_0_0_0_0_0_0114|       pointer|
|p_wideStreamIn_0_0_0_0_0_0114_empty_n  |   in|    1|     ap_fifo|                                                 p_wideStreamIn_0_0_0_0_0_0114|       pointer|
|p_wideStreamIn_0_0_0_0_0_0114_read     |  out|    1|     ap_fifo|                                                 p_wideStreamIn_0_0_0_0_0_0114|       pointer|
|p_wideStreamIn_0_0_0_0_0_0115_dout     |   in|   27|     ap_fifo|                                                 p_wideStreamIn_0_0_0_0_0_0115|       pointer|
|p_wideStreamIn_0_0_0_0_0_0115_empty_n  |   in|    1|     ap_fifo|                                                 p_wideStreamIn_0_0_0_0_0_0115|       pointer|
|p_wideStreamIn_0_0_0_0_0_0115_read     |  out|    1|     ap_fifo|                                                 p_wideStreamIn_0_0_0_0_0_0115|       pointer|
|p_wideStreamIn_0_0_1_0_0_02_dout       |   in|   27|     ap_fifo|                                                   p_wideStreamIn_0_0_1_0_0_02|       pointer|
|p_wideStreamIn_0_0_1_0_0_02_empty_n    |   in|    1|     ap_fifo|                                                   p_wideStreamIn_0_0_1_0_0_02|       pointer|
|p_wideStreamIn_0_0_1_0_0_02_read       |  out|    1|     ap_fifo|                                                   p_wideStreamIn_0_0_1_0_0_02|       pointer|
|p_wideStreamIn_0_0_1_0_0_0223_dout     |   in|   27|     ap_fifo|                                                 p_wideStreamIn_0_0_1_0_0_0223|       pointer|
|p_wideStreamIn_0_0_1_0_0_0223_empty_n  |   in|    1|     ap_fifo|                                                 p_wideStreamIn_0_0_1_0_0_0223|       pointer|
|p_wideStreamIn_0_0_1_0_0_0223_read     |  out|    1|     ap_fifo|                                                 p_wideStreamIn_0_0_1_0_0_0223|       pointer|
|p_wideStreamIn_0_0_1_0_0_0224_dout     |   in|   27|     ap_fifo|                                                 p_wideStreamIn_0_0_1_0_0_0224|       pointer|
|p_wideStreamIn_0_0_1_0_0_0224_empty_n  |   in|    1|     ap_fifo|                                                 p_wideStreamIn_0_0_1_0_0_0224|       pointer|
|p_wideStreamIn_0_0_1_0_0_0224_read     |  out|    1|     ap_fifo|                                                 p_wideStreamIn_0_0_1_0_0_0224|       pointer|
|p_wideStreamIn_0_0_1_0_0_0225_dout     |   in|   27|     ap_fifo|                                                 p_wideStreamIn_0_0_1_0_0_0225|       pointer|
|p_wideStreamIn_0_0_1_0_0_0225_empty_n  |   in|    1|     ap_fifo|                                                 p_wideStreamIn_0_0_1_0_0_0225|       pointer|
|p_wideStreamIn_0_0_1_0_0_0225_read     |  out|    1|     ap_fifo|                                                 p_wideStreamIn_0_0_1_0_0_0225|       pointer|
|p_wideStreamIn_0_0_1_0_0_0226_dout     |   in|   27|     ap_fifo|                                                 p_wideStreamIn_0_0_1_0_0_0226|       pointer|
|p_wideStreamIn_0_0_1_0_0_0226_empty_n  |   in|    1|     ap_fifo|                                                 p_wideStreamIn_0_0_1_0_0_0226|       pointer|
|p_wideStreamIn_0_0_1_0_0_0226_read     |  out|    1|     ap_fifo|                                                 p_wideStreamIn_0_0_1_0_0_0226|       pointer|
|p_wideStreamIn_0_0_1_0_0_0227_dout     |   in|   27|     ap_fifo|                                                 p_wideStreamIn_0_0_1_0_0_0227|       pointer|
|p_wideStreamIn_0_0_1_0_0_0227_empty_n  |   in|    1|     ap_fifo|                                                 p_wideStreamIn_0_0_1_0_0_0227|       pointer|
|p_wideStreamIn_0_0_1_0_0_0227_read     |  out|    1|     ap_fifo|                                                 p_wideStreamIn_0_0_1_0_0_0227|       pointer|
|p_wideStreamIn_0_0_1_0_0_0228_dout     |   in|   27|     ap_fifo|                                                 p_wideStreamIn_0_0_1_0_0_0228|       pointer|
|p_wideStreamIn_0_0_1_0_0_0228_empty_n  |   in|    1|     ap_fifo|                                                 p_wideStreamIn_0_0_1_0_0_0228|       pointer|
|p_wideStreamIn_0_0_1_0_0_0228_read     |  out|    1|     ap_fifo|                                                 p_wideStreamIn_0_0_1_0_0_0228|       pointer|
|p_wideStreamIn_0_0_1_0_0_0229_dout     |   in|   27|     ap_fifo|                                                 p_wideStreamIn_0_0_1_0_0_0229|       pointer|
|p_wideStreamIn_0_0_1_0_0_0229_empty_n  |   in|    1|     ap_fifo|                                                 p_wideStreamIn_0_0_1_0_0_0229|       pointer|
|p_wideStreamIn_0_0_1_0_0_0229_read     |  out|    1|     ap_fifo|                                                 p_wideStreamIn_0_0_1_0_0_0229|       pointer|
|ssrWideStream4kernelIn_din             |  out|  256|     ap_fifo|                                                        ssrWideStream4kernelIn|       pointer|
|ssrWideStream4kernelIn_full_n          |   in|    1|     ap_fifo|                                                        ssrWideStream4kernelIn|       pointer|
|ssrWideStream4kernelIn_write           |  out|    1|     ap_fifo|                                                        ssrWideStream4kernelIn|       pointer|
+---------------------------------------+-----+-----+------------+------------------------------------------------------------------------------+--------------+

