Thu Jan 27 12:40:40 2022: Running xcd server. This server was built by gradle.
Thu Jan 27 12:40:40 2022: Server was asked to start on port: '41158'
Thu Jan 27 12:40:40 2022: Server is using token UUID: '06bfe2f9-87a4-44e6-995a-c71bdf7b8e75'
Thu Jan 27 12:40:40 2022: SESSION_MGR: creating session with session uuid: '6d04a3e9-ade5-4ab9-8d63-1f78fcd2ec76' and name 'default'
Thu Jan 27 12:40:40 2022: Attempting to start server on port '41158'
Thu Jan 27 12:40:40 2022: XCD main fifo: created main fifo '/tmp/xcdmain06bfe2f9-87a4-44e6-995a-c71bdf7b8e75', fd read = 14
Thu Jan 27 12:40:40 2022: Running Dispatch Server
Thu Jan 27 12:40:40 2022: Version 2.2.0
Thu Jan 27 12:40:48 2022: Dispatch Server: Accepted socket connection from client
Thu Jan 27 12:40:48 2022: Starting Socket connection
Thu Jan 27 12:40:48 2022: EXCHANGE_TOKEN received, server token: 06bfe2f9-87a4-44e6-995a-c71bdf7b8e75, passed token: 06bfe2f9-87a4-44e6-995a-c71bdf7b8e75
Thu Jan 27 12:40:50 2022: DISPATCH_HANDLER: Adding handler from function makeHandler in library libxv_system_diagram
Thu Jan 27 12:40:50 2022: SESSION_MGR: creating session with session uuid: 'd853f567-96ac-447d-8b66-aa8c866dc6d2' and name 'fft2DKernel'
Thu Jan 27 12:40:50 2022: KERNEL_SVC: creating session with uuid: 'd853f567-96ac-447d-8b66-aa8c866dc6d2' and name 'fft2DKernel'
Thu Jan 27 12:40:50 2022: GUIDANCE_SMGR: creating guidance session with uuid: 'd853f567-96ac-447d-8b66-aa8c866dc6d2' and name 'fft2DKernel'
Thu Jan 27 12:40:50 2022: SYSTEM_DIAGRAM_SMGR: creating diagram session with uuid: 'd853f567-96ac-447d-8b66-aa8c866dc6d2' and name 'fft2DKernel'
Thu Jan 27 12:53:06 2022: SESSION_MGR: closing session for UUID 'd853f567-96ac-447d-8b66-aa8c866dc6d2' with name 'fft2DKernel'
Thu Jan 27 12:53:06 2022: KERNEL_SVC: closing session for UUID 'd853f567-96ac-447d-8b66-aa8c866dc6d2' with name 'fft2DKernel'
Thu Jan 27 12:53:06 2022: GUIDANCE_SMGR: closing session for UUID 'd853f567-96ac-447d-8b66-aa8c866dc6d2' with name 'fft2DKernel'
Thu Jan 27 12:53:06 2022: SYSTEM_DIAGRAM_SMGR: closing session for UUID 'd853f567-96ac-447d-8b66-aa8c866dc6d2' with name 'fft2DKernel'
