

================================================================
== Vitis HLS Report for 'convertArrayToSuperStream_1_80001_16_4_complex_ap_fixed_32_18_5_3_0_s'
================================================================
* Date:           Thu Jan 27 12:44:48 2022

* Version:        2021.1 (Build 3247384 on Thu Jun 10 19:36:07 MDT 2021)
* Project:        fft2DKernel
* Solution:       solution (Vitis Kernel Flow Target)
* Product family: virtexuplus
* Target device:  xcvu9p-flgb2104-2-i


================================================================
== Performance Estimates
================================================================
+ Timing: 
    * Summary: 
    +--------+---------+----------+------------+
    |  Clock |  Target | Estimated| Uncertainty|
    +--------+---------+----------+------------+
    |ap_clk  |  4.00 ns|  2.131 ns|     1.08 ns|
    +--------+---------+----------+------------+

+ Latency: 
    * Summary: 
    +---------+---------+-----------+-----------+-----+-----+------------------------------------------+
    |  Latency (cycles) |   Latency (absolute)  |  Interval |                 Pipeline                 |
    |   min   |   max   |    min    |    max    | min | max |                   Type                   |
    +---------+---------+-----------+-----------+-----+-----+------------------------------------------+
    |        4|        5|  16.000 ns|  20.000 ns|    4|    4|  loop rewind stp(delay=0 clock cycles(s))|
    +---------+---------+-----------+-----------+-----+-----+------------------------------------------+

    + Detail: 
        * Instance: 
        N/A

        * Loop: 
        +--------------------+---------+---------+----------+-----------+-----------+------+----------+
        |                    |  Latency (cycles) | Iteration|  Initiation Interval  | Trip |          |
        |      Loop Name     |   min   |   max   |  Latency |  achieved |   target  | Count| Pipelined|
        +--------------------+---------+---------+----------+-----------+-----------+------+----------+
        |- VITIS_LOOP_127_1  |        4|        4|         2|          1|          1|     4|       yes|
        +--------------------+---------+---------+----------+-----------+-----------+------+----------+

============================================================
+ Verbose Summary: Synthesis Manager
============================================================
InlineROM: 1
ExposeGlobal: 0
============================================================
+ Verbose Summary: CDFG Model
============================================================
IsTopModel: 0
ResetActiveHigh: 1
IsCombinational: 2
IsDatapathOnly: 0
HasWiredReturn: 1
HasMFsm: 2
HasVarLatency: 1
IsPipeline: 0
IsRtlPipelined: 0
IsInstanceOverlapped: 0
IsDontTouch: 0
HasImplIP: 0
IsGatedGlobalClock: 0

+ Individual pipeline summary: 
  * Pipeline-0: initiation interval (II) = 1, depth = 2


============================================================
+ Verbose Summary: Schedule
============================================================
* Number of FSM states : 3
* Pipeline : 1
  Pipeline-0 : II = 1, D = 2, States = { 2 3 }
* Dataflow Pipeline: 0

* FSM state transitions: 
1 --> 2 
2 --> 3 
3 --> 2 

* FSM state operations: 

State 1 <SV = 0> <Delay = 0.38>
ST_1 : Operation 4 [1/1] (0.00ns)   --->   "%specinterface_ln0 = specinterface void @_ssdm_op_SpecInterface, i256 %ssrWideStream4kernelOut, void @empty_8, i32 0, i32 0, void @empty_13, i32 0, i32 0, void @empty_13, void @empty_13, void @empty_13, i32 0, i32 0, i32 0, i32 0, void @empty_13, void @empty_13"   --->   Operation 4 'specinterface' 'specinterface_ln0' <Predicate = true> <Delay = 0.00>
ST_1 : Operation 5 [1/1] (0.38ns)   --->   "%br_ln127 = br void %rewind_header" [/home/centos/Vitis_Libraries/dsp/L1/include/hw/vitis_2dfft/fixed/vitis_fft/hls_ssr_fft_fork_merge_utils.hpp:127]   --->   Operation 5 'br' 'br_ln127' <Predicate = true> <Delay = 0.38>

State 2 <SV = 1> <Delay = 0.69>
ST_2 : Operation 6 [1/1] (0.00ns)   --->   "%do_init = phi i1 1, void, i1 0, void %.split, i1 1, void"   --->   Operation 6 'phi' 'do_init' <Predicate = true> <Delay = 0.00>
ST_2 : Operation 7 [1/1] (0.00ns)   --->   "%i45 = phi i2 0, void, i2 %i, void %.split, i2 0, void"   --->   Operation 7 'phi' 'i45' <Predicate = true> <Delay = 0.00>
ST_2 : Operation 8 [1/1] (0.00ns)   --->   "%br_ln0 = br i1 %do_init, void %.split, void %rewind_init"   --->   Operation 8 'br' 'br_ln0' <Predicate = true> <Delay = 0.00>
ST_2 : Operation 9 [1/1] (0.00ns)   --->   "%specmemcore_ln0 = specmemcore void @_ssdm_op_SpecMemCore, i256 %ssrWideStream4kernelOut, i64 666, i64 9, i64 18446744073709551615"   --->   Operation 9 'specmemcore' 'specmemcore_ln0' <Predicate = (do_init)> <Delay = 0.00>
ST_2 : Operation 10 [1/1] (0.00ns)   --->   "%br_ln127 = br void %.split" [/home/centos/Vitis_Libraries/dsp/L1/include/hw/vitis_2dfft/fixed/vitis_fft/hls_ssr_fft_fork_merge_utils.hpp:127]   --->   Operation 10 'br' 'br_ln127' <Predicate = (do_init)> <Delay = 0.00>
ST_2 : Operation 11 [1/1] (0.00ns)   --->   "%zext_ln127 = zext i2 %i45" [/home/centos/Vitis_Libraries/dsp/L1/include/hw/vitis_2dfft/fixed/vitis_fft/hls_ssr_fft_fork_merge_utils.hpp:127]   --->   Operation 11 'zext' 'zext_ln127' <Predicate = true> <Delay = 0.00>
ST_2 : Operation 12 [1/1] (0.00ns)   --->   "%p_inDataArray_M_real_addr = getelementptr i32 %p_inDataArray_M_real, i64 0, i64 %zext_ln127" [/home/centos/Vitis_Libraries/dsp/L1/include/hw/vitis_2dfft/fixed/vitis_fft/hls_ssr_fft_fork_merge_utils.hpp:133]   --->   Operation 12 'getelementptr' 'p_inDataArray_M_real_addr' <Predicate = true> <Delay = 0.00>
ST_2 : Operation 13 [1/1] (0.00ns)   --->   "%p_inDataArray_M_imag_addr = getelementptr i32 %p_inDataArray_M_imag, i64 0, i64 %zext_ln127" [/home/centos/Vitis_Libraries/dsp/L1/include/hw/vitis_2dfft/fixed/vitis_fft/hls_ssr_fft_fork_merge_utils.hpp:133]   --->   Operation 13 'getelementptr' 'p_inDataArray_M_imag_addr' <Predicate = true> <Delay = 0.00>
ST_2 : Operation 14 [2/2] (0.69ns)   --->   "%p_inDataArray_M_real_load = load i2 %p_inDataArray_M_real_addr" [/home/centos/Vitis_Libraries/dsp/L1/include/hw/vitis_2dfft/fixed/vitis_fft/hls_ssr_fft_fork_merge_utils.hpp:133]   --->   Operation 14 'load' 'p_inDataArray_M_real_load' <Predicate = true> <Delay = 0.69> <CoreInst = "RAM">   --->   Core 83 'RAM' <Latency = 1> <II = 1> <Delay = 0.69> <Storage> <Opcode : 'load' 'store'> <Ports = 2> <Width = 32> <Depth = 4> <RAM>
ST_2 : Operation 15 [2/2] (0.69ns)   --->   "%p_inDataArray_M_imag_load = load i2 %p_inDataArray_M_imag_addr" [/home/centos/Vitis_Libraries/dsp/L1/include/hw/vitis_2dfft/fixed/vitis_fft/hls_ssr_fft_fork_merge_utils.hpp:133]   --->   Operation 15 'load' 'p_inDataArray_M_imag_load' <Predicate = true> <Delay = 0.69> <CoreInst = "RAM">   --->   Core 83 'RAM' <Latency = 1> <II = 1> <Delay = 0.69> <Storage> <Opcode : 'load' 'store'> <Ports = 2> <Width = 32> <Depth = 4> <RAM>
ST_2 : Operation 16 [1/1] (0.00ns)   --->   "%p_inDataArray_M_real1_addr = getelementptr i32 %p_inDataArray_M_real1, i64 0, i64 %zext_ln127" [/home/centos/Vitis_Libraries/dsp/L1/include/hw/vitis_2dfft/fixed/vitis_fft/hls_ssr_fft_fork_merge_utils.hpp:133]   --->   Operation 16 'getelementptr' 'p_inDataArray_M_real1_addr' <Predicate = true> <Delay = 0.00>
ST_2 : Operation 17 [1/1] (0.00ns)   --->   "%p_inDataArray_M_imag4_addr = getelementptr i32 %p_inDataArray_M_imag4, i64 0, i64 %zext_ln127" [/home/centos/Vitis_Libraries/dsp/L1/include/hw/vitis_2dfft/fixed/vitis_fft/hls_ssr_fft_fork_merge_utils.hpp:133]   --->   Operation 17 'getelementptr' 'p_inDataArray_M_imag4_addr' <Predicate = true> <Delay = 0.00>
ST_2 : Operation 18 [2/2] (0.69ns)   --->   "%p_inDataArray_M_real1_load = load i2 %p_inDataArray_M_real1_addr" [/home/centos/Vitis_Libraries/dsp/L1/include/hw/vitis_2dfft/fixed/vitis_fft/hls_ssr_fft_fork_merge_utils.hpp:133]   --->   Operation 18 'load' 'p_inDataArray_M_real1_load' <Predicate = true> <Delay = 0.69> <CoreInst = "RAM">   --->   Core 83 'RAM' <Latency = 1> <II = 1> <Delay = 0.69> <Storage> <Opcode : 'load' 'store'> <Ports = 2> <Width = 32> <Depth = 4> <RAM>
ST_2 : Operation 19 [2/2] (0.69ns)   --->   "%p_inDataArray_M_imag4_load = load i2 %p_inDataArray_M_imag4_addr" [/home/centos/Vitis_Libraries/dsp/L1/include/hw/vitis_2dfft/fixed/vitis_fft/hls_ssr_fft_fork_merge_utils.hpp:133]   --->   Operation 19 'load' 'p_inDataArray_M_imag4_load' <Predicate = true> <Delay = 0.69> <CoreInst = "RAM">   --->   Core 83 'RAM' <Latency = 1> <II = 1> <Delay = 0.69> <Storage> <Opcode : 'load' 'store'> <Ports = 2> <Width = 32> <Depth = 4> <RAM>
ST_2 : Operation 20 [1/1] (0.00ns)   --->   "%p_inDataArray_M_real2_addr = getelementptr i32 %p_inDataArray_M_real2, i64 0, i64 %zext_ln127" [/home/centos/Vitis_Libraries/dsp/L1/include/hw/vitis_2dfft/fixed/vitis_fft/hls_ssr_fft_fork_merge_utils.hpp:133]   --->   Operation 20 'getelementptr' 'p_inDataArray_M_real2_addr' <Predicate = true> <Delay = 0.00>
ST_2 : Operation 21 [1/1] (0.00ns)   --->   "%p_inDataArray_M_imag5_addr = getelementptr i32 %p_inDataArray_M_imag5, i64 0, i64 %zext_ln127" [/home/centos/Vitis_Libraries/dsp/L1/include/hw/vitis_2dfft/fixed/vitis_fft/hls_ssr_fft_fork_merge_utils.hpp:133]   --->   Operation 21 'getelementptr' 'p_inDataArray_M_imag5_addr' <Predicate = true> <Delay = 0.00>
ST_2 : Operation 22 [2/2] (0.69ns)   --->   "%p_inDataArray_M_real2_load = load i2 %p_inDataArray_M_real2_addr" [/home/centos/Vitis_Libraries/dsp/L1/include/hw/vitis_2dfft/fixed/vitis_fft/hls_ssr_fft_fork_merge_utils.hpp:133]   --->   Operation 22 'load' 'p_inDataArray_M_real2_load' <Predicate = true> <Delay = 0.69> <CoreInst = "RAM">   --->   Core 83 'RAM' <Latency = 1> <II = 1> <Delay = 0.69> <Storage> <Opcode : 'load' 'store'> <Ports = 2> <Width = 32> <Depth = 4> <RAM>
ST_2 : Operation 23 [2/2] (0.69ns)   --->   "%p_inDataArray_M_imag5_load = load i2 %p_inDataArray_M_imag5_addr" [/home/centos/Vitis_Libraries/dsp/L1/include/hw/vitis_2dfft/fixed/vitis_fft/hls_ssr_fft_fork_merge_utils.hpp:133]   --->   Operation 23 'load' 'p_inDataArray_M_imag5_load' <Predicate = true> <Delay = 0.69> <CoreInst = "RAM">   --->   Core 83 'RAM' <Latency = 1> <II = 1> <Delay = 0.69> <Storage> <Opcode : 'load' 'store'> <Ports = 2> <Width = 32> <Depth = 4> <RAM>
ST_2 : Operation 24 [1/1] (0.00ns)   --->   "%p_inDataArray_M_real3_addr = getelementptr i32 %p_inDataArray_M_real3, i64 0, i64 %zext_ln127" [/home/centos/Vitis_Libraries/dsp/L1/include/hw/vitis_2dfft/fixed/vitis_fft/hls_ssr_fft_fork_merge_utils.hpp:133]   --->   Operation 24 'getelementptr' 'p_inDataArray_M_real3_addr' <Predicate = true> <Delay = 0.00>
ST_2 : Operation 25 [1/1] (0.00ns)   --->   "%p_inDataArray_M_imag6_addr = getelementptr i32 %p_inDataArray_M_imag6, i64 0, i64 %zext_ln127" [/home/centos/Vitis_Libraries/dsp/L1/include/hw/vitis_2dfft/fixed/vitis_fft/hls_ssr_fft_fork_merge_utils.hpp:133]   --->   Operation 25 'getelementptr' 'p_inDataArray_M_imag6_addr' <Predicate = true> <Delay = 0.00>
ST_2 : Operation 26 [2/2] (0.69ns)   --->   "%p_inDataArray_M_real3_load = load i2 %p_inDataArray_M_real3_addr" [/home/centos/Vitis_Libraries/dsp/L1/include/hw/vitis_2dfft/fixed/vitis_fft/hls_ssr_fft_fork_merge_utils.hpp:133]   --->   Operation 26 'load' 'p_inDataArray_M_real3_load' <Predicate = true> <Delay = 0.69> <CoreInst = "RAM">   --->   Core 83 'RAM' <Latency = 1> <II = 1> <Delay = 0.69> <Storage> <Opcode : 'load' 'store'> <Ports = 2> <Width = 32> <Depth = 4> <RAM>
ST_2 : Operation 27 [2/2] (0.69ns)   --->   "%p_inDataArray_M_imag6_load = load i2 %p_inDataArray_M_imag6_addr" [/home/centos/Vitis_Libraries/dsp/L1/include/hw/vitis_2dfft/fixed/vitis_fft/hls_ssr_fft_fork_merge_utils.hpp:133]   --->   Operation 27 'load' 'p_inDataArray_M_imag6_load' <Predicate = true> <Delay = 0.69> <CoreInst = "RAM">   --->   Core 83 'RAM' <Latency = 1> <II = 1> <Delay = 0.69> <Storage> <Opcode : 'load' 'store'> <Ports = 2> <Width = 32> <Depth = 4> <RAM>
ST_2 : Operation 28 [1/1] (0.43ns)   --->   "%i = add i2 %i45, i2 1" [/home/centos/Vitis_Libraries/dsp/L1/include/hw/vitis_2dfft/fixed/vitis_fft/hls_ssr_fft_fork_merge_utils.hpp:127]   --->   Operation 28 'add' 'i' <Predicate = true> <Delay = 0.43> <CoreInst = "Adder">   --->   Core 1 'Adder' <Latency = 0> <II = 1> <Delay = 0.43> <FuncUnit> <Opcode : 'add' 'sub'> <InPorts = 2> <OutPorts = 1>
ST_2 : Operation 29 [1/1] (0.34ns)   --->   "%icmp_ln127 = icmp_eq  i2 %i45, i2 3" [/home/centos/Vitis_Libraries/dsp/L1/include/hw/vitis_2dfft/fixed/vitis_fft/hls_ssr_fft_fork_merge_utils.hpp:127]   --->   Operation 29 'icmp' 'icmp_ln127' <Predicate = true> <Delay = 0.34> <CoreInst = "Cmp">   --->   Core 9 'Cmp' <Latency = 0> <II = 1> <Delay = 0.34> <FuncUnit> <Opcode : 'icmp'> <InPorts = 2> <OutPorts = 1>
ST_2 : Operation 30 [1/1] (0.00ns)   --->   "%br_ln127 = br i1 %icmp_ln127, void %rewind_header, void" [/home/centos/Vitis_Libraries/dsp/L1/include/hw/vitis_2dfft/fixed/vitis_fft/hls_ssr_fft_fork_merge_utils.hpp:127]   --->   Operation 30 'br' 'br_ln127' <Predicate = true> <Delay = 0.00>
ST_2 : Operation 31 [1/1] (0.00ns)   --->   "%br_ln137 = br void %rewind_header" [/home/centos/Vitis_Libraries/dsp/L1/include/hw/vitis_2dfft/fixed/vitis_fft/hls_ssr_fft_fork_merge_utils.hpp:137]   --->   Operation 31 'br' 'br_ln137' <Predicate = (icmp_ln127)> <Delay = 0.00>

State 3 <SV = 2> <Delay = 2.13>
ST_3 : Operation 32 [1/1] (0.00ns)   --->   "%empty = speclooptripcount i32 @_ssdm_op_SpecLoopTripCount, i64 4, i64 4, i64 4"   --->   Operation 32 'speclooptripcount' 'empty' <Predicate = true> <Delay = 0.00>
ST_3 : Operation 33 [1/1] (0.00ns)   --->   "%specpipeline_ln127 = specpipeline void @_ssdm_op_SpecPipeline, i32 1, i32 0, i32 0, i32 0, void @empty_13" [/home/centos/Vitis_Libraries/dsp/L1/include/hw/vitis_2dfft/fixed/vitis_fft/hls_ssr_fft_fork_merge_utils.hpp:127]   --->   Operation 33 'specpipeline' 'specpipeline_ln127' <Predicate = true> <Delay = 0.00>
ST_3 : Operation 34 [1/1] (0.00ns)   --->   "%specloopname_ln127 = specloopname void @_ssdm_op_SpecLoopName, void @empty_38" [/home/centos/Vitis_Libraries/dsp/L1/include/hw/vitis_2dfft/fixed/vitis_fft/hls_ssr_fft_fork_merge_utils.hpp:127]   --->   Operation 34 'specloopname' 'specloopname_ln127' <Predicate = true> <Delay = 0.00>
ST_3 : Operation 35 [1/2] (0.69ns)   --->   "%p_inDataArray_M_real_load = load i2 %p_inDataArray_M_real_addr" [/home/centos/Vitis_Libraries/dsp/L1/include/hw/vitis_2dfft/fixed/vitis_fft/hls_ssr_fft_fork_merge_utils.hpp:133]   --->   Operation 35 'load' 'p_inDataArray_M_real_load' <Predicate = true> <Delay = 0.69> <CoreInst = "RAM">   --->   Core 83 'RAM' <Latency = 1> <II = 1> <Delay = 0.69> <Storage> <Opcode : 'load' 'store'> <Ports = 2> <Width = 32> <Depth = 4> <RAM>
ST_3 : Operation 36 [1/2] (0.69ns)   --->   "%p_inDataArray_M_imag_load = load i2 %p_inDataArray_M_imag_addr" [/home/centos/Vitis_Libraries/dsp/L1/include/hw/vitis_2dfft/fixed/vitis_fft/hls_ssr_fft_fork_merge_utils.hpp:133]   --->   Operation 36 'load' 'p_inDataArray_M_imag_load' <Predicate = true> <Delay = 0.69> <CoreInst = "RAM">   --->   Core 83 'RAM' <Latency = 1> <II = 1> <Delay = 0.69> <Storage> <Opcode : 'load' 'store'> <Ports = 2> <Width = 32> <Depth = 4> <RAM>
ST_3 : Operation 37 [1/2] (0.69ns)   --->   "%p_inDataArray_M_real1_load = load i2 %p_inDataArray_M_real1_addr" [/home/centos/Vitis_Libraries/dsp/L1/include/hw/vitis_2dfft/fixed/vitis_fft/hls_ssr_fft_fork_merge_utils.hpp:133]   --->   Operation 37 'load' 'p_inDataArray_M_real1_load' <Predicate = true> <Delay = 0.69> <CoreInst = "RAM">   --->   Core 83 'RAM' <Latency = 1> <II = 1> <Delay = 0.69> <Storage> <Opcode : 'load' 'store'> <Ports = 2> <Width = 32> <Depth = 4> <RAM>
ST_3 : Operation 38 [1/2] (0.69ns)   --->   "%p_inDataArray_M_imag4_load = load i2 %p_inDataArray_M_imag4_addr" [/home/centos/Vitis_Libraries/dsp/L1/include/hw/vitis_2dfft/fixed/vitis_fft/hls_ssr_fft_fork_merge_utils.hpp:133]   --->   Operation 38 'load' 'p_inDataArray_M_imag4_load' <Predicate = true> <Delay = 0.69> <CoreInst = "RAM">   --->   Core 83 'RAM' <Latency = 1> <II = 1> <Delay = 0.69> <Storage> <Opcode : 'load' 'store'> <Ports = 2> <Width = 32> <Depth = 4> <RAM>
ST_3 : Operation 39 [1/2] (0.69ns)   --->   "%p_inDataArray_M_real2_load = load i2 %p_inDataArray_M_real2_addr" [/home/centos/Vitis_Libraries/dsp/L1/include/hw/vitis_2dfft/fixed/vitis_fft/hls_ssr_fft_fork_merge_utils.hpp:133]   --->   Operation 39 'load' 'p_inDataArray_M_real2_load' <Predicate = true> <Delay = 0.69> <CoreInst = "RAM">   --->   Core 83 'RAM' <Latency = 1> <II = 1> <Delay = 0.69> <Storage> <Opcode : 'load' 'store'> <Ports = 2> <Width = 32> <Depth = 4> <RAM>
ST_3 : Operation 40 [1/2] (0.69ns)   --->   "%p_inDataArray_M_imag5_load = load i2 %p_inDataArray_M_imag5_addr" [/home/centos/Vitis_Libraries/dsp/L1/include/hw/vitis_2dfft/fixed/vitis_fft/hls_ssr_fft_fork_merge_utils.hpp:133]   --->   Operation 40 'load' 'p_inDataArray_M_imag5_load' <Predicate = true> <Delay = 0.69> <CoreInst = "RAM">   --->   Core 83 'RAM' <Latency = 1> <II = 1> <Delay = 0.69> <Storage> <Opcode : 'load' 'store'> <Ports = 2> <Width = 32> <Depth = 4> <RAM>
ST_3 : Operation 41 [1/2] (0.69ns)   --->   "%p_inDataArray_M_real3_load = load i2 %p_inDataArray_M_real3_addr" [/home/centos/Vitis_Libraries/dsp/L1/include/hw/vitis_2dfft/fixed/vitis_fft/hls_ssr_fft_fork_merge_utils.hpp:133]   --->   Operation 41 'load' 'p_inDataArray_M_real3_load' <Predicate = true> <Delay = 0.69> <CoreInst = "RAM">   --->   Core 83 'RAM' <Latency = 1> <II = 1> <Delay = 0.69> <Storage> <Opcode : 'load' 'store'> <Ports = 2> <Width = 32> <Depth = 4> <RAM>
ST_3 : Operation 42 [1/2] (0.69ns)   --->   "%p_inDataArray_M_imag6_load = load i2 %p_inDataArray_M_imag6_addr" [/home/centos/Vitis_Libraries/dsp/L1/include/hw/vitis_2dfft/fixed/vitis_fft/hls_ssr_fft_fork_merge_utils.hpp:133]   --->   Operation 42 'load' 'p_inDataArray_M_imag6_load' <Predicate = true> <Delay = 0.69> <CoreInst = "RAM">   --->   Core 83 'RAM' <Latency = 1> <II = 1> <Delay = 0.69> <Storage> <Opcode : 'load' 'store'> <Ports = 2> <Width = 32> <Depth = 4> <RAM>
ST_3 : Operation 43 [1/1] (0.00ns)   --->   "%or_ln174_s = bitconcatenate i256 @_ssdm_op_BitConcatenate.i256.i32.i32.i32.i32.i32.i32.i32.i32, i32 %p_inDataArray_M_imag6_load, i32 %p_inDataArray_M_real3_load, i32 %p_inDataArray_M_imag5_load, i32 %p_inDataArray_M_real2_load, i32 %p_inDataArray_M_imag4_load, i32 %p_inDataArray_M_real1_load, i32 %p_inDataArray_M_imag_load, i32 %p_inDataArray_M_real_load" [/opt/Xilinx/Vitis_HLS/2021.1/common/technology/autopilot/hls_stream_39.h:174]   --->   Operation 43 'bitconcatenate' 'or_ln174_s' <Predicate = true> <Delay = 0.00>
ST_3 : Operation 44 [1/1] (1.43ns)   --->   "%write_ln174 = write void @_ssdm_op_Write.ap_fifo.volatile.i256P0A, i256 %ssrWideStream4kernelOut, i256 %or_ln174_s" [/opt/Xilinx/Vitis_HLS/2021.1/common/technology/autopilot/hls_stream_39.h:174]   --->   Operation 44 'write' 'write_ln174' <Predicate = true> <Delay = 1.43> <CoreInst = "FIFO_LUTRAM">   --->   Core 80 'FIFO_LUTRAM' <Latency = 0> <II = 1> <Delay = 1.43> <Storage> <Opcode : 'read' 'write' 'nbread' 'nbwrite'> <Ports = 0> <Width = 256> <Depth = 2> <FIFO>
ST_3 : Operation 45 [1/1] (0.00ns)   --->   "%return_ln137 = return void @_ssdm_op_Return" [/home/centos/Vitis_Libraries/dsp/L1/include/hw/vitis_2dfft/fixed/vitis_fft/hls_ssr_fft_fork_merge_utils.hpp:137]   --->   Operation 45 'return' 'return_ln137' <Predicate = (icmp_ln127)> <Delay = 0.00>


============================================================
+ Verbose Summary: Binding
============================================================
STG Binding: 
---------------- STG Properties BEGIN ----------------
- Is combinational: 0
- Is one-state seq: 0
- Is datapath-only: 0
- Is pipelined: 0
- Is top level: 0
Port [ Return ] is wired: 1; IO mode=ap_ctrl_hs:ce=0
Port [ p_inDataArray_M_real]:  wired=1; compound=1; hidden=0; nouse=0; global=0; static=0; extern=0; dir=0; type=1; pingpong=1; private_global=0; MemPort=[13]; IO mode=ap_memory:ce=0
Port [ p_inDataArray_M_real1]:  wired=1; compound=1; hidden=0; nouse=0; global=0; static=0; extern=0; dir=0; type=1; pingpong=1; private_global=0; MemPort=[13]; IO mode=ap_memory:ce=0
Port [ p_inDataArray_M_real2]:  wired=1; compound=1; hidden=0; nouse=0; global=0; static=0; extern=0; dir=0; type=1; pingpong=1; private_global=0; MemPort=[13]; IO mode=ap_memory:ce=0
Port [ p_inDataArray_M_real3]:  wired=1; compound=1; hidden=0; nouse=0; global=0; static=0; extern=0; dir=0; type=1; pingpong=1; private_global=0; MemPort=[13]; IO mode=ap_memory:ce=0
Port [ p_inDataArray_M_imag]:  wired=1; compound=1; hidden=0; nouse=0; global=0; static=0; extern=0; dir=0; type=1; pingpong=1; private_global=0; MemPort=[13]; IO mode=ap_memory:ce=0
Port [ p_inDataArray_M_imag4]:  wired=1; compound=1; hidden=0; nouse=0; global=0; static=0; extern=0; dir=0; type=1; pingpong=1; private_global=0; MemPort=[13]; IO mode=ap_memory:ce=0
Port [ p_inDataArray_M_imag5]:  wired=1; compound=1; hidden=0; nouse=0; global=0; static=0; extern=0; dir=0; type=1; pingpong=1; private_global=0; MemPort=[13]; IO mode=ap_memory:ce=0
Port [ p_inDataArray_M_imag6]:  wired=1; compound=1; hidden=0; nouse=0; global=0; static=0; extern=0; dir=0; type=1; pingpong=1; private_global=0; MemPort=[13]; IO mode=ap_memory:ce=0
Port [ ssrWideStream4kernelOut]:  wired=1; compound=1; hidden=0; nouse=0; global=0; static=0; extern=0; dir=1; type=3; pingpong=0; private_global=0; IO mode=ap_fifo:ce=0
---------------- STG Properties END ------------------

---------------- Datapath Model BEGIN ----------------

<LifeTime>
<method=bitvector/>
specinterface_ln0          (specinterface    ) [ 0000]
br_ln127                   (br               ) [ 0111]
do_init                    (phi              ) [ 0011]
i45                        (phi              ) [ 0011]
br_ln0                     (br               ) [ 0000]
specmemcore_ln0            (specmemcore      ) [ 0000]
br_ln127                   (br               ) [ 0000]
zext_ln127                 (zext             ) [ 0000]
p_inDataArray_M_real_addr  (getelementptr    ) [ 0011]
p_inDataArray_M_imag_addr  (getelementptr    ) [ 0011]
p_inDataArray_M_real1_addr (getelementptr    ) [ 0011]
p_inDataArray_M_imag4_addr (getelementptr    ) [ 0011]
p_inDataArray_M_real2_addr (getelementptr    ) [ 0011]
p_inDataArray_M_imag5_addr (getelementptr    ) [ 0011]
p_inDataArray_M_real3_addr (getelementptr    ) [ 0011]
p_inDataArray_M_imag6_addr (getelementptr    ) [ 0011]
i                          (add              ) [ 0111]
icmp_ln127                 (icmp             ) [ 0011]
br_ln127                   (br               ) [ 0111]
br_ln137                   (br               ) [ 0111]
empty                      (speclooptripcount) [ 0000]
specpipeline_ln127         (specpipeline     ) [ 0000]
specloopname_ln127         (specloopname     ) [ 0000]
p_inDataArray_M_real_load  (load             ) [ 0000]
p_inDataArray_M_imag_load  (load             ) [ 0000]
p_inDataArray_M_real1_load (load             ) [ 0000]
p_inDataArray_M_imag4_load (load             ) [ 0000]
p_inDataArray_M_real2_load (load             ) [ 0000]
p_inDataArray_M_imag5_load (load             ) [ 0000]
p_inDataArray_M_real3_load (load             ) [ 0000]
p_inDataArray_M_imag6_load (load             ) [ 0000]
or_ln174_s                 (bitconcatenate   ) [ 0000]
write_ln174                (write            ) [ 0000]
return_ln137               (return           ) [ 0000]
</LifeTime>

<model>

<comp_list>
<comp id="0" class="1000" name="p_inDataArray_M_real">
<pin_list>
<pin id="1" dir="1" index="0" bw="1" slack="0"/>
</pin_list>
<bind>
<StgValue><ssdm name="p_inDataArray_M_real"/><MemPortTyVec>1 3 </MemPortTyVec>
</StgValue>
</bind>
</comp>

<comp id="2" class="1000" name="p_inDataArray_M_real1">
<pin_list>
<pin id="3" dir="1" index="0" bw="1" slack="0"/>
</pin_list>
<bind>
<StgValue><ssdm name="p_inDataArray_M_real1"/><MemPortTyVec>1 3 </MemPortTyVec>
</StgValue>
</bind>
</comp>

<comp id="4" class="1000" name="p_inDataArray_M_real2">
<pin_list>
<pin id="5" dir="1" index="0" bw="1" slack="0"/>
</pin_list>
<bind>
<StgValue><ssdm name="p_inDataArray_M_real2"/><MemPortTyVec>1 3 </MemPortTyVec>
</StgValue>
</bind>
</comp>

<comp id="6" class="1000" name="p_inDataArray_M_real3">
<pin_list>
<pin id="7" dir="1" index="0" bw="1" slack="0"/>
</pin_list>
<bind>
<StgValue><ssdm name="p_inDataArray_M_real3"/><MemPortTyVec>1 3 </MemPortTyVec>
</StgValue>
</bind>
</comp>

<comp id="8" class="1000" name="p_inDataArray_M_imag">
<pin_list>
<pin id="9" dir="1" index="0" bw="1" slack="0"/>
</pin_list>
<bind>
<StgValue><ssdm name="p_inDataArray_M_imag"/><MemPortTyVec>1 3 </MemPortTyVec>
</StgValue>
</bind>
</comp>

<comp id="10" class="1000" name="p_inDataArray_M_imag4">
<pin_list>
<pin id="11" dir="1" index="0" bw="1" slack="0"/>
</pin_list>
<bind>
<StgValue><ssdm name="p_inDataArray_M_imag4"/><MemPortTyVec>1 3 </MemPortTyVec>
</StgValue>
</bind>
</comp>

<comp id="12" class="1000" name="p_inDataArray_M_imag5">
<pin_list>
<pin id="13" dir="1" index="0" bw="1" slack="0"/>
</pin_list>
<bind>
<StgValue><ssdm name="p_inDataArray_M_imag5"/><MemPortTyVec>1 3 </MemPortTyVec>
</StgValue>
</bind>
</comp>

<comp id="14" class="1000" name="p_inDataArray_M_imag6">
<pin_list>
<pin id="15" dir="1" index="0" bw="1" slack="0"/>
</pin_list>
<bind>
<StgValue><ssdm name="p_inDataArray_M_imag6"/><MemPortTyVec>1 3 </MemPortTyVec>
</StgValue>
</bind>
</comp>

<comp id="16" class="1000" name="ssrWideStream4kernelOut">
<pin_list>
<pin id="17" dir="1" index="0" bw="1" slack="0"/>
</pin_list>
<bind>
<StgValue><ssdm name="ssrWideStream4kernelOut"/></StgValue>
</bind>
</comp>

<comp id="18" class="1001" name="const_18">
<pin_list>
<pin id="19" dir="1" index="0" bw="1" slack="2147483647"/>
</pin_list>
<bind>
<StgValue><ssdm name="_ssdm_op_SpecInterface"/></StgValue>
</bind>
</comp>

<comp id="20" class="1001" name="const_20">
<pin_list>
<pin id="21" dir="1" index="0" bw="1" slack="2147483647"/>
</pin_list>
<bind>
<StgValue><ssdm name="empty_8"/></StgValue>
</bind>
</comp>

<comp id="22" class="1001" name="const_22">
<pin_list>
<pin id="23" dir="1" index="0" bw="1" slack="2147483647"/>
</pin_list>
<bind>
<StgValue><ssdm name=""/></StgValue>
</bind>
</comp>

<comp id="24" class="1001" name="const_24">
<pin_list>
<pin id="25" dir="1" index="0" bw="1" slack="2147483647"/>
</pin_list>
<bind>
<StgValue><ssdm name="empty_13"/></StgValue>
</bind>
</comp>

<comp id="26" class="1001" name="const_26">
<pin_list>
<pin id="27" dir="1" index="0" bw="1" slack="0"/>
</pin_list>
<bind>
<StgValue><ssdm name=""/></StgValue>
</bind>
</comp>

<comp id="28" class="1001" name="const_28">
<pin_list>
<pin id="29" dir="1" index="0" bw="1" slack="0"/>
</pin_list>
<bind>
<StgValue><ssdm name=""/></StgValue>
</bind>
</comp>

<comp id="30" class="1001" name="const_30">
<pin_list>
<pin id="31" dir="1" index="0" bw="1" slack="0"/>
</pin_list>
<bind>
<StgValue><ssdm name=""/></StgValue>
</bind>
</comp>

<comp id="32" class="1001" name="const_32">
<pin_list>
<pin id="33" dir="1" index="0" bw="1" slack="2147483647"/>
</pin_list>
<bind>
<StgValue><ssdm name="_ssdm_op_SpecMemCore"/></StgValue>
</bind>
</comp>

<comp id="34" class="1001" name="const_34">
<pin_list>
<pin id="35" dir="1" index="0" bw="1" slack="2147483647"/>
</pin_list>
<bind>
<StgValue><ssdm name=""/></StgValue>
</bind>
</comp>

<comp id="36" class="1001" name="const_36">
<pin_list>
<pin id="37" dir="1" index="0" bw="1" slack="2147483647"/>
</pin_list>
<bind>
<StgValue><ssdm name=""/></StgValue>
</bind>
</comp>

<comp id="38" class="1001" name="const_38">
<pin_list>
<pin id="39" dir="1" index="0" bw="1" slack="2147483647"/>
</pin_list>
<bind>
<StgValue><ssdm name=""/></StgValue>
</bind>
</comp>

<comp id="40" class="1001" name="const_40">
<pin_list>
<pin id="41" dir="1" index="0" bw="1" slack="0"/>
</pin_list>
<bind>
<StgValue><ssdm name=""/></StgValue>
</bind>
</comp>

<comp id="42" class="1001" name="const_42">
<pin_list>
<pin id="43" dir="1" index="0" bw="1" slack="0"/>
</pin_list>
<bind>
<StgValue><ssdm name=""/></StgValue>
</bind>
</comp>

<comp id="44" class="1001" name="const_44">
<pin_list>
<pin id="45" dir="1" index="0" bw="1" slack="0"/>
</pin_list>
<bind>
<StgValue><ssdm name=""/></StgValue>
</bind>
</comp>

<comp id="46" class="1001" name="const_46">
<pin_list>
<pin id="47" dir="1" index="0" bw="1" slack="2147483647"/>
</pin_list>
<bind>
<StgValue><ssdm name="_ssdm_op_SpecLoopTripCount"/></StgValue>
</bind>
</comp>

<comp id="48" class="1001" name="const_48">
<pin_list>
<pin id="49" dir="1" index="0" bw="1" slack="2147483647"/>
</pin_list>
<bind>
<StgValue><ssdm name=""/></StgValue>
</bind>
</comp>

<comp id="50" class="1001" name="const_50">
<pin_list>
<pin id="51" dir="1" index="0" bw="1" slack="2147483647"/>
</pin_list>
<bind>
<StgValue><ssdm name="_ssdm_op_SpecPipeline"/></StgValue>
</bind>
</comp>

<comp id="52" class="1001" name="const_52">
<pin_list>
<pin id="53" dir="1" index="0" bw="1" slack="2147483647"/>
</pin_list>
<bind>
<StgValue><ssdm name=""/></StgValue>
</bind>
</comp>

<comp id="54" class="1001" name="const_54">
<pin_list>
<pin id="55" dir="1" index="0" bw="1" slack="2147483647"/>
</pin_list>
<bind>
<StgValue><ssdm name="_ssdm_op_SpecLoopName"/></StgValue>
</bind>
</comp>

<comp id="56" class="1001" name="const_56">
<pin_list>
<pin id="57" dir="1" index="0" bw="1" slack="2147483647"/>
</pin_list>
<bind>
<StgValue><ssdm name="empty_38"/></StgValue>
</bind>
</comp>

<comp id="58" class="1001" name="const_58">
<pin_list>
<pin id="59" dir="1" index="0" bw="1" slack="0"/>
</pin_list>
<bind>
<StgValue><ssdm name="_ssdm_op_BitConcatenate.i256.i32.i32.i32.i32.i32.i32.i32.i32"/></StgValue>
</bind>
</comp>

<comp id="60" class="1001" name="const_60">
<pin_list>
<pin id="61" dir="1" index="0" bw="1" slack="0"/>
</pin_list>
<bind>
<StgValue><ssdm name="_ssdm_op_Write.ap_fifo.volatile.i256P0A"/></StgValue>
</bind>
</comp>

<comp id="62" class="1004" name="write_ln174_write_fu_62">
<pin_list>
<pin id="63" dir="0" index="0" bw="0" slack="0"/>
<pin id="64" dir="0" index="1" bw="256" slack="0"/>
<pin id="65" dir="0" index="2" bw="256" slack="0"/>
<pin id="66" dir="1" index="3" bw="0" slack="2147483647"/>
</pin_list>
<bind>
<opcode="write(1151) " fcode="write"/>
<opset="write_ln174/3 "/>
</bind>
</comp>

<comp id="69" class="1004" name="p_inDataArray_M_real_addr_gep_fu_69">
<pin_list>
<pin id="70" dir="0" index="0" bw="32" slack="0"/>
<pin id="71" dir="0" index="1" bw="1" slack="0"/>
<pin id="72" dir="0" index="2" bw="2" slack="0"/>
<pin id="73" dir="1" index="3" bw="2" slack="0"/>
</pin_list>
<bind>
<opcode="getelementptr(29) " fcode="getelementptr"/>
<opset="p_inDataArray_M_real_addr/2 "/>
</bind>
</comp>

<comp id="76" class="1004" name="p_inDataArray_M_imag_addr_gep_fu_76">
<pin_list>
<pin id="77" dir="0" index="0" bw="32" slack="0"/>
<pin id="78" dir="0" index="1" bw="1" slack="0"/>
<pin id="79" dir="0" index="2" bw="2" slack="0"/>
<pin id="80" dir="1" index="3" bw="2" slack="0"/>
</pin_list>
<bind>
<opcode="getelementptr(29) " fcode="getelementptr"/>
<opset="p_inDataArray_M_imag_addr/2 "/>
</bind>
</comp>

<comp id="83" class="1004" name="grp_access_fu_83">
<pin_list>
<pin id="84" dir="0" index="0" bw="2" slack="0"/>
<pin id="85" dir="0" index="1" bw="32" slack="2147483647"/>
<pin id="86" dir="0" index="2" bw="0" slack="2147483647"/>
<pin id="87" dir="1" index="3" bw="32" slack="0"/>
</pin_list>
<bind>
<opcode="load(27) " fcode="load"/>
<opset="p_inDataArray_M_real_load/2 "/>
</bind>
</comp>

<comp id="89" class="1004" name="grp_access_fu_89">
<pin_list>
<pin id="90" dir="0" index="0" bw="2" slack="0"/>
<pin id="91" dir="0" index="1" bw="32" slack="2147483647"/>
<pin id="92" dir="0" index="2" bw="0" slack="2147483647"/>
<pin id="93" dir="1" index="3" bw="32" slack="0"/>
</pin_list>
<bind>
<opcode="load(27) " fcode="load"/>
<opset="p_inDataArray_M_imag_load/2 "/>
</bind>
</comp>

<comp id="95" class="1004" name="p_inDataArray_M_real1_addr_gep_fu_95">
<pin_list>
<pin id="96" dir="0" index="0" bw="32" slack="0"/>
<pin id="97" dir="0" index="1" bw="1" slack="0"/>
<pin id="98" dir="0" index="2" bw="2" slack="0"/>
<pin id="99" dir="1" index="3" bw="2" slack="0"/>
</pin_list>
<bind>
<opcode="getelementptr(29) " fcode="getelementptr"/>
<opset="p_inDataArray_M_real1_addr/2 "/>
</bind>
</comp>

<comp id="102" class="1004" name="p_inDataArray_M_imag4_addr_gep_fu_102">
<pin_list>
<pin id="103" dir="0" index="0" bw="32" slack="0"/>
<pin id="104" dir="0" index="1" bw="1" slack="0"/>
<pin id="105" dir="0" index="2" bw="2" slack="0"/>
<pin id="106" dir="1" index="3" bw="2" slack="0"/>
</pin_list>
<bind>
<opcode="getelementptr(29) " fcode="getelementptr"/>
<opset="p_inDataArray_M_imag4_addr/2 "/>
</bind>
</comp>

<comp id="109" class="1004" name="grp_access_fu_109">
<pin_list>
<pin id="110" dir="0" index="0" bw="2" slack="0"/>
<pin id="111" dir="0" index="1" bw="32" slack="2147483647"/>
<pin id="112" dir="0" index="2" bw="0" slack="2147483647"/>
<pin id="113" dir="1" index="3" bw="32" slack="0"/>
</pin_list>
<bind>
<opcode="load(27) " fcode="load"/>
<opset="p_inDataArray_M_real1_load/2 "/>
</bind>
</comp>

<comp id="115" class="1004" name="grp_access_fu_115">
<pin_list>
<pin id="116" dir="0" index="0" bw="2" slack="0"/>
<pin id="117" dir="0" index="1" bw="32" slack="2147483647"/>
<pin id="118" dir="0" index="2" bw="0" slack="2147483647"/>
<pin id="119" dir="1" index="3" bw="32" slack="0"/>
</pin_list>
<bind>
<opcode="load(27) " fcode="load"/>
<opset="p_inDataArray_M_imag4_load/2 "/>
</bind>
</comp>

<comp id="121" class="1004" name="p_inDataArray_M_real2_addr_gep_fu_121">
<pin_list>
<pin id="122" dir="0" index="0" bw="32" slack="0"/>
<pin id="123" dir="0" index="1" bw="1" slack="0"/>
<pin id="124" dir="0" index="2" bw="2" slack="0"/>
<pin id="125" dir="1" index="3" bw="2" slack="0"/>
</pin_list>
<bind>
<opcode="getelementptr(29) " fcode="getelementptr"/>
<opset="p_inDataArray_M_real2_addr/2 "/>
</bind>
</comp>

<comp id="128" class="1004" name="p_inDataArray_M_imag5_addr_gep_fu_128">
<pin_list>
<pin id="129" dir="0" index="0" bw="32" slack="0"/>
<pin id="130" dir="0" index="1" bw="1" slack="0"/>
<pin id="131" dir="0" index="2" bw="2" slack="0"/>
<pin id="132" dir="1" index="3" bw="2" slack="0"/>
</pin_list>
<bind>
<opcode="getelementptr(29) " fcode="getelementptr"/>
<opset="p_inDataArray_M_imag5_addr/2 "/>
</bind>
</comp>

<comp id="135" class="1004" name="grp_access_fu_135">
<pin_list>
<pin id="136" dir="0" index="0" bw="2" slack="0"/>
<pin id="137" dir="0" index="1" bw="32" slack="2147483647"/>
<pin id="138" dir="0" index="2" bw="0" slack="2147483647"/>
<pin id="139" dir="1" index="3" bw="32" slack="0"/>
</pin_list>
<bind>
<opcode="load(27) " fcode="load"/>
<opset="p_inDataArray_M_real2_load/2 "/>
</bind>
</comp>

<comp id="141" class="1004" name="grp_access_fu_141">
<pin_list>
<pin id="142" dir="0" index="0" bw="2" slack="0"/>
<pin id="143" dir="0" index="1" bw="32" slack="2147483647"/>
<pin id="144" dir="0" index="2" bw="0" slack="2147483647"/>
<pin id="145" dir="1" index="3" bw="32" slack="0"/>
</pin_list>
<bind>
<opcode="load(27) " fcode="load"/>
<opset="p_inDataArray_M_imag5_load/2 "/>
</bind>
</comp>

<comp id="147" class="1004" name="p_inDataArray_M_real3_addr_gep_fu_147">
<pin_list>
<pin id="148" dir="0" index="0" bw="32" slack="0"/>
<pin id="149" dir="0" index="1" bw="1" slack="0"/>
<pin id="150" dir="0" index="2" bw="2" slack="0"/>
<pin id="151" dir="1" index="3" bw="2" slack="0"/>
</pin_list>
<bind>
<opcode="getelementptr(29) " fcode="getelementptr"/>
<opset="p_inDataArray_M_real3_addr/2 "/>
</bind>
</comp>

<comp id="154" class="1004" name="p_inDataArray_M_imag6_addr_gep_fu_154">
<pin_list>
<pin id="155" dir="0" index="0" bw="32" slack="0"/>
<pin id="156" dir="0" index="1" bw="1" slack="0"/>
<pin id="157" dir="0" index="2" bw="2" slack="0"/>
<pin id="158" dir="1" index="3" bw="2" slack="0"/>
</pin_list>
<bind>
<opcode="getelementptr(29) " fcode="getelementptr"/>
<opset="p_inDataArray_M_imag6_addr/2 "/>
</bind>
</comp>

<comp id="161" class="1004" name="grp_access_fu_161">
<pin_list>
<pin id="162" dir="0" index="0" bw="2" slack="0"/>
<pin id="163" dir="0" index="1" bw="32" slack="2147483647"/>
<pin id="164" dir="0" index="2" bw="0" slack="2147483647"/>
<pin id="165" dir="1" index="3" bw="32" slack="0"/>
</pin_list>
<bind>
<opcode="load(27) " fcode="load"/>
<opset="p_inDataArray_M_real3_load/2 "/>
</bind>
</comp>

<comp id="167" class="1004" name="grp_access_fu_167">
<pin_list>
<pin id="168" dir="0" index="0" bw="2" slack="0"/>
<pin id="169" dir="0" index="1" bw="32" slack="2147483647"/>
<pin id="170" dir="0" index="2" bw="0" slack="2147483647"/>
<pin id="171" dir="1" index="3" bw="32" slack="0"/>
</pin_list>
<bind>
<opcode="load(27) " fcode="load"/>
<opset="p_inDataArray_M_imag6_load/2 "/>
</bind>
</comp>

<comp id="173" class="1005" name="do_init_reg_173">
<pin_list>
<pin id="174" dir="0" index="0" bw="1" slack="1"/>
<pin id="175" dir="1" index="1" bw="1" slack="1"/>
</pin_list>
<bind>
<opset="do_init (phireg) "/>
</bind>
</comp>

<comp id="177" class="1004" name="do_init_phi_fu_177">
<pin_list>
<pin id="178" dir="0" index="0" bw="1" slack="1"/>
<pin id="179" dir="0" index="1" bw="0" slack="2147483647"/>
<pin id="180" dir="0" index="2" bw="1" slack="0"/>
<pin id="181" dir="0" index="3" bw="0" slack="2147483647"/>
<pin id="182" dir="0" index="4" bw="1" slack="0"/>
<pin id="183" dir="0" index="5" bw="0" slack="2147483647"/>
<pin id="184" dir="1" index="6" bw="1" slack="2147483647"/>
</pin_list>
<bind>
<opcode="phi(47) " fcode="phi"/>
<opset="do_init/2 "/>
</bind>
</comp>

<comp id="188" class="1005" name="i45_reg_188">
<pin_list>
<pin id="189" dir="0" index="0" bw="2" slack="1"/>
<pin id="190" dir="1" index="1" bw="2" slack="1"/>
</pin_list>
<bind>
<opset="i45 (phireg) "/>
</bind>
</comp>

<comp id="192" class="1004" name="i45_phi_fu_192">
<pin_list>
<pin id="193" dir="0" index="0" bw="1" slack="1"/>
<pin id="194" dir="0" index="1" bw="0" slack="2147483647"/>
<pin id="195" dir="0" index="2" bw="2" slack="0"/>
<pin id="196" dir="0" index="3" bw="0" slack="2147483647"/>
<pin id="197" dir="0" index="4" bw="1" slack="0"/>
<pin id="198" dir="0" index="5" bw="0" slack="2147483647"/>
<pin id="199" dir="1" index="6" bw="2" slack="0"/>
</pin_list>
<bind>
<opcode="phi(47) " fcode="phi"/>
<opset="i45/2 "/>
</bind>
</comp>

<comp id="202" class="1004" name="zext_ln127_fu_202">
<pin_list>
<pin id="203" dir="0" index="0" bw="2" slack="0"/>
<pin id="204" dir="1" index="1" bw="64" slack="0"/>
</pin_list>
<bind>
<opcode="zext(34) " fcode="zext"/>
<opset="zext_ln127/2 "/>
</bind>
</comp>

<comp id="214" class="1004" name="i_fu_214">
<pin_list>
<pin id="215" dir="0" index="0" bw="2" slack="0"/>
<pin id="216" dir="0" index="1" bw="1" slack="0"/>
<pin id="217" dir="1" index="2" bw="2" slack="0"/>
</pin_list>
<bind>
<opcode="add(8) " fcode="add"/>
<opset="i/2 "/>
</bind>
</comp>

<comp id="220" class="1004" name="icmp_ln127_fu_220">
<pin_list>
<pin id="221" dir="0" index="0" bw="2" slack="0"/>
<pin id="222" dir="0" index="1" bw="1" slack="0"/>
<pin id="223" dir="1" index="2" bw="1" slack="1"/>
</pin_list>
<bind>
<opcode="icmp(45) " fcode="icmp"/>
<opset="icmp_ln127/2 "/>
</bind>
</comp>

<comp id="226" class="1004" name="or_ln174_s_fu_226">
<pin_list>
<pin id="227" dir="0" index="0" bw="256" slack="0"/>
<pin id="228" dir="0" index="1" bw="32" slack="0"/>
<pin id="229" dir="0" index="2" bw="32" slack="0"/>
<pin id="230" dir="0" index="3" bw="32" slack="0"/>
<pin id="231" dir="0" index="4" bw="32" slack="0"/>
<pin id="232" dir="0" index="5" bw="32" slack="0"/>
<pin id="233" dir="0" index="6" bw="32" slack="0"/>
<pin id="234" dir="0" index="7" bw="32" slack="0"/>
<pin id="235" dir="0" index="8" bw="32" slack="0"/>
<pin id="236" dir="1" index="9" bw="256" slack="0"/>
</pin_list>
<bind>
<opcode="bitconcatenate(1004) " fcode="bitconcatenate"/>
<opset="or_ln174_s/3 "/>
</bind>
</comp>

<comp id="247" class="1004" name="return_ln137_fu_247">
<pin_list>
<pin id="248" dir="1" index="0" bw="0" slack="2147483647"/>
</pin_list>
<bind>
<opcode="return(1203) " fcode="return"/>
<opset="return_ln137/3 "/>
</bind>
</comp>

<comp id="249" class="1005" name="p_inDataArray_M_real_addr_reg_249">
<pin_list>
<pin id="250" dir="0" index="0" bw="2" slack="1"/>
<pin id="251" dir="1" index="1" bw="2" slack="1"/>
</pin_list>
<bind>
<opset="p_inDataArray_M_real_addr "/>
</bind>
</comp>

<comp id="254" class="1005" name="p_inDataArray_M_imag_addr_reg_254">
<pin_list>
<pin id="255" dir="0" index="0" bw="2" slack="1"/>
<pin id="256" dir="1" index="1" bw="2" slack="1"/>
</pin_list>
<bind>
<opset="p_inDataArray_M_imag_addr "/>
</bind>
</comp>

<comp id="259" class="1005" name="p_inDataArray_M_real1_addr_reg_259">
<pin_list>
<pin id="260" dir="0" index="0" bw="2" slack="1"/>
<pin id="261" dir="1" index="1" bw="2" slack="1"/>
</pin_list>
<bind>
<opset="p_inDataArray_M_real1_addr "/>
</bind>
</comp>

<comp id="264" class="1005" name="p_inDataArray_M_imag4_addr_reg_264">
<pin_list>
<pin id="265" dir="0" index="0" bw="2" slack="1"/>
<pin id="266" dir="1" index="1" bw="2" slack="1"/>
</pin_list>
<bind>
<opset="p_inDataArray_M_imag4_addr "/>
</bind>
</comp>

<comp id="269" class="1005" name="p_inDataArray_M_real2_addr_reg_269">
<pin_list>
<pin id="270" dir="0" index="0" bw="2" slack="1"/>
<pin id="271" dir="1" index="1" bw="2" slack="1"/>
</pin_list>
<bind>
<opset="p_inDataArray_M_real2_addr "/>
</bind>
</comp>

<comp id="274" class="1005" name="p_inDataArray_M_imag5_addr_reg_274">
<pin_list>
<pin id="275" dir="0" index="0" bw="2" slack="1"/>
<pin id="276" dir="1" index="1" bw="2" slack="1"/>
</pin_list>
<bind>
<opset="p_inDataArray_M_imag5_addr "/>
</bind>
</comp>

<comp id="279" class="1005" name="p_inDataArray_M_real3_addr_reg_279">
<pin_list>
<pin id="280" dir="0" index="0" bw="2" slack="1"/>
<pin id="281" dir="1" index="1" bw="2" slack="1"/>
</pin_list>
<bind>
<opset="p_inDataArray_M_real3_addr "/>
</bind>
</comp>

<comp id="284" class="1005" name="p_inDataArray_M_imag6_addr_reg_284">
<pin_list>
<pin id="285" dir="0" index="0" bw="2" slack="1"/>
<pin id="286" dir="1" index="1" bw="2" slack="1"/>
</pin_list>
<bind>
<opset="p_inDataArray_M_imag6_addr "/>
</bind>
</comp>

<comp id="289" class="1005" name="i_reg_289">
<pin_list>
<pin id="290" dir="0" index="0" bw="2" slack="0"/>
<pin id="291" dir="1" index="1" bw="2" slack="0"/>
</pin_list>
<bind>
<opset="i "/>
</bind>
</comp>

<comp id="294" class="1005" name="icmp_ln127_reg_294">
<pin_list>
<pin id="295" dir="0" index="0" bw="1" slack="1"/>
<pin id="296" dir="1" index="1" bw="1" slack="2147483647"/>
</pin_list>
<bind>
<opset="icmp_ln127 "/>
</bind>
</comp>

</comp_list>

<net_list>
<net id="67"><net_src comp="60" pin="0"/><net_sink comp="62" pin=0"/></net>

<net id="68"><net_src comp="16" pin="0"/><net_sink comp="62" pin=1"/></net>

<net id="74"><net_src comp="0" pin="0"/><net_sink comp="69" pin=0"/></net>

<net id="75"><net_src comp="40" pin="0"/><net_sink comp="69" pin=1"/></net>

<net id="81"><net_src comp="8" pin="0"/><net_sink comp="76" pin=0"/></net>

<net id="82"><net_src comp="40" pin="0"/><net_sink comp="76" pin=1"/></net>

<net id="88"><net_src comp="69" pin="3"/><net_sink comp="83" pin=0"/></net>

<net id="94"><net_src comp="76" pin="3"/><net_sink comp="89" pin=0"/></net>

<net id="100"><net_src comp="2" pin="0"/><net_sink comp="95" pin=0"/></net>

<net id="101"><net_src comp="40" pin="0"/><net_sink comp="95" pin=1"/></net>

<net id="107"><net_src comp="10" pin="0"/><net_sink comp="102" pin=0"/></net>

<net id="108"><net_src comp="40" pin="0"/><net_sink comp="102" pin=1"/></net>

<net id="114"><net_src comp="95" pin="3"/><net_sink comp="109" pin=0"/></net>

<net id="120"><net_src comp="102" pin="3"/><net_sink comp="115" pin=0"/></net>

<net id="126"><net_src comp="4" pin="0"/><net_sink comp="121" pin=0"/></net>

<net id="127"><net_src comp="40" pin="0"/><net_sink comp="121" pin=1"/></net>

<net id="133"><net_src comp="12" pin="0"/><net_sink comp="128" pin=0"/></net>

<net id="134"><net_src comp="40" pin="0"/><net_sink comp="128" pin=1"/></net>

<net id="140"><net_src comp="121" pin="3"/><net_sink comp="135" pin=0"/></net>

<net id="146"><net_src comp="128" pin="3"/><net_sink comp="141" pin=0"/></net>

<net id="152"><net_src comp="6" pin="0"/><net_sink comp="147" pin=0"/></net>

<net id="153"><net_src comp="40" pin="0"/><net_sink comp="147" pin=1"/></net>

<net id="159"><net_src comp="14" pin="0"/><net_sink comp="154" pin=0"/></net>

<net id="160"><net_src comp="40" pin="0"/><net_sink comp="154" pin=1"/></net>

<net id="166"><net_src comp="147" pin="3"/><net_sink comp="161" pin=0"/></net>

<net id="172"><net_src comp="154" pin="3"/><net_sink comp="167" pin=0"/></net>

<net id="176"><net_src comp="26" pin="0"/><net_sink comp="173" pin=0"/></net>

<net id="185"><net_src comp="173" pin="1"/><net_sink comp="177" pin=0"/></net>

<net id="186"><net_src comp="28" pin="0"/><net_sink comp="177" pin=2"/></net>

<net id="187"><net_src comp="26" pin="0"/><net_sink comp="177" pin=4"/></net>

<net id="191"><net_src comp="30" pin="0"/><net_sink comp="188" pin=0"/></net>

<net id="200"><net_src comp="188" pin="1"/><net_sink comp="192" pin=0"/></net>

<net id="201"><net_src comp="30" pin="0"/><net_sink comp="192" pin=4"/></net>

<net id="205"><net_src comp="192" pin="6"/><net_sink comp="202" pin=0"/></net>

<net id="206"><net_src comp="202" pin="1"/><net_sink comp="69" pin=2"/></net>

<net id="207"><net_src comp="202" pin="1"/><net_sink comp="76" pin=2"/></net>

<net id="208"><net_src comp="202" pin="1"/><net_sink comp="95" pin=2"/></net>

<net id="209"><net_src comp="202" pin="1"/><net_sink comp="102" pin=2"/></net>

<net id="210"><net_src comp="202" pin="1"/><net_sink comp="121" pin=2"/></net>

<net id="211"><net_src comp="202" pin="1"/><net_sink comp="128" pin=2"/></net>

<net id="212"><net_src comp="202" pin="1"/><net_sink comp="147" pin=2"/></net>

<net id="213"><net_src comp="202" pin="1"/><net_sink comp="154" pin=2"/></net>

<net id="218"><net_src comp="192" pin="6"/><net_sink comp="214" pin=0"/></net>

<net id="219"><net_src comp="42" pin="0"/><net_sink comp="214" pin=1"/></net>

<net id="224"><net_src comp="192" pin="6"/><net_sink comp="220" pin=0"/></net>

<net id="225"><net_src comp="44" pin="0"/><net_sink comp="220" pin=1"/></net>

<net id="237"><net_src comp="58" pin="0"/><net_sink comp="226" pin=0"/></net>

<net id="238"><net_src comp="167" pin="3"/><net_sink comp="226" pin=1"/></net>

<net id="239"><net_src comp="161" pin="3"/><net_sink comp="226" pin=2"/></net>

<net id="240"><net_src comp="141" pin="3"/><net_sink comp="226" pin=3"/></net>

<net id="241"><net_src comp="135" pin="3"/><net_sink comp="226" pin=4"/></net>

<net id="242"><net_src comp="115" pin="3"/><net_sink comp="226" pin=5"/></net>

<net id="243"><net_src comp="109" pin="3"/><net_sink comp="226" pin=6"/></net>

<net id="244"><net_src comp="89" pin="3"/><net_sink comp="226" pin=7"/></net>

<net id="245"><net_src comp="83" pin="3"/><net_sink comp="226" pin=8"/></net>

<net id="246"><net_src comp="226" pin="9"/><net_sink comp="62" pin=2"/></net>

<net id="252"><net_src comp="69" pin="3"/><net_sink comp="249" pin=0"/></net>

<net id="253"><net_src comp="249" pin="1"/><net_sink comp="83" pin=0"/></net>

<net id="257"><net_src comp="76" pin="3"/><net_sink comp="254" pin=0"/></net>

<net id="258"><net_src comp="254" pin="1"/><net_sink comp="89" pin=0"/></net>

<net id="262"><net_src comp="95" pin="3"/><net_sink comp="259" pin=0"/></net>

<net id="263"><net_src comp="259" pin="1"/><net_sink comp="109" pin=0"/></net>

<net id="267"><net_src comp="102" pin="3"/><net_sink comp="264" pin=0"/></net>

<net id="268"><net_src comp="264" pin="1"/><net_sink comp="115" pin=0"/></net>

<net id="272"><net_src comp="121" pin="3"/><net_sink comp="269" pin=0"/></net>

<net id="273"><net_src comp="269" pin="1"/><net_sink comp="135" pin=0"/></net>

<net id="277"><net_src comp="128" pin="3"/><net_sink comp="274" pin=0"/></net>

<net id="278"><net_src comp="274" pin="1"/><net_sink comp="141" pin=0"/></net>

<net id="282"><net_src comp="147" pin="3"/><net_sink comp="279" pin=0"/></net>

<net id="283"><net_src comp="279" pin="1"/><net_sink comp="161" pin=0"/></net>

<net id="287"><net_src comp="154" pin="3"/><net_sink comp="284" pin=0"/></net>

<net id="288"><net_src comp="284" pin="1"/><net_sink comp="167" pin=0"/></net>

<net id="292"><net_src comp="214" pin="2"/><net_sink comp="289" pin=0"/></net>

<net id="293"><net_src comp="289" pin="1"/><net_sink comp="192" pin=2"/></net>

<net id="297"><net_src comp="220" pin="2"/><net_sink comp="294" pin=0"/></net>

</net_list>

</model> 
---------------- Datapath Model END ------------------

* FSMD analyzer results:
  - Output states:
	Port: ssrWideStream4kernelOut | {3 }
 - Input state : 
	Port: convertArrayToSuperStream<-1, 80001, 16, 4, complex<ap_fixed<32, 18, 5, 3, 0> > > : p_inDataArray_M_real | {2 3 }
	Port: convertArrayToSuperStream<-1, 80001, 16, 4, complex<ap_fixed<32, 18, 5, 3, 0> > > : p_inDataArray_M_real1 | {2 3 }
	Port: convertArrayToSuperStream<-1, 80001, 16, 4, complex<ap_fixed<32, 18, 5, 3, 0> > > : p_inDataArray_M_real2 | {2 3 }
	Port: convertArrayToSuperStream<-1, 80001, 16, 4, complex<ap_fixed<32, 18, 5, 3, 0> > > : p_inDataArray_M_real3 | {2 3 }
	Port: convertArrayToSuperStream<-1, 80001, 16, 4, complex<ap_fixed<32, 18, 5, 3, 0> > > : p_inDataArray_M_imag | {2 3 }
	Port: convertArrayToSuperStream<-1, 80001, 16, 4, complex<ap_fixed<32, 18, 5, 3, 0> > > : p_inDataArray_M_imag4 | {2 3 }
	Port: convertArrayToSuperStream<-1, 80001, 16, 4, complex<ap_fixed<32, 18, 5, 3, 0> > > : p_inDataArray_M_imag5 | {2 3 }
	Port: convertArrayToSuperStream<-1, 80001, 16, 4, complex<ap_fixed<32, 18, 5, 3, 0> > > : p_inDataArray_M_imag6 | {2 3 }
  - Chain level:
	State 1
	State 2
		br_ln0 : 1
		zext_ln127 : 1
		p_inDataArray_M_real_addr : 2
		p_inDataArray_M_imag_addr : 2
		p_inDataArray_M_real_load : 3
		p_inDataArray_M_imag_load : 3
		p_inDataArray_M_real1_addr : 2
		p_inDataArray_M_imag4_addr : 2
		p_inDataArray_M_real1_load : 3
		p_inDataArray_M_imag4_load : 3
		p_inDataArray_M_real2_addr : 2
		p_inDataArray_M_imag5_addr : 2
		p_inDataArray_M_real2_load : 3
		p_inDataArray_M_imag5_load : 3
		p_inDataArray_M_real3_addr : 2
		p_inDataArray_M_imag6_addr : 2
		p_inDataArray_M_real3_load : 3
		p_inDataArray_M_imag6_load : 3
		i : 1
		icmp_ln127 : 1
		br_ln127 : 2
	State 3
		or_ln174_s : 1
		write_ln174 : 2


============================================================
+ Verbose Summary: Datapath Resource usage 
============================================================

* Functional unit list:
|----------|-------------------------|---------|---------|
| Operation|     Functional Unit     |    FF   |   LUT   |
|----------|-------------------------|---------|---------|
|    add   |         i_fu_214        |    0    |    9    |
|----------|-------------------------|---------|---------|
|   icmp   |    icmp_ln127_fu_220    |    0    |    8    |
|----------|-------------------------|---------|---------|
|   write  | write_ln174_write_fu_62 |    0    |    0    |
|----------|-------------------------|---------|---------|
|   zext   |    zext_ln127_fu_202    |    0    |    0    |
|----------|-------------------------|---------|---------|
|bitconcatenate|    or_ln174_s_fu_226    |    0    |    0    |
|----------|-------------------------|---------|---------|
|  return  |   return_ln137_fu_247   |    0    |    0    |
|----------|-------------------------|---------|---------|
|   Total  |                         |    0    |    17   |
|----------|-------------------------|---------|---------|

Memories:
N/A

* Register list:
+----------------------------------+--------+
|                                  |   FF   |
+----------------------------------+--------+
|          do_init_reg_173         |    1   |
|            i45_reg_188           |    2   |
|             i_reg_289            |    2   |
|        icmp_ln127_reg_294        |    1   |
|p_inDataArray_M_imag4_addr_reg_264|    2   |
|p_inDataArray_M_imag5_addr_reg_274|    2   |
|p_inDataArray_M_imag6_addr_reg_284|    2   |
| p_inDataArray_M_imag_addr_reg_254|    2   |
|p_inDataArray_M_real1_addr_reg_259|    2   |
|p_inDataArray_M_real2_addr_reg_269|    2   |
|p_inDataArray_M_real3_addr_reg_279|    2   |
| p_inDataArray_M_real_addr_reg_249|    2   |
+----------------------------------+--------+
|               Total              |   22   |
+----------------------------------+--------+

* Multiplexer (MUX) list: 
|-------------------|------|------|------|--------||---------||---------|
|        Comp       |  Pin | Size |  BW  | S x BW ||  Delay  ||   LUT   |
|-------------------|------|------|------|--------||---------||---------|
|  grp_access_fu_83 |  p0  |   2  |   2  |    4   ||    9    |
|  grp_access_fu_89 |  p0  |   2  |   2  |    4   ||    9    |
| grp_access_fu_109 |  p0  |   2  |   2  |    4   ||    9    |
| grp_access_fu_115 |  p0  |   2  |   2  |    4   ||    9    |
| grp_access_fu_135 |  p0  |   2  |   2  |    4   ||    9    |
| grp_access_fu_141 |  p0  |   2  |   2  |    4   ||    9    |
| grp_access_fu_161 |  p0  |   2  |   2  |    4   ||    9    |
| grp_access_fu_167 |  p0  |   2  |   2  |    4   ||    9    |
|-------------------|------|------|------|--------||---------||---------|
|       Total       |      |      |      |   32   ||  3.096  ||    72   |
|-------------------|------|------|------|--------||---------||---------|



* Summary:
+-----------+--------+--------+--------+
|           |  Delay |   FF   |   LUT  |
+-----------+--------+--------+--------+
|  Function |    -   |    0   |   17   |
|   Memory  |    -   |    -   |    -   |
|Multiplexer|    3   |    -   |   72   |
|  Register |    -   |   22   |    -   |
+-----------+--------+--------+--------+
|   Total   |    3   |   22   |   89   |
+-----------+--------+--------+--------+
