

================================================================
== Vitis HLS Report for 'fft2DKernel'
================================================================
* Date:           Thu Jan 27 12:45:51 2022

* Version:        2021.1 (Build 3247384 on Thu Jun 10 19:36:07 MDT 2021)
* Project:        fft2DKernel
* Solution:       solution (Vitis Kernel Flow Target)
* Product family: virtexuplus
* Target device:  xcvu9p-flgb2104-2-i


================================================================
== Performance Estimates
================================================================
+ Timing: 
    * Summary: 
    +--------+---------+----------+------------+
    |  Clock |  Target | Estimated| Uncertainty|
    +--------+---------+----------+------------+
    |ap_clk  |  4.00 ns|  3.086 ns|     1.08 ns|
    +--------+---------+----------+------------+

+ Latency: 
    * Summary: 
    +---------+---------+----------+----------+-----+-----+---------+
    |  Latency (cycles) |  Latency (absolute) |  Interval | Pipeline|
    |   min   |   max   |    min   |    max   | min | max |   Type  |
    +---------+---------+----------+----------+-----+-----+---------+
    |        ?|        ?|         ?|         ?|    ?|    ?|       no|
    +---------+---------+----------+----------+-----+-----+---------+

    + Detail: 
        * Instance: 
        N/A

        * Loop: 
        N/A

============================================================
+ Verbose Summary: Synthesis Manager
============================================================
InlineROM: 1
ExposeGlobal: 0
============================================================
+ Verbose Summary: CDFG Model
============================================================
IsTopModel: 1
ResetActiveHigh: 1
IsCombinational: 0
IsDatapathOnly: 0
HasWiredReturn: 1
HasMFsm: 0
HasVarLatency: 1
IsPipeline: 0
IsRtlPipelined: 0
IsInstanceOverlapped: 0
IsDontTouch: 0
HasImplIP: 0
IsGatedGlobalClock: 0


============================================================
+ Verbose Summary: Schedule
============================================================
* Number of FSM states : 2
* Pipeline : 0
* Dataflow Pipeline: 0

* FSM state transitions: 
1 --> 2 
2 --> 

* FSM state operations: 

State 1 <SV = 0> <Delay = 2.39>
ST_1 : Operation 3 [1/1] (1.00ns)   --->   "%n_images_read = read i32 @_ssdm_op_Read.ap_none.i32, i32 %n_images" [/home/centos/workspace/project_fft_kernels/src/top_module.cpp:21]   --->   Operation 3 'read' 'n_images_read' <Predicate = true> <Delay = 1.00> <CoreInst = "s_axilite">   --->   Core 122 's_axilite' <Latency = 0> <II = 1> <Delay = 1.00> <Adapter> <Opcode : 'read' 'write'>
ST_1 : Operation 4 [1/1] (1.00ns)   --->   "%p_fftOutData_read = read i64 @_ssdm_op_Read.ap_none.i64, i64 %p_fftOutData" [/home/centos/workspace/project_fft_kernels/src/top_module.cpp:21]   --->   Operation 4 'read' 'p_fftOutData_read' <Predicate = true> <Delay = 1.00> <CoreInst = "s_axilite">   --->   Core 122 's_axilite' <Latency = 0> <II = 1> <Delay = 1.00> <Adapter> <Opcode : 'read' 'write'>
ST_1 : Operation 5 [1/1] (1.00ns)   --->   "%p_fftInData_read = read i64 @_ssdm_op_Read.ap_none.i64, i64 %p_fftInData" [/home/centos/workspace/project_fft_kernels/src/top_module.cpp:21]   --->   Operation 5 'read' 'p_fftInData_read' <Predicate = true> <Delay = 1.00> <CoreInst = "s_axilite">   --->   Core 122 's_axilite' <Latency = 0> <II = 1> <Delay = 1.00> <Adapter> <Opcode : 'read' 'write'>
ST_1 : Operation 6 [2/2] (1.39ns)   --->   "%call_ln54 = call void @fft2dKernel<512u, 8u, 16u, 16u, 4096u, 22u, 32u, 2u, FFTParams, FFTParams2, 40000u, 80000u, complex<ap_fixed<22, 8, 5, 3, 0> >, complex<ap_fixed<32, 18, 5, 3, 0> > >, i512 %gmem, i64 %p_fftInData_read, i64 %p_fftOutData_read, i32 %n_images_read, i2 %control_count_V_7, i2 %control_bits_V_7, i2 %sample_in_read_count_V_7, i1 %delay_line_stall_7, i45 %delayline_Array_14, i45 %delayline_Array_16, i45 %delayline_Array_19, i32 %control_delayline_Array_17, i32 %control_delayline_Array_2, i32 %control_delayline_Array_18, i45 %delayline_Array_12, i45 %delayline_Array_15, i45 %delayline_Array_17, i18 %twiddleObj_twiddleTable_M_imag_V_2, i2 %control_count_V_6, i2 %control_bits_V_6, i2 %sample_in_read_count_V_6, i1 %delay_line_stall_6, i51 %delayline_Array_4, i51 %delayline_Array_8, i51 %delayline_Array_10, i32 %control_delayline_Array_14, i32 %control_delayline_Array_15, i32 %control_delayline_Array_16, i51 %delayline_Array_3, i51 %delayline_Array_7, i51 %delayline_Array_9, i2 %control_count_V_2, i2 %control_bits_V_2, i2 %sample_in_read_count_V_2, i1 %delay_line_stall_2, i45 %delayline_Array_29, i45 %delayline_Array_32, i45 %delayline_Array_34, i32 %control_delayline_Array_23, i32 %control_delayline_Array_1, i32 %control_delayline_Array_3, i45 %delayline_Array_28, i45 %delayline_Array_31, i45 %delayline_Array_33, i18 %twiddleObj_twiddleTable_M_imag_V_3, i2 %control_count_V_1, i2 %control_bits_V_1, i2 %sample_in_read_count_V_1, i1 %delay_line_stall_1, i51 %delayline_Array_21, i51 %delayline_Array_23, i51 %delayline_Array_27, i32 %control_delayline_Array_19, i32 %control_delayline_Array_20, i32 %control_delayline_Array_22, i51 %delayline_Array_20, i51 %delayline_Array_22, i51 %delayline_Array_26, i2 %control_count_V_3, i2 %control_bits_V_3, i2 %sample_in_read_count_V_3, i1 %delay_line_stall_3, i55 %delayline_Array_38, i55 %delayline_Array_40, i55 %delayline_Array_18, i32 %control_delayline_Array_4, i32 %control_delayline_Array_5, i32 %control_delayline_Array_7, i55 %delayline_Array_37, i55 %delayline_Array_39, i55 %delayline_Array_6, i18 %twiddleObj_twiddleTable_M_imag_V, i2 %control_count_V, i2 %control_bits_V, i2 %sample_in_read_count_V, i1 %delay_line_stall, i61 %delayline_Array_1, i61 %delayline_Array_11, i61 %delayline_Array_36, i32 %control_delayline_Array, i32 %control_delayline_Array_6, i32 %control_delayline_Array_21, i61 %delayline_Array, i61 %delayline_Array_45, i61 %delayline_Array_25, i2 %control_count_V_5, i2 %control_bits_V_5, i2 %sample_in_read_count_V_5, i1 %delay_line_stall_5, i55 %delayline_Array_35, i55 %delayline_Array_47, i55 %delayline_Array_2, i32 %control_delayline_Array_13, i32 %control_delayline_Array_11, i32 %control_delayline_Array_12, i55 %delayline_Array_24, i55 %delayline_Array_46, i55 %delayline_Array_5, i18 %twiddleObj_twiddleTable_M_imag_V_1, i2 %control_count_V_4, i2 %control_bits_V_4, i2 %sample_in_read_count_V_4, i1 %delay_line_stall_4, i61 %delayline_Array_41, i61 %delayline_Array_43, i61 %delayline_Array_13, i32 %control_delayline_Array_8, i32 %control_delayline_Array_9, i32 %control_delayline_Array_10, i61 %delayline_Array_30, i61 %delayline_Array_42, i61 %delayline_Array_44" [/home/centos/workspace/project_fft_kernels/src/top_module.cpp:54]   --->   Operation 6 'call' 'call_ln54' <Predicate = true> <Delay = 1.39> <CoreType = "Generic">   --->   Core 0 '' <Latency = 0> <II = 1> <Delay = 1.00> <Generic> <Opcode : >

State 2 <SV = 1> <Delay = 0.00>
ST_2 : Operation 7 [1/1] (0.00ns)   --->   "%spectopmodule_ln0 = spectopmodule void @_ssdm_op_SpecTopModule, void @empty_39"   --->   Operation 7 'spectopmodule' 'spectopmodule_ln0' <Predicate = true> <Delay = 0.00>
ST_2 : Operation 8 [1/1] (0.00ns)   --->   "%specinterface_ln0 = specinterface void @_ssdm_op_SpecInterface, i32 0, void @empty_27, i32 0, i32 0, void @empty_13, i32 0, i32 0, void @empty_13, void @empty_13, void @empty_13, i32 0, i32 0, i32 0, i32 0, void @empty_13, void @empty_13"   --->   Operation 8 'specinterface' 'specinterface_ln0' <Predicate = true> <Delay = 0.00>
ST_2 : Operation 9 [1/1] (0.00ns)   --->   "%specinterface_ln0 = specinterface void @_ssdm_op_SpecInterface, i512 %gmem, void @empty_14, i32 0, i32 0, void @empty_13, i32 64, i32 0, void @empty_12, void @empty_4, void @empty_13, i32 16, i32 16, i32 16, i32 16, void @empty_13, void @empty_13"   --->   Operation 9 'specinterface' 'specinterface_ln0' <Predicate = true> <Delay = 0.00>
ST_2 : Operation 10 [1/1] (0.00ns)   --->   "%specbitsmap_ln0 = specbitsmap void @_ssdm_op_SpecBitsMap, i512 %gmem"   --->   Operation 10 'specbitsmap' 'specbitsmap_ln0' <Predicate = true> <Delay = 0.00>
ST_2 : Operation 11 [1/1] (0.00ns)   --->   "%specinterface_ln0 = specinterface void @_ssdm_op_SpecInterface, i64 %p_fftInData, void @empty_24, i32 0, i32 0, void @empty_13, i32 0, i32 0, void @empty_16, void @empty_20, void @empty_13, i32 0, i32 0, i32 0, i32 0, void @empty_13, void @empty_17"   --->   Operation 11 'specinterface' 'specinterface_ln0' <Predicate = true> <Delay = 0.00>
ST_2 : Operation 12 [1/1] (0.00ns)   --->   "%specinterface_ln0 = specinterface void @_ssdm_op_SpecInterface, i64 %p_fftInData, void @empty_0, i32 0, i32 0, void @empty_13, i32 0, i32 0, void @empty_13, void @empty_13, void @empty_13, i32 0, i32 0, i32 0, i32 0, void @empty_13, void @empty_17"   --->   Operation 12 'specinterface' 'specinterface_ln0' <Predicate = true> <Delay = 0.00>
ST_2 : Operation 13 [1/1] (0.00ns)   --->   "%specinterface_ln0 = specinterface void @_ssdm_op_SpecInterface, i64 %p_fftOutData, void @empty_24, i32 0, i32 0, void @empty_13, i32 0, i32 0, void @empty_16, void @empty_29, void @empty_13, i32 0, i32 0, i32 0, i32 0, void @empty_13, void @empty_17"   --->   Operation 13 'specinterface' 'specinterface_ln0' <Predicate = true> <Delay = 0.00>
ST_2 : Operation 14 [1/1] (0.00ns)   --->   "%specinterface_ln0 = specinterface void @_ssdm_op_SpecInterface, i64 %p_fftOutData, void @empty_0, i32 0, i32 0, void @empty_13, i32 0, i32 0, void @empty_13, void @empty_13, void @empty_13, i32 0, i32 0, i32 0, i32 0, void @empty_13, void @empty_17"   --->   Operation 14 'specinterface' 'specinterface_ln0' <Predicate = true> <Delay = 0.00>
ST_2 : Operation 15 [1/1] (0.00ns)   --->   "%specbitsmap_ln0 = specbitsmap void @_ssdm_op_SpecBitsMap, i32 %n_images"   --->   Operation 15 'specbitsmap' 'specbitsmap_ln0' <Predicate = true> <Delay = 0.00>
ST_2 : Operation 16 [1/1] (0.00ns)   --->   "%specinterface_ln0 = specinterface void @_ssdm_op_SpecInterface, i32 %n_images, void @empty_24, i32 0, i32 0, void @empty_13, i32 0, i32 0, void @empty_16, void @empty_19, void @empty_13, i32 0, i32 0, i32 0, i32 0, void @empty_13, void @empty_13"   --->   Operation 16 'specinterface' 'specinterface_ln0' <Predicate = true> <Delay = 0.00>
ST_2 : Operation 17 [1/1] (0.00ns)   --->   "%specinterface_ln0 = specinterface void @_ssdm_op_SpecInterface, i32 %n_images, void @empty_0, i32 0, i32 0, void @empty_13, i32 0, i32 0, void @empty_13, void @empty_13, void @empty_13, i32 0, i32 0, i32 0, i32 0, void @empty_13, void @empty_13"   --->   Operation 17 'specinterface' 'specinterface_ln0' <Predicate = true> <Delay = 0.00>
ST_2 : Operation 18 [1/1] (0.00ns)   --->   "%specinterface_ln0 = specinterface void @_ssdm_op_SpecInterface, i32 0, void @empty_24, i32 0, i32 0, void @empty_13, i32 0, i32 0, void @empty_16, void @empty_13, void @empty_13, i32 0, i32 0, i32 0, i32 0, void @empty_13, void @empty_13"   --->   Operation 18 'specinterface' 'specinterface_ln0' <Predicate = true> <Delay = 0.00>
ST_2 : Operation 19 [1/2] (0.00ns)   --->   "%call_ln54 = call void @fft2dKernel<512u, 8u, 16u, 16u, 4096u, 22u, 32u, 2u, FFTParams, FFTParams2, 40000u, 80000u, complex<ap_fixed<22, 8, 5, 3, 0> >, complex<ap_fixed<32, 18, 5, 3, 0> > >, i512 %gmem, i64 %p_fftInData_read, i64 %p_fftOutData_read, i32 %n_images_read, i2 %control_count_V_7, i2 %control_bits_V_7, i2 %sample_in_read_count_V_7, i1 %delay_line_stall_7, i45 %delayline_Array_14, i45 %delayline_Array_16, i45 %delayline_Array_19, i32 %control_delayline_Array_17, i32 %control_delayline_Array_2, i32 %control_delayline_Array_18, i45 %delayline_Array_12, i45 %delayline_Array_15, i45 %delayline_Array_17, i18 %twiddleObj_twiddleTable_M_imag_V_2, i2 %control_count_V_6, i2 %control_bits_V_6, i2 %sample_in_read_count_V_6, i1 %delay_line_stall_6, i51 %delayline_Array_4, i51 %delayline_Array_8, i51 %delayline_Array_10, i32 %control_delayline_Array_14, i32 %control_delayline_Array_15, i32 %control_delayline_Array_16, i51 %delayline_Array_3, i51 %delayline_Array_7, i51 %delayline_Array_9, i2 %control_count_V_2, i2 %control_bits_V_2, i2 %sample_in_read_count_V_2, i1 %delay_line_stall_2, i45 %delayline_Array_29, i45 %delayline_Array_32, i45 %delayline_Array_34, i32 %control_delayline_Array_23, i32 %control_delayline_Array_1, i32 %control_delayline_Array_3, i45 %delayline_Array_28, i45 %delayline_Array_31, i45 %delayline_Array_33, i18 %twiddleObj_twiddleTable_M_imag_V_3, i2 %control_count_V_1, i2 %control_bits_V_1, i2 %sample_in_read_count_V_1, i1 %delay_line_stall_1, i51 %delayline_Array_21, i51 %delayline_Array_23, i51 %delayline_Array_27, i32 %control_delayline_Array_19, i32 %control_delayline_Array_20, i32 %control_delayline_Array_22, i51 %delayline_Array_20, i51 %delayline_Array_22, i51 %delayline_Array_26, i2 %control_count_V_3, i2 %control_bits_V_3, i2 %sample_in_read_count_V_3, i1 %delay_line_stall_3, i55 %delayline_Array_38, i55 %delayline_Array_40, i55 %delayline_Array_18, i32 %control_delayline_Array_4, i32 %control_delayline_Array_5, i32 %control_delayline_Array_7, i55 %delayline_Array_37, i55 %delayline_Array_39, i55 %delayline_Array_6, i18 %twiddleObj_twiddleTable_M_imag_V, i2 %control_count_V, i2 %control_bits_V, i2 %sample_in_read_count_V, i1 %delay_line_stall, i61 %delayline_Array_1, i61 %delayline_Array_11, i61 %delayline_Array_36, i32 %control_delayline_Array, i32 %control_delayline_Array_6, i32 %control_delayline_Array_21, i61 %delayline_Array, i61 %delayline_Array_45, i61 %delayline_Array_25, i2 %control_count_V_5, i2 %control_bits_V_5, i2 %sample_in_read_count_V_5, i1 %delay_line_stall_5, i55 %delayline_Array_35, i55 %delayline_Array_47, i55 %delayline_Array_2, i32 %control_delayline_Array_13, i32 %control_delayline_Array_11, i32 %control_delayline_Array_12, i55 %delayline_Array_24, i55 %delayline_Array_46, i55 %delayline_Array_5, i18 %twiddleObj_twiddleTable_M_imag_V_1, i2 %control_count_V_4, i2 %control_bits_V_4, i2 %sample_in_read_count_V_4, i1 %delay_line_stall_4, i61 %delayline_Array_41, i61 %delayline_Array_43, i61 %delayline_Array_13, i32 %control_delayline_Array_8, i32 %control_delayline_Array_9, i32 %control_delayline_Array_10, i61 %delayline_Array_30, i61 %delayline_Array_42, i61 %delayline_Array_44" [/home/centos/workspace/project_fft_kernels/src/top_module.cpp:54]   --->   Operation 19 'call' 'call_ln54' <Predicate = true> <Delay = 0.00> <CoreType = "Generic">   --->   Core 0 '' <Latency = 0> <II = 1> <Delay = 1.00> <Generic> <Opcode : >
ST_2 : Operation 20 [1/1] (0.00ns)   --->   "%ret_ln57 = ret" [/home/centos/workspace/project_fft_kernels/src/top_module.cpp:57]   --->   Operation 20 'ret' 'ret_ln57' <Predicate = true> <Delay = 0.00>


============================================================
+ Verbose Summary: Timing violations
============================================================
Target clock period: 4ns, clock uncertainty: 1.08ns.

 <State 1>: 2.4ns
The critical path consists of the following:
	wire read operation ('n_images_read', /home/centos/workspace/project_fft_kernels/src/top_module.cpp:21) on port 'n_images' (/home/centos/workspace/project_fft_kernels/src/top_module.cpp:21) [125]  (1 ns)
	'call' operation ('call_ln54', /home/centos/workspace/project_fft_kernels/src/top_module.cpp:54) to 'fft2dKernel<512u, 8u, 16u, 16u, 4096u, 22u, 32u, 2u, FFTParams, FFTParams2, 40000u, 80000u, complex<ap_fixed<22, 8, 5, 3, 0> >, complex<ap_fixed<32, 18, 5, 3, 0> > >' [128]  (1.4 ns)

 <State 2>: 0ns
The critical path consists of the following:


============================================================
+ Verbose Summary: Binding
============================================================
N/A
* FSMD analyzer results:
  - Output states:
 - Input state : 
  - Chain level:
	State 1
	State 2


============================================================
+ Verbose Summary: Datapath Resource usage 
============================================================
N/A
