

================================================================
== Vitis HLS Report for 'fft2dKernel_512u_8u_16u_16u_4096u_22u_32u_2u_FFTParams_FFTParams2_40000u_80000u_complex_ap_fixed_22_8_5_3_0_complex_ap_fixed_32_18_5_3_0_Loop_VITIS_LOOP_126_1_proc'
================================================================
* Date:           Thu Jan 27 12:45:25 2022

* Version:        2021.1 (Build 3247384 on Thu Jun 10 19:36:07 MDT 2021)
* Project:        fft2DKernel
* Solution:       solution (Vitis Kernel Flow Target)
* Product family: virtexuplus
* Target device:  xcvu9p-flgb2104-2-i


================================================================
== Performance Estimates
================================================================
+ Timing: 
    * Summary: 
    +--------+---------+----------+------------+
    |  Clock |  Target | Estimated| Uncertainty|
    +--------+---------+----------+------------+
    |ap_clk  |  4.00 ns|  3.086 ns|     1.08 ns|
    +--------+---------+----------+------------+

+ Latency: 
    * Summary: 
    +---------+---------+----------+----------+-----+-----+---------+
    |  Latency (cycles) |  Latency (absolute) |  Interval | Pipeline|
    |   min   |   max   |    min   |    max   | min | max |   Type  |
    +---------+---------+----------+----------+-----+-----+---------+
    |        ?|        ?|         ?|         ?|    ?|    ?|       no|
    +---------+---------+----------+----------+-----+-----+---------+

    + Detail: 
        * Instance: 
        N/A

        * Loop: 
        +--------------------+---------+---------+----------+-----------+-----------+------+----------+
        |                    |  Latency (cycles) | Iteration|  Initiation Interval  | Trip |          |
        |      Loop Name     |   min   |   max   |  Latency |  achieved |   target  | Count| Pipelined|
        +--------------------+---------+---------+----------+-----------+-----------+------+----------+
        |- VITIS_LOOP_126_1  |        ?|        ?|         ?|          -|          -|     ?|        no|
        +--------------------+---------+---------+----------+-----------+-----------+------+----------+

============================================================
+ Verbose Summary: Synthesis Manager
============================================================
InlineROM: 1
ExposeGlobal: 0
============================================================
+ Verbose Summary: CDFG Model
============================================================
IsTopModel: 0
ResetActiveHigh: 1
IsCombinational: 2
IsDatapathOnly: 0
HasWiredReturn: 1
HasMFsm: 0
HasVarLatency: 1
IsPipeline: 0
IsRtlPipelined: 0
IsInstanceOverlapped: 0
IsDontTouch: 0
HasImplIP: 0
IsGatedGlobalClock: 0


============================================================
+ Verbose Summary: Schedule
============================================================
* Number of FSM states : 3
* Pipeline : 0
* Dataflow Pipeline: 0

* FSM state transitions: 
1 --> 2 
2 --> 3 
3 --> 2 

* FSM state operations: 

State 1 <SV = 0> <Delay = 2.79>
ST_1 : Operation 4 [1/1] (0.00ns)   --->   "%n = alloca i32 1"   --->   Operation 4 'alloca' 'n' <Predicate = true> <Delay = 0.00>
ST_1 : Operation 5 [1/1] (0.00ns)   --->   "%specinterface_ln0 = specinterface void @_ssdm_op_SpecInterface, i32 %n_images, void @ap_fifo_str, i32 0, i32 0, void @p_str, i32 0, i32 0, void @p_str, void @p_str, void @p_str, i32 2, i32 2, i32 16, i32 16, void @p_str, void @ScalarProp_str"   --->   Operation 5 'specinterface' 'specinterface_ln0' <Predicate = true> <Delay = 0.00>
ST_1 : Operation 6 [1/1] (1.39ns)   --->   "%n_images_read = read i32 @_ssdm_op_Read.ap_fifo.i32P0A, i32 %n_images"   --->   Operation 6 'read' 'n_images_read' <Predicate = true> <Delay = 1.39> <CoreInst = "FIFO_SRL">   --->   Core 81 'FIFO_SRL' <Latency = 0> <II = 1> <Delay = 1.39> <Storage> <Opcode : 'read' 'write' 'nbread' 'nbwrite'> <Ports = 0> <Width = 32> <Depth = 2> <FIFO>
ST_1 : Operation 7 [1/1] (0.00ns)   --->   "%specinterface_ln0 = specinterface void @_ssdm_op_SpecInterface, i32 %n_images_c, void @ap_fifo_str, i32 0, i32 0, void @p_str, i32 0, i32 0, void @p_str, void @p_str, void @p_str, i32 2, i32 2, i32 16, i32 16, void @p_str, void @ScalarProp_str"   --->   Operation 7 'specinterface' 'specinterface_ln0' <Predicate = true> <Delay = 0.00>
ST_1 : Operation 8 [1/1] (1.39ns)   --->   "%write_ln0 = write void @_ssdm_op_Write.ap_fifo.i32P0A, i32 %n_images_c, i32 %n_images_read"   --->   Operation 8 'write' 'write_ln0' <Predicate = true> <Delay = 1.39> <CoreInst = "FIFO_SRL">   --->   Core 81 'FIFO_SRL' <Latency = 0> <II = 1> <Delay = 1.39> <Storage> <Opcode : 'read' 'write' 'nbread' 'nbwrite'> <Ports = 0> <Width = 32> <Depth = 2> <FIFO>
ST_1 : Operation 9 [1/1] (0.00ns)   --->   "%specinterface_ln0 = specinterface void @_ssdm_op_SpecInterface, i512 %fftOutStrm, void @empty_8, i32 0, i32 0, void @empty_13, i32 0, i32 0, void @empty_13, void @empty_13, void @empty_13, i32 0, i32 0, i32 0, i32 0, void @empty_13, void @empty_13"   --->   Operation 9 'specinterface' 'specinterface_ln0' <Predicate = true> <Delay = 0.00>
ST_1 : Operation 10 [1/1] (0.00ns)   --->   "%specinterface_ln0 = specinterface void @_ssdm_op_SpecInterface, i512 %fftInStrm, void @empty_8, i32 0, i32 0, void @empty_13, i32 0, i32 0, void @empty_13, void @empty_13, void @empty_13, i32 0, i32 0, i32 0, i32 0, void @empty_13, void @empty_13"   --->   Operation 10 'specinterface' 'specinterface_ln0' <Predicate = true> <Delay = 0.00>
ST_1 : Operation 11 [1/1] (0.38ns)   --->   "%store_ln126 = store i31 0, i31 %n" [/home/centos/Vitis_Libraries/dsp/L2/include/hw/vitis_2dfft/fixed/vitis_fft/fft_kernel.hpp:126]   --->   Operation 11 'store' 'store_ln126' <Predicate = true> <Delay = 0.38>
ST_1 : Operation 12 [1/1] (0.00ns)   --->   "%br_ln126 = br void" [/home/centos/Vitis_Libraries/dsp/L2/include/hw/vitis_2dfft/fixed/vitis_fft/fft_kernel.hpp:126]   --->   Operation 12 'br' 'br_ln126' <Predicate = true> <Delay = 0.00>

State 2 <SV = 1> <Delay = 1.26>
ST_2 : Operation 13 [1/1] (0.00ns)   --->   "%n_4 = load i31 %n" [/home/centos/Vitis_Libraries/dsp/L2/include/hw/vitis_2dfft/fixed/vitis_fft/fft_kernel.hpp:126]   --->   Operation 13 'load' 'n_4' <Predicate = true> <Delay = 0.00>
ST_2 : Operation 14 [1/1] (0.00ns)   --->   "%zext_ln126 = zext i31 %n_4" [/home/centos/Vitis_Libraries/dsp/L2/include/hw/vitis_2dfft/fixed/vitis_fft/fft_kernel.hpp:126]   --->   Operation 14 'zext' 'zext_ln126' <Predicate = true> <Delay = 0.00>
ST_2 : Operation 15 [1/1] (0.85ns)   --->   "%icmp_ln126 = icmp_slt  i32 %zext_ln126, i32 %n_images_read" [/home/centos/Vitis_Libraries/dsp/L2/include/hw/vitis_2dfft/fixed/vitis_fft/fft_kernel.hpp:126]   --->   Operation 15 'icmp' 'icmp_ln126' <Predicate = true> <Delay = 0.85> <CoreInst = "Cmp">   --->   Core 9 'Cmp' <Latency = 0> <II = 1> <Delay = 0.85> <FuncUnit> <Opcode : 'icmp'> <InPorts = 2> <OutPorts = 1>
ST_2 : Operation 16 [1/1] (0.87ns)   --->   "%n_5 = add i31 %n_4, i31 1" [/home/centos/Vitis_Libraries/dsp/L2/include/hw/vitis_2dfft/fixed/vitis_fft/fft_kernel.hpp:126]   --->   Operation 16 'add' 'n_5' <Predicate = true> <Delay = 0.87> <CoreInst = "Adder">   --->   Core 1 'Adder' <Latency = 0> <II = 1> <Delay = 0.87> <FuncUnit> <Opcode : 'add' 'sub'> <InPorts = 2> <OutPorts = 1>
ST_2 : Operation 17 [1/1] (0.00ns)   --->   "%br_ln126 = br i1 %icmp_ln126, void %.split2.exitStub, void" [/home/centos/Vitis_Libraries/dsp/L2/include/hw/vitis_2dfft/fixed/vitis_fft/fft_kernel.hpp:126]   --->   Operation 17 'br' 'br_ln126' <Predicate = true> <Delay = 0.00>
ST_2 : Operation 18 [2/2] (0.00ns)   --->   "%call_ln127 = call void @fft2dProc, i512 %fftInStrm, i512 %fftOutStrm, i2 %control_count_V_7, i2 %control_bits_V_7, i2 %sample_in_read_count_V_7, i1 %delay_line_stall_7, i45 %delayline_Array_14, i45 %delayline_Array_16, i45 %delayline_Array_19, i32 %control_delayline_Array_17, i32 %control_delayline_Array_2, i32 %control_delayline_Array_18, i45 %delayline_Array_12, i45 %delayline_Array_15, i45 %delayline_Array_17, i18 %twiddleObj_twiddleTable_M_imag_V_2, i2 %control_count_V_6, i2 %control_bits_V_6, i2 %sample_in_read_count_V_6, i1 %delay_line_stall_6, i51 %delayline_Array_4, i51 %delayline_Array_8, i51 %delayline_Array_10, i32 %control_delayline_Array_14, i32 %control_delayline_Array_15, i32 %control_delayline_Array_16, i51 %delayline_Array_3, i51 %delayline_Array_7, i51 %delayline_Array_9, i2 %control_count_V_2, i2 %control_bits_V_2, i2 %sample_in_read_count_V_2, i1 %delay_line_stall_2, i45 %delayline_Array_29, i45 %delayline_Array_32, i45 %delayline_Array_34, i32 %control_delayline_Array_23, i32 %control_delayline_Array_1, i32 %control_delayline_Array_3, i45 %delayline_Array_28, i45 %delayline_Array_31, i45 %delayline_Array_33, i18 %twiddleObj_twiddleTable_M_imag_V_3, i2 %control_count_V_1, i2 %control_bits_V_1, i2 %sample_in_read_count_V_1, i1 %delay_line_stall_1, i51 %delayline_Array_21, i51 %delayline_Array_23, i51 %delayline_Array_27, i32 %control_delayline_Array_19, i32 %control_delayline_Array_20, i32 %control_delayline_Array_22, i51 %delayline_Array_20, i51 %delayline_Array_22, i51 %delayline_Array_26, i2 %control_count_V_3, i2 %control_bits_V_3, i2 %sample_in_read_count_V_3, i1 %delay_line_stall_3, i55 %delayline_Array_38, i55 %delayline_Array_40, i55 %delayline_Array_18, i32 %control_delayline_Array_4, i32 %control_delayline_Array_5, i32 %control_delayline_Array_7, i55 %delayline_Array_37, i55 %delayline_Array_39, i55 %delayline_Array_6, i18 %twiddleObj_twiddleTable_M_imag_V, i2 %control_count_V, i2 %control_bits_V, i2 %sample_in_read_count_V, i1 %delay_line_stall, i61 %delayline_Array_1, i61 %delayline_Array_11, i61 %delayline_Array_36, i32 %control_delayline_Array, i32 %control_delayline_Array_6, i32 %control_delayline_Array_21, i61 %delayline_Array, i61 %delayline_Array_45, i61 %delayline_Array_25, i2 %control_count_V_5, i2 %control_bits_V_5, i2 %sample_in_read_count_V_5, i1 %delay_line_stall_5, i55 %delayline_Array_35, i55 %delayline_Array_47, i55 %delayline_Array_2, i32 %control_delayline_Array_13, i32 %control_delayline_Array_11, i32 %control_delayline_Array_12, i55 %delayline_Array_24, i55 %delayline_Array_46, i55 %delayline_Array_5, i18 %twiddleObj_twiddleTable_M_imag_V_1, i2 %control_count_V_4, i2 %control_bits_V_4, i2 %sample_in_read_count_V_4, i1 %delay_line_stall_4, i61 %delayline_Array_41, i61 %delayline_Array_43, i61 %delayline_Array_13, i32 %control_delayline_Array_8, i32 %control_delayline_Array_9, i32 %control_delayline_Array_10, i61 %delayline_Array_30, i61 %delayline_Array_42, i61 %delayline_Array_44" [/home/centos/Vitis_Libraries/dsp/L2/include/hw/vitis_2dfft/fixed/vitis_fft/fft_kernel.hpp:127]   --->   Operation 18 'call' 'call_ln127' <Predicate = (icmp_ln126)> <Delay = 0.00> <CoreType = "Generic">   --->   Core 0 '' <Latency = 0> <II = 1> <Delay = 1.00> <Generic> <Opcode : >
ST_2 : Operation 19 [1/1] (0.38ns)   --->   "%store_ln126 = store i31 %n_5, i31 %n" [/home/centos/Vitis_Libraries/dsp/L2/include/hw/vitis_2dfft/fixed/vitis_fft/fft_kernel.hpp:126]   --->   Operation 19 'store' 'store_ln126' <Predicate = (icmp_ln126)> <Delay = 0.38>
ST_2 : Operation 20 [1/1] (0.00ns)   --->   "%ret_ln0 = ret"   --->   Operation 20 'ret' 'ret_ln0' <Predicate = (!icmp_ln126)> <Delay = 0.00>

State 3 <SV = 2> <Delay = 0.00>
ST_3 : Operation 21 [1/1] (0.00ns)   --->   "%specloopname_ln127 = specloopname void @_ssdm_op_SpecLoopName, void @empty_31" [/home/centos/Vitis_Libraries/dsp/L2/include/hw/vitis_2dfft/fixed/vitis_fft/fft_kernel.hpp:127]   --->   Operation 21 'specloopname' 'specloopname_ln127' <Predicate = true> <Delay = 0.00>
ST_3 : Operation 22 [1/2] (0.00ns)   --->   "%call_ln127 = call void @fft2dProc, i512 %fftInStrm, i512 %fftOutStrm, i2 %control_count_V_7, i2 %control_bits_V_7, i2 %sample_in_read_count_V_7, i1 %delay_line_stall_7, i45 %delayline_Array_14, i45 %delayline_Array_16, i45 %delayline_Array_19, i32 %control_delayline_Array_17, i32 %control_delayline_Array_2, i32 %control_delayline_Array_18, i45 %delayline_Array_12, i45 %delayline_Array_15, i45 %delayline_Array_17, i18 %twiddleObj_twiddleTable_M_imag_V_2, i2 %control_count_V_6, i2 %control_bits_V_6, i2 %sample_in_read_count_V_6, i1 %delay_line_stall_6, i51 %delayline_Array_4, i51 %delayline_Array_8, i51 %delayline_Array_10, i32 %control_delayline_Array_14, i32 %control_delayline_Array_15, i32 %control_delayline_Array_16, i51 %delayline_Array_3, i51 %delayline_Array_7, i51 %delayline_Array_9, i2 %control_count_V_2, i2 %control_bits_V_2, i2 %sample_in_read_count_V_2, i1 %delay_line_stall_2, i45 %delayline_Array_29, i45 %delayline_Array_32, i45 %delayline_Array_34, i32 %control_delayline_Array_23, i32 %control_delayline_Array_1, i32 %control_delayline_Array_3, i45 %delayline_Array_28, i45 %delayline_Array_31, i45 %delayline_Array_33, i18 %twiddleObj_twiddleTable_M_imag_V_3, i2 %control_count_V_1, i2 %control_bits_V_1, i2 %sample_in_read_count_V_1, i1 %delay_line_stall_1, i51 %delayline_Array_21, i51 %delayline_Array_23, i51 %delayline_Array_27, i32 %control_delayline_Array_19, i32 %control_delayline_Array_20, i32 %control_delayline_Array_22, i51 %delayline_Array_20, i51 %delayline_Array_22, i51 %delayline_Array_26, i2 %control_count_V_3, i2 %control_bits_V_3, i2 %sample_in_read_count_V_3, i1 %delay_line_stall_3, i55 %delayline_Array_38, i55 %delayline_Array_40, i55 %delayline_Array_18, i32 %control_delayline_Array_4, i32 %control_delayline_Array_5, i32 %control_delayline_Array_7, i55 %delayline_Array_37, i55 %delayline_Array_39, i55 %delayline_Array_6, i18 %twiddleObj_twiddleTable_M_imag_V, i2 %control_count_V, i2 %control_bits_V, i2 %sample_in_read_count_V, i1 %delay_line_stall, i61 %delayline_Array_1, i61 %delayline_Array_11, i61 %delayline_Array_36, i32 %control_delayline_Array, i32 %control_delayline_Array_6, i32 %control_delayline_Array_21, i61 %delayline_Array, i61 %delayline_Array_45, i61 %delayline_Array_25, i2 %control_count_V_5, i2 %control_bits_V_5, i2 %sample_in_read_count_V_5, i1 %delay_line_stall_5, i55 %delayline_Array_35, i55 %delayline_Array_47, i55 %delayline_Array_2, i32 %control_delayline_Array_13, i32 %control_delayline_Array_11, i32 %control_delayline_Array_12, i55 %delayline_Array_24, i55 %delayline_Array_46, i55 %delayline_Array_5, i18 %twiddleObj_twiddleTable_M_imag_V_1, i2 %control_count_V_4, i2 %control_bits_V_4, i2 %sample_in_read_count_V_4, i1 %delay_line_stall_4, i61 %delayline_Array_41, i61 %delayline_Array_43, i61 %delayline_Array_13, i32 %control_delayline_Array_8, i32 %control_delayline_Array_9, i32 %control_delayline_Array_10, i61 %delayline_Array_30, i61 %delayline_Array_42, i61 %delayline_Array_44" [/home/centos/Vitis_Libraries/dsp/L2/include/hw/vitis_2dfft/fixed/vitis_fft/fft_kernel.hpp:127]   --->   Operation 22 'call' 'call_ln127' <Predicate = true> <Delay = 0.00> <CoreType = "Generic">   --->   Core 0 '' <Latency = 0> <II = 1> <Delay = 1.00> <Generic> <Opcode : >
ST_3 : Operation 23 [1/1] (0.00ns)   --->   "%br_ln126 = br void" [/home/centos/Vitis_Libraries/dsp/L2/include/hw/vitis_2dfft/fixed/vitis_fft/fft_kernel.hpp:126]   --->   Operation 23 'br' 'br_ln126' <Predicate = true> <Delay = 0.00>


============================================================
+ Verbose Summary: Timing violations
============================================================
Target clock period: 4ns, clock uncertainty: 1.08ns.

 <State 1>: 2.8ns
The critical path consists of the following:
	fifo read operation ('n_images_read') on port 'n_images' [115]  (1.4 ns)
	fifo write operation ('write_ln0') on port 'n_images_c' [117]  (1.4 ns)

 <State 2>: 1.26ns
The critical path consists of the following:
	'load' operation ('n', /home/centos/Vitis_Libraries/dsp/L2/include/hw/vitis_2dfft/fixed/vitis_fft/fft_kernel.hpp:126) on local variable 'n' [123]  (0 ns)
	'add' operation ('n', /home/centos/Vitis_Libraries/dsp/L2/include/hw/vitis_2dfft/fixed/vitis_fft/fft_kernel.hpp:126) [126]  (0.874 ns)
	'store' operation ('store_ln126', /home/centos/Vitis_Libraries/dsp/L2/include/hw/vitis_2dfft/fixed/vitis_fft/fft_kernel.hpp:126) of variable 'n', /home/centos/Vitis_Libraries/dsp/L2/include/hw/vitis_2dfft/fixed/vitis_fft/fft_kernel.hpp:126 on local variable 'n' [131]  (0.387 ns)

 <State 3>: 0ns
The critical path consists of the following:


============================================================
+ Verbose Summary: Binding
============================================================
N/A
* FSMD analyzer results:
  - Output states:
 - Input state : 
  - Chain level:
	State 1
	State 2
	State 3


============================================================
+ Verbose Summary: Datapath Resource usage 
============================================================
N/A
