

================================================================
== Vitis HLS Report for 'fftStreamingKernel_1'
================================================================
* Date:           Thu Jan 27 12:44:51 2022

* Version:        2021.1 (Build 3247384 on Thu Jun 10 19:36:07 MDT 2021)
* Project:        fft2DKernel
* Solution:       solution (Vitis Kernel Flow Target)
* Product family: virtexuplus
* Target device:  xcvu9p-flgb2104-2-i


================================================================
== Performance Estimates
================================================================
+ Timing: 
    * Summary: 
    +--------+---------+----------+------------+
    |  Clock |  Target | Estimated| Uncertainty|
    +--------+---------+----------+------------+
    |ap_clk  |  4.00 ns|  2.983 ns|     1.08 ns|
    +--------+---------+----------+------------+

+ Latency: 
    * Summary: 
    +---------+---------+----------+----------+-----+-----+---------+
    |  Latency (cycles) |  Latency (absolute) |  Interval | Pipeline|
    |   min   |   max   |    min   |    max   | min | max |   Type  |
    +---------+---------+----------+----------+-----+-----+---------+
    |        ?|        ?|         ?|         ?|    ?|    ?|       no|
    +---------+---------+----------+----------+-----+-----+---------+

    + Detail: 
        * Instance: 
        N/A

        * Loop: 
        +-------------------+---------+---------+----------+-----------+-----------+------+----------+
        |                   |  Latency (cycles) | Iteration|  Initiation Interval  | Trip |          |
        |     Loop Name     |   min   |   max   |  Latency |  achieved |   target  | Count| Pipelined|
        +-------------------+---------+---------+----------+-----------+-----------+------+----------+
        |- VITIS_LOOP_81_1  |        ?|        ?|         ?|          -|          -|     8|        no|
        +-------------------+---------+---------+----------+-----------+-----------+------+----------+

============================================================
+ Verbose Summary: Synthesis Manager
============================================================
InlineROM: 1
ExposeGlobal: 0
============================================================
+ Verbose Summary: CDFG Model
============================================================
IsTopModel: 0
ResetActiveHigh: 1
IsCombinational: 2
IsDatapathOnly: 0
HasWiredReturn: 1
HasMFsm: 0
HasVarLatency: 1
IsPipeline: 0
IsRtlPipelined: 0
IsInstanceOverlapped: 0
IsDontTouch: 0
HasImplIP: 0
IsGatedGlobalClock: 0


============================================================
+ Verbose Summary: Schedule
============================================================
* Number of FSM states : 3
* Pipeline : 0
* Dataflow Pipeline: 0

* FSM state transitions: 
1 --> 2 
2 --> 3 
3 --> 2 

* FSM state operations: 

State 1 <SV = 0> <Delay = 0.38>
ST_1 : Operation 4 [1/1] (0.00ns)   --->   "%fftn_01 = alloca i32 1"   --->   Operation 4 'alloca' 'fftn_01' <Predicate = true> <Delay = 0.00>
ST_1 : Operation 5 [1/1] (0.00ns)   --->   "%specmemcore_ln0 = specmemcore void @_ssdm_op_SpecMemCore, i256 %ssrWideStream4kernelOut, i64 666, i64 9, i64 18446744073709551615"   --->   Operation 5 'specmemcore' 'specmemcore_ln0' <Predicate = true> <Delay = 0.00>
ST_1 : Operation 6 [1/1] (0.00ns)   --->   "%specmemcore_ln0 = specmemcore void @_ssdm_op_SpecMemCore, i256 %ssrWideStream4kernelIn, i64 666, i64 9, i64 18446744073709551615"   --->   Operation 6 'specmemcore' 'specmemcore_ln0' <Predicate = true> <Delay = 0.00>
ST_1 : Operation 7 [1/1] (0.00ns)   --->   "%specinterface_ln0 = specinterface void @_ssdm_op_SpecInterface, i256 %ssrWideStream4kernelOut, void @empty_8, i32 0, i32 0, void @empty_13, i32 0, i32 0, void @empty_13, void @empty_13, void @empty_13, i32 0, i32 0, i32 0, i32 0, void @empty_13, void @empty_13"   --->   Operation 7 'specinterface' 'specinterface_ln0' <Predicate = true> <Delay = 0.00>
ST_1 : Operation 8 [1/1] (0.00ns)   --->   "%specinterface_ln0 = specinterface void @_ssdm_op_SpecInterface, i256 %ssrWideStream4kernelIn, void @empty_8, i32 0, i32 0, void @empty_13, i32 0, i32 0, void @empty_13, void @empty_13, void @empty_13, i32 0, i32 0, i32 0, i32 0, void @empty_13, void @empty_13"   --->   Operation 8 'specinterface' 'specinterface_ln0' <Predicate = true> <Delay = 0.00>
ST_1 : Operation 9 [1/1] (0.38ns)   --->   "%store_ln81 = store i4 0, i4 %fftn_01" [/home/centos/Vitis_Libraries/dsp/L1/include/hw/vitis_2dfft/fixed/vitis_fft/hls_ssr_fft_streaming_kernel.hpp:81]   --->   Operation 9 'store' 'store_ln81' <Predicate = true> <Delay = 0.38>
ST_1 : Operation 10 [1/1] (0.00ns)   --->   "%br_ln81 = br void" [/home/centos/Vitis_Libraries/dsp/L1/include/hw/vitis_2dfft/fixed/vitis_fft/hls_ssr_fft_streaming_kernel.hpp:81]   --->   Operation 10 'br' 'br_ln81' <Predicate = true> <Delay = 0.00>

State 2 <SV = 1> <Delay = 1.09>
ST_2 : Operation 11 [1/1] (0.00ns)   --->   "%fftn = load i4 %fftn_01" [/home/centos/Vitis_Libraries/dsp/L1/include/hw/vitis_2dfft/fixed/vitis_fft/hls_ssr_fft_streaming_kernel.hpp:81]   --->   Operation 11 'load' 'fftn' <Predicate = true> <Delay = 0.00>
ST_2 : Operation 12 [1/1] (0.65ns)   --->   "%icmp_ln81 = icmp_eq  i4 %fftn, i4 8" [/home/centos/Vitis_Libraries/dsp/L1/include/hw/vitis_2dfft/fixed/vitis_fft/hls_ssr_fft_streaming_kernel.hpp:81]   --->   Operation 12 'icmp' 'icmp_ln81' <Predicate = true> <Delay = 0.65> <CoreInst = "Cmp">   --->   Core 9 'Cmp' <Latency = 0> <II = 1> <Delay = 0.65> <FuncUnit> <Opcode : 'icmp'> <InPorts = 2> <OutPorts = 1>
ST_2 : Operation 13 [1/1] (0.00ns)   --->   "%empty = speclooptripcount i32 @_ssdm_op_SpecLoopTripCount, i64 8, i64 8, i64 8"   --->   Operation 13 'speclooptripcount' 'empty' <Predicate = true> <Delay = 0.00>
ST_2 : Operation 14 [1/1] (0.70ns)   --->   "%fftn_4 = add i4 %fftn, i4 1" [/home/centos/Vitis_Libraries/dsp/L1/include/hw/vitis_2dfft/fixed/vitis_fft/hls_ssr_fft_streaming_kernel.hpp:81]   --->   Operation 14 'add' 'fftn_4' <Predicate = true> <Delay = 0.70> <CoreInst = "Adder">   --->   Core 1 'Adder' <Latency = 0> <II = 1> <Delay = 0.70> <FuncUnit> <Opcode : 'add' 'sub'> <InPorts = 2> <OutPorts = 1>
ST_2 : Operation 15 [1/1] (0.00ns)   --->   "%br_ln81 = br i1 %icmp_ln81, void %.split, void" [/home/centos/Vitis_Libraries/dsp/L1/include/hw/vitis_2dfft/fixed/vitis_fft/hls_ssr_fft_streaming_kernel.hpp:81]   --->   Operation 15 'br' 'br_ln81' <Predicate = true> <Delay = 0.00>
ST_2 : Operation 16 [2/2] (0.00ns)   --->   "%call_ln82 = call void @fftStreamingKernelBody.1, i256 %ssrWideStream4kernelIn, i256 %ssrWideStream4kernelOut, i2 %control_count_V_5, i2 %control_bits_V_5, i2 %sample_in_read_count_V_5, i1 %delay_line_stall_5, i55 %delayline_Array_35, i55 %delayline_Array_47, i55 %delayline_Array_2, i32 %control_delayline_Array_13, i32 %control_delayline_Array_11, i32 %control_delayline_Array_12, i55 %delayline_Array_24, i55 %delayline_Array_46, i55 %delayline_Array_5, i18 %twiddleObj_twiddleTable_M_imag_V_1, i2 %control_count_V_4, i2 %control_bits_V_4, i2 %sample_in_read_count_V_4, i1 %delay_line_stall_4, i61 %delayline_Array_41, i61 %delayline_Array_43, i61 %delayline_Array_13, i32 %control_delayline_Array_8, i32 %control_delayline_Array_9, i32 %control_delayline_Array_10, i61 %delayline_Array_30, i61 %delayline_Array_42, i61 %delayline_Array_44" [/home/centos/Vitis_Libraries/dsp/L1/include/hw/vitis_2dfft/fixed/vitis_fft/hls_ssr_fft_streaming_kernel.hpp:82]   --->   Operation 16 'call' 'call_ln82' <Predicate = (!icmp_ln81)> <Delay = 0.00> <CoreType = "Generic">   --->   Core 0 '' <Latency = 0> <II = 1> <Delay = 1.00> <Generic> <Opcode : >
ST_2 : Operation 17 [1/1] (0.38ns)   --->   "%store_ln81 = store i4 %fftn_4, i4 %fftn_01" [/home/centos/Vitis_Libraries/dsp/L1/include/hw/vitis_2dfft/fixed/vitis_fft/hls_ssr_fft_streaming_kernel.hpp:81]   --->   Operation 17 'store' 'store_ln81' <Predicate = (!icmp_ln81)> <Delay = 0.38>
ST_2 : Operation 18 [1/1] (0.00ns)   --->   "%ret_ln84 = ret" [/home/centos/Vitis_Libraries/dsp/L1/include/hw/vitis_2dfft/fixed/vitis_fft/hls_ssr_fft_streaming_kernel.hpp:84]   --->   Operation 18 'ret' 'ret_ln84' <Predicate = (icmp_ln81)> <Delay = 0.00>

State 3 <SV = 2> <Delay = 0.00>
ST_3 : Operation 19 [1/1] (0.00ns)   --->   "%specloopname_ln81 = specloopname void @_ssdm_op_SpecLoopName, void @empty_35" [/home/centos/Vitis_Libraries/dsp/L1/include/hw/vitis_2dfft/fixed/vitis_fft/hls_ssr_fft_streaming_kernel.hpp:81]   --->   Operation 19 'specloopname' 'specloopname_ln81' <Predicate = true> <Delay = 0.00>
ST_3 : Operation 20 [1/2] (0.00ns)   --->   "%call_ln82 = call void @fftStreamingKernelBody.1, i256 %ssrWideStream4kernelIn, i256 %ssrWideStream4kernelOut, i2 %control_count_V_5, i2 %control_bits_V_5, i2 %sample_in_read_count_V_5, i1 %delay_line_stall_5, i55 %delayline_Array_35, i55 %delayline_Array_47, i55 %delayline_Array_2, i32 %control_delayline_Array_13, i32 %control_delayline_Array_11, i32 %control_delayline_Array_12, i55 %delayline_Array_24, i55 %delayline_Array_46, i55 %delayline_Array_5, i18 %twiddleObj_twiddleTable_M_imag_V_1, i2 %control_count_V_4, i2 %control_bits_V_4, i2 %sample_in_read_count_V_4, i1 %delay_line_stall_4, i61 %delayline_Array_41, i61 %delayline_Array_43, i61 %delayline_Array_13, i32 %control_delayline_Array_8, i32 %control_delayline_Array_9, i32 %control_delayline_Array_10, i61 %delayline_Array_30, i61 %delayline_Array_42, i61 %delayline_Array_44" [/home/centos/Vitis_Libraries/dsp/L1/include/hw/vitis_2dfft/fixed/vitis_fft/hls_ssr_fft_streaming_kernel.hpp:82]   --->   Operation 20 'call' 'call_ln82' <Predicate = true> <Delay = 0.00> <CoreType = "Generic">   --->   Core 0 '' <Latency = 0> <II = 1> <Delay = 1.00> <Generic> <Opcode : >
ST_3 : Operation 21 [1/1] (0.00ns)   --->   "%br_ln0 = br void"   --->   Operation 21 'br' 'br_ln0' <Predicate = true> <Delay = 0.00>


============================================================
+ Verbose Summary: Timing violations
============================================================
Target clock period: 4ns, clock uncertainty: 1.08ns.

 <State 1>: 0.387ns
The critical path consists of the following:
	'alloca' operation ('fftn') [30]  (0 ns)
	'store' operation ('store_ln81', /home/centos/Vitis_Libraries/dsp/L1/include/hw/vitis_2dfft/fixed/vitis_fft/hls_ssr_fft_streaming_kernel.hpp:81) of constant 0 on local variable 'fftn' [35]  (0.387 ns)

 <State 2>: 1.09ns
The critical path consists of the following:
	'load' operation ('fftn', /home/centos/Vitis_Libraries/dsp/L1/include/hw/vitis_2dfft/fixed/vitis_fft/hls_ssr_fft_streaming_kernel.hpp:81) on local variable 'fftn' [38]  (0 ns)
	'add' operation ('fftn', /home/centos/Vitis_Libraries/dsp/L1/include/hw/vitis_2dfft/fixed/vitis_fft/hls_ssr_fft_streaming_kernel.hpp:81) [41]  (0.708 ns)
	'store' operation ('store_ln81', /home/centos/Vitis_Libraries/dsp/L1/include/hw/vitis_2dfft/fixed/vitis_fft/hls_ssr_fft_streaming_kernel.hpp:81) of variable 'fftn', /home/centos/Vitis_Libraries/dsp/L1/include/hw/vitis_2dfft/fixed/vitis_fft/hls_ssr_fft_streaming_kernel.hpp:81 on local variable 'fftn' [46]  (0.387 ns)

 <State 3>: 0ns
The critical path consists of the following:


============================================================
+ Verbose Summary: Binding
============================================================
N/A
* FSMD analyzer results:
  - Output states:
 - Input state : 
  - Chain level:
	State 1
	State 2
	State 3


============================================================
+ Verbose Summary: Datapath Resource usage 
============================================================
N/A
