

================================================================
== Vitis HLS Report for 'fftStageKernelLastStageS2S_16_4_0_0_0_1_complex_ap_fixed_27_13_5_3_0_complex_ap_fixed_18_2_5_3_0_complex_ap_fixed_25_11_5_3_0_complex_ap_fixed_27_13_5_3_0_77'
================================================================
* Date:           Thu Jan 27 12:43:12 2022

* Version:        2021.1 (Build 3247384 on Thu Jun 10 19:36:07 MDT 2021)
* Project:        fft2DKernel
* Solution:       solution (Vitis Kernel Flow Target)
* Product family: virtexuplus
* Target device:  xcvu9p-flgb2104-2-i


================================================================
== Performance Estimates
================================================================
+ Timing: 
    * Summary: 
    +--------+---------+----------+------------+
    |  Clock |  Target | Estimated| Uncertainty|
    +--------+---------+----------+------------+
    |ap_clk  |  4.00 ns|  2.983 ns|     1.08 ns|
    +--------+---------+----------+------------+

+ Latency: 
    * Summary: 
    +---------+---------+----------+----------+-----+-----+------------------------------------------+
    |  Latency (cycles) |  Latency (absolute) |  Interval |                 Pipeline                 |
    |   min   |   max   |    min   |    max   | min | max |                   Type                   |
    +---------+---------+----------+----------+-----+-----+------------------------------------------+
    |        ?|        ?|         ?|         ?|    0|    0|  loop rewind stp(delay=0 clock cycles(s))|
    +---------+---------+----------+----------+-----+-----+------------------------------------------+

    + Detail: 
        * Instance: 
        N/A

        * Loop: 
        +---------------+---------+---------+----------+-----------+-----------+------+----------+
        |               |  Latency (cycles) | Iteration|  Initiation Interval  | Trip |          |
        |   Loop Name   |   min   |   max   |  Latency |  achieved |   target  | Count| Pipelined|
        +---------------+---------+---------+----------+-----------+-----------+------+----------+
        |- L_FFTs_LOOP  |        ?|        ?|         2|          1|          1|     ?|       yes|
        +---------------+---------+---------+----------+-----------+-----------+------+----------+

============================================================
+ Verbose Summary: Synthesis Manager
============================================================
InlineROM: 1
ExposeGlobal: 0
============================================================
+ Verbose Summary: CDFG Model
============================================================
IsTopModel: 0
ResetActiveHigh: 1
IsCombinational: 2
IsDatapathOnly: 0
HasWiredReturn: 1
HasMFsm: 2
HasVarLatency: 1
IsPipeline: 0
IsRtlPipelined: 0
IsInstanceOverlapped: 0
IsDontTouch: 0
HasImplIP: 0
IsGatedGlobalClock: 0

+ Individual pipeline summary: 
  * Pipeline-0: initiation interval (II) = 1, depth = 2


============================================================
+ Verbose Summary: Schedule
============================================================
* Number of FSM states : 3
* Pipeline : 1
  Pipeline-0 : II = 1, D = 2, States = { 2 3 }
* Dataflow Pipeline: 0

* FSM state transitions: 
1 --> 2 
2 --> 3 
3 --> 2 

* FSM state operations: 

State 1 <SV = 0> <Delay = 0.38>
ST_1 : Operation 4 [1/1] (0.00ns)   --->   "%specinterface_ln0 = specinterface void @_ssdm_op_SpecInterface, i256 %fftOutData_local, void @empty_8, i32 0, i32 0, void @empty_13, i32 0, i32 0, void @empty_13, void @empty_13, void @empty_13, i32 0, i32 0, i32 0, i32 0, void @empty_13, void @empty_13"   --->   Operation 4 'specinterface' 'specinterface_ln0' <Predicate = true> <Delay = 0.00>
ST_1 : Operation 5 [1/1] (0.00ns)   --->   "%specinterface_ln0 = specinterface void @_ssdm_op_SpecInterface, i256 %fftOutData_local2, void @empty_8, i32 0, i32 0, void @empty_13, i32 0, i32 0, void @empty_13, void @empty_13, void @empty_13, i32 0, i32 0, i32 0, i32 0, void @empty_13, void @empty_13"   --->   Operation 5 'specinterface' 'specinterface_ln0' <Predicate = true> <Delay = 0.00>
ST_1 : Operation 6 [1/1] (0.38ns)   --->   "%br_ln215 = br void %rewind_header" [/home/centos/Vitis_Libraries/dsp/L1/include/hw/vitis_2dfft/fixed/vitis_fft/hls_ssr_fft.hpp:215]   --->   Operation 6 'br' 'br_ln215' <Predicate = true> <Delay = 0.38>

State 2 <SV = 1> <Delay = 2.98>
ST_2 : Operation 7 [1/1] (0.00ns)   --->   "%do_init = phi i1 1, void, i1 0, void, i1 1, void"   --->   Operation 7 'phi' 'do_init' <Predicate = true> <Delay = 0.00>
ST_2 : Operation 8 [1/1] (0.00ns)   --->   "%iter1 = phi i32 0, void, i32 %iter, void, i32 0, void"   --->   Operation 8 'phi' 'iter1' <Predicate = true> <Delay = 0.00>
ST_2 : Operation 9 [1/1] (0.00ns)   --->   "%br_ln0 = br i1 %do_init, void, void %rewind_init"   --->   Operation 9 'br' 'br_ln0' <Predicate = true> <Delay = 0.00>
ST_2 : Operation 10 [1/1] (0.00ns)   --->   "%specmemcore_ln0 = specmemcore void @_ssdm_op_SpecMemCore, i256 %fftOutData_local, i64 666, i64 9, i64 18446744073709551615"   --->   Operation 10 'specmemcore' 'specmemcore_ln0' <Predicate = (do_init)> <Delay = 0.00>
ST_2 : Operation 11 [1/1] (0.00ns)   --->   "%specmemcore_ln0 = specmemcore void @_ssdm_op_SpecMemCore, i256 %fftOutData_local2, i64 666, i64 9, i64 18446744073709551615"   --->   Operation 11 'specmemcore' 'specmemcore_ln0' <Predicate = (do_init)> <Delay = 0.00>
ST_2 : Operation 12 [1/1] (0.00ns)   --->   "%br_ln215 = br void" [/home/centos/Vitis_Libraries/dsp/L1/include/hw/vitis_2dfft/fixed/vitis_fft/hls_ssr_fft.hpp:215]   --->   Operation 12 'br' 'br_ln215' <Predicate = (do_init)> <Delay = 0.00>
ST_2 : Operation 13 [1/1] (0.00ns)   --->   "%specpipeline_ln0 = specpipeline void @_ssdm_op_SpecPipeline, i32 1, i32 0, i32 0, i32 0, void @empty_13" [/opt/Xilinx/Vitis_HLS/2021.1/common/technology/autopilot/hls_stream_39.h:0]   --->   Operation 13 'specpipeline' 'specpipeline_ln0' <Predicate = true> <Delay = 0.00>
ST_2 : Operation 14 [1/1] (0.00ns)   --->   "%specloopname_ln0 = specloopname void @_ssdm_op_SpecLoopName, void @empty_28" [/opt/Xilinx/Vitis_HLS/2021.1/common/technology/autopilot/hls_stream_39.h:0]   --->   Operation 14 'specloopname' 'specloopname_ln0' <Predicate = true> <Delay = 0.00>
ST_2 : Operation 15 [1/1] (0.00ns)   --->   "%tmp = nbreadreq i1 @_ssdm_op_NbReadReq.ap_fifo.i256P0A, i256 %fftOutData_local2, i32 1" [/opt/Xilinx/Vitis_HLS/2021.1/common/technology/autopilot/hls_stream_39.h:136]   --->   Operation 15 'nbreadreq' 'tmp' <Predicate = true> <Delay = 0.00> <CoreInst = "FIFO_LUTRAM">   --->   Core 80 'FIFO_LUTRAM' <Latency = 0> <II = 1> <Delay = 1.14> <Storage> <Opcode : 'read' 'write' 'nbread' 'nbwrite'> <Ports = 0> <Width = 256> <Depth = 8> <FIFO>
ST_2 : Operation 16 [1/1] (0.00ns)   --->   "%br_ln217 = br i1 %tmp, void, void %_ZN20SuperSampleContainerILi4ESt7complexI8ap_fixedILi25ELi11EL9ap_q_mode5EL9ap_o_mode3ELi0EEEEC2Ev.exit" [/home/centos/Vitis_Libraries/dsp/L1/include/hw/vitis_2dfft/fixed/vitis_fft/hls_ssr_fft.hpp:217]   --->   Operation 16 'br' 'br_ln217' <Predicate = true> <Delay = 0.00>
ST_2 : Operation 17 [1/1] (0.88ns)   --->   "%iter_4 = add i32 %iter1, i32 4294967295" [/home/centos/Vitis_Libraries/dsp/L1/include/hw/vitis_2dfft/fixed/vitis_fft/hls_ssr_fft.hpp:218]   --->   Operation 17 'add' 'iter_4' <Predicate = (!tmp)> <Delay = 0.88> <CoreInst = "Adder">   --->   Core 1 'Adder' <Latency = 0> <II = 1> <Delay = 0.88> <FuncUnit> <Opcode : 'add' 'sub'> <InPorts = 2> <OutPorts = 1>
ST_2 : Operation 18 [1/1] (0.38ns)   --->   "%br_ln219 = br void" [/home/centos/Vitis_Libraries/dsp/L1/include/hw/vitis_2dfft/fixed/vitis_fft/hls_ssr_fft.hpp:219]   --->   Operation 18 'br' 'br_ln219' <Predicate = (!tmp)> <Delay = 0.38>
ST_2 : Operation 19 [1/1] (1.14ns)   --->   "%fftOutData_local2_read = read i256 @_ssdm_op_Read.ap_fifo.volatile.i256P0A, i256 %fftOutData_local2" [/opt/Xilinx/Vitis_HLS/2021.1/common/technology/autopilot/hls_stream_39.h:145]   --->   Operation 19 'read' 'fftOutData_local2_read' <Predicate = (tmp)> <Delay = 1.14> <CoreInst = "FIFO_LUTRAM">   --->   Core 80 'FIFO_LUTRAM' <Latency = 0> <II = 1> <Delay = 1.14> <Storage> <Opcode : 'read' 'write' 'nbread' 'nbwrite'> <Ports = 0> <Width = 256> <Depth = 8> <FIFO>
ST_2 : Operation 20 [1/1] (0.00ns)   --->   "%trunc_ln717 = trunc i256 %fftOutData_local2_read" [/home/centos/Vitis_Libraries/dsp/L1/include/hw/vitis_2dfft/fixed/vitis_fft/hls_ssr_fft.hpp:235]   --->   Operation 20 'trunc' 'trunc_ln717' <Predicate = (tmp)> <Delay = 0.00>
ST_2 : Operation 21 [1/1] (0.00ns)   --->   "%tmp_s = partselect i25 @_ssdm_op_PartSelect.i25.i256.i32.i32, i256 %fftOutData_local2_read, i32 32, i32 56" [/home/centos/Vitis_Libraries/dsp/L1/include/hw/vitis_2dfft/fixed/vitis_fft/hls_ssr_fft.hpp:235]   --->   Operation 21 'partselect' 'tmp_s' <Predicate = (tmp)> <Delay = 0.00>
ST_2 : Operation 22 [1/1] (0.00ns)   --->   "%tmp_90 = partselect i25 @_ssdm_op_PartSelect.i25.i256.i32.i32, i256 %fftOutData_local2_read, i32 64, i32 88" [/home/centos/Vitis_Libraries/dsp/L1/include/hw/vitis_2dfft/fixed/vitis_fft/hls_ssr_fft.hpp:235]   --->   Operation 22 'partselect' 'tmp_90' <Predicate = (tmp)> <Delay = 0.00>
ST_2 : Operation 23 [1/1] (0.00ns)   --->   "%tmp_91 = partselect i25 @_ssdm_op_PartSelect.i25.i256.i32.i32, i256 %fftOutData_local2_read, i32 96, i32 120" [/home/centos/Vitis_Libraries/dsp/L1/include/hw/vitis_2dfft/fixed/vitis_fft/hls_ssr_fft.hpp:235]   --->   Operation 23 'partselect' 'tmp_91' <Predicate = (tmp)> <Delay = 0.00>
ST_2 : Operation 24 [1/1] (0.00ns)   --->   "%r_V_112 = bitconcatenate i41 @_ssdm_op_BitConcatenate.i41.i25.i16, i25 %tmp_91, i16 0" [/home/centos/Vitis_Libraries/dsp/L1/include/hw/vitis_2dfft/fixed/vitis_fft/hls_ssr_fft.hpp:235]   --->   Operation 24 'bitconcatenate' 'r_V_112' <Predicate = (tmp)> <Delay = 0.00>
ST_2 : Operation 25 [1/1] (0.00ns)   --->   "%tmp_92 = partselect i25 @_ssdm_op_PartSelect.i25.i256.i32.i32, i256 %fftOutData_local2_read, i32 128, i32 152" [/home/centos/Vitis_Libraries/dsp/L1/include/hw/vitis_2dfft/fixed/vitis_fft/hls_ssr_fft.hpp:235]   --->   Operation 25 'partselect' 'tmp_92' <Predicate = (tmp)> <Delay = 0.00>
ST_2 : Operation 26 [1/1] (0.00ns)   --->   "%tmp_93 = partselect i25 @_ssdm_op_PartSelect.i25.i256.i32.i32, i256 %fftOutData_local2_read, i32 160, i32 184" [/home/centos/Vitis_Libraries/dsp/L1/include/hw/vitis_2dfft/fixed/vitis_fft/hls_ssr_fft.hpp:235]   --->   Operation 26 'partselect' 'tmp_93' <Predicate = (tmp)> <Delay = 0.00>
ST_2 : Operation 27 [1/1] (0.00ns)   --->   "%tmp_94 = partselect i25 @_ssdm_op_PartSelect.i25.i256.i32.i32, i256 %fftOutData_local2_read, i32 192, i32 216" [/home/centos/Vitis_Libraries/dsp/L1/include/hw/vitis_2dfft/fixed/vitis_fft/hls_ssr_fft.hpp:235]   --->   Operation 27 'partselect' 'tmp_94' <Predicate = (tmp)> <Delay = 0.00>
ST_2 : Operation 28 [1/1] (0.00ns)   --->   "%tmp_95 = partselect i25 @_ssdm_op_PartSelect.i25.i256.i32.i32, i256 %fftOutData_local2_read, i32 224, i32 248" [/home/centos/Vitis_Libraries/dsp/L1/include/hw/vitis_2dfft/fixed/vitis_fft/hls_ssr_fft.hpp:235]   --->   Operation 28 'partselect' 'tmp_95' <Predicate = (tmp)> <Delay = 0.00>
ST_2 : Operation 29 [1/1] (0.96ns)   --->   "%r_V_113 = sub i41 0, i41 %r_V_112" [/home/centos/Vitis_Libraries/dsp/L1/include/hw/vitis_2dfft/fixed/vitis_fft/hls_ssr_fft.hpp:235]   --->   Operation 29 'sub' 'r_V_113' <Predicate = (tmp)> <Delay = 0.96> <CoreInst = "Adder">   --->   Core 1 'Adder' <Latency = 0> <II = 1> <Delay = 0.88> <FuncUnit> <Opcode : 'add' 'sub'> <InPorts = 2> <OutPorts = 1>
ST_2 : Operation 30 [1/1] (0.00ns)   --->   "%shl_ln = bitconcatenate i41 @_ssdm_op_BitConcatenate.i41.i25.i16, i25 %tmp_90, i16 0" [/home/centos/Vitis_Libraries/dsp/L1/include/hw/vitis_2dfft/fixed/vitis_fft/hls_ssr_fft.hpp:235]   --->   Operation 30 'bitconcatenate' 'shl_ln' <Predicate = (tmp)> <Delay = 0.00>
ST_2 : Operation 31 [1/1] (0.96ns)   --->   "%r_V = sub i41 0, i41 %shl_ln" [/home/centos/Vitis_Libraries/dsp/L1/include/hw/vitis_2dfft/fixed/vitis_fft/hls_ssr_fft.hpp:235]   --->   Operation 31 'sub' 'r_V' <Predicate = (tmp)> <Delay = 0.96> <CoreInst = "Adder">   --->   Core 1 'Adder' <Latency = 0> <II = 1> <Delay = 0.88> <FuncUnit> <Opcode : 'add' 'sub'> <InPorts = 2> <OutPorts = 1>
ST_2 : Operation 32 [1/1] (0.00ns)   --->   "%p_val_V_88 = partselect i26 @_ssdm_op_PartSelect.i26.i41.i32.i32, i41 %r_V, i32 15, i32 40" [/home/centos/Vitis_Libraries/dsp/L1/include/hw/vitis_2dfft/fixed/vitis_fft/hls_ssr_fft.hpp:235]   --->   Operation 32 'partselect' 'p_val_V_88' <Predicate = (tmp)> <Delay = 0.00>
ST_2 : Operation 33 [1/1] (0.00ns)   --->   "%shl_ln1171_s = bitconcatenate i41 @_ssdm_op_BitConcatenate.i41.i25.i16, i25 %tmp_92, i16 0" [/home/centos/Vitis_Libraries/dsp/L1/include/hw/vitis_2dfft/fixed/vitis_fft/hls_ssr_fft.hpp:235]   --->   Operation 33 'bitconcatenate' 'shl_ln1171_s' <Predicate = (tmp)> <Delay = 0.00>
ST_2 : Operation 34 [1/1] (0.96ns)   --->   "%r_V_107 = sub i41 0, i41 %shl_ln1171_s" [/home/centos/Vitis_Libraries/dsp/L1/include/hw/vitis_2dfft/fixed/vitis_fft/hls_ssr_fft.hpp:235]   --->   Operation 34 'sub' 'r_V_107' <Predicate = (tmp)> <Delay = 0.96> <CoreInst = "Adder">   --->   Core 1 'Adder' <Latency = 0> <II = 1> <Delay = 0.88> <FuncUnit> <Opcode : 'add' 'sub'> <InPorts = 2> <OutPorts = 1>
ST_2 : Operation 35 [1/1] (0.00ns)   --->   "%p_val_V_89 = partselect i26 @_ssdm_op_PartSelect.i26.i41.i32.i32, i41 %r_V_107, i32 15, i32 40" [/home/centos/Vitis_Libraries/dsp/L1/include/hw/vitis_2dfft/fixed/vitis_fft/hls_ssr_fft.hpp:235]   --->   Operation 35 'partselect' 'p_val_V_89' <Predicate = (tmp)> <Delay = 0.00>
ST_2 : Operation 36 [1/1] (0.00ns)   --->   "%shl_ln1171_8 = bitconcatenate i41 @_ssdm_op_BitConcatenate.i41.i25.i16, i25 %tmp_93, i16 0" [/home/centos/Vitis_Libraries/dsp/L1/include/hw/vitis_2dfft/fixed/vitis_fft/hls_ssr_fft.hpp:235]   --->   Operation 36 'bitconcatenate' 'shl_ln1171_8' <Predicate = (tmp)> <Delay = 0.00>
ST_2 : Operation 37 [1/1] (0.96ns)   --->   "%r_V_108 = sub i41 0, i41 %shl_ln1171_8" [/home/centos/Vitis_Libraries/dsp/L1/include/hw/vitis_2dfft/fixed/vitis_fft/hls_ssr_fft.hpp:235]   --->   Operation 37 'sub' 'r_V_108' <Predicate = (tmp)> <Delay = 0.96> <CoreInst = "Adder">   --->   Core 1 'Adder' <Latency = 0> <II = 1> <Delay = 0.88> <FuncUnit> <Opcode : 'add' 'sub'> <InPorts = 2> <OutPorts = 1>
ST_2 : Operation 38 [1/1] (0.00ns)   --->   "%p_val_V_90 = partselect i26 @_ssdm_op_PartSelect.i26.i41.i32.i32, i41 %r_V_108, i32 15, i32 40" [/home/centos/Vitis_Libraries/dsp/L1/include/hw/vitis_2dfft/fixed/vitis_fft/hls_ssr_fft.hpp:235]   --->   Operation 38 'partselect' 'p_val_V_90' <Predicate = (tmp)> <Delay = 0.00>
ST_2 : Operation 39 [1/1] (0.00ns)   --->   "%r_V_114 = bitconcatenate i41 @_ssdm_op_BitConcatenate.i41.i25.i16, i25 %tmp_95, i16 0" [/home/centos/Vitis_Libraries/dsp/L1/include/hw/vitis_2dfft/fixed/vitis_fft/hls_ssr_fft.hpp:235]   --->   Operation 39 'bitconcatenate' 'r_V_114' <Predicate = (tmp)> <Delay = 0.00>
ST_2 : Operation 40 [1/1] (0.96ns)   --->   "%ret_V = sub i41 0, i41 %r_V_114" [/home/centos/Vitis_Libraries/dsp/L1/include/hw/vitis_2dfft/fixed/vitis_fft/hls_ssr_fft.hpp:235]   --->   Operation 40 'sub' 'ret_V' <Predicate = (tmp)> <Delay = 0.96> <CoreInst = "Adder">   --->   Core 1 'Adder' <Latency = 0> <II = 1> <Delay = 0.88> <FuncUnit> <Opcode : 'add' 'sub'> <InPorts = 2> <OutPorts = 1>
ST_2 : Operation 41 [1/1] (0.00ns)   --->   "%p_val_V_91 = partselect i26 @_ssdm_op_PartSelect.i26.i41.i32.i32, i41 %ret_V, i32 15, i32 40" [/home/centos/Vitis_Libraries/dsp/L1/include/hw/vitis_2dfft/fixed/vitis_fft/hls_ssr_fft.hpp:235]   --->   Operation 41 'partselect' 'p_val_V_91' <Predicate = (tmp)> <Delay = 0.00>
ST_2 : Operation 42 [1/1] (0.00ns)   --->   "%p_val_V_92 = partselect i26 @_ssdm_op_PartSelect.i26.i41.i32.i32, i41 %r_V_113, i32 15, i32 40" [/home/centos/Vitis_Libraries/dsp/L1/include/hw/vitis_2dfft/fixed/vitis_fft/hls_ssr_fft.hpp:235]   --->   Operation 42 'partselect' 'p_val_V_92' <Predicate = (tmp)> <Delay = 0.00>
ST_2 : Operation 43 [1/1] (0.00ns)   --->   "%shl_ln1171_9 = bitconcatenate i41 @_ssdm_op_BitConcatenate.i41.i25.i16, i25 %tmp_94, i16 0" [/home/centos/Vitis_Libraries/dsp/L1/include/hw/vitis_2dfft/fixed/vitis_fft/hls_ssr_fft.hpp:235]   --->   Operation 43 'bitconcatenate' 'shl_ln1171_9' <Predicate = (tmp)> <Delay = 0.00>
ST_2 : Operation 44 [1/1] (0.96ns)   --->   "%r_V_110 = sub i41 0, i41 %shl_ln1171_9" [/home/centos/Vitis_Libraries/dsp/L1/include/hw/vitis_2dfft/fixed/vitis_fft/hls_ssr_fft.hpp:235]   --->   Operation 44 'sub' 'r_V_110' <Predicate = (tmp)> <Delay = 0.96> <CoreInst = "Adder">   --->   Core 1 'Adder' <Latency = 0> <II = 1> <Delay = 0.88> <FuncUnit> <Opcode : 'add' 'sub'> <InPorts = 2> <OutPorts = 1>
ST_2 : Operation 45 [1/1] (0.00ns)   --->   "%p_val_V_93 = partselect i26 @_ssdm_op_PartSelect.i26.i41.i32.i32, i41 %r_V_110, i32 15, i32 40" [/home/centos/Vitis_Libraries/dsp/L1/include/hw/vitis_2dfft/fixed/vitis_fft/hls_ssr_fft.hpp:235]   --->   Operation 45 'partselect' 'p_val_V_93' <Predicate = (tmp)> <Delay = 0.00>
ST_2 : Operation 46 [1/1] (0.38ns)   --->   "%br_ln0 = br void"   --->   Operation 46 'br' 'br_ln0' <Predicate = (tmp)> <Delay = 0.38>
ST_2 : Operation 47 [1/1] (0.00ns) (grouped into LUT with out node iter)   --->   "%iter_1 = phi i32 %iter_4, void, i32 %iter1, void %_ZN20SuperSampleContainerILi4ESt7complexI8ap_fixedILi25ELi11EL9ap_q_mode5EL9ap_o_mode3ELi0EEEEC2Ev.exit"   --->   Operation 47 'phi' 'iter_1' <Predicate = true> <Delay = 0.00>
ST_2 : Operation 48 [1/1] (0.88ns) (out node of the LUT)   --->   "%iter = add i32 %iter_1, i32 1" [/home/centos/Vitis_Libraries/dsp/L1/include/hw/vitis_2dfft/fixed/vitis_fft/hls_ssr_fft.hpp:215]   --->   Operation 48 'add' 'iter' <Predicate = true> <Delay = 0.88> <CoreInst = "Adder">   --->   Core 1 'Adder' <Latency = 0> <II = 1> <Delay = 0.88> <FuncUnit> <Opcode : 'add' 'sub'> <InPorts = 2> <OutPorts = 1>
ST_2 : Operation 49 [1/1] (0.00ns)   --->   "%tmp_102 = partselect i30 @_ssdm_op_PartSelect.i30.i32.i32.i32, i32 %iter, i32 2, i32 31" [/home/centos/Vitis_Libraries/dsp/L1/include/hw/vitis_2dfft/fixed/vitis_fft/hls_ssr_fft.hpp:215]   --->   Operation 49 'partselect' 'tmp_102' <Predicate = true> <Delay = 0.00>
ST_2 : Operation 50 [1/1] (0.83ns)   --->   "%icmp_ln215 = icmp_slt  i30 %tmp_102, i30 1" [/home/centos/Vitis_Libraries/dsp/L1/include/hw/vitis_2dfft/fixed/vitis_fft/hls_ssr_fft.hpp:215]   --->   Operation 50 'icmp' 'icmp_ln215' <Predicate = true> <Delay = 0.83> <CoreInst = "Cmp">   --->   Core 9 'Cmp' <Latency = 0> <II = 1> <Delay = 0.83> <FuncUnit> <Opcode : 'icmp'> <InPorts = 2> <OutPorts = 1>
ST_2 : Operation 51 [1/1] (0.00ns)   --->   "%br_ln215 = br i1 %icmp_ln215, void, void %rewind_header" [/home/centos/Vitis_Libraries/dsp/L1/include/hw/vitis_2dfft/fixed/vitis_fft/hls_ssr_fft.hpp:215]   --->   Operation 51 'br' 'br_ln215' <Predicate = true> <Delay = 0.00>
ST_2 : Operation 52 [1/1] (0.00ns)   --->   "%br_ln252 = br void %rewind_header" [/home/centos/Vitis_Libraries/dsp/L1/include/hw/vitis_2dfft/fixed/vitis_fft/hls_ssr_fft.hpp:252]   --->   Operation 52 'br' 'br_ln252' <Predicate = (!icmp_ln215)> <Delay = 0.00>

State 3 <SV = 2> <Delay = 2.83>
ST_3 : Operation 53 [1/1] (0.00ns)   --->   "%p_val_V = bitconcatenate i26 @_ssdm_op_BitConcatenate.i26.i25.i1, i25 %trunc_ln717, i1 0" [/home/centos/Vitis_Libraries/dsp/L1/include/hw/vitis_2dfft/fixed/vitis_fft/hls_ssr_fft.hpp:235]   --->   Operation 53 'bitconcatenate' 'p_val_V' <Predicate = (tmp)> <Delay = 0.00>
ST_3 : Operation 54 [1/1] (0.00ns)   --->   "%p_val_V_81 = bitconcatenate i26 @_ssdm_op_BitConcatenate.i26.i25.i1, i25 %tmp_s, i1 0" [/home/centos/Vitis_Libraries/dsp/L1/include/hw/vitis_2dfft/fixed/vitis_fft/hls_ssr_fft.hpp:235]   --->   Operation 54 'bitconcatenate' 'p_val_V_81' <Predicate = (tmp)> <Delay = 0.00>
ST_3 : Operation 55 [1/1] (0.00ns)   --->   "%p_val_V_82 = bitconcatenate i26 @_ssdm_op_BitConcatenate.i26.i25.i1, i25 %tmp_90, i1 0" [/home/centos/Vitis_Libraries/dsp/L1/include/hw/vitis_2dfft/fixed/vitis_fft/hls_ssr_fft.hpp:235]   --->   Operation 55 'bitconcatenate' 'p_val_V_82' <Predicate = (tmp)> <Delay = 0.00>
ST_3 : Operation 56 [1/1] (0.00ns)   --->   "%p_val_V_83 = bitconcatenate i26 @_ssdm_op_BitConcatenate.i26.i25.i1, i25 %tmp_91, i1 0" [/home/centos/Vitis_Libraries/dsp/L1/include/hw/vitis_2dfft/fixed/vitis_fft/hls_ssr_fft.hpp:235]   --->   Operation 56 'bitconcatenate' 'p_val_V_83' <Predicate = (tmp)> <Delay = 0.00>
ST_3 : Operation 57 [1/1] (0.00ns)   --->   "%p_val_V_84 = bitconcatenate i26 @_ssdm_op_BitConcatenate.i26.i25.i1, i25 %tmp_92, i1 0" [/home/centos/Vitis_Libraries/dsp/L1/include/hw/vitis_2dfft/fixed/vitis_fft/hls_ssr_fft.hpp:235]   --->   Operation 57 'bitconcatenate' 'p_val_V_84' <Predicate = (tmp)> <Delay = 0.00>
ST_3 : Operation 58 [1/1] (0.00ns)   --->   "%p_val_V_85 = bitconcatenate i26 @_ssdm_op_BitConcatenate.i26.i25.i1, i25 %tmp_93, i1 0" [/home/centos/Vitis_Libraries/dsp/L1/include/hw/vitis_2dfft/fixed/vitis_fft/hls_ssr_fft.hpp:235]   --->   Operation 58 'bitconcatenate' 'p_val_V_85' <Predicate = (tmp)> <Delay = 0.00>
ST_3 : Operation 59 [1/1] (0.00ns)   --->   "%p_val_V_86 = bitconcatenate i26 @_ssdm_op_BitConcatenate.i26.i25.i1, i25 %tmp_94, i1 0" [/home/centos/Vitis_Libraries/dsp/L1/include/hw/vitis_2dfft/fixed/vitis_fft/hls_ssr_fft.hpp:235]   --->   Operation 59 'bitconcatenate' 'p_val_V_86' <Predicate = (tmp)> <Delay = 0.00>
ST_3 : Operation 60 [1/1] (0.00ns)   --->   "%p_val_V_87 = bitconcatenate i26 @_ssdm_op_BitConcatenate.i26.i25.i1, i25 %tmp_95, i1 0" [/home/centos/Vitis_Libraries/dsp/L1/include/hw/vitis_2dfft/fixed/vitis_fft/hls_ssr_fft.hpp:235]   --->   Operation 60 'bitconcatenate' 'p_val_V_87' <Predicate = (tmp)> <Delay = 0.00>
ST_3 : Operation 61 [1/1] (0.84ns)   --->   "%add_ln712 = add i26 %p_val_V_82, i26 %p_val_V" [/home/centos/Vitis_Libraries/dsp/L1/include/hw/vitis_2dfft/fixed/vitis_fft/hls_ssr_fft_parallel_fft_kernel.hpp:1275->/home/centos/Vitis_Libraries/dsp/L1/include/hw/vitis_2dfft/fixed/vitis_fft/hls_ssr_fft.hpp:235]   --->   Operation 61 'add' 'add_ln712' <Predicate = (tmp)> <Delay = 0.84> <CoreInst = "Adder">   --->   Core 1 'Adder' <Latency = 0> <II = 1> <Delay = 0.88> <FuncUnit> <Opcode : 'add' 'sub'> <InPorts = 2> <OutPorts = 1>
ST_3 : Operation 62 [1/1] (0.84ns)   --->   "%add_ln712_123 = add i26 %p_val_V_83, i26 %p_val_V_81" [/home/centos/Vitis_Libraries/dsp/L1/include/hw/vitis_2dfft/fixed/vitis_fft/hls_ssr_fft_parallel_fft_kernel.hpp:1275->/home/centos/Vitis_Libraries/dsp/L1/include/hw/vitis_2dfft/fixed/vitis_fft/hls_ssr_fft.hpp:235]   --->   Operation 62 'add' 'add_ln712_123' <Predicate = (tmp)> <Delay = 0.84> <CoreInst = "Adder">   --->   Core 1 'Adder' <Latency = 0> <II = 1> <Delay = 0.88> <FuncUnit> <Opcode : 'add' 'sub'> <InPorts = 2> <OutPorts = 1>
ST_3 : Operation 63 [1/1] (0.84ns)   --->   "%add_ln712_124 = add i26 %p_val_V_86, i26 %p_val_V_84" [/home/centos/Vitis_Libraries/dsp/L1/include/hw/vitis_2dfft/fixed/vitis_fft/hls_ssr_fft_parallel_fft_kernel.hpp:1275->/home/centos/Vitis_Libraries/dsp/L1/include/hw/vitis_2dfft/fixed/vitis_fft/hls_ssr_fft.hpp:235]   --->   Operation 63 'add' 'add_ln712_124' <Predicate = (tmp)> <Delay = 0.84> <CoreInst = "Adder">   --->   Core 1 'Adder' <Latency = 0> <II = 1> <Delay = 0.88> <FuncUnit> <Opcode : 'add' 'sub'> <InPorts = 2> <OutPorts = 1>
ST_3 : Operation 64 [1/1] (0.84ns)   --->   "%add_ln712_125 = add i26 %p_val_V_87, i26 %p_val_V_85" [/home/centos/Vitis_Libraries/dsp/L1/include/hw/vitis_2dfft/fixed/vitis_fft/hls_ssr_fft_parallel_fft_kernel.hpp:1275->/home/centos/Vitis_Libraries/dsp/L1/include/hw/vitis_2dfft/fixed/vitis_fft/hls_ssr_fft.hpp:235]   --->   Operation 64 'add' 'add_ln712_125' <Predicate = (tmp)> <Delay = 0.84> <CoreInst = "Adder">   --->   Core 1 'Adder' <Latency = 0> <II = 1> <Delay = 0.88> <FuncUnit> <Opcode : 'add' 'sub'> <InPorts = 2> <OutPorts = 1>
ST_3 : Operation 65 [1/1] (0.00ns)   --->   "%sext_ln712 = sext i26 %add_ln712_124" [/home/centos/Vitis_Libraries/dsp/L1/include/hw/vitis_2dfft/fixed/vitis_fft/hls_ssr_fft.hpp:235]   --->   Operation 65 'sext' 'sext_ln712' <Predicate = (tmp)> <Delay = 0.00>
ST_3 : Operation 66 [1/1] (0.00ns)   --->   "%sext_ln712_105 = sext i26 %add_ln712" [/home/centos/Vitis_Libraries/dsp/L1/include/hw/vitis_2dfft/fixed/vitis_fft/hls_ssr_fft.hpp:235]   --->   Operation 66 'sext' 'sext_ln712_105' <Predicate = (tmp)> <Delay = 0.00>
ST_3 : Operation 67 [1/1] (0.84ns)   --->   "%add_ln712_126 = add i27 %sext_ln712, i27 %sext_ln712_105" [/home/centos/Vitis_Libraries/dsp/L1/include/hw/vitis_2dfft/fixed/vitis_fft/hls_ssr_fft.hpp:235]   --->   Operation 67 'add' 'add_ln712_126' <Predicate = (tmp)> <Delay = 0.84> <CoreInst = "Adder">   --->   Core 1 'Adder' <Latency = 0> <II = 1> <Delay = 0.88> <FuncUnit> <Opcode : 'add' 'sub'> <InPorts = 2> <OutPorts = 1>
ST_3 : Operation 68 [1/1] (0.00ns)   --->   "%sext_ln712_106 = sext i26 %add_ln712_125" [/home/centos/Vitis_Libraries/dsp/L1/include/hw/vitis_2dfft/fixed/vitis_fft/hls_ssr_fft.hpp:235]   --->   Operation 68 'sext' 'sext_ln712_106' <Predicate = (tmp)> <Delay = 0.00>
ST_3 : Operation 69 [1/1] (0.00ns)   --->   "%sext_ln712_107 = sext i26 %add_ln712_123" [/home/centos/Vitis_Libraries/dsp/L1/include/hw/vitis_2dfft/fixed/vitis_fft/hls_ssr_fft.hpp:235]   --->   Operation 69 'sext' 'sext_ln712_107' <Predicate = (tmp)> <Delay = 0.00>
ST_3 : Operation 70 [1/1] (0.84ns)   --->   "%add_ln712_127 = add i27 %sext_ln712_106, i27 %sext_ln712_107" [/home/centos/Vitis_Libraries/dsp/L1/include/hw/vitis_2dfft/fixed/vitis_fft/hls_ssr_fft.hpp:235]   --->   Operation 70 'add' 'add_ln712_127' <Predicate = (tmp)> <Delay = 0.84> <CoreInst = "Adder">   --->   Core 1 'Adder' <Latency = 0> <II = 1> <Delay = 0.88> <FuncUnit> <Opcode : 'add' 'sub'> <InPorts = 2> <OutPorts = 1>
ST_3 : Operation 71 [1/1] (0.84ns)   --->   "%add_ln712_128 = add i26 %p_val_V_83, i26 %p_val_V" [/home/centos/Vitis_Libraries/dsp/L1/include/hw/vitis_2dfft/fixed/vitis_fft/hls_ssr_fft_parallel_fft_kernel.hpp:1275->/home/centos/Vitis_Libraries/dsp/L1/include/hw/vitis_2dfft/fixed/vitis_fft/hls_ssr_fft.hpp:235]   --->   Operation 71 'add' 'add_ln712_128' <Predicate = (tmp)> <Delay = 0.84> <CoreInst = "Adder">   --->   Core 1 'Adder' <Latency = 0> <II = 1> <Delay = 0.88> <FuncUnit> <Opcode : 'add' 'sub'> <InPorts = 2> <OutPorts = 1>
ST_3 : Operation 72 [1/1] (0.84ns)   --->   "%add_ln712_129 = add i26 %p_val_V_88, i26 %p_val_V_81" [/home/centos/Vitis_Libraries/dsp/L1/include/hw/vitis_2dfft/fixed/vitis_fft/hls_ssr_fft_parallel_fft_kernel.hpp:1275->/home/centos/Vitis_Libraries/dsp/L1/include/hw/vitis_2dfft/fixed/vitis_fft/hls_ssr_fft.hpp:235]   --->   Operation 72 'add' 'add_ln712_129' <Predicate = (tmp)> <Delay = 0.84> <CoreInst = "Adder">   --->   Core 1 'Adder' <Latency = 0> <II = 1> <Delay = 0.88> <FuncUnit> <Opcode : 'add' 'sub'> <InPorts = 2> <OutPorts = 1>
ST_3 : Operation 73 [1/1] (0.84ns)   --->   "%add_ln712_130 = add i26 %p_val_V_91, i26 %p_val_V_89" [/home/centos/Vitis_Libraries/dsp/L1/include/hw/vitis_2dfft/fixed/vitis_fft/hls_ssr_fft_parallel_fft_kernel.hpp:1275->/home/centos/Vitis_Libraries/dsp/L1/include/hw/vitis_2dfft/fixed/vitis_fft/hls_ssr_fft.hpp:235]   --->   Operation 73 'add' 'add_ln712_130' <Predicate = (tmp)> <Delay = 0.84> <CoreInst = "Adder">   --->   Core 1 'Adder' <Latency = 0> <II = 1> <Delay = 0.88> <FuncUnit> <Opcode : 'add' 'sub'> <InPorts = 2> <OutPorts = 1>
ST_3 : Operation 74 [1/1] (0.84ns)   --->   "%add_ln712_131 = add i26 %p_val_V_86, i26 %p_val_V_90" [/home/centos/Vitis_Libraries/dsp/L1/include/hw/vitis_2dfft/fixed/vitis_fft/hls_ssr_fft_parallel_fft_kernel.hpp:1275->/home/centos/Vitis_Libraries/dsp/L1/include/hw/vitis_2dfft/fixed/vitis_fft/hls_ssr_fft.hpp:235]   --->   Operation 74 'add' 'add_ln712_131' <Predicate = (tmp)> <Delay = 0.84> <CoreInst = "Adder">   --->   Core 1 'Adder' <Latency = 0> <II = 1> <Delay = 0.88> <FuncUnit> <Opcode : 'add' 'sub'> <InPorts = 2> <OutPorts = 1>
ST_3 : Operation 75 [1/1] (0.00ns)   --->   "%sext_ln712_108 = sext i26 %add_ln712_130" [/home/centos/Vitis_Libraries/dsp/L1/include/hw/vitis_2dfft/fixed/vitis_fft/hls_ssr_fft.hpp:235]   --->   Operation 75 'sext' 'sext_ln712_108' <Predicate = (tmp)> <Delay = 0.00>
ST_3 : Operation 76 [1/1] (0.00ns)   --->   "%sext_ln712_109 = sext i26 %add_ln712_128" [/home/centos/Vitis_Libraries/dsp/L1/include/hw/vitis_2dfft/fixed/vitis_fft/hls_ssr_fft.hpp:235]   --->   Operation 76 'sext' 'sext_ln712_109' <Predicate = (tmp)> <Delay = 0.00>
ST_3 : Operation 77 [1/1] (0.84ns)   --->   "%add_ln712_132 = add i27 %sext_ln712_108, i27 %sext_ln712_109" [/home/centos/Vitis_Libraries/dsp/L1/include/hw/vitis_2dfft/fixed/vitis_fft/hls_ssr_fft.hpp:235]   --->   Operation 77 'add' 'add_ln712_132' <Predicate = (tmp)> <Delay = 0.84> <CoreInst = "Adder">   --->   Core 1 'Adder' <Latency = 0> <II = 1> <Delay = 0.88> <FuncUnit> <Opcode : 'add' 'sub'> <InPorts = 2> <OutPorts = 1>
ST_3 : Operation 78 [1/1] (0.00ns)   --->   "%sext_ln712_110 = sext i26 %add_ln712_131" [/home/centos/Vitis_Libraries/dsp/L1/include/hw/vitis_2dfft/fixed/vitis_fft/hls_ssr_fft.hpp:235]   --->   Operation 78 'sext' 'sext_ln712_110' <Predicate = (tmp)> <Delay = 0.00>
ST_3 : Operation 79 [1/1] (0.00ns)   --->   "%sext_ln712_111 = sext i26 %add_ln712_129" [/home/centos/Vitis_Libraries/dsp/L1/include/hw/vitis_2dfft/fixed/vitis_fft/hls_ssr_fft.hpp:235]   --->   Operation 79 'sext' 'sext_ln712_111' <Predicate = (tmp)> <Delay = 0.00>
ST_3 : Operation 80 [1/1] (0.84ns)   --->   "%add_ln712_133 = add i27 %sext_ln712_110, i27 %sext_ln712_111" [/home/centos/Vitis_Libraries/dsp/L1/include/hw/vitis_2dfft/fixed/vitis_fft/hls_ssr_fft.hpp:235]   --->   Operation 80 'add' 'add_ln712_133' <Predicate = (tmp)> <Delay = 0.84> <CoreInst = "Adder">   --->   Core 1 'Adder' <Latency = 0> <II = 1> <Delay = 0.88> <FuncUnit> <Opcode : 'add' 'sub'> <InPorts = 2> <OutPorts = 1>
ST_3 : Operation 81 [1/1] (0.84ns)   --->   "%add_ln712_134 = add i26 %p_val_V_88, i26 %p_val_V" [/home/centos/Vitis_Libraries/dsp/L1/include/hw/vitis_2dfft/fixed/vitis_fft/hls_ssr_fft_parallel_fft_kernel.hpp:1275->/home/centos/Vitis_Libraries/dsp/L1/include/hw/vitis_2dfft/fixed/vitis_fft/hls_ssr_fft.hpp:235]   --->   Operation 81 'add' 'add_ln712_134' <Predicate = (tmp)> <Delay = 0.84> <CoreInst = "Adder">   --->   Core 1 'Adder' <Latency = 0> <II = 1> <Delay = 0.88> <FuncUnit> <Opcode : 'add' 'sub'> <InPorts = 2> <OutPorts = 1>
ST_3 : Operation 82 [1/1] (0.84ns)   --->   "%add_ln712_135 = add i26 %p_val_V_92, i26 %p_val_V_81" [/home/centos/Vitis_Libraries/dsp/L1/include/hw/vitis_2dfft/fixed/vitis_fft/hls_ssr_fft_parallel_fft_kernel.hpp:1275->/home/centos/Vitis_Libraries/dsp/L1/include/hw/vitis_2dfft/fixed/vitis_fft/hls_ssr_fft.hpp:235]   --->   Operation 82 'add' 'add_ln712_135' <Predicate = (tmp)> <Delay = 0.84> <CoreInst = "Adder">   --->   Core 1 'Adder' <Latency = 0> <II = 1> <Delay = 0.88> <FuncUnit> <Opcode : 'add' 'sub'> <InPorts = 2> <OutPorts = 1>
ST_3 : Operation 83 [1/1] (0.84ns)   --->   "%add_ln712_136 = add i26 %p_val_V_93, i26 %p_val_V_84" [/home/centos/Vitis_Libraries/dsp/L1/include/hw/vitis_2dfft/fixed/vitis_fft/hls_ssr_fft_parallel_fft_kernel.hpp:1275->/home/centos/Vitis_Libraries/dsp/L1/include/hw/vitis_2dfft/fixed/vitis_fft/hls_ssr_fft.hpp:235]   --->   Operation 83 'add' 'add_ln712_136' <Predicate = (tmp)> <Delay = 0.84> <CoreInst = "Adder">   --->   Core 1 'Adder' <Latency = 0> <II = 1> <Delay = 0.88> <FuncUnit> <Opcode : 'add' 'sub'> <InPorts = 2> <OutPorts = 1>
ST_3 : Operation 84 [1/1] (0.84ns)   --->   "%add_ln712_137 = add i26 %p_val_V_91, i26 %p_val_V_85" [/home/centos/Vitis_Libraries/dsp/L1/include/hw/vitis_2dfft/fixed/vitis_fft/hls_ssr_fft_parallel_fft_kernel.hpp:1275->/home/centos/Vitis_Libraries/dsp/L1/include/hw/vitis_2dfft/fixed/vitis_fft/hls_ssr_fft.hpp:235]   --->   Operation 84 'add' 'add_ln712_137' <Predicate = (tmp)> <Delay = 0.84> <CoreInst = "Adder">   --->   Core 1 'Adder' <Latency = 0> <II = 1> <Delay = 0.88> <FuncUnit> <Opcode : 'add' 'sub'> <InPorts = 2> <OutPorts = 1>
ST_3 : Operation 85 [1/1] (0.00ns)   --->   "%sext_ln712_112 = sext i26 %add_ln712_136" [/home/centos/Vitis_Libraries/dsp/L1/include/hw/vitis_2dfft/fixed/vitis_fft/hls_ssr_fft.hpp:235]   --->   Operation 85 'sext' 'sext_ln712_112' <Predicate = (tmp)> <Delay = 0.00>
ST_3 : Operation 86 [1/1] (0.00ns)   --->   "%sext_ln712_113 = sext i26 %add_ln712_134" [/home/centos/Vitis_Libraries/dsp/L1/include/hw/vitis_2dfft/fixed/vitis_fft/hls_ssr_fft.hpp:235]   --->   Operation 86 'sext' 'sext_ln712_113' <Predicate = (tmp)> <Delay = 0.00>
ST_3 : Operation 87 [1/1] (0.84ns)   --->   "%add_ln712_138 = add i27 %sext_ln712_112, i27 %sext_ln712_113" [/home/centos/Vitis_Libraries/dsp/L1/include/hw/vitis_2dfft/fixed/vitis_fft/hls_ssr_fft.hpp:235]   --->   Operation 87 'add' 'add_ln712_138' <Predicate = (tmp)> <Delay = 0.84> <CoreInst = "Adder">   --->   Core 1 'Adder' <Latency = 0> <II = 1> <Delay = 0.88> <FuncUnit> <Opcode : 'add' 'sub'> <InPorts = 2> <OutPorts = 1>
ST_3 : Operation 88 [1/1] (0.00ns)   --->   "%sext_ln712_114 = sext i26 %add_ln712_137" [/home/centos/Vitis_Libraries/dsp/L1/include/hw/vitis_2dfft/fixed/vitis_fft/hls_ssr_fft.hpp:235]   --->   Operation 88 'sext' 'sext_ln712_114' <Predicate = (tmp)> <Delay = 0.00>
ST_3 : Operation 89 [1/1] (0.00ns)   --->   "%sext_ln712_115 = sext i26 %add_ln712_135" [/home/centos/Vitis_Libraries/dsp/L1/include/hw/vitis_2dfft/fixed/vitis_fft/hls_ssr_fft.hpp:235]   --->   Operation 89 'sext' 'sext_ln712_115' <Predicate = (tmp)> <Delay = 0.00>
ST_3 : Operation 90 [1/1] (0.84ns)   --->   "%add_ln712_139 = add i27 %sext_ln712_114, i27 %sext_ln712_115" [/home/centos/Vitis_Libraries/dsp/L1/include/hw/vitis_2dfft/fixed/vitis_fft/hls_ssr_fft.hpp:235]   --->   Operation 90 'add' 'add_ln712_139' <Predicate = (tmp)> <Delay = 0.84> <CoreInst = "Adder">   --->   Core 1 'Adder' <Latency = 0> <II = 1> <Delay = 0.88> <FuncUnit> <Opcode : 'add' 'sub'> <InPorts = 2> <OutPorts = 1>
ST_3 : Operation 91 [1/1] (0.84ns)   --->   "%add_ln712_140 = add i26 %p_val_V_92, i26 %p_val_V" [/home/centos/Vitis_Libraries/dsp/L1/include/hw/vitis_2dfft/fixed/vitis_fft/hls_ssr_fft_parallel_fft_kernel.hpp:1275->/home/centos/Vitis_Libraries/dsp/L1/include/hw/vitis_2dfft/fixed/vitis_fft/hls_ssr_fft.hpp:235]   --->   Operation 91 'add' 'add_ln712_140' <Predicate = (tmp)> <Delay = 0.84> <CoreInst = "Adder">   --->   Core 1 'Adder' <Latency = 0> <II = 1> <Delay = 0.88> <FuncUnit> <Opcode : 'add' 'sub'> <InPorts = 2> <OutPorts = 1>
ST_3 : Operation 92 [1/1] (0.84ns)   --->   "%add_ln712_141 = add i26 %p_val_V_82, i26 %p_val_V_81" [/home/centos/Vitis_Libraries/dsp/L1/include/hw/vitis_2dfft/fixed/vitis_fft/hls_ssr_fft_parallel_fft_kernel.hpp:1275->/home/centos/Vitis_Libraries/dsp/L1/include/hw/vitis_2dfft/fixed/vitis_fft/hls_ssr_fft.hpp:235]   --->   Operation 92 'add' 'add_ln712_141' <Predicate = (tmp)> <Delay = 0.84> <CoreInst = "Adder">   --->   Core 1 'Adder' <Latency = 0> <II = 1> <Delay = 0.88> <FuncUnit> <Opcode : 'add' 'sub'> <InPorts = 2> <OutPorts = 1>
ST_3 : Operation 93 [1/1] (0.84ns)   --->   "%add_ln712_142 = add i26 %p_val_V_87, i26 %p_val_V_89" [/home/centos/Vitis_Libraries/dsp/L1/include/hw/vitis_2dfft/fixed/vitis_fft/hls_ssr_fft_parallel_fft_kernel.hpp:1275->/home/centos/Vitis_Libraries/dsp/L1/include/hw/vitis_2dfft/fixed/vitis_fft/hls_ssr_fft.hpp:235]   --->   Operation 93 'add' 'add_ln712_142' <Predicate = (tmp)> <Delay = 0.84> <CoreInst = "Adder">   --->   Core 1 'Adder' <Latency = 0> <II = 1> <Delay = 0.88> <FuncUnit> <Opcode : 'add' 'sub'> <InPorts = 2> <OutPorts = 1>
ST_3 : Operation 94 [1/1] (0.84ns)   --->   "%add_ln712_143 = add i26 %p_val_V_93, i26 %p_val_V_90" [/home/centos/Vitis_Libraries/dsp/L1/include/hw/vitis_2dfft/fixed/vitis_fft/hls_ssr_fft_parallel_fft_kernel.hpp:1275->/home/centos/Vitis_Libraries/dsp/L1/include/hw/vitis_2dfft/fixed/vitis_fft/hls_ssr_fft.hpp:235]   --->   Operation 94 'add' 'add_ln712_143' <Predicate = (tmp)> <Delay = 0.84> <CoreInst = "Adder">   --->   Core 1 'Adder' <Latency = 0> <II = 1> <Delay = 0.88> <FuncUnit> <Opcode : 'add' 'sub'> <InPorts = 2> <OutPorts = 1>
ST_3 : Operation 95 [1/1] (0.00ns)   --->   "%sext_ln712_116 = sext i26 %add_ln712_142" [/home/centos/Vitis_Libraries/dsp/L1/include/hw/vitis_2dfft/fixed/vitis_fft/hls_ssr_fft.hpp:235]   --->   Operation 95 'sext' 'sext_ln712_116' <Predicate = (tmp)> <Delay = 0.00>
ST_3 : Operation 96 [1/1] (0.00ns)   --->   "%sext_ln712_117 = sext i26 %add_ln712_140" [/home/centos/Vitis_Libraries/dsp/L1/include/hw/vitis_2dfft/fixed/vitis_fft/hls_ssr_fft.hpp:235]   --->   Operation 96 'sext' 'sext_ln712_117' <Predicate = (tmp)> <Delay = 0.00>
ST_3 : Operation 97 [1/1] (0.84ns)   --->   "%add_ln712_144 = add i27 %sext_ln712_116, i27 %sext_ln712_117" [/home/centos/Vitis_Libraries/dsp/L1/include/hw/vitis_2dfft/fixed/vitis_fft/hls_ssr_fft.hpp:235]   --->   Operation 97 'add' 'add_ln712_144' <Predicate = (tmp)> <Delay = 0.84> <CoreInst = "Adder">   --->   Core 1 'Adder' <Latency = 0> <II = 1> <Delay = 0.88> <FuncUnit> <Opcode : 'add' 'sub'> <InPorts = 2> <OutPorts = 1>
ST_3 : Operation 98 [1/1] (0.00ns)   --->   "%sext_ln712_118 = sext i26 %add_ln712_143" [/home/centos/Vitis_Libraries/dsp/L1/include/hw/vitis_2dfft/fixed/vitis_fft/hls_ssr_fft.hpp:235]   --->   Operation 98 'sext' 'sext_ln712_118' <Predicate = (tmp)> <Delay = 0.00>
ST_3 : Operation 99 [1/1] (0.00ns)   --->   "%sext_ln712_119 = sext i26 %add_ln712_141" [/home/centos/Vitis_Libraries/dsp/L1/include/hw/vitis_2dfft/fixed/vitis_fft/hls_ssr_fft.hpp:235]   --->   Operation 99 'sext' 'sext_ln712_119' <Predicate = (tmp)> <Delay = 0.00>
ST_3 : Operation 100 [1/1] (0.84ns)   --->   "%add_ln712_145 = add i27 %sext_ln712_118, i27 %sext_ln712_119" [/home/centos/Vitis_Libraries/dsp/L1/include/hw/vitis_2dfft/fixed/vitis_fft/hls_ssr_fft.hpp:235]   --->   Operation 100 'add' 'add_ln712_145' <Predicate = (tmp)> <Delay = 0.84> <CoreInst = "Adder">   --->   Core 1 'Adder' <Latency = 0> <II = 1> <Delay = 0.88> <FuncUnit> <Opcode : 'add' 'sub'> <InPorts = 2> <OutPorts = 1>
ST_3 : Operation 101 [1/1] (0.00ns)   --->   "%bflyOutData_M_real_V_0 = partselect i26 @_ssdm_op_PartSelect.i26.i27.i32.i32, i27 %add_ln712_126, i32 1, i32 26" [/home/centos/Vitis_Libraries/dsp/L1/include/hw/vitis_2dfft/fixed/vitis_fft/hls_ssr_fft.hpp:235]   --->   Operation 101 'partselect' 'bflyOutData_M_real_V_0' <Predicate = (tmp)> <Delay = 0.00>
ST_3 : Operation 102 [1/1] (0.00ns)   --->   "%sext_ln717 = sext i26 %bflyOutData_M_real_V_0" [/home/centos/Vitis_Libraries/dsp/L1/include/hw/vitis_2dfft/fixed/vitis_fft/hls_ssr_fft.hpp:235]   --->   Operation 102 'sext' 'sext_ln717' <Predicate = (tmp)> <Delay = 0.00>
ST_3 : Operation 103 [1/1] (0.00ns)   --->   "%bflyOutData_M_imag_V_0 = partselect i26 @_ssdm_op_PartSelect.i26.i27.i32.i32, i27 %add_ln712_127, i32 1, i32 26" [/home/centos/Vitis_Libraries/dsp/L1/include/hw/vitis_2dfft/fixed/vitis_fft/hls_ssr_fft.hpp:235]   --->   Operation 103 'partselect' 'bflyOutData_M_imag_V_0' <Predicate = (tmp)> <Delay = 0.00>
ST_3 : Operation 104 [1/1] (0.00ns)   --->   "%sext_ln717_25 = sext i26 %bflyOutData_M_imag_V_0" [/home/centos/Vitis_Libraries/dsp/L1/include/hw/vitis_2dfft/fixed/vitis_fft/hls_ssr_fft.hpp:235]   --->   Operation 104 'sext' 'sext_ln717_25' <Predicate = (tmp)> <Delay = 0.00>
ST_3 : Operation 105 [1/1] (0.00ns)   --->   "%bflyOutData_M_real_V_1 = partselect i26 @_ssdm_op_PartSelect.i26.i27.i32.i32, i27 %add_ln712_132, i32 1, i32 26" [/home/centos/Vitis_Libraries/dsp/L1/include/hw/vitis_2dfft/fixed/vitis_fft/hls_ssr_fft.hpp:235]   --->   Operation 105 'partselect' 'bflyOutData_M_real_V_1' <Predicate = (tmp)> <Delay = 0.00>
ST_3 : Operation 106 [1/1] (0.00ns)   --->   "%sext_ln717_26 = sext i26 %bflyOutData_M_real_V_1" [/home/centos/Vitis_Libraries/dsp/L1/include/hw/vitis_2dfft/fixed/vitis_fft/hls_ssr_fft.hpp:235]   --->   Operation 106 'sext' 'sext_ln717_26' <Predicate = (tmp)> <Delay = 0.00>
ST_3 : Operation 107 [1/1] (0.00ns)   --->   "%bflyOutData_M_imag_V_1 = partselect i26 @_ssdm_op_PartSelect.i26.i27.i32.i32, i27 %add_ln712_133, i32 1, i32 26" [/home/centos/Vitis_Libraries/dsp/L1/include/hw/vitis_2dfft/fixed/vitis_fft/hls_ssr_fft.hpp:235]   --->   Operation 107 'partselect' 'bflyOutData_M_imag_V_1' <Predicate = (tmp)> <Delay = 0.00>
ST_3 : Operation 108 [1/1] (0.00ns)   --->   "%sext_ln717_27 = sext i26 %bflyOutData_M_imag_V_1" [/home/centos/Vitis_Libraries/dsp/L1/include/hw/vitis_2dfft/fixed/vitis_fft/hls_ssr_fft.hpp:235]   --->   Operation 108 'sext' 'sext_ln717_27' <Predicate = (tmp)> <Delay = 0.00>
ST_3 : Operation 109 [1/1] (0.00ns)   --->   "%bflyOutData_M_real_V_2 = partselect i26 @_ssdm_op_PartSelect.i26.i27.i32.i32, i27 %add_ln712_138, i32 1, i32 26" [/home/centos/Vitis_Libraries/dsp/L1/include/hw/vitis_2dfft/fixed/vitis_fft/hls_ssr_fft.hpp:235]   --->   Operation 109 'partselect' 'bflyOutData_M_real_V_2' <Predicate = (tmp)> <Delay = 0.00>
ST_3 : Operation 110 [1/1] (0.00ns)   --->   "%sext_ln717_28 = sext i26 %bflyOutData_M_real_V_2" [/home/centos/Vitis_Libraries/dsp/L1/include/hw/vitis_2dfft/fixed/vitis_fft/hls_ssr_fft.hpp:235]   --->   Operation 110 'sext' 'sext_ln717_28' <Predicate = (tmp)> <Delay = 0.00>
ST_3 : Operation 111 [1/1] (0.00ns)   --->   "%bflyOutData_M_imag_V_2 = partselect i26 @_ssdm_op_PartSelect.i26.i27.i32.i32, i27 %add_ln712_139, i32 1, i32 26" [/home/centos/Vitis_Libraries/dsp/L1/include/hw/vitis_2dfft/fixed/vitis_fft/hls_ssr_fft.hpp:235]   --->   Operation 111 'partselect' 'bflyOutData_M_imag_V_2' <Predicate = (tmp)> <Delay = 0.00>
ST_3 : Operation 112 [1/1] (0.00ns)   --->   "%sext_ln717_29 = sext i26 %bflyOutData_M_imag_V_2" [/home/centos/Vitis_Libraries/dsp/L1/include/hw/vitis_2dfft/fixed/vitis_fft/hls_ssr_fft.hpp:235]   --->   Operation 112 'sext' 'sext_ln717_29' <Predicate = (tmp)> <Delay = 0.00>
ST_3 : Operation 113 [1/1] (0.00ns)   --->   "%bflyOutData_M_real_V_3 = partselect i26 @_ssdm_op_PartSelect.i26.i27.i32.i32, i27 %add_ln712_144, i32 1, i32 26" [/home/centos/Vitis_Libraries/dsp/L1/include/hw/vitis_2dfft/fixed/vitis_fft/hls_ssr_fft.hpp:235]   --->   Operation 113 'partselect' 'bflyOutData_M_real_V_3' <Predicate = (tmp)> <Delay = 0.00>
ST_3 : Operation 114 [1/1] (0.00ns)   --->   "%sext_ln717_30 = sext i26 %bflyOutData_M_real_V_3" [/home/centos/Vitis_Libraries/dsp/L1/include/hw/vitis_2dfft/fixed/vitis_fft/hls_ssr_fft.hpp:235]   --->   Operation 114 'sext' 'sext_ln717_30' <Predicate = (tmp)> <Delay = 0.00>
ST_3 : Operation 115 [1/1] (0.00ns)   --->   "%trunc_ln717_s = partselect i26 @_ssdm_op_PartSelect.i26.i27.i32.i32, i27 %add_ln712_145, i32 1, i32 26" [/home/centos/Vitis_Libraries/dsp/L1/include/hw/vitis_2dfft/fixed/vitis_fft/hls_ssr_fft.hpp:235]   --->   Operation 115 'partselect' 'trunc_ln717_s' <Predicate = (tmp)> <Delay = 0.00>
ST_3 : Operation 116 [1/1] (0.00ns)   --->   "%tmp_3 = bitconcatenate i250 @_ssdm_op_BitConcatenate.i250.i26.i5.i27.i5.i27.i5.i27.i5.i27.i5.i27.i5.i27.i5.i27, i26 %trunc_ln717_s, i5 0, i27 %sext_ln717_30, i5 0, i27 %sext_ln717_29, i5 0, i27 %sext_ln717_28, i5 0, i27 %sext_ln717_27, i5 0, i27 %sext_ln717_26, i5 0, i27 %sext_ln717_25, i5 0, i27 %sext_ln717" [/opt/Xilinx/Vitis_HLS/2021.1/common/technology/autopilot/hls_stream_39.h:174]   --->   Operation 116 'bitconcatenate' 'tmp_3' <Predicate = (tmp)> <Delay = 0.00>
ST_3 : Operation 117 [1/1] (0.00ns)   --->   "%sext_ln174 = sext i250 %tmp_3" [/opt/Xilinx/Vitis_HLS/2021.1/common/technology/autopilot/hls_stream_39.h:174]   --->   Operation 117 'sext' 'sext_ln174' <Predicate = (tmp)> <Delay = 0.00>
ST_3 : Operation 118 [1/1] (0.00ns)   --->   "%zext_ln174 = zext i251 %sext_ln174" [/opt/Xilinx/Vitis_HLS/2021.1/common/technology/autopilot/hls_stream_39.h:174]   --->   Operation 118 'zext' 'zext_ln174' <Predicate = (tmp)> <Delay = 0.00>
ST_3 : Operation 119 [1/1] (1.14ns)   --->   "%write_ln174 = write void @_ssdm_op_Write.ap_fifo.volatile.i256P0A, i256 %fftOutData_local, i256 %zext_ln174" [/opt/Xilinx/Vitis_HLS/2021.1/common/technology/autopilot/hls_stream_39.h:174]   --->   Operation 119 'write' 'write_ln174' <Predicate = (tmp)> <Delay = 1.14> <CoreInst = "FIFO_LUTRAM">   --->   Core 80 'FIFO_LUTRAM' <Latency = 0> <II = 1> <Delay = 1.14> <Storage> <Opcode : 'read' 'write' 'nbread' 'nbwrite'> <Ports = 0> <Width = 256> <Depth = 8> <FIFO>
ST_3 : Operation 120 [1/1] (0.00ns)   --->   "%return_ln252 = return void @_ssdm_op_Return" [/home/centos/Vitis_Libraries/dsp/L1/include/hw/vitis_2dfft/fixed/vitis_fft/hls_ssr_fft.hpp:252]   --->   Operation 120 'return' 'return_ln252' <Predicate = (!icmp_ln215)> <Delay = 0.00>


============================================================
+ Verbose Summary: Timing violations
============================================================
Target clock period: 4ns, clock uncertainty: 1.08ns.

 <State 1>: 0.387ns
The critical path consists of the following:
	multiplexor before 'phi' operation ('do_init') [7]  (0.387 ns)

 <State 2>: 2.98ns
The critical path consists of the following:
	'phi' operation ('iter') with incoming values : ('iter', /home/centos/Vitis_Libraries/dsp/L1/include/hw/vitis_2dfft/fixed/vitis_fft/hls_ssr_fft.hpp:215) [8]  (0 ns)
	'add' operation ('iter', /home/centos/Vitis_Libraries/dsp/L1/include/hw/vitis_2dfft/fixed/vitis_fft/hls_ssr_fft.hpp:218) [20]  (0.88 ns)
	multiplexor before 'phi' operation ('iter') with incoming values : ('iter', /home/centos/Vitis_Libraries/dsp/L1/include/hw/vitis_2dfft/fixed/vitis_fft/hls_ssr_fft.hpp:218) ('iter', /home/centos/Vitis_Libraries/dsp/L1/include/hw/vitis_2dfft/fixed/vitis_fft/hls_ssr_fft.hpp:215) [119]  (0.387 ns)
	'phi' operation ('iter') with incoming values : ('iter', /home/centos/Vitis_Libraries/dsp/L1/include/hw/vitis_2dfft/fixed/vitis_fft/hls_ssr_fft.hpp:218) ('iter', /home/centos/Vitis_Libraries/dsp/L1/include/hw/vitis_2dfft/fixed/vitis_fft/hls_ssr_fft.hpp:215) [119]  (0 ns)
	'add' operation ('iter', /home/centos/Vitis_Libraries/dsp/L1/include/hw/vitis_2dfft/fixed/vitis_fft/hls_ssr_fft.hpp:215) [120]  (0.88 ns)
	'icmp' operation ('icmp_ln215', /home/centos/Vitis_Libraries/dsp/L1/include/hw/vitis_2dfft/fixed/vitis_fft/hls_ssr_fft.hpp:215) [122]  (0.836 ns)

 <State 3>: 2.83ns
The critical path consists of the following:
	'add' operation ('add_ln712', /home/centos/Vitis_Libraries/dsp/L1/include/hw/vitis_2dfft/fixed/vitis_fft/hls_ssr_fft_parallel_fft_kernel.hpp:1275->/home/centos/Vitis_Libraries/dsp/L1/include/hw/vitis_2dfft/fixed/vitis_fft/hls_ssr_fft.hpp:235) [41]  (0.844 ns)
	'add' operation ('add_ln712_126', /home/centos/Vitis_Libraries/dsp/L1/include/hw/vitis_2dfft/fixed/vitis_fft/hls_ssr_fft.hpp:235) [47]  (0.844 ns)
	fifo write operation ('write_ln174', /opt/Xilinx/Vitis_HLS/2021.1/common/technology/autopilot/hls_stream_39.h:174) on port 'fftOutData_local' (/opt/Xilinx/Vitis_HLS/2021.1/common/technology/autopilot/hls_stream_39.h:174) [116]  (1.14 ns)


============================================================
+ Verbose Summary: Binding
============================================================
N/A
* FSMD analyzer results:
  - Output states:
 - Input state : 
  - Chain level:
	State 1
	State 2
	State 3


============================================================
+ Verbose Summary: Datapath Resource usage 
============================================================
N/A
