

================================================================
== Vitis HLS Report for 'fftStageKernelLastStageS2S_16_4_0_0_0_1_complex_ap_fixed_32_18_5_3_0_complex_ap_fixed_18_2_5_3_0_complex_ap_fixed_30_16_5_3_0_complex_ap_fixed_32_18_5_3_0_84'
================================================================
* Date:           Thu Jan 27 12:44:16 2022

* Version:        2021.1 (Build 3247384 on Thu Jun 10 19:36:07 MDT 2021)
* Project:        fft2DKernel
* Solution:       solution (Vitis Kernel Flow Target)
* Product family: virtexuplus
* Target device:  xcvu9p-flgb2104-2-i


================================================================
== Performance Estimates
================================================================
+ Timing: 
    * Summary: 
    +--------+---------+----------+------------+
    |  Clock |  Target | Estimated| Uncertainty|
    +--------+---------+----------+------------+
    |ap_clk  |  4.00 ns|  2.983 ns|     1.08 ns|
    +--------+---------+----------+------------+

+ Latency: 
    * Summary: 
    +---------+---------+----------+----------+-----+-----+------------------------------------------+
    |  Latency (cycles) |  Latency (absolute) |  Interval |                 Pipeline                 |
    |   min   |   max   |    min   |    max   | min | max |                   Type                   |
    +---------+---------+----------+----------+-----+-----+------------------------------------------+
    |        ?|        ?|         ?|         ?|    0|    0|  loop rewind stp(delay=0 clock cycles(s))|
    +---------+---------+----------+----------+-----+-----+------------------------------------------+

    + Detail: 
        * Instance: 
        N/A

        * Loop: 
        +---------------+---------+---------+----------+-----------+-----------+------+----------+
        |               |  Latency (cycles) | Iteration|  Initiation Interval  | Trip |          |
        |   Loop Name   |   min   |   max   |  Latency |  achieved |   target  | Count| Pipelined|
        +---------------+---------+---------+----------+-----------+-----------+------+----------+
        |- L_FFTs_LOOP  |        ?|        ?|         2|          1|          1|     ?|       yes|
        +---------------+---------+---------+----------+-----------+-----------+------+----------+

============================================================
+ Verbose Summary: Synthesis Manager
============================================================
InlineROM: 1
ExposeGlobal: 0
============================================================
+ Verbose Summary: CDFG Model
============================================================
IsTopModel: 0
ResetActiveHigh: 1
IsCombinational: 2
IsDatapathOnly: 0
HasWiredReturn: 1
HasMFsm: 2
HasVarLatency: 1
IsPipeline: 0
IsRtlPipelined: 0
IsInstanceOverlapped: 0
IsDontTouch: 0
HasImplIP: 0
IsGatedGlobalClock: 0

+ Individual pipeline summary: 
  * Pipeline-0: initiation interval (II) = 1, depth = 2


============================================================
+ Verbose Summary: Schedule
============================================================
* Number of FSM states : 3
* Pipeline : 1
  Pipeline-0 : II = 1, D = 2, States = { 2 3 }
* Dataflow Pipeline: 0

* FSM state transitions: 
1 --> 2 
2 --> 3 
3 --> 2 

* FSM state operations: 

State 1 <SV = 0> <Delay = 0.38>
ST_1 : Operation 4 [1/1] (0.00ns)   --->   "%specinterface_ln0 = specinterface void @_ssdm_op_SpecInterface, i256 %fftOutData_local, void @empty_8, i32 0, i32 0, void @empty_13, i32 0, i32 0, void @empty_13, void @empty_13, void @empty_13, i32 0, i32 0, i32 0, i32 0, void @empty_13, void @empty_13"   --->   Operation 4 'specinterface' 'specinterface_ln0' <Predicate = true> <Delay = 0.00>
ST_1 : Operation 5 [1/1] (0.00ns)   --->   "%specinterface_ln0 = specinterface void @_ssdm_op_SpecInterface, i256 %fftOutData_local2, void @empty_8, i32 0, i32 0, void @empty_13, i32 0, i32 0, void @empty_13, void @empty_13, void @empty_13, i32 0, i32 0, i32 0, i32 0, void @empty_13, void @empty_13"   --->   Operation 5 'specinterface' 'specinterface_ln0' <Predicate = true> <Delay = 0.00>
ST_1 : Operation 6 [1/1] (0.38ns)   --->   "%br_ln215 = br void %rewind_header" [/home/centos/Vitis_Libraries/dsp/L1/include/hw/vitis_2dfft/fixed/vitis_fft/hls_ssr_fft.hpp:215]   --->   Operation 6 'br' 'br_ln215' <Predicate = true> <Delay = 0.38>

State 2 <SV = 1> <Delay = 2.98>
ST_2 : Operation 7 [1/1] (0.00ns)   --->   "%do_init = phi i1 1, void, i1 0, void, i1 1, void"   --->   Operation 7 'phi' 'do_init' <Predicate = true> <Delay = 0.00>
ST_2 : Operation 8 [1/1] (0.00ns)   --->   "%iter1 = phi i32 0, void, i32 %iter, void, i32 0, void"   --->   Operation 8 'phi' 'iter1' <Predicate = true> <Delay = 0.00>
ST_2 : Operation 9 [1/1] (0.00ns)   --->   "%br_ln0 = br i1 %do_init, void, void %rewind_init"   --->   Operation 9 'br' 'br_ln0' <Predicate = true> <Delay = 0.00>
ST_2 : Operation 10 [1/1] (0.00ns)   --->   "%specmemcore_ln0 = specmemcore void @_ssdm_op_SpecMemCore, i256 %fftOutData_local, i64 666, i64 9, i64 18446744073709551615"   --->   Operation 10 'specmemcore' 'specmemcore_ln0' <Predicate = (do_init)> <Delay = 0.00>
ST_2 : Operation 11 [1/1] (0.00ns)   --->   "%specmemcore_ln0 = specmemcore void @_ssdm_op_SpecMemCore, i256 %fftOutData_local2, i64 666, i64 9, i64 18446744073709551615"   --->   Operation 11 'specmemcore' 'specmemcore_ln0' <Predicate = (do_init)> <Delay = 0.00>
ST_2 : Operation 12 [1/1] (0.00ns)   --->   "%br_ln215 = br void" [/home/centos/Vitis_Libraries/dsp/L1/include/hw/vitis_2dfft/fixed/vitis_fft/hls_ssr_fft.hpp:215]   --->   Operation 12 'br' 'br_ln215' <Predicate = (do_init)> <Delay = 0.00>
ST_2 : Operation 13 [1/1] (0.00ns)   --->   "%specpipeline_ln0 = specpipeline void @_ssdm_op_SpecPipeline, i32 1, i32 0, i32 0, i32 0, void @empty_13" [/opt/Xilinx/Vitis_HLS/2021.1/common/technology/autopilot/hls_stream_39.h:0]   --->   Operation 13 'specpipeline' 'specpipeline_ln0' <Predicate = true> <Delay = 0.00>
ST_2 : Operation 14 [1/1] (0.00ns)   --->   "%specloopname_ln0 = specloopname void @_ssdm_op_SpecLoopName, void @empty_28" [/opt/Xilinx/Vitis_HLS/2021.1/common/technology/autopilot/hls_stream_39.h:0]   --->   Operation 14 'specloopname' 'specloopname_ln0' <Predicate = true> <Delay = 0.00>
ST_2 : Operation 15 [1/1] (0.00ns)   --->   "%tmp = nbreadreq i1 @_ssdm_op_NbReadReq.ap_fifo.i256P0A, i256 %fftOutData_local2, i32 1" [/opt/Xilinx/Vitis_HLS/2021.1/common/technology/autopilot/hls_stream_39.h:136]   --->   Operation 15 'nbreadreq' 'tmp' <Predicate = true> <Delay = 0.00> <CoreInst = "FIFO_LUTRAM">   --->   Core 80 'FIFO_LUTRAM' <Latency = 0> <II = 1> <Delay = 1.14> <Storage> <Opcode : 'read' 'write' 'nbread' 'nbwrite'> <Ports = 0> <Width = 256> <Depth = 8> <FIFO>
ST_2 : Operation 16 [1/1] (0.00ns)   --->   "%br_ln217 = br i1 %tmp, void, void %_ZN20SuperSampleContainerILi4ESt7complexI8ap_fixedILi30ELi16EL9ap_q_mode5EL9ap_o_mode3ELi0EEEEC2Ev.exit" [/home/centos/Vitis_Libraries/dsp/L1/include/hw/vitis_2dfft/fixed/vitis_fft/hls_ssr_fft.hpp:217]   --->   Operation 16 'br' 'br_ln217' <Predicate = true> <Delay = 0.00>
ST_2 : Operation 17 [1/1] (0.88ns)   --->   "%iter_2 = add i32 %iter1, i32 4294967295" [/home/centos/Vitis_Libraries/dsp/L1/include/hw/vitis_2dfft/fixed/vitis_fft/hls_ssr_fft.hpp:218]   --->   Operation 17 'add' 'iter_2' <Predicate = (!tmp)> <Delay = 0.88> <CoreInst = "Adder">   --->   Core 1 'Adder' <Latency = 0> <II = 1> <Delay = 0.88> <FuncUnit> <Opcode : 'add' 'sub'> <InPorts = 2> <OutPorts = 1>
ST_2 : Operation 18 [1/1] (0.38ns)   --->   "%br_ln219 = br void" [/home/centos/Vitis_Libraries/dsp/L1/include/hw/vitis_2dfft/fixed/vitis_fft/hls_ssr_fft.hpp:219]   --->   Operation 18 'br' 'br_ln219' <Predicate = (!tmp)> <Delay = 0.38>
ST_2 : Operation 19 [1/1] (1.14ns)   --->   "%fftOutData_local2_read = read i256 @_ssdm_op_Read.ap_fifo.volatile.i256P0A, i256 %fftOutData_local2" [/opt/Xilinx/Vitis_HLS/2021.1/common/technology/autopilot/hls_stream_39.h:145]   --->   Operation 19 'read' 'fftOutData_local2_read' <Predicate = (tmp)> <Delay = 1.14> <CoreInst = "FIFO_LUTRAM">   --->   Core 80 'FIFO_LUTRAM' <Latency = 0> <II = 1> <Delay = 1.14> <Storage> <Opcode : 'read' 'write' 'nbread' 'nbwrite'> <Ports = 0> <Width = 256> <Depth = 8> <FIFO>
ST_2 : Operation 20 [1/1] (0.00ns)   --->   "%trunc_ln717 = trunc i256 %fftOutData_local2_read" [/home/centos/Vitis_Libraries/dsp/L1/include/hw/vitis_2dfft/fixed/vitis_fft/hls_ssr_fft.hpp:235]   --->   Operation 20 'trunc' 'trunc_ln717' <Predicate = (tmp)> <Delay = 0.00>
ST_2 : Operation 21 [1/1] (0.00ns)   --->   "%tmp_s = partselect i30 @_ssdm_op_PartSelect.i30.i256.i32.i32, i256 %fftOutData_local2_read, i32 32, i32 61" [/home/centos/Vitis_Libraries/dsp/L1/include/hw/vitis_2dfft/fixed/vitis_fft/hls_ssr_fft.hpp:235]   --->   Operation 21 'partselect' 'tmp_s' <Predicate = (tmp)> <Delay = 0.00>
ST_2 : Operation 22 [1/1] (0.00ns)   --->   "%tmp_78 = partselect i30 @_ssdm_op_PartSelect.i30.i256.i32.i32, i256 %fftOutData_local2_read, i32 64, i32 93" [/home/centos/Vitis_Libraries/dsp/L1/include/hw/vitis_2dfft/fixed/vitis_fft/hls_ssr_fft.hpp:235]   --->   Operation 22 'partselect' 'tmp_78' <Predicate = (tmp)> <Delay = 0.00>
ST_2 : Operation 23 [1/1] (0.00ns)   --->   "%tmp_79 = partselect i30 @_ssdm_op_PartSelect.i30.i256.i32.i32, i256 %fftOutData_local2_read, i32 96, i32 125" [/home/centos/Vitis_Libraries/dsp/L1/include/hw/vitis_2dfft/fixed/vitis_fft/hls_ssr_fft.hpp:235]   --->   Operation 23 'partselect' 'tmp_79' <Predicate = (tmp)> <Delay = 0.00>
ST_2 : Operation 24 [1/1] (0.00ns)   --->   "%r_V_92 = bitconcatenate i46 @_ssdm_op_BitConcatenate.i46.i30.i16, i30 %tmp_79, i16 0" [/home/centos/Vitis_Libraries/dsp/L1/include/hw/vitis_2dfft/fixed/vitis_fft/hls_ssr_fft.hpp:235]   --->   Operation 24 'bitconcatenate' 'r_V_92' <Predicate = (tmp)> <Delay = 0.00>
ST_2 : Operation 25 [1/1] (0.00ns)   --->   "%tmp_80 = partselect i30 @_ssdm_op_PartSelect.i30.i256.i32.i32, i256 %fftOutData_local2_read, i32 128, i32 157" [/home/centos/Vitis_Libraries/dsp/L1/include/hw/vitis_2dfft/fixed/vitis_fft/hls_ssr_fft.hpp:235]   --->   Operation 25 'partselect' 'tmp_80' <Predicate = (tmp)> <Delay = 0.00>
ST_2 : Operation 26 [1/1] (0.00ns)   --->   "%tmp_81 = partselect i30 @_ssdm_op_PartSelect.i30.i256.i32.i32, i256 %fftOutData_local2_read, i32 160, i32 189" [/home/centos/Vitis_Libraries/dsp/L1/include/hw/vitis_2dfft/fixed/vitis_fft/hls_ssr_fft.hpp:235]   --->   Operation 26 'partselect' 'tmp_81' <Predicate = (tmp)> <Delay = 0.00>
ST_2 : Operation 27 [1/1] (0.00ns)   --->   "%tmp_82 = partselect i30 @_ssdm_op_PartSelect.i30.i256.i32.i32, i256 %fftOutData_local2_read, i32 192, i32 221" [/home/centos/Vitis_Libraries/dsp/L1/include/hw/vitis_2dfft/fixed/vitis_fft/hls_ssr_fft.hpp:235]   --->   Operation 27 'partselect' 'tmp_82' <Predicate = (tmp)> <Delay = 0.00>
ST_2 : Operation 28 [1/1] (0.00ns)   --->   "%tmp_83 = partselect i30 @_ssdm_op_PartSelect.i30.i256.i32.i32, i256 %fftOutData_local2_read, i32 224, i32 253" [/home/centos/Vitis_Libraries/dsp/L1/include/hw/vitis_2dfft/fixed/vitis_fft/hls_ssr_fft.hpp:235]   --->   Operation 28 'partselect' 'tmp_83' <Predicate = (tmp)> <Delay = 0.00>
ST_2 : Operation 29 [1/1] (0.95ns)   --->   "%r_V_93 = sub i46 0, i46 %r_V_92" [/home/centos/Vitis_Libraries/dsp/L1/include/hw/vitis_2dfft/fixed/vitis_fft/hls_ssr_fft.hpp:235]   --->   Operation 29 'sub' 'r_V_93' <Predicate = (tmp)> <Delay = 0.95> <CoreInst = "Adder">   --->   Core 1 'Adder' <Latency = 0> <II = 1> <Delay = 0.88> <FuncUnit> <Opcode : 'add' 'sub'> <InPorts = 2> <OutPorts = 1>
ST_2 : Operation 30 [1/1] (0.00ns)   --->   "%shl_ln = bitconcatenate i46 @_ssdm_op_BitConcatenate.i46.i30.i16, i30 %tmp_78, i16 0" [/home/centos/Vitis_Libraries/dsp/L1/include/hw/vitis_2dfft/fixed/vitis_fft/hls_ssr_fft.hpp:235]   --->   Operation 30 'bitconcatenate' 'shl_ln' <Predicate = (tmp)> <Delay = 0.00>
ST_2 : Operation 31 [1/1] (0.95ns)   --->   "%r_V = sub i46 0, i46 %shl_ln" [/home/centos/Vitis_Libraries/dsp/L1/include/hw/vitis_2dfft/fixed/vitis_fft/hls_ssr_fft.hpp:235]   --->   Operation 31 'sub' 'r_V' <Predicate = (tmp)> <Delay = 0.95> <CoreInst = "Adder">   --->   Core 1 'Adder' <Latency = 0> <II = 1> <Delay = 0.88> <FuncUnit> <Opcode : 'add' 'sub'> <InPorts = 2> <OutPorts = 1>
ST_2 : Operation 32 [1/1] (0.00ns)   --->   "%p_val_V_62 = partselect i31 @_ssdm_op_PartSelect.i31.i46.i32.i32, i46 %r_V, i32 15, i32 45" [/home/centos/Vitis_Libraries/dsp/L1/include/hw/vitis_2dfft/fixed/vitis_fft/hls_ssr_fft.hpp:235]   --->   Operation 32 'partselect' 'p_val_V_62' <Predicate = (tmp)> <Delay = 0.00>
ST_2 : Operation 33 [1/1] (0.00ns)   --->   "%shl_ln1171_s = bitconcatenate i46 @_ssdm_op_BitConcatenate.i46.i30.i16, i30 %tmp_80, i16 0" [/home/centos/Vitis_Libraries/dsp/L1/include/hw/vitis_2dfft/fixed/vitis_fft/hls_ssr_fft.hpp:235]   --->   Operation 33 'bitconcatenate' 'shl_ln1171_s' <Predicate = (tmp)> <Delay = 0.00>
ST_2 : Operation 34 [1/1] (0.95ns)   --->   "%r_V_87 = sub i46 0, i46 %shl_ln1171_s" [/home/centos/Vitis_Libraries/dsp/L1/include/hw/vitis_2dfft/fixed/vitis_fft/hls_ssr_fft.hpp:235]   --->   Operation 34 'sub' 'r_V_87' <Predicate = (tmp)> <Delay = 0.95> <CoreInst = "Adder">   --->   Core 1 'Adder' <Latency = 0> <II = 1> <Delay = 0.88> <FuncUnit> <Opcode : 'add' 'sub'> <InPorts = 2> <OutPorts = 1>
ST_2 : Operation 35 [1/1] (0.00ns)   --->   "%p_val_V_63 = partselect i31 @_ssdm_op_PartSelect.i31.i46.i32.i32, i46 %r_V_87, i32 15, i32 45" [/home/centos/Vitis_Libraries/dsp/L1/include/hw/vitis_2dfft/fixed/vitis_fft/hls_ssr_fft.hpp:235]   --->   Operation 35 'partselect' 'p_val_V_63' <Predicate = (tmp)> <Delay = 0.00>
ST_2 : Operation 36 [1/1] (0.00ns)   --->   "%shl_ln1171_4 = bitconcatenate i46 @_ssdm_op_BitConcatenate.i46.i30.i16, i30 %tmp_81, i16 0" [/home/centos/Vitis_Libraries/dsp/L1/include/hw/vitis_2dfft/fixed/vitis_fft/hls_ssr_fft.hpp:235]   --->   Operation 36 'bitconcatenate' 'shl_ln1171_4' <Predicate = (tmp)> <Delay = 0.00>
ST_2 : Operation 37 [1/1] (0.95ns)   --->   "%r_V_88 = sub i46 0, i46 %shl_ln1171_4" [/home/centos/Vitis_Libraries/dsp/L1/include/hw/vitis_2dfft/fixed/vitis_fft/hls_ssr_fft.hpp:235]   --->   Operation 37 'sub' 'r_V_88' <Predicate = (tmp)> <Delay = 0.95> <CoreInst = "Adder">   --->   Core 1 'Adder' <Latency = 0> <II = 1> <Delay = 0.88> <FuncUnit> <Opcode : 'add' 'sub'> <InPorts = 2> <OutPorts = 1>
ST_2 : Operation 38 [1/1] (0.00ns)   --->   "%p_val_V_64 = partselect i31 @_ssdm_op_PartSelect.i31.i46.i32.i32, i46 %r_V_88, i32 15, i32 45" [/home/centos/Vitis_Libraries/dsp/L1/include/hw/vitis_2dfft/fixed/vitis_fft/hls_ssr_fft.hpp:235]   --->   Operation 38 'partselect' 'p_val_V_64' <Predicate = (tmp)> <Delay = 0.00>
ST_2 : Operation 39 [1/1] (0.00ns)   --->   "%r_V_94 = bitconcatenate i46 @_ssdm_op_BitConcatenate.i46.i30.i16, i30 %tmp_83, i16 0" [/home/centos/Vitis_Libraries/dsp/L1/include/hw/vitis_2dfft/fixed/vitis_fft/hls_ssr_fft.hpp:235]   --->   Operation 39 'bitconcatenate' 'r_V_94' <Predicate = (tmp)> <Delay = 0.00>
ST_2 : Operation 40 [1/1] (0.95ns)   --->   "%ret_V = sub i46 0, i46 %r_V_94" [/home/centos/Vitis_Libraries/dsp/L1/include/hw/vitis_2dfft/fixed/vitis_fft/hls_ssr_fft.hpp:235]   --->   Operation 40 'sub' 'ret_V' <Predicate = (tmp)> <Delay = 0.95> <CoreInst = "Adder">   --->   Core 1 'Adder' <Latency = 0> <II = 1> <Delay = 0.88> <FuncUnit> <Opcode : 'add' 'sub'> <InPorts = 2> <OutPorts = 1>
ST_2 : Operation 41 [1/1] (0.00ns)   --->   "%p_val_V_65 = partselect i31 @_ssdm_op_PartSelect.i31.i46.i32.i32, i46 %ret_V, i32 15, i32 45" [/home/centos/Vitis_Libraries/dsp/L1/include/hw/vitis_2dfft/fixed/vitis_fft/hls_ssr_fft.hpp:235]   --->   Operation 41 'partselect' 'p_val_V_65' <Predicate = (tmp)> <Delay = 0.00>
ST_2 : Operation 42 [1/1] (0.00ns)   --->   "%p_val_V_66 = partselect i31 @_ssdm_op_PartSelect.i31.i46.i32.i32, i46 %r_V_93, i32 15, i32 45" [/home/centos/Vitis_Libraries/dsp/L1/include/hw/vitis_2dfft/fixed/vitis_fft/hls_ssr_fft.hpp:235]   --->   Operation 42 'partselect' 'p_val_V_66' <Predicate = (tmp)> <Delay = 0.00>
ST_2 : Operation 43 [1/1] (0.00ns)   --->   "%shl_ln1171_5 = bitconcatenate i46 @_ssdm_op_BitConcatenate.i46.i30.i16, i30 %tmp_82, i16 0" [/home/centos/Vitis_Libraries/dsp/L1/include/hw/vitis_2dfft/fixed/vitis_fft/hls_ssr_fft.hpp:235]   --->   Operation 43 'bitconcatenate' 'shl_ln1171_5' <Predicate = (tmp)> <Delay = 0.00>
ST_2 : Operation 44 [1/1] (0.95ns)   --->   "%r_V_90 = sub i46 0, i46 %shl_ln1171_5" [/home/centos/Vitis_Libraries/dsp/L1/include/hw/vitis_2dfft/fixed/vitis_fft/hls_ssr_fft.hpp:235]   --->   Operation 44 'sub' 'r_V_90' <Predicate = (tmp)> <Delay = 0.95> <CoreInst = "Adder">   --->   Core 1 'Adder' <Latency = 0> <II = 1> <Delay = 0.88> <FuncUnit> <Opcode : 'add' 'sub'> <InPorts = 2> <OutPorts = 1>
ST_2 : Operation 45 [1/1] (0.00ns)   --->   "%p_val_V_67 = partselect i31 @_ssdm_op_PartSelect.i31.i46.i32.i32, i46 %r_V_90, i32 15, i32 45" [/home/centos/Vitis_Libraries/dsp/L1/include/hw/vitis_2dfft/fixed/vitis_fft/hls_ssr_fft.hpp:235]   --->   Operation 45 'partselect' 'p_val_V_67' <Predicate = (tmp)> <Delay = 0.00>
ST_2 : Operation 46 [1/1] (0.38ns)   --->   "%br_ln0 = br void"   --->   Operation 46 'br' 'br_ln0' <Predicate = (tmp)> <Delay = 0.38>
ST_2 : Operation 47 [1/1] (0.00ns) (grouped into LUT with out node iter)   --->   "%iter_1 = phi i32 %iter_2, void, i32 %iter1, void %_ZN20SuperSampleContainerILi4ESt7complexI8ap_fixedILi30ELi16EL9ap_q_mode5EL9ap_o_mode3ELi0EEEEC2Ev.exit"   --->   Operation 47 'phi' 'iter_1' <Predicate = true> <Delay = 0.00>
ST_2 : Operation 48 [1/1] (0.88ns) (out node of the LUT)   --->   "%iter = add i32 %iter_1, i32 1" [/home/centos/Vitis_Libraries/dsp/L1/include/hw/vitis_2dfft/fixed/vitis_fft/hls_ssr_fft.hpp:215]   --->   Operation 48 'add' 'iter' <Predicate = true> <Delay = 0.88> <CoreInst = "Adder">   --->   Core 1 'Adder' <Latency = 0> <II = 1> <Delay = 0.88> <FuncUnit> <Opcode : 'add' 'sub'> <InPorts = 2> <OutPorts = 1>
ST_2 : Operation 49 [1/1] (0.00ns)   --->   "%tmp_100 = partselect i30 @_ssdm_op_PartSelect.i30.i32.i32.i32, i32 %iter, i32 2, i32 31" [/home/centos/Vitis_Libraries/dsp/L1/include/hw/vitis_2dfft/fixed/vitis_fft/hls_ssr_fft.hpp:215]   --->   Operation 49 'partselect' 'tmp_100' <Predicate = true> <Delay = 0.00>
ST_2 : Operation 50 [1/1] (0.83ns)   --->   "%icmp_ln215 = icmp_slt  i30 %tmp_100, i30 1" [/home/centos/Vitis_Libraries/dsp/L1/include/hw/vitis_2dfft/fixed/vitis_fft/hls_ssr_fft.hpp:215]   --->   Operation 50 'icmp' 'icmp_ln215' <Predicate = true> <Delay = 0.83> <CoreInst = "Cmp">   --->   Core 9 'Cmp' <Latency = 0> <II = 1> <Delay = 0.83> <FuncUnit> <Opcode : 'icmp'> <InPorts = 2> <OutPorts = 1>
ST_2 : Operation 51 [1/1] (0.00ns)   --->   "%br_ln215 = br i1 %icmp_ln215, void, void %rewind_header" [/home/centos/Vitis_Libraries/dsp/L1/include/hw/vitis_2dfft/fixed/vitis_fft/hls_ssr_fft.hpp:215]   --->   Operation 51 'br' 'br_ln215' <Predicate = true> <Delay = 0.00>
ST_2 : Operation 52 [1/1] (0.00ns)   --->   "%br_ln252 = br void %rewind_header" [/home/centos/Vitis_Libraries/dsp/L1/include/hw/vitis_2dfft/fixed/vitis_fft/hls_ssr_fft.hpp:252]   --->   Operation 52 'br' 'br_ln252' <Predicate = (!icmp_ln215)> <Delay = 0.00>

State 3 <SV = 2> <Delay = 2.89>
ST_3 : Operation 53 [1/1] (0.00ns)   --->   "%p_val_V = bitconcatenate i31 @_ssdm_op_BitConcatenate.i31.i30.i1, i30 %trunc_ln717, i1 0" [/home/centos/Vitis_Libraries/dsp/L1/include/hw/vitis_2dfft/fixed/vitis_fft/hls_ssr_fft.hpp:235]   --->   Operation 53 'bitconcatenate' 'p_val_V' <Predicate = (tmp)> <Delay = 0.00>
ST_3 : Operation 54 [1/1] (0.00ns)   --->   "%p_val_V_55 = bitconcatenate i31 @_ssdm_op_BitConcatenate.i31.i30.i1, i30 %tmp_s, i1 0" [/home/centos/Vitis_Libraries/dsp/L1/include/hw/vitis_2dfft/fixed/vitis_fft/hls_ssr_fft.hpp:235]   --->   Operation 54 'bitconcatenate' 'p_val_V_55' <Predicate = (tmp)> <Delay = 0.00>
ST_3 : Operation 55 [1/1] (0.00ns)   --->   "%p_val_V_56 = bitconcatenate i31 @_ssdm_op_BitConcatenate.i31.i30.i1, i30 %tmp_78, i1 0" [/home/centos/Vitis_Libraries/dsp/L1/include/hw/vitis_2dfft/fixed/vitis_fft/hls_ssr_fft.hpp:235]   --->   Operation 55 'bitconcatenate' 'p_val_V_56' <Predicate = (tmp)> <Delay = 0.00>
ST_3 : Operation 56 [1/1] (0.00ns)   --->   "%p_val_V_57 = bitconcatenate i31 @_ssdm_op_BitConcatenate.i31.i30.i1, i30 %tmp_79, i1 0" [/home/centos/Vitis_Libraries/dsp/L1/include/hw/vitis_2dfft/fixed/vitis_fft/hls_ssr_fft.hpp:235]   --->   Operation 56 'bitconcatenate' 'p_val_V_57' <Predicate = (tmp)> <Delay = 0.00>
ST_3 : Operation 57 [1/1] (0.00ns)   --->   "%p_val_V_58 = bitconcatenate i31 @_ssdm_op_BitConcatenate.i31.i30.i1, i30 %tmp_80, i1 0" [/home/centos/Vitis_Libraries/dsp/L1/include/hw/vitis_2dfft/fixed/vitis_fft/hls_ssr_fft.hpp:235]   --->   Operation 57 'bitconcatenate' 'p_val_V_58' <Predicate = (tmp)> <Delay = 0.00>
ST_3 : Operation 58 [1/1] (0.00ns)   --->   "%p_val_V_59 = bitconcatenate i31 @_ssdm_op_BitConcatenate.i31.i30.i1, i30 %tmp_81, i1 0" [/home/centos/Vitis_Libraries/dsp/L1/include/hw/vitis_2dfft/fixed/vitis_fft/hls_ssr_fft.hpp:235]   --->   Operation 58 'bitconcatenate' 'p_val_V_59' <Predicate = (tmp)> <Delay = 0.00>
ST_3 : Operation 59 [1/1] (0.00ns)   --->   "%p_val_V_60 = bitconcatenate i31 @_ssdm_op_BitConcatenate.i31.i30.i1, i30 %tmp_82, i1 0" [/home/centos/Vitis_Libraries/dsp/L1/include/hw/vitis_2dfft/fixed/vitis_fft/hls_ssr_fft.hpp:235]   --->   Operation 59 'bitconcatenate' 'p_val_V_60' <Predicate = (tmp)> <Delay = 0.00>
ST_3 : Operation 60 [1/1] (0.00ns)   --->   "%p_val_V_61 = bitconcatenate i31 @_ssdm_op_BitConcatenate.i31.i30.i1, i30 %tmp_83, i1 0" [/home/centos/Vitis_Libraries/dsp/L1/include/hw/vitis_2dfft/fixed/vitis_fft/hls_ssr_fft.hpp:235]   --->   Operation 60 'bitconcatenate' 'p_val_V_61' <Predicate = (tmp)> <Delay = 0.00>
ST_3 : Operation 61 [1/1] (0.87ns)   --->   "%add_ln712 = add i31 %p_val_V_56, i31 %p_val_V" [/home/centos/Vitis_Libraries/dsp/L1/include/hw/vitis_2dfft/fixed/vitis_fft/hls_ssr_fft_parallel_fft_kernel.hpp:1275->/home/centos/Vitis_Libraries/dsp/L1/include/hw/vitis_2dfft/fixed/vitis_fft/hls_ssr_fft.hpp:235]   --->   Operation 61 'add' 'add_ln712' <Predicate = (tmp)> <Delay = 0.87> <CoreInst = "Adder">   --->   Core 1 'Adder' <Latency = 0> <II = 1> <Delay = 0.88> <FuncUnit> <Opcode : 'add' 'sub'> <InPorts = 2> <OutPorts = 1>
ST_3 : Operation 62 [1/1] (0.87ns)   --->   "%add_ln712_93 = add i31 %p_val_V_57, i31 %p_val_V_55" [/home/centos/Vitis_Libraries/dsp/L1/include/hw/vitis_2dfft/fixed/vitis_fft/hls_ssr_fft_parallel_fft_kernel.hpp:1275->/home/centos/Vitis_Libraries/dsp/L1/include/hw/vitis_2dfft/fixed/vitis_fft/hls_ssr_fft.hpp:235]   --->   Operation 62 'add' 'add_ln712_93' <Predicate = (tmp)> <Delay = 0.87> <CoreInst = "Adder">   --->   Core 1 'Adder' <Latency = 0> <II = 1> <Delay = 0.88> <FuncUnit> <Opcode : 'add' 'sub'> <InPorts = 2> <OutPorts = 1>
ST_3 : Operation 63 [1/1] (0.00ns)   --->   "%sext_ln712 = sext i31 %add_ln712" [/home/centos/Vitis_Libraries/dsp/L1/include/hw/vitis_2dfft/fixed/vitis_fft/hls_ssr_fft.hpp:235]   --->   Operation 63 'sext' 'sext_ln712' <Predicate = (tmp)> <Delay = 0.00>
ST_3 : Operation 64 [1/1] (0.00ns)   --->   "%sext_ln712_75 = sext i31 %add_ln712_93" [/home/centos/Vitis_Libraries/dsp/L1/include/hw/vitis_2dfft/fixed/vitis_fft/hls_ssr_fft.hpp:235]   --->   Operation 64 'sext' 'sext_ln712_75' <Predicate = (tmp)> <Delay = 0.00>
ST_3 : Operation 65 [1/1] (0.87ns)   --->   "%add_ln712_94 = add i31 %p_val_V_60, i31 %p_val_V_58" [/home/centos/Vitis_Libraries/dsp/L1/include/hw/vitis_2dfft/fixed/vitis_fft/hls_ssr_fft_parallel_fft_kernel.hpp:1275->/home/centos/Vitis_Libraries/dsp/L1/include/hw/vitis_2dfft/fixed/vitis_fft/hls_ssr_fft.hpp:235]   --->   Operation 65 'add' 'add_ln712_94' <Predicate = (tmp)> <Delay = 0.87> <CoreInst = "Adder">   --->   Core 1 'Adder' <Latency = 0> <II = 1> <Delay = 0.88> <FuncUnit> <Opcode : 'add' 'sub'> <InPorts = 2> <OutPorts = 1>
ST_3 : Operation 66 [1/1] (0.87ns)   --->   "%add_ln712_95 = add i31 %p_val_V_61, i31 %p_val_V_59" [/home/centos/Vitis_Libraries/dsp/L1/include/hw/vitis_2dfft/fixed/vitis_fft/hls_ssr_fft_parallel_fft_kernel.hpp:1275->/home/centos/Vitis_Libraries/dsp/L1/include/hw/vitis_2dfft/fixed/vitis_fft/hls_ssr_fft.hpp:235]   --->   Operation 66 'add' 'add_ln712_95' <Predicate = (tmp)> <Delay = 0.87> <CoreInst = "Adder">   --->   Core 1 'Adder' <Latency = 0> <II = 1> <Delay = 0.88> <FuncUnit> <Opcode : 'add' 'sub'> <InPorts = 2> <OutPorts = 1>
ST_3 : Operation 67 [1/1] (0.00ns)   --->   "%sext_ln712_76 = sext i31 %add_ln712_94" [/home/centos/Vitis_Libraries/dsp/L1/include/hw/vitis_2dfft/fixed/vitis_fft/hls_ssr_fft.hpp:235]   --->   Operation 67 'sext' 'sext_ln712_76' <Predicate = (tmp)> <Delay = 0.00>
ST_3 : Operation 68 [1/1] (0.00ns)   --->   "%sext_ln712_77 = sext i31 %add_ln712_95" [/home/centos/Vitis_Libraries/dsp/L1/include/hw/vitis_2dfft/fixed/vitis_fft/hls_ssr_fft.hpp:235]   --->   Operation 68 'sext' 'sext_ln712_77' <Predicate = (tmp)> <Delay = 0.00>
ST_3 : Operation 69 [1/1] (0.87ns)   --->   "%add_ln1245 = add i32 %sext_ln712_76, i32 %sext_ln712" [/home/centos/Vitis_Libraries/dsp/L1/include/hw/vitis_2dfft/fixed/vitis_fft/hls_ssr_fft.hpp:235]   --->   Operation 69 'add' 'add_ln1245' <Predicate = (tmp)> <Delay = 0.87> <CoreInst = "Adder">   --->   Core 1 'Adder' <Latency = 0> <II = 1> <Delay = 0.88> <FuncUnit> <Opcode : 'add' 'sub'> <InPorts = 2> <OutPorts = 1>
ST_3 : Operation 70 [1/1] (0.87ns)   --->   "%add_ln1245_1 = add i32 %sext_ln712_77, i32 %sext_ln712_75" [/home/centos/Vitis_Libraries/dsp/L1/include/hw/vitis_2dfft/fixed/vitis_fft/hls_ssr_fft.hpp:235]   --->   Operation 70 'add' 'add_ln1245_1' <Predicate = (tmp)> <Delay = 0.87> <CoreInst = "Adder">   --->   Core 1 'Adder' <Latency = 0> <II = 1> <Delay = 0.88> <FuncUnit> <Opcode : 'add' 'sub'> <InPorts = 2> <OutPorts = 1>
ST_3 : Operation 71 [1/1] (0.87ns)   --->   "%add_ln712_96 = add i31 %p_val_V_57, i31 %p_val_V" [/home/centos/Vitis_Libraries/dsp/L1/include/hw/vitis_2dfft/fixed/vitis_fft/hls_ssr_fft_parallel_fft_kernel.hpp:1275->/home/centos/Vitis_Libraries/dsp/L1/include/hw/vitis_2dfft/fixed/vitis_fft/hls_ssr_fft.hpp:235]   --->   Operation 71 'add' 'add_ln712_96' <Predicate = (tmp)> <Delay = 0.87> <CoreInst = "Adder">   --->   Core 1 'Adder' <Latency = 0> <II = 1> <Delay = 0.88> <FuncUnit> <Opcode : 'add' 'sub'> <InPorts = 2> <OutPorts = 1>
ST_3 : Operation 72 [1/1] (0.87ns)   --->   "%add_ln712_97 = add i31 %p_val_V_62, i31 %p_val_V_55" [/home/centos/Vitis_Libraries/dsp/L1/include/hw/vitis_2dfft/fixed/vitis_fft/hls_ssr_fft_parallel_fft_kernel.hpp:1275->/home/centos/Vitis_Libraries/dsp/L1/include/hw/vitis_2dfft/fixed/vitis_fft/hls_ssr_fft.hpp:235]   --->   Operation 72 'add' 'add_ln712_97' <Predicate = (tmp)> <Delay = 0.87> <CoreInst = "Adder">   --->   Core 1 'Adder' <Latency = 0> <II = 1> <Delay = 0.88> <FuncUnit> <Opcode : 'add' 'sub'> <InPorts = 2> <OutPorts = 1>
ST_3 : Operation 73 [1/1] (0.00ns)   --->   "%sext_ln712_78 = sext i31 %add_ln712_96" [/home/centos/Vitis_Libraries/dsp/L1/include/hw/vitis_2dfft/fixed/vitis_fft/hls_ssr_fft.hpp:235]   --->   Operation 73 'sext' 'sext_ln712_78' <Predicate = (tmp)> <Delay = 0.00>
ST_3 : Operation 74 [1/1] (0.00ns)   --->   "%sext_ln712_79 = sext i31 %add_ln712_97" [/home/centos/Vitis_Libraries/dsp/L1/include/hw/vitis_2dfft/fixed/vitis_fft/hls_ssr_fft.hpp:235]   --->   Operation 74 'sext' 'sext_ln712_79' <Predicate = (tmp)> <Delay = 0.00>
ST_3 : Operation 75 [1/1] (0.87ns)   --->   "%add_ln712_98 = add i31 %p_val_V_65, i31 %p_val_V_63" [/home/centos/Vitis_Libraries/dsp/L1/include/hw/vitis_2dfft/fixed/vitis_fft/hls_ssr_fft_parallel_fft_kernel.hpp:1275->/home/centos/Vitis_Libraries/dsp/L1/include/hw/vitis_2dfft/fixed/vitis_fft/hls_ssr_fft.hpp:235]   --->   Operation 75 'add' 'add_ln712_98' <Predicate = (tmp)> <Delay = 0.87> <CoreInst = "Adder">   --->   Core 1 'Adder' <Latency = 0> <II = 1> <Delay = 0.88> <FuncUnit> <Opcode : 'add' 'sub'> <InPorts = 2> <OutPorts = 1>
ST_3 : Operation 76 [1/1] (0.87ns)   --->   "%add_ln712_99 = add i31 %p_val_V_60, i31 %p_val_V_64" [/home/centos/Vitis_Libraries/dsp/L1/include/hw/vitis_2dfft/fixed/vitis_fft/hls_ssr_fft_parallel_fft_kernel.hpp:1275->/home/centos/Vitis_Libraries/dsp/L1/include/hw/vitis_2dfft/fixed/vitis_fft/hls_ssr_fft.hpp:235]   --->   Operation 76 'add' 'add_ln712_99' <Predicate = (tmp)> <Delay = 0.87> <CoreInst = "Adder">   --->   Core 1 'Adder' <Latency = 0> <II = 1> <Delay = 0.88> <FuncUnit> <Opcode : 'add' 'sub'> <InPorts = 2> <OutPorts = 1>
ST_3 : Operation 77 [1/1] (0.00ns)   --->   "%sext_ln712_80 = sext i31 %add_ln712_98" [/home/centos/Vitis_Libraries/dsp/L1/include/hw/vitis_2dfft/fixed/vitis_fft/hls_ssr_fft.hpp:235]   --->   Operation 77 'sext' 'sext_ln712_80' <Predicate = (tmp)> <Delay = 0.00>
ST_3 : Operation 78 [1/1] (0.00ns)   --->   "%sext_ln712_81 = sext i31 %add_ln712_99" [/home/centos/Vitis_Libraries/dsp/L1/include/hw/vitis_2dfft/fixed/vitis_fft/hls_ssr_fft.hpp:235]   --->   Operation 78 'sext' 'sext_ln712_81' <Predicate = (tmp)> <Delay = 0.00>
ST_3 : Operation 79 [1/1] (0.87ns)   --->   "%add_ln1245_2 = add i32 %sext_ln712_80, i32 %sext_ln712_78" [/home/centos/Vitis_Libraries/dsp/L1/include/hw/vitis_2dfft/fixed/vitis_fft/hls_ssr_fft.hpp:235]   --->   Operation 79 'add' 'add_ln1245_2' <Predicate = (tmp)> <Delay = 0.87> <CoreInst = "Adder">   --->   Core 1 'Adder' <Latency = 0> <II = 1> <Delay = 0.88> <FuncUnit> <Opcode : 'add' 'sub'> <InPorts = 2> <OutPorts = 1>
ST_3 : Operation 80 [1/1] (0.87ns)   --->   "%add_ln1245_3 = add i32 %sext_ln712_81, i32 %sext_ln712_79" [/home/centos/Vitis_Libraries/dsp/L1/include/hw/vitis_2dfft/fixed/vitis_fft/hls_ssr_fft.hpp:235]   --->   Operation 80 'add' 'add_ln1245_3' <Predicate = (tmp)> <Delay = 0.87> <CoreInst = "Adder">   --->   Core 1 'Adder' <Latency = 0> <II = 1> <Delay = 0.88> <FuncUnit> <Opcode : 'add' 'sub'> <InPorts = 2> <OutPorts = 1>
ST_3 : Operation 81 [1/1] (0.87ns)   --->   "%add_ln712_100 = add i31 %p_val_V_62, i31 %p_val_V" [/home/centos/Vitis_Libraries/dsp/L1/include/hw/vitis_2dfft/fixed/vitis_fft/hls_ssr_fft_parallel_fft_kernel.hpp:1275->/home/centos/Vitis_Libraries/dsp/L1/include/hw/vitis_2dfft/fixed/vitis_fft/hls_ssr_fft.hpp:235]   --->   Operation 81 'add' 'add_ln712_100' <Predicate = (tmp)> <Delay = 0.87> <CoreInst = "Adder">   --->   Core 1 'Adder' <Latency = 0> <II = 1> <Delay = 0.88> <FuncUnit> <Opcode : 'add' 'sub'> <InPorts = 2> <OutPorts = 1>
ST_3 : Operation 82 [1/1] (0.87ns)   --->   "%add_ln712_101 = add i31 %p_val_V_66, i31 %p_val_V_55" [/home/centos/Vitis_Libraries/dsp/L1/include/hw/vitis_2dfft/fixed/vitis_fft/hls_ssr_fft_parallel_fft_kernel.hpp:1275->/home/centos/Vitis_Libraries/dsp/L1/include/hw/vitis_2dfft/fixed/vitis_fft/hls_ssr_fft.hpp:235]   --->   Operation 82 'add' 'add_ln712_101' <Predicate = (tmp)> <Delay = 0.87> <CoreInst = "Adder">   --->   Core 1 'Adder' <Latency = 0> <II = 1> <Delay = 0.88> <FuncUnit> <Opcode : 'add' 'sub'> <InPorts = 2> <OutPorts = 1>
ST_3 : Operation 83 [1/1] (0.00ns)   --->   "%sext_ln712_82 = sext i31 %add_ln712_100" [/home/centos/Vitis_Libraries/dsp/L1/include/hw/vitis_2dfft/fixed/vitis_fft/hls_ssr_fft.hpp:235]   --->   Operation 83 'sext' 'sext_ln712_82' <Predicate = (tmp)> <Delay = 0.00>
ST_3 : Operation 84 [1/1] (0.00ns)   --->   "%sext_ln712_83 = sext i31 %add_ln712_101" [/home/centos/Vitis_Libraries/dsp/L1/include/hw/vitis_2dfft/fixed/vitis_fft/hls_ssr_fft.hpp:235]   --->   Operation 84 'sext' 'sext_ln712_83' <Predicate = (tmp)> <Delay = 0.00>
ST_3 : Operation 85 [1/1] (0.87ns)   --->   "%add_ln712_102 = add i31 %p_val_V_67, i31 %p_val_V_58" [/home/centos/Vitis_Libraries/dsp/L1/include/hw/vitis_2dfft/fixed/vitis_fft/hls_ssr_fft_parallel_fft_kernel.hpp:1275->/home/centos/Vitis_Libraries/dsp/L1/include/hw/vitis_2dfft/fixed/vitis_fft/hls_ssr_fft.hpp:235]   --->   Operation 85 'add' 'add_ln712_102' <Predicate = (tmp)> <Delay = 0.87> <CoreInst = "Adder">   --->   Core 1 'Adder' <Latency = 0> <II = 1> <Delay = 0.88> <FuncUnit> <Opcode : 'add' 'sub'> <InPorts = 2> <OutPorts = 1>
ST_3 : Operation 86 [1/1] (0.87ns)   --->   "%add_ln712_103 = add i31 %p_val_V_65, i31 %p_val_V_59" [/home/centos/Vitis_Libraries/dsp/L1/include/hw/vitis_2dfft/fixed/vitis_fft/hls_ssr_fft_parallel_fft_kernel.hpp:1275->/home/centos/Vitis_Libraries/dsp/L1/include/hw/vitis_2dfft/fixed/vitis_fft/hls_ssr_fft.hpp:235]   --->   Operation 86 'add' 'add_ln712_103' <Predicate = (tmp)> <Delay = 0.87> <CoreInst = "Adder">   --->   Core 1 'Adder' <Latency = 0> <II = 1> <Delay = 0.88> <FuncUnit> <Opcode : 'add' 'sub'> <InPorts = 2> <OutPorts = 1>
ST_3 : Operation 87 [1/1] (0.00ns)   --->   "%sext_ln712_84 = sext i31 %add_ln712_102" [/home/centos/Vitis_Libraries/dsp/L1/include/hw/vitis_2dfft/fixed/vitis_fft/hls_ssr_fft.hpp:235]   --->   Operation 87 'sext' 'sext_ln712_84' <Predicate = (tmp)> <Delay = 0.00>
ST_3 : Operation 88 [1/1] (0.00ns)   --->   "%sext_ln712_85 = sext i31 %add_ln712_103" [/home/centos/Vitis_Libraries/dsp/L1/include/hw/vitis_2dfft/fixed/vitis_fft/hls_ssr_fft.hpp:235]   --->   Operation 88 'sext' 'sext_ln712_85' <Predicate = (tmp)> <Delay = 0.00>
ST_3 : Operation 89 [1/1] (0.87ns)   --->   "%add_ln1245_4 = add i32 %sext_ln712_84, i32 %sext_ln712_82" [/home/centos/Vitis_Libraries/dsp/L1/include/hw/vitis_2dfft/fixed/vitis_fft/hls_ssr_fft.hpp:235]   --->   Operation 89 'add' 'add_ln1245_4' <Predicate = (tmp)> <Delay = 0.87> <CoreInst = "Adder">   --->   Core 1 'Adder' <Latency = 0> <II = 1> <Delay = 0.88> <FuncUnit> <Opcode : 'add' 'sub'> <InPorts = 2> <OutPorts = 1>
ST_3 : Operation 90 [1/1] (0.87ns)   --->   "%add_ln1245_5 = add i32 %sext_ln712_85, i32 %sext_ln712_83" [/home/centos/Vitis_Libraries/dsp/L1/include/hw/vitis_2dfft/fixed/vitis_fft/hls_ssr_fft.hpp:235]   --->   Operation 90 'add' 'add_ln1245_5' <Predicate = (tmp)> <Delay = 0.87> <CoreInst = "Adder">   --->   Core 1 'Adder' <Latency = 0> <II = 1> <Delay = 0.88> <FuncUnit> <Opcode : 'add' 'sub'> <InPorts = 2> <OutPorts = 1>
ST_3 : Operation 91 [1/1] (0.87ns)   --->   "%add_ln712_104 = add i31 %p_val_V_66, i31 %p_val_V" [/home/centos/Vitis_Libraries/dsp/L1/include/hw/vitis_2dfft/fixed/vitis_fft/hls_ssr_fft_parallel_fft_kernel.hpp:1275->/home/centos/Vitis_Libraries/dsp/L1/include/hw/vitis_2dfft/fixed/vitis_fft/hls_ssr_fft.hpp:235]   --->   Operation 91 'add' 'add_ln712_104' <Predicate = (tmp)> <Delay = 0.87> <CoreInst = "Adder">   --->   Core 1 'Adder' <Latency = 0> <II = 1> <Delay = 0.88> <FuncUnit> <Opcode : 'add' 'sub'> <InPorts = 2> <OutPorts = 1>
ST_3 : Operation 92 [1/1] (0.87ns)   --->   "%add_ln712_105 = add i31 %p_val_V_56, i31 %p_val_V_55" [/home/centos/Vitis_Libraries/dsp/L1/include/hw/vitis_2dfft/fixed/vitis_fft/hls_ssr_fft_parallel_fft_kernel.hpp:1275->/home/centos/Vitis_Libraries/dsp/L1/include/hw/vitis_2dfft/fixed/vitis_fft/hls_ssr_fft.hpp:235]   --->   Operation 92 'add' 'add_ln712_105' <Predicate = (tmp)> <Delay = 0.87> <CoreInst = "Adder">   --->   Core 1 'Adder' <Latency = 0> <II = 1> <Delay = 0.88> <FuncUnit> <Opcode : 'add' 'sub'> <InPorts = 2> <OutPorts = 1>
ST_3 : Operation 93 [1/1] (0.00ns)   --->   "%sext_ln712_86 = sext i31 %add_ln712_104" [/home/centos/Vitis_Libraries/dsp/L1/include/hw/vitis_2dfft/fixed/vitis_fft/hls_ssr_fft.hpp:235]   --->   Operation 93 'sext' 'sext_ln712_86' <Predicate = (tmp)> <Delay = 0.00>
ST_3 : Operation 94 [1/1] (0.00ns)   --->   "%sext_ln712_87 = sext i31 %add_ln712_105" [/home/centos/Vitis_Libraries/dsp/L1/include/hw/vitis_2dfft/fixed/vitis_fft/hls_ssr_fft.hpp:235]   --->   Operation 94 'sext' 'sext_ln712_87' <Predicate = (tmp)> <Delay = 0.00>
ST_3 : Operation 95 [1/1] (0.87ns)   --->   "%add_ln712_106 = add i31 %p_val_V_61, i31 %p_val_V_63" [/home/centos/Vitis_Libraries/dsp/L1/include/hw/vitis_2dfft/fixed/vitis_fft/hls_ssr_fft_parallel_fft_kernel.hpp:1275->/home/centos/Vitis_Libraries/dsp/L1/include/hw/vitis_2dfft/fixed/vitis_fft/hls_ssr_fft.hpp:235]   --->   Operation 95 'add' 'add_ln712_106' <Predicate = (tmp)> <Delay = 0.87> <CoreInst = "Adder">   --->   Core 1 'Adder' <Latency = 0> <II = 1> <Delay = 0.88> <FuncUnit> <Opcode : 'add' 'sub'> <InPorts = 2> <OutPorts = 1>
ST_3 : Operation 96 [1/1] (0.87ns)   --->   "%add_ln712_107 = add i31 %p_val_V_67, i31 %p_val_V_64" [/home/centos/Vitis_Libraries/dsp/L1/include/hw/vitis_2dfft/fixed/vitis_fft/hls_ssr_fft_parallel_fft_kernel.hpp:1275->/home/centos/Vitis_Libraries/dsp/L1/include/hw/vitis_2dfft/fixed/vitis_fft/hls_ssr_fft.hpp:235]   --->   Operation 96 'add' 'add_ln712_107' <Predicate = (tmp)> <Delay = 0.87> <CoreInst = "Adder">   --->   Core 1 'Adder' <Latency = 0> <II = 1> <Delay = 0.88> <FuncUnit> <Opcode : 'add' 'sub'> <InPorts = 2> <OutPorts = 1>
ST_3 : Operation 97 [1/1] (0.00ns)   --->   "%sext_ln712_88 = sext i31 %add_ln712_106" [/home/centos/Vitis_Libraries/dsp/L1/include/hw/vitis_2dfft/fixed/vitis_fft/hls_ssr_fft.hpp:235]   --->   Operation 97 'sext' 'sext_ln712_88' <Predicate = (tmp)> <Delay = 0.00>
ST_3 : Operation 98 [1/1] (0.00ns)   --->   "%sext_ln712_89 = sext i31 %add_ln712_107" [/home/centos/Vitis_Libraries/dsp/L1/include/hw/vitis_2dfft/fixed/vitis_fft/hls_ssr_fft.hpp:235]   --->   Operation 98 'sext' 'sext_ln712_89' <Predicate = (tmp)> <Delay = 0.00>
ST_3 : Operation 99 [1/1] (0.87ns)   --->   "%add_ln1245_6 = add i32 %sext_ln712_88, i32 %sext_ln712_86" [/home/centos/Vitis_Libraries/dsp/L1/include/hw/vitis_2dfft/fixed/vitis_fft/hls_ssr_fft.hpp:235]   --->   Operation 99 'add' 'add_ln1245_6' <Predicate = (tmp)> <Delay = 0.87> <CoreInst = "Adder">   --->   Core 1 'Adder' <Latency = 0> <II = 1> <Delay = 0.88> <FuncUnit> <Opcode : 'add' 'sub'> <InPorts = 2> <OutPorts = 1>
ST_3 : Operation 100 [1/1] (0.87ns)   --->   "%add_ln1245_7 = add i32 %sext_ln712_89, i32 %sext_ln712_87" [/home/centos/Vitis_Libraries/dsp/L1/include/hw/vitis_2dfft/fixed/vitis_fft/hls_ssr_fft.hpp:235]   --->   Operation 100 'add' 'add_ln1245_7' <Predicate = (tmp)> <Delay = 0.87> <CoreInst = "Adder">   --->   Core 1 'Adder' <Latency = 0> <II = 1> <Delay = 0.88> <FuncUnit> <Opcode : 'add' 'sub'> <InPorts = 2> <OutPorts = 1>
ST_3 : Operation 101 [1/1] (0.00ns)   --->   "%bflyOutData_M_real_V_0 = partselect i31 @_ssdm_op_PartSelect.i31.i32.i32.i32, i32 %add_ln1245, i32 1, i32 31" [/home/centos/Vitis_Libraries/dsp/L1/include/hw/vitis_2dfft/fixed/vitis_fft/hls_ssr_fft.hpp:235]   --->   Operation 101 'partselect' 'bflyOutData_M_real_V_0' <Predicate = (tmp)> <Delay = 0.00>
ST_3 : Operation 102 [1/1] (0.00ns)   --->   "%sext_ln717 = sext i31 %bflyOutData_M_real_V_0" [/home/centos/Vitis_Libraries/dsp/L1/include/hw/vitis_2dfft/fixed/vitis_fft/hls_ssr_fft.hpp:235]   --->   Operation 102 'sext' 'sext_ln717' <Predicate = (tmp)> <Delay = 0.00>
ST_3 : Operation 103 [1/1] (0.00ns)   --->   "%bflyOutData_M_imag_V_0 = partselect i31 @_ssdm_op_PartSelect.i31.i32.i32.i32, i32 %add_ln1245_1, i32 1, i32 31" [/home/centos/Vitis_Libraries/dsp/L1/include/hw/vitis_2dfft/fixed/vitis_fft/hls_ssr_fft.hpp:235]   --->   Operation 103 'partselect' 'bflyOutData_M_imag_V_0' <Predicate = (tmp)> <Delay = 0.00>
ST_3 : Operation 104 [1/1] (0.00ns)   --->   "%sext_ln717_13 = sext i31 %bflyOutData_M_imag_V_0" [/home/centos/Vitis_Libraries/dsp/L1/include/hw/vitis_2dfft/fixed/vitis_fft/hls_ssr_fft.hpp:235]   --->   Operation 104 'sext' 'sext_ln717_13' <Predicate = (tmp)> <Delay = 0.00>
ST_3 : Operation 105 [1/1] (0.00ns)   --->   "%bflyOutData_M_real_V_1 = partselect i31 @_ssdm_op_PartSelect.i31.i32.i32.i32, i32 %add_ln1245_2, i32 1, i32 31" [/home/centos/Vitis_Libraries/dsp/L1/include/hw/vitis_2dfft/fixed/vitis_fft/hls_ssr_fft.hpp:235]   --->   Operation 105 'partselect' 'bflyOutData_M_real_V_1' <Predicate = (tmp)> <Delay = 0.00>
ST_3 : Operation 106 [1/1] (0.00ns)   --->   "%sext_ln717_14 = sext i31 %bflyOutData_M_real_V_1" [/home/centos/Vitis_Libraries/dsp/L1/include/hw/vitis_2dfft/fixed/vitis_fft/hls_ssr_fft.hpp:235]   --->   Operation 106 'sext' 'sext_ln717_14' <Predicate = (tmp)> <Delay = 0.00>
ST_3 : Operation 107 [1/1] (0.00ns)   --->   "%bflyOutData_M_imag_V_1 = partselect i31 @_ssdm_op_PartSelect.i31.i32.i32.i32, i32 %add_ln1245_3, i32 1, i32 31" [/home/centos/Vitis_Libraries/dsp/L1/include/hw/vitis_2dfft/fixed/vitis_fft/hls_ssr_fft.hpp:235]   --->   Operation 107 'partselect' 'bflyOutData_M_imag_V_1' <Predicate = (tmp)> <Delay = 0.00>
ST_3 : Operation 108 [1/1] (0.00ns)   --->   "%sext_ln717_15 = sext i31 %bflyOutData_M_imag_V_1" [/home/centos/Vitis_Libraries/dsp/L1/include/hw/vitis_2dfft/fixed/vitis_fft/hls_ssr_fft.hpp:235]   --->   Operation 108 'sext' 'sext_ln717_15' <Predicate = (tmp)> <Delay = 0.00>
ST_3 : Operation 109 [1/1] (0.00ns)   --->   "%bflyOutData_M_real_V_2 = partselect i31 @_ssdm_op_PartSelect.i31.i32.i32.i32, i32 %add_ln1245_4, i32 1, i32 31" [/home/centos/Vitis_Libraries/dsp/L1/include/hw/vitis_2dfft/fixed/vitis_fft/hls_ssr_fft.hpp:235]   --->   Operation 109 'partselect' 'bflyOutData_M_real_V_2' <Predicate = (tmp)> <Delay = 0.00>
ST_3 : Operation 110 [1/1] (0.00ns)   --->   "%sext_ln717_16 = sext i31 %bflyOutData_M_real_V_2" [/home/centos/Vitis_Libraries/dsp/L1/include/hw/vitis_2dfft/fixed/vitis_fft/hls_ssr_fft.hpp:235]   --->   Operation 110 'sext' 'sext_ln717_16' <Predicate = (tmp)> <Delay = 0.00>
ST_3 : Operation 111 [1/1] (0.00ns)   --->   "%bflyOutData_M_imag_V_2 = partselect i31 @_ssdm_op_PartSelect.i31.i32.i32.i32, i32 %add_ln1245_5, i32 1, i32 31" [/home/centos/Vitis_Libraries/dsp/L1/include/hw/vitis_2dfft/fixed/vitis_fft/hls_ssr_fft.hpp:235]   --->   Operation 111 'partselect' 'bflyOutData_M_imag_V_2' <Predicate = (tmp)> <Delay = 0.00>
ST_3 : Operation 112 [1/1] (0.00ns)   --->   "%sext_ln717_17 = sext i31 %bflyOutData_M_imag_V_2" [/home/centos/Vitis_Libraries/dsp/L1/include/hw/vitis_2dfft/fixed/vitis_fft/hls_ssr_fft.hpp:235]   --->   Operation 112 'sext' 'sext_ln717_17' <Predicate = (tmp)> <Delay = 0.00>
ST_3 : Operation 113 [1/1] (0.00ns)   --->   "%bflyOutData_M_real_V_3 = partselect i31 @_ssdm_op_PartSelect.i31.i32.i32.i32, i32 %add_ln1245_6, i32 1, i32 31" [/home/centos/Vitis_Libraries/dsp/L1/include/hw/vitis_2dfft/fixed/vitis_fft/hls_ssr_fft.hpp:235]   --->   Operation 113 'partselect' 'bflyOutData_M_real_V_3' <Predicate = (tmp)> <Delay = 0.00>
ST_3 : Operation 114 [1/1] (0.00ns)   --->   "%sext_ln717_18 = sext i31 %bflyOutData_M_real_V_3" [/home/centos/Vitis_Libraries/dsp/L1/include/hw/vitis_2dfft/fixed/vitis_fft/hls_ssr_fft.hpp:235]   --->   Operation 114 'sext' 'sext_ln717_18' <Predicate = (tmp)> <Delay = 0.00>
ST_3 : Operation 115 [1/1] (0.00ns)   --->   "%trunc_ln717_s = partselect i31 @_ssdm_op_PartSelect.i31.i32.i32.i32, i32 %add_ln1245_7, i32 1, i32 31" [/home/centos/Vitis_Libraries/dsp/L1/include/hw/vitis_2dfft/fixed/vitis_fft/hls_ssr_fft.hpp:235]   --->   Operation 115 'partselect' 'trunc_ln717_s' <Predicate = (tmp)> <Delay = 0.00>
ST_3 : Operation 116 [1/1] (0.00ns)   --->   "%tmp_1 = bitconcatenate i255 @_ssdm_op_BitConcatenate.i255.i31.i32.i32.i32.i32.i32.i32.i32, i31 %trunc_ln717_s, i32 %sext_ln717_18, i32 %sext_ln717_17, i32 %sext_ln717_16, i32 %sext_ln717_15, i32 %sext_ln717_14, i32 %sext_ln717_13, i32 %sext_ln717" [/opt/Xilinx/Vitis_HLS/2021.1/common/technology/autopilot/hls_stream_39.h:174]   --->   Operation 116 'bitconcatenate' 'tmp_1' <Predicate = (tmp)> <Delay = 0.00>
ST_3 : Operation 117 [1/1] (0.00ns)   --->   "%sext_ln174 = sext i255 %tmp_1" [/opt/Xilinx/Vitis_HLS/2021.1/common/technology/autopilot/hls_stream_39.h:174]   --->   Operation 117 'sext' 'sext_ln174' <Predicate = (tmp)> <Delay = 0.00>
ST_3 : Operation 118 [1/1] (1.14ns)   --->   "%write_ln174 = write void @_ssdm_op_Write.ap_fifo.volatile.i256P0A, i256 %fftOutData_local, i256 %sext_ln174" [/opt/Xilinx/Vitis_HLS/2021.1/common/technology/autopilot/hls_stream_39.h:174]   --->   Operation 118 'write' 'write_ln174' <Predicate = (tmp)> <Delay = 1.14> <CoreInst = "FIFO_LUTRAM">   --->   Core 80 'FIFO_LUTRAM' <Latency = 0> <II = 1> <Delay = 1.14> <Storage> <Opcode : 'read' 'write' 'nbread' 'nbwrite'> <Ports = 0> <Width = 256> <Depth = 8> <FIFO>
ST_3 : Operation 119 [1/1] (0.00ns)   --->   "%return_ln252 = return void @_ssdm_op_Return" [/home/centos/Vitis_Libraries/dsp/L1/include/hw/vitis_2dfft/fixed/vitis_fft/hls_ssr_fft.hpp:252]   --->   Operation 119 'return' 'return_ln252' <Predicate = (!icmp_ln215)> <Delay = 0.00>


============================================================
+ Verbose Summary: Timing violations
============================================================
Target clock period: 4ns, clock uncertainty: 1.08ns.

 <State 1>: 0.387ns
The critical path consists of the following:
	multiplexor before 'phi' operation ('do_init') [7]  (0.387 ns)

 <State 2>: 2.98ns
The critical path consists of the following:
	'phi' operation ('iter') with incoming values : ('iter', /home/centos/Vitis_Libraries/dsp/L1/include/hw/vitis_2dfft/fixed/vitis_fft/hls_ssr_fft.hpp:215) [8]  (0 ns)
	'add' operation ('iter', /home/centos/Vitis_Libraries/dsp/L1/include/hw/vitis_2dfft/fixed/vitis_fft/hls_ssr_fft.hpp:218) [20]  (0.88 ns)
	multiplexor before 'phi' operation ('iter') with incoming values : ('iter', /home/centos/Vitis_Libraries/dsp/L1/include/hw/vitis_2dfft/fixed/vitis_fft/hls_ssr_fft.hpp:218) ('iter', /home/centos/Vitis_Libraries/dsp/L1/include/hw/vitis_2dfft/fixed/vitis_fft/hls_ssr_fft.hpp:215) [118]  (0.387 ns)
	'phi' operation ('iter') with incoming values : ('iter', /home/centos/Vitis_Libraries/dsp/L1/include/hw/vitis_2dfft/fixed/vitis_fft/hls_ssr_fft.hpp:218) ('iter', /home/centos/Vitis_Libraries/dsp/L1/include/hw/vitis_2dfft/fixed/vitis_fft/hls_ssr_fft.hpp:215) [118]  (0 ns)
	'add' operation ('iter', /home/centos/Vitis_Libraries/dsp/L1/include/hw/vitis_2dfft/fixed/vitis_fft/hls_ssr_fft.hpp:215) [119]  (0.88 ns)
	'icmp' operation ('icmp_ln215', /home/centos/Vitis_Libraries/dsp/L1/include/hw/vitis_2dfft/fixed/vitis_fft/hls_ssr_fft.hpp:215) [121]  (0.836 ns)

 <State 3>: 2.89ns
The critical path consists of the following:
	'add' operation ('add_ln712', /home/centos/Vitis_Libraries/dsp/L1/include/hw/vitis_2dfft/fixed/vitis_fft/hls_ssr_fft_parallel_fft_kernel.hpp:1275->/home/centos/Vitis_Libraries/dsp/L1/include/hw/vitis_2dfft/fixed/vitis_fft/hls_ssr_fft.hpp:235) [41]  (0.874 ns)
	'add' operation ('add_ln1245', /home/centos/Vitis_Libraries/dsp/L1/include/hw/vitis_2dfft/fixed/vitis_fft/hls_ssr_fft.hpp:235) [49]  (0.874 ns)
	fifo write operation ('write_ln174', /opt/Xilinx/Vitis_HLS/2021.1/common/technology/autopilot/hls_stream_39.h:174) on port 'fftOutData_local' (/opt/Xilinx/Vitis_HLS/2021.1/common/technology/autopilot/hls_stream_39.h:174) [115]  (1.14 ns)


============================================================
+ Verbose Summary: Binding
============================================================
N/A
* FSMD analyzer results:
  - Output states:
 - Input state : 
  - Chain level:
	State 1
	State 2
	State 3


============================================================
+ Verbose Summary: Datapath Resource usage 
============================================================
N/A
