

================================================================
== Vitis HLS Report for 'fftStreamingKernelBody_Loop_VITIS_LOOP_3276_1_proc262'
================================================================
* Date:           Thu Jan 27 12:43:40 2022

* Version:        2021.1 (Build 3247384 on Thu Jun 10 19:36:07 MDT 2021)
* Project:        fft2DKernel
* Solution:       solution (Vitis Kernel Flow Target)
* Product family: virtexuplus
* Target device:  xcvu9p-flgb2104-2-i


================================================================
== Performance Estimates
================================================================
+ Timing: 
    * Summary: 
    +--------+---------+----------+------------+
    |  Clock |  Target | Estimated| Uncertainty|
    +--------+---------+----------+------------+
    |ap_clk  |  4.00 ns|  2.612 ns|     1.08 ns|
    +--------+---------+----------+------------+

+ Latency: 
    * Summary: 
    +---------+---------+-----------+-----------+-----+-----+---------+
    |  Latency (cycles) |   Latency (absolute)  |  Interval | Pipeline|
    |   min   |   max   |    min    |    max    | min | max |   Type  |
    +---------+---------+-----------+-----------+-----+-----+---------+
    |       18|       18|  72.000 ns|  72.000 ns|   18|   18|       no|
    +---------+---------+-----------+-----------+-----+-----+---------+

    + Detail: 
        * Instance: 
        N/A

        * Loop: 
        +---------------------------------------+---------+---------+----------+-----------+-----------+------+----------+
        |                                       |  Latency (cycles) | Iteration|  Initiation Interval  | Trip |          |
        |               Loop Name               |   min   |   max   |  Latency |  achieved |   target  | Count| Pipelined|
        +---------------------------------------+---------+---------+----------+-----------+-----------+------+----------+
        |- VITIS_LOOP_3276_1_VITIS_LOOP_3277_2  |       16|       16|         2|          1|          1|    16|       yes|
        +---------------------------------------+---------+---------+----------+-----------+-----------+------+----------+

============================================================
+ Verbose Summary: Synthesis Manager
============================================================
InlineROM: 1
ExposeGlobal: 0
============================================================
+ Verbose Summary: CDFG Model
============================================================
IsTopModel: 0
ResetActiveHigh: 1
IsCombinational: 2
IsDatapathOnly: 0
HasWiredReturn: 1
HasMFsm: 2
HasVarLatency: 1
IsPipeline: 0
IsRtlPipelined: 0
IsInstanceOverlapped: 0
IsDontTouch: 0
HasImplIP: 0
IsGatedGlobalClock: 0

+ Individual pipeline summary: 
  * Pipeline-0: initiation interval (II) = 1, depth = 2


============================================================
+ Verbose Summary: Schedule
============================================================
* Number of FSM states : 2
* Pipeline : 1
  Pipeline-0 : II = 1, D = 2, States = { 1 2 }
* Dataflow Pipeline: 0

* FSM state transitions: 
1 --> 2 
2 --> 

* FSM state operations: 

State 1 <SV = 0> <Delay = 1.73>
ST_1 : Operation 5 [1/1] (0.00ns)   --->   "%j = alloca i32 1"   --->   Operation 5 'alloca' 'j' <Predicate = true> <Delay = 0.00>
ST_1 : Operation 6 [1/1] (0.00ns)   --->   "%i = alloca i32 1"   --->   Operation 6 'alloca' 'i' <Predicate = true> <Delay = 0.00>
ST_1 : Operation 7 [1/1] (0.00ns)   --->   "%indvar_flatten = alloca i32 1"   --->   Operation 7 'alloca' 'indvar_flatten' <Predicate = true> <Delay = 0.00>
ST_1 : Operation 8 [1/1] (0.00ns)   --->   "%specinterface_ln0 = specinterface void @_ssdm_op_SpecInterface, i27 %fftOutStrm_V_M_imag_V_3, void @ap_fifo_str, i32 0, i32 0, void @p_str, i32 0, i32 0, void @p_str, void @p_str, void @p_str, i32 2, i32 2, i32 16, i32 16, void @p_str, void @p_str"   --->   Operation 8 'specinterface' 'specinterface_ln0' <Predicate = true> <Delay = 0.00>
ST_1 : Operation 9 [1/1] (0.00ns)   --->   "%specinterface_ln0 = specinterface void @_ssdm_op_SpecInterface, i27 %fftOutStrm_V_M_imag_V_2, void @ap_fifo_str, i32 0, i32 0, void @p_str, i32 0, i32 0, void @p_str, void @p_str, void @p_str, i32 2, i32 2, i32 16, i32 16, void @p_str, void @p_str"   --->   Operation 9 'specinterface' 'specinterface_ln0' <Predicate = true> <Delay = 0.00>
ST_1 : Operation 10 [1/1] (0.00ns)   --->   "%specinterface_ln0 = specinterface void @_ssdm_op_SpecInterface, i27 %fftOutStrm_V_M_imag_V_1, void @ap_fifo_str, i32 0, i32 0, void @p_str, i32 0, i32 0, void @p_str, void @p_str, void @p_str, i32 2, i32 2, i32 16, i32 16, void @p_str, void @p_str"   --->   Operation 10 'specinterface' 'specinterface_ln0' <Predicate = true> <Delay = 0.00>
ST_1 : Operation 11 [1/1] (0.00ns)   --->   "%specinterface_ln0 = specinterface void @_ssdm_op_SpecInterface, i27 %fftOutStrm_V_M_imag_V_0, void @ap_fifo_str, i32 0, i32 0, void @p_str, i32 0, i32 0, void @p_str, void @p_str, void @p_str, i32 2, i32 2, i32 16, i32 16, void @p_str, void @p_str"   --->   Operation 11 'specinterface' 'specinterface_ln0' <Predicate = true> <Delay = 0.00>
ST_1 : Operation 12 [1/1] (0.00ns)   --->   "%specinterface_ln0 = specinterface void @_ssdm_op_SpecInterface, i27 %fftOutStrm_V_M_real_V_3, void @ap_fifo_str, i32 0, i32 0, void @p_str, i32 0, i32 0, void @p_str, void @p_str, void @p_str, i32 2, i32 2, i32 16, i32 16, void @p_str, void @p_str"   --->   Operation 12 'specinterface' 'specinterface_ln0' <Predicate = true> <Delay = 0.00>
ST_1 : Operation 13 [1/1] (0.00ns)   --->   "%specinterface_ln0 = specinterface void @_ssdm_op_SpecInterface, i27 %fftOutStrm_V_M_real_V_2, void @ap_fifo_str, i32 0, i32 0, void @p_str, i32 0, i32 0, void @p_str, void @p_str, void @p_str, i32 2, i32 2, i32 16, i32 16, void @p_str, void @p_str"   --->   Operation 13 'specinterface' 'specinterface_ln0' <Predicate = true> <Delay = 0.00>
ST_1 : Operation 14 [1/1] (0.00ns)   --->   "%specinterface_ln0 = specinterface void @_ssdm_op_SpecInterface, i27 %fftOutStrm_V_M_real_V_1, void @ap_fifo_str, i32 0, i32 0, void @p_str, i32 0, i32 0, void @p_str, void @p_str, void @p_str, i32 2, i32 2, i32 16, i32 16, void @p_str, void @p_str"   --->   Operation 14 'specinterface' 'specinterface_ln0' <Predicate = true> <Delay = 0.00>
ST_1 : Operation 15 [1/1] (0.00ns)   --->   "%specinterface_ln0 = specinterface void @_ssdm_op_SpecInterface, i27 %fftOutStrm_V_M_real_V_0, void @ap_fifo_str, i32 0, i32 0, void @p_str, i32 0, i32 0, void @p_str, void @p_str, void @p_str, i32 2, i32 2, i32 16, i32 16, void @p_str, void @p_str"   --->   Operation 15 'specinterface' 'specinterface_ln0' <Predicate = true> <Delay = 0.00>
ST_1 : Operation 16 [1/1] (0.38ns)   --->   "%store_ln3276 = store i5 0, i5 %indvar_flatten" [/home/centos/Vitis_Libraries/dsp/L1/include/hw/vitis_2dfft/fixed/vitis_fft/hls_ssr_fft.hpp:3276]   --->   Operation 16 'store' 'store_ln3276' <Predicate = true> <Delay = 0.38>
ST_1 : Operation 18 [1/1] (0.38ns)   --->   "%store_ln3276 = store i3 0, i3 %j" [/home/centos/Vitis_Libraries/dsp/L1/include/hw/vitis_2dfft/fixed/vitis_fft/hls_ssr_fft.hpp:3276]   --->   Operation 18 'store' 'store_ln3276' <Predicate = true> <Delay = 0.38>
ST_1 : Operation 19 [1/1] (0.00ns)   --->   "%br_ln3276 = br void" [/home/centos/Vitis_Libraries/dsp/L1/include/hw/vitis_2dfft/fixed/vitis_fft/hls_ssr_fft.hpp:3276]   --->   Operation 19 'br' 'br_ln3276' <Predicate = true> <Delay = 0.00>
ST_1 : Operation 20 [1/1] (0.00ns)   --->   "%indvar_flatten_load = load i5 %indvar_flatten" [/home/centos/Vitis_Libraries/dsp/L1/include/hw/vitis_2dfft/fixed/vitis_fft/hls_ssr_fft.hpp:3276]   --->   Operation 20 'load' 'indvar_flatten_load' <Predicate = true> <Delay = 0.00>
ST_1 : Operation 21 [1/1] (0.63ns)   --->   "%icmp_ln3276 = icmp_eq  i5 %indvar_flatten_load, i5 16" [/home/centos/Vitis_Libraries/dsp/L1/include/hw/vitis_2dfft/fixed/vitis_fft/hls_ssr_fft.hpp:3276]   --->   Operation 21 'icmp' 'icmp_ln3276' <Predicate = true> <Delay = 0.63> <CoreInst = "Cmp">   --->   Core 9 'Cmp' <Latency = 0> <II = 1> <Delay = 0.49> <FuncUnit> <Opcode : 'icmp'> <InPorts = 2> <OutPorts = 1>
ST_1 : Operation 22 [1/1] (0.70ns)   --->   "%add_ln3276 = add i5 %indvar_flatten_load, i5 1" [/home/centos/Vitis_Libraries/dsp/L1/include/hw/vitis_2dfft/fixed/vitis_fft/hls_ssr_fft.hpp:3276]   --->   Operation 22 'add' 'add_ln3276' <Predicate = true> <Delay = 0.70> <CoreInst = "Adder">   --->   Core 1 'Adder' <Latency = 0> <II = 1> <Delay = 0.57> <FuncUnit> <Opcode : 'add' 'sub'> <InPorts = 2> <OutPorts = 1>
ST_1 : Operation 23 [1/1] (0.00ns)   --->   "%br_ln3276 = br i1 %icmp_ln3276, void %.split2.i, void %fft<FFTParams, 40001, complex<ap_fixed<22, 8, 5, 3, 0> > >.exit.exitStub" [/home/centos/Vitis_Libraries/dsp/L1/include/hw/vitis_2dfft/fixed/vitis_fft/hls_ssr_fft.hpp:3276]   --->   Operation 23 'br' 'br_ln3276' <Predicate = true> <Delay = 0.00>
ST_1 : Operation 24 [1/1] (0.00ns)   --->   "%j_load = load i3 %j" [/home/centos/Vitis_Libraries/dsp/L1/include/hw/vitis_2dfft/fixed/vitis_fft/hls_ssr_fft.hpp:3277]   --->   Operation 24 'load' 'j_load' <Predicate = (!icmp_ln3276)> <Delay = 0.00>
ST_1 : Operation 25 [1/1] (0.49ns)   --->   "%icmp_ln3277 = icmp_eq  i3 %j_load, i3 4" [/home/centos/Vitis_Libraries/dsp/L1/include/hw/vitis_2dfft/fixed/vitis_fft/hls_ssr_fft.hpp:3277]   --->   Operation 25 'icmp' 'icmp_ln3277' <Predicate = (!icmp_ln3276)> <Delay = 0.49> <CoreInst = "Cmp">   --->   Core 9 'Cmp' <Latency = 0> <II = 1> <Delay = 0.49> <FuncUnit> <Opcode : 'icmp'> <InPorts = 2> <OutPorts = 1>
ST_1 : Operation 26 [1/1] (0.27ns)   --->   "%select_ln3276 = select i1 %icmp_ln3277, i3 0, i3 %j_load" [/home/centos/Vitis_Libraries/dsp/L1/include/hw/vitis_2dfft/fixed/vitis_fft/hls_ssr_fft.hpp:3276]   --->   Operation 26 'select' 'select_ln3276' <Predicate = (!icmp_ln3276)> <Delay = 0.27> <CoreInst = "Sel">   --->   Core 73 'Sel' <Latency = 0> <II = 1> <Delay = 0.27> <FuncUnit> <Opcode : 'select'> <InPorts = 3> <OutPorts = 1>
ST_1 : Operation 27 [1/1] (0.00ns)   --->   "%trunc_ln145 = trunc i3 %select_ln3276" [/opt/Xilinx/Vitis_HLS/2021.1/common/technology/autopilot/hls_stream_39.h:145]   --->   Operation 27 'trunc' 'trunc_ln145' <Predicate = (!icmp_ln3276)> <Delay = 0.00>
ST_1 : Operation 28 [1/1] (0.65ns)   --->   "%switch_ln145 = switch i2 %trunc_ln145, void %branch19, i2 0, void %branch16, i2 1, void %branch17, i2 2, void %branch22" [/opt/Xilinx/Vitis_HLS/2021.1/common/technology/autopilot/hls_stream_39.h:145]   --->   Operation 28 'switch' 'switch_ln145' <Predicate = (!icmp_ln3276)> <Delay = 0.65>
ST_1 : Operation 29 [1/1] (0.65ns)   --->   "%switch_ln3279 = switch i2 %trunc_ln145, void %branch3, i2 0, void %branch0, i2 1, void %branch1, i2 2, void %branch2" [/home/centos/Vitis_Libraries/dsp/L1/include/hw/vitis_2dfft/fixed/vitis_fft/hls_ssr_fft.hpp:3279]   --->   Operation 29 'switch' 'switch_ln3279' <Predicate = (!icmp_ln3276)> <Delay = 0.65>
ST_1 : Operation 30 [1/1] (0.57ns)   --->   "%add_ln3277 = add i3 %select_ln3276, i3 1" [/home/centos/Vitis_Libraries/dsp/L1/include/hw/vitis_2dfft/fixed/vitis_fft/hls_ssr_fft.hpp:3277]   --->   Operation 30 'add' 'add_ln3277' <Predicate = (!icmp_ln3276)> <Delay = 0.57> <CoreInst = "Adder">   --->   Core 1 'Adder' <Latency = 0> <II = 1> <Delay = 0.57> <FuncUnit> <Opcode : 'add' 'sub'> <InPorts = 2> <OutPorts = 1>
ST_1 : Operation 31 [1/1] (0.38ns)   --->   "%store_ln3276 = store i5 %add_ln3276, i5 %indvar_flatten" [/home/centos/Vitis_Libraries/dsp/L1/include/hw/vitis_2dfft/fixed/vitis_fft/hls_ssr_fft.hpp:3276]   --->   Operation 31 'store' 'store_ln3276' <Predicate = (!icmp_ln3276)> <Delay = 0.38>
ST_1 : Operation 32 [1/1] (0.38ns)   --->   "%store_ln3277 = store i3 %add_ln3277, i3 %j" [/home/centos/Vitis_Libraries/dsp/L1/include/hw/vitis_2dfft/fixed/vitis_fft/hls_ssr_fft.hpp:3277]   --->   Operation 32 'store' 'store_ln3277' <Predicate = (!icmp_ln3276)> <Delay = 0.38>
ST_1 : Operation 81 [1/1] (0.00ns)   --->   "%ret_ln0 = ret"   --->   Operation 81 'ret' 'ret_ln0' <Predicate = (icmp_ln3276)> <Delay = 0.00>

State 2 <SV = 1> <Delay = 2.61>
ST_2 : Operation 17 [1/1] (0.38ns)   --->   "%store_ln3276 = store i3 0, i3 %i" [/home/centos/Vitis_Libraries/dsp/L1/include/hw/vitis_2dfft/fixed/vitis_fft/hls_ssr_fft.hpp:3276]   --->   Operation 17 'store' 'store_ln3276' <Predicate = true> <Delay = 0.38>
ST_2 : Operation 33 [1/1] (0.00ns)   --->   "%i_load = load i3 %i" [/home/centos/Vitis_Libraries/dsp/L1/include/hw/vitis_2dfft/fixed/vitis_fft/hls_ssr_fft.hpp:3276]   --->   Operation 33 'load' 'i_load' <Predicate = true> <Delay = 0.00>
ST_2 : Operation 34 [1/1] (0.00ns)   --->   "%specloopname_ln0 = specloopname void @_ssdm_op_SpecLoopName, void @VITIS_LOOP_3276_1_VITIS_LOOP_3277_2_str"   --->   Operation 34 'specloopname' 'specloopname_ln0' <Predicate = true> <Delay = 0.00>
ST_2 : Operation 35 [1/1] (0.00ns)   --->   "%empty = speclooptripcount i32 @_ssdm_op_SpecLoopTripCount, i64 16, i64 16, i64 16"   --->   Operation 35 'speclooptripcount' 'empty' <Predicate = true> <Delay = 0.00>
ST_2 : Operation 36 [1/1] (0.57ns)   --->   "%add_ln3276_3 = add i3 %i_load, i3 1" [/home/centos/Vitis_Libraries/dsp/L1/include/hw/vitis_2dfft/fixed/vitis_fft/hls_ssr_fft.hpp:3276]   --->   Operation 36 'add' 'add_ln3276_3' <Predicate = (icmp_ln3277)> <Delay = 0.57> <CoreInst = "Adder">   --->   Core 1 'Adder' <Latency = 0> <II = 1> <Delay = 0.57> <FuncUnit> <Opcode : 'add' 'sub'> <InPorts = 2> <OutPorts = 1>
ST_2 : Operation 37 [1/1] (0.27ns)   --->   "%select_ln3276_3 = select i1 %icmp_ln3277, i3 %add_ln3276_3, i3 %i_load" [/home/centos/Vitis_Libraries/dsp/L1/include/hw/vitis_2dfft/fixed/vitis_fft/hls_ssr_fft.hpp:3276]   --->   Operation 37 'select' 'select_ln3276_3' <Predicate = true> <Delay = 0.27> <CoreInst = "Sel">   --->   Core 73 'Sel' <Latency = 0> <II = 1> <Delay = 0.27> <FuncUnit> <Opcode : 'select'> <InPorts = 3> <OutPorts = 1>
ST_2 : Operation 38 [1/1] (0.00ns)   --->   "%zext_ln3276 = zext i3 %select_ln3276_3" [/home/centos/Vitis_Libraries/dsp/L1/include/hw/vitis_2dfft/fixed/vitis_fft/hls_ssr_fft.hpp:3276]   --->   Operation 38 'zext' 'zext_ln3276' <Predicate = true> <Delay = 0.00>
ST_2 : Operation 39 [1/1] (0.00ns)   --->   "%specpipeline_ln3277 = specpipeline void @_ssdm_op_SpecPipeline, i32 1, i32 0, i32 0, i32 0, void @empty_13" [/home/centos/Vitis_Libraries/dsp/L1/include/hw/vitis_2dfft/fixed/vitis_fft/hls_ssr_fft.hpp:3277]   --->   Operation 39 'specpipeline' 'specpipeline_ln3277' <Predicate = true> <Delay = 0.00>
ST_2 : Operation 40 [1/1] (0.00ns)   --->   "%specloopname_ln3277 = specloopname void @_ssdm_op_SpecLoopName, void @empty_15" [/home/centos/Vitis_Libraries/dsp/L1/include/hw/vitis_2dfft/fixed/vitis_fft/hls_ssr_fft.hpp:3277]   --->   Operation 40 'specloopname' 'specloopname_ln3277' <Predicate = true> <Delay = 0.00>
ST_2 : Operation 41 [1/1] (1.46ns)   --->   "%empty_263 = read i54 @_ssdm_op_Read.ap_fifo.volatile.i27P0A.i27P0A, i27 %fftOutStrm_V_M_real_V_2, i27 %fftOutStrm_V_M_imag_V_2" [/opt/Xilinx/Vitis_HLS/2021.1/common/technology/autopilot/hls_stream_39.h:145]   --->   Operation 41 'read' 'empty_263' <Predicate = (!icmp_ln3276 & trunc_ln145 == 2)> <Delay = 1.46> <CoreInst = "FIFO_SRL">   --->   Core 81 'FIFO_SRL' <Latency = 0> <II = 1> <Delay = 1.46> <Storage> <Opcode : 'read' 'write' 'nbread' 'nbwrite'> <Ports = 0> <Width = 27> <Depth = 4> <FIFO>
ST_2 : Operation 42 [1/1] (0.00ns)   --->   "%fftOutStrm_V_M_real_V_2_val = extractvalue i54 %empty_263" [/opt/Xilinx/Vitis_HLS/2021.1/common/technology/autopilot/hls_stream_39.h:145]   --->   Operation 42 'extractvalue' 'fftOutStrm_V_M_real_V_2_val' <Predicate = (!icmp_ln3276 & trunc_ln145 == 2)> <Delay = 0.00>
ST_2 : Operation 43 [1/1] (0.00ns)   --->   "%fftOutStrm_V_M_imag_V_2_val = extractvalue i54 %empty_263" [/opt/Xilinx/Vitis_HLS/2021.1/common/technology/autopilot/hls_stream_39.h:145]   --->   Operation 43 'extractvalue' 'fftOutStrm_V_M_imag_V_2_val' <Predicate = (!icmp_ln3276 & trunc_ln145 == 2)> <Delay = 0.00>
ST_2 : Operation 44 [1/1] (0.45ns)   --->   "%br_ln145 = br void %.split.i41" [/opt/Xilinx/Vitis_HLS/2021.1/common/technology/autopilot/hls_stream_39.h:145]   --->   Operation 44 'br' 'br_ln145' <Predicate = (!icmp_ln3276 & trunc_ln145 == 2)> <Delay = 0.45>
ST_2 : Operation 45 [1/1] (1.46ns)   --->   "%empty_262 = read i54 @_ssdm_op_Read.ap_fifo.volatile.i27P0A.i27P0A, i27 %fftOutStrm_V_M_real_V_1, i27 %fftOutStrm_V_M_imag_V_1" [/opt/Xilinx/Vitis_HLS/2021.1/common/technology/autopilot/hls_stream_39.h:145]   --->   Operation 45 'read' 'empty_262' <Predicate = (!icmp_ln3276 & trunc_ln145 == 1)> <Delay = 1.46> <CoreInst = "FIFO_SRL">   --->   Core 81 'FIFO_SRL' <Latency = 0> <II = 1> <Delay = 1.46> <Storage> <Opcode : 'read' 'write' 'nbread' 'nbwrite'> <Ports = 0> <Width = 27> <Depth = 4> <FIFO>
ST_2 : Operation 46 [1/1] (0.00ns)   --->   "%fftOutStrm_V_M_real_V_1_val = extractvalue i54 %empty_262" [/opt/Xilinx/Vitis_HLS/2021.1/common/technology/autopilot/hls_stream_39.h:145]   --->   Operation 46 'extractvalue' 'fftOutStrm_V_M_real_V_1_val' <Predicate = (!icmp_ln3276 & trunc_ln145 == 1)> <Delay = 0.00>
ST_2 : Operation 47 [1/1] (0.00ns)   --->   "%fftOutStrm_V_M_imag_V_1_val = extractvalue i54 %empty_262" [/opt/Xilinx/Vitis_HLS/2021.1/common/technology/autopilot/hls_stream_39.h:145]   --->   Operation 47 'extractvalue' 'fftOutStrm_V_M_imag_V_1_val' <Predicate = (!icmp_ln3276 & trunc_ln145 == 1)> <Delay = 0.00>
ST_2 : Operation 48 [1/1] (0.45ns)   --->   "%br_ln145 = br void %.split.i41" [/opt/Xilinx/Vitis_HLS/2021.1/common/technology/autopilot/hls_stream_39.h:145]   --->   Operation 48 'br' 'br_ln145' <Predicate = (!icmp_ln3276 & trunc_ln145 == 1)> <Delay = 0.45>
ST_2 : Operation 49 [1/1] (1.46ns)   --->   "%empty_261 = read i54 @_ssdm_op_Read.ap_fifo.volatile.i27P0A.i27P0A, i27 %fftOutStrm_V_M_real_V_0, i27 %fftOutStrm_V_M_imag_V_0" [/opt/Xilinx/Vitis_HLS/2021.1/common/technology/autopilot/hls_stream_39.h:145]   --->   Operation 49 'read' 'empty_261' <Predicate = (!icmp_ln3276 & trunc_ln145 == 0)> <Delay = 1.46> <CoreInst = "FIFO_SRL">   --->   Core 81 'FIFO_SRL' <Latency = 0> <II = 1> <Delay = 1.46> <Storage> <Opcode : 'read' 'write' 'nbread' 'nbwrite'> <Ports = 0> <Width = 27> <Depth = 4> <FIFO>
ST_2 : Operation 50 [1/1] (0.00ns)   --->   "%fftOutStrm_V_M_real_V_0_val = extractvalue i54 %empty_261" [/opt/Xilinx/Vitis_HLS/2021.1/common/technology/autopilot/hls_stream_39.h:145]   --->   Operation 50 'extractvalue' 'fftOutStrm_V_M_real_V_0_val' <Predicate = (!icmp_ln3276 & trunc_ln145 == 0)> <Delay = 0.00>
ST_2 : Operation 51 [1/1] (0.00ns)   --->   "%fftOutStrm_V_M_imag_V_0_val = extractvalue i54 %empty_261" [/opt/Xilinx/Vitis_HLS/2021.1/common/technology/autopilot/hls_stream_39.h:145]   --->   Operation 51 'extractvalue' 'fftOutStrm_V_M_imag_V_0_val' <Predicate = (!icmp_ln3276 & trunc_ln145 == 0)> <Delay = 0.00>
ST_2 : Operation 52 [1/1] (0.45ns)   --->   "%br_ln145 = br void %.split.i41" [/opt/Xilinx/Vitis_HLS/2021.1/common/technology/autopilot/hls_stream_39.h:145]   --->   Operation 52 'br' 'br_ln145' <Predicate = (!icmp_ln3276 & trunc_ln145 == 0)> <Delay = 0.45>
ST_2 : Operation 53 [1/1] (1.46ns)   --->   "%empty_264 = read i54 @_ssdm_op_Read.ap_fifo.volatile.i27P0A.i27P0A, i27 %fftOutStrm_V_M_real_V_3, i27 %fftOutStrm_V_M_imag_V_3" [/opt/Xilinx/Vitis_HLS/2021.1/common/technology/autopilot/hls_stream_39.h:145]   --->   Operation 53 'read' 'empty_264' <Predicate = (!icmp_ln3276 & trunc_ln145 == 3)> <Delay = 1.46> <CoreInst = "FIFO_SRL">   --->   Core 81 'FIFO_SRL' <Latency = 0> <II = 1> <Delay = 1.46> <Storage> <Opcode : 'read' 'write' 'nbread' 'nbwrite'> <Ports = 0> <Width = 27> <Depth = 4> <FIFO>
ST_2 : Operation 54 [1/1] (0.00ns)   --->   "%fftOutStrm_V_M_real_V_3_val = extractvalue i54 %empty_264" [/opt/Xilinx/Vitis_HLS/2021.1/common/technology/autopilot/hls_stream_39.h:145]   --->   Operation 54 'extractvalue' 'fftOutStrm_V_M_real_V_3_val' <Predicate = (!icmp_ln3276 & trunc_ln145 == 3)> <Delay = 0.00>
ST_2 : Operation 55 [1/1] (0.00ns)   --->   "%fftOutStrm_V_M_imag_V_3_val = extractvalue i54 %empty_264" [/opt/Xilinx/Vitis_HLS/2021.1/common/technology/autopilot/hls_stream_39.h:145]   --->   Operation 55 'extractvalue' 'fftOutStrm_V_M_imag_V_3_val' <Predicate = (!icmp_ln3276 & trunc_ln145 == 3)> <Delay = 0.00>
ST_2 : Operation 56 [1/1] (0.45ns)   --->   "%br_ln145 = br void %.split.i41" [/opt/Xilinx/Vitis_HLS/2021.1/common/technology/autopilot/hls_stream_39.h:145]   --->   Operation 56 'br' 'br_ln145' <Predicate = (!icmp_ln3276 & trunc_ln145 == 3)> <Delay = 0.45>
ST_2 : Operation 57 [1/1] (0.00ns)   --->   "%p_04_0_0_0_i2_0 = phi i27 %fftOutStrm_V_M_real_V_3_val, void %branch19, i27 %fftOutStrm_V_M_real_V_2_val, void %branch22, i27 %fftOutStrm_V_M_real_V_1_val, void %branch17, i27 %fftOutStrm_V_M_real_V_0_val, void %branch16" [/opt/Xilinx/Vitis_HLS/2021.1/common/technology/autopilot/hls_stream_39.h:145]   --->   Operation 57 'phi' 'p_04_0_0_0_i2_0' <Predicate = true> <Delay = 0.00>
ST_2 : Operation 58 [1/1] (0.00ns)   --->   "%p_15_0_0_0_i1_0 = phi i27 %fftOutStrm_V_M_imag_V_3_val, void %branch19, i27 %fftOutStrm_V_M_imag_V_2_val, void %branch22, i27 %fftOutStrm_V_M_imag_V_1_val, void %branch17, i27 %fftOutStrm_V_M_imag_V_0_val, void %branch16" [/opt/Xilinx/Vitis_HLS/2021.1/common/technology/autopilot/hls_stream_39.h:145]   --->   Operation 58 'phi' 'p_15_0_0_0_i1_0' <Predicate = true> <Delay = 0.00>
ST_2 : Operation 59 [1/1] (0.00ns)   --->   "%p_outDataArray_M_real_V_2_addr = getelementptr i27 %p_outDataArray_M_real_V_2, i64 0, i64 %zext_ln3276" [/home/centos/Vitis_Libraries/dsp/L1/include/hw/vitis_2dfft/fixed/vitis_fft/hls_ssr_fft.hpp:3279]   --->   Operation 59 'getelementptr' 'p_outDataArray_M_real_V_2_addr' <Predicate = (trunc_ln145 == 2)> <Delay = 0.00>
ST_2 : Operation 60 [1/1] (0.69ns)   --->   "%store_ln3279 = store i27 %p_04_0_0_0_i2_0, i2 %p_outDataArray_M_real_V_2_addr" [/home/centos/Vitis_Libraries/dsp/L1/include/hw/vitis_2dfft/fixed/vitis_fft/hls_ssr_fft.hpp:3279]   --->   Operation 60 'store' 'store_ln3279' <Predicate = (trunc_ln145 == 2)> <Delay = 0.69> <CoreInst = "RAM">   --->   Core 83 'RAM' <Latency = 1> <II = 1> <Delay = 0.69> <Storage> <Opcode : 'load' 'store'> <Ports = 2> <Width = 27> <Depth = 4> <RAM>
ST_2 : Operation 61 [1/1] (0.00ns)   --->   "%p_outDataArray_M_imag_V_2_addr = getelementptr i27 %p_outDataArray_M_imag_V_2, i64 0, i64 %zext_ln3276" [/home/centos/Vitis_Libraries/dsp/L1/include/hw/vitis_2dfft/fixed/vitis_fft/hls_ssr_fft.hpp:3279]   --->   Operation 61 'getelementptr' 'p_outDataArray_M_imag_V_2_addr' <Predicate = (trunc_ln145 == 2)> <Delay = 0.00>
ST_2 : Operation 62 [1/1] (0.69ns)   --->   "%store_ln3279 = store i27 %p_15_0_0_0_i1_0, i2 %p_outDataArray_M_imag_V_2_addr" [/home/centos/Vitis_Libraries/dsp/L1/include/hw/vitis_2dfft/fixed/vitis_fft/hls_ssr_fft.hpp:3279]   --->   Operation 62 'store' 'store_ln3279' <Predicate = (trunc_ln145 == 2)> <Delay = 0.69> <CoreInst = "RAM">   --->   Core 83 'RAM' <Latency = 1> <II = 1> <Delay = 0.69> <Storage> <Opcode : 'load' 'store'> <Ports = 2> <Width = 27> <Depth = 4> <RAM>
ST_2 : Operation 63 [1/1] (0.00ns)   --->   "%br_ln0 = br void %.split.i1319"   --->   Operation 63 'br' 'br_ln0' <Predicate = (trunc_ln145 == 2)> <Delay = 0.00>
ST_2 : Operation 64 [1/1] (0.00ns)   --->   "%p_outDataArray_M_real_V_1_addr = getelementptr i27 %p_outDataArray_M_real_V_1, i64 0, i64 %zext_ln3276" [/home/centos/Vitis_Libraries/dsp/L1/include/hw/vitis_2dfft/fixed/vitis_fft/hls_ssr_fft.hpp:3279]   --->   Operation 64 'getelementptr' 'p_outDataArray_M_real_V_1_addr' <Predicate = (trunc_ln145 == 1)> <Delay = 0.00>
ST_2 : Operation 65 [1/1] (0.69ns)   --->   "%store_ln3279 = store i27 %p_04_0_0_0_i2_0, i2 %p_outDataArray_M_real_V_1_addr" [/home/centos/Vitis_Libraries/dsp/L1/include/hw/vitis_2dfft/fixed/vitis_fft/hls_ssr_fft.hpp:3279]   --->   Operation 65 'store' 'store_ln3279' <Predicate = (trunc_ln145 == 1)> <Delay = 0.69> <CoreInst = "RAM">   --->   Core 83 'RAM' <Latency = 1> <II = 1> <Delay = 0.69> <Storage> <Opcode : 'load' 'store'> <Ports = 2> <Width = 27> <Depth = 4> <RAM>
ST_2 : Operation 66 [1/1] (0.00ns)   --->   "%p_outDataArray_M_imag_V_1_addr = getelementptr i27 %p_outDataArray_M_imag_V_1, i64 0, i64 %zext_ln3276" [/home/centos/Vitis_Libraries/dsp/L1/include/hw/vitis_2dfft/fixed/vitis_fft/hls_ssr_fft.hpp:3279]   --->   Operation 66 'getelementptr' 'p_outDataArray_M_imag_V_1_addr' <Predicate = (trunc_ln145 == 1)> <Delay = 0.00>
ST_2 : Operation 67 [1/1] (0.69ns)   --->   "%store_ln3279 = store i27 %p_15_0_0_0_i1_0, i2 %p_outDataArray_M_imag_V_1_addr" [/home/centos/Vitis_Libraries/dsp/L1/include/hw/vitis_2dfft/fixed/vitis_fft/hls_ssr_fft.hpp:3279]   --->   Operation 67 'store' 'store_ln3279' <Predicate = (trunc_ln145 == 1)> <Delay = 0.69> <CoreInst = "RAM">   --->   Core 83 'RAM' <Latency = 1> <II = 1> <Delay = 0.69> <Storage> <Opcode : 'load' 'store'> <Ports = 2> <Width = 27> <Depth = 4> <RAM>
ST_2 : Operation 68 [1/1] (0.00ns)   --->   "%br_ln0 = br void %.split.i1319"   --->   Operation 68 'br' 'br_ln0' <Predicate = (trunc_ln145 == 1)> <Delay = 0.00>
ST_2 : Operation 69 [1/1] (0.00ns)   --->   "%p_outDataArray_M_real_V_0_addr = getelementptr i27 %p_outDataArray_M_real_V_0, i64 0, i64 %zext_ln3276" [/home/centos/Vitis_Libraries/dsp/L1/include/hw/vitis_2dfft/fixed/vitis_fft/hls_ssr_fft.hpp:3279]   --->   Operation 69 'getelementptr' 'p_outDataArray_M_real_V_0_addr' <Predicate = (trunc_ln145 == 0)> <Delay = 0.00>
ST_2 : Operation 70 [1/1] (0.69ns)   --->   "%store_ln3279 = store i27 %p_04_0_0_0_i2_0, i2 %p_outDataArray_M_real_V_0_addr" [/home/centos/Vitis_Libraries/dsp/L1/include/hw/vitis_2dfft/fixed/vitis_fft/hls_ssr_fft.hpp:3279]   --->   Operation 70 'store' 'store_ln3279' <Predicate = (trunc_ln145 == 0)> <Delay = 0.69> <CoreInst = "RAM">   --->   Core 83 'RAM' <Latency = 1> <II = 1> <Delay = 0.69> <Storage> <Opcode : 'load' 'store'> <Ports = 2> <Width = 27> <Depth = 4> <RAM>
ST_2 : Operation 71 [1/1] (0.00ns)   --->   "%p_outDataArray_M_imag_V_0_addr = getelementptr i27 %p_outDataArray_M_imag_V_0, i64 0, i64 %zext_ln3276" [/home/centos/Vitis_Libraries/dsp/L1/include/hw/vitis_2dfft/fixed/vitis_fft/hls_ssr_fft.hpp:3279]   --->   Operation 71 'getelementptr' 'p_outDataArray_M_imag_V_0_addr' <Predicate = (trunc_ln145 == 0)> <Delay = 0.00>
ST_2 : Operation 72 [1/1] (0.69ns)   --->   "%store_ln3279 = store i27 %p_15_0_0_0_i1_0, i2 %p_outDataArray_M_imag_V_0_addr" [/home/centos/Vitis_Libraries/dsp/L1/include/hw/vitis_2dfft/fixed/vitis_fft/hls_ssr_fft.hpp:3279]   --->   Operation 72 'store' 'store_ln3279' <Predicate = (trunc_ln145 == 0)> <Delay = 0.69> <CoreInst = "RAM">   --->   Core 83 'RAM' <Latency = 1> <II = 1> <Delay = 0.69> <Storage> <Opcode : 'load' 'store'> <Ports = 2> <Width = 27> <Depth = 4> <RAM>
ST_2 : Operation 73 [1/1] (0.00ns)   --->   "%br_ln0 = br void %.split.i1319"   --->   Operation 73 'br' 'br_ln0' <Predicate = (trunc_ln145 == 0)> <Delay = 0.00>
ST_2 : Operation 74 [1/1] (0.00ns)   --->   "%p_outDataArray_M_real_V_3_addr = getelementptr i27 %p_outDataArray_M_real_V_3, i64 0, i64 %zext_ln3276" [/home/centos/Vitis_Libraries/dsp/L1/include/hw/vitis_2dfft/fixed/vitis_fft/hls_ssr_fft.hpp:3279]   --->   Operation 74 'getelementptr' 'p_outDataArray_M_real_V_3_addr' <Predicate = (trunc_ln145 == 3)> <Delay = 0.00>
ST_2 : Operation 75 [1/1] (0.69ns)   --->   "%store_ln3279 = store i27 %p_04_0_0_0_i2_0, i2 %p_outDataArray_M_real_V_3_addr" [/home/centos/Vitis_Libraries/dsp/L1/include/hw/vitis_2dfft/fixed/vitis_fft/hls_ssr_fft.hpp:3279]   --->   Operation 75 'store' 'store_ln3279' <Predicate = (trunc_ln145 == 3)> <Delay = 0.69> <CoreInst = "RAM">   --->   Core 83 'RAM' <Latency = 1> <II = 1> <Delay = 0.69> <Storage> <Opcode : 'load' 'store'> <Ports = 2> <Width = 27> <Depth = 4> <RAM>
ST_2 : Operation 76 [1/1] (0.00ns)   --->   "%p_outDataArray_M_imag_V_3_addr = getelementptr i27 %p_outDataArray_M_imag_V_3, i64 0, i64 %zext_ln3276" [/home/centos/Vitis_Libraries/dsp/L1/include/hw/vitis_2dfft/fixed/vitis_fft/hls_ssr_fft.hpp:3279]   --->   Operation 76 'getelementptr' 'p_outDataArray_M_imag_V_3_addr' <Predicate = (trunc_ln145 == 3)> <Delay = 0.00>
ST_2 : Operation 77 [1/1] (0.69ns)   --->   "%store_ln3279 = store i27 %p_15_0_0_0_i1_0, i2 %p_outDataArray_M_imag_V_3_addr" [/home/centos/Vitis_Libraries/dsp/L1/include/hw/vitis_2dfft/fixed/vitis_fft/hls_ssr_fft.hpp:3279]   --->   Operation 77 'store' 'store_ln3279' <Predicate = (trunc_ln145 == 3)> <Delay = 0.69> <CoreInst = "RAM">   --->   Core 83 'RAM' <Latency = 1> <II = 1> <Delay = 0.69> <Storage> <Opcode : 'load' 'store'> <Ports = 2> <Width = 27> <Depth = 4> <RAM>
ST_2 : Operation 78 [1/1] (0.00ns)   --->   "%br_ln0 = br void %.split.i1319"   --->   Operation 78 'br' 'br_ln0' <Predicate = (trunc_ln145 == 3)> <Delay = 0.00>
ST_2 : Operation 79 [1/1] (0.38ns)   --->   "%store_ln3276 = store i3 %select_ln3276_3, i3 %i" [/home/centos/Vitis_Libraries/dsp/L1/include/hw/vitis_2dfft/fixed/vitis_fft/hls_ssr_fft.hpp:3276]   --->   Operation 79 'store' 'store_ln3276' <Predicate = true> <Delay = 0.38>
ST_2 : Operation 80 [1/1] (0.00ns)   --->   "%br_ln0 = br void"   --->   Operation 80 'br' 'br_ln0' <Predicate = true> <Delay = 0.00>


============================================================
+ Verbose Summary: Timing violations
============================================================
Target clock period: 4ns, clock uncertainty: 1.08ns.

 <State 1>: 1.74ns
The critical path consists of the following:
	'alloca' operation ('j') [17]  (0 ns)
	'load' operation ('j_load', /home/centos/Vitis_Libraries/dsp/L1/include/hw/vitis_2dfft/fixed/vitis_fft/hls_ssr_fft.hpp:3277) on local variable 'j' [38]  (0 ns)
	'icmp' operation ('icmp_ln3277', /home/centos/Vitis_Libraries/dsp/L1/include/hw/vitis_2dfft/fixed/vitis_fft/hls_ssr_fft.hpp:3277) [42]  (0.5 ns)
	'select' operation ('select_ln3276', /home/centos/Vitis_Libraries/dsp/L1/include/hw/vitis_2dfft/fixed/vitis_fft/hls_ssr_fft.hpp:3276) [43]  (0.278 ns)
	'add' operation ('add_ln3277', /home/centos/Vitis_Libraries/dsp/L1/include/hw/vitis_2dfft/fixed/vitis_fft/hls_ssr_fft.hpp:3277) [100]  (0.572 ns)
	'store' operation ('store_ln3277', /home/centos/Vitis_Libraries/dsp/L1/include/hw/vitis_2dfft/fixed/vitis_fft/hls_ssr_fft.hpp:3277) of variable 'add_ln3277', /home/centos/Vitis_Libraries/dsp/L1/include/hw/vitis_2dfft/fixed/vitis_fft/hls_ssr_fft.hpp:3277 on local variable 'j' [103]  (0.387 ns)

 <State 2>: 2.61ns
The critical path consists of the following:
	fifo read operation ('empty_263', /opt/Xilinx/Vitis_HLS/2021.1/common/technology/autopilot/hls_stream_39.h:145) on port 'fftOutStrm_V_M_real_V_2' (/opt/Xilinx/Vitis_HLS/2021.1/common/technology/autopilot/hls_stream_39.h:145) [52]  (1.46 ns)
	multiplexor before 'phi' operation ('p_04_0_0_0_i2_0', /opt/Xilinx/Vitis_HLS/2021.1/common/technology/autopilot/hls_stream_39.h:145) with incoming values : ('fftOutStrm_V_M_real_V_2_val', /opt/Xilinx/Vitis_HLS/2021.1/common/technology/autopilot/hls_stream_39.h:145) ('fftOutStrm_V_M_real_V_1_val', /opt/Xilinx/Vitis_HLS/2021.1/common/technology/autopilot/hls_stream_39.h:145) ('fftOutStrm_V_M_real_V_0_val', /opt/Xilinx/Vitis_HLS/2021.1/common/technology/autopilot/hls_stream_39.h:145) ('fftOutStrm_V_M_real_V_3_val', /opt/Xilinx/Vitis_HLS/2021.1/common/technology/autopilot/hls_stream_39.h:145) [72]  (0.453 ns)
	'phi' operation ('p_04_0_0_0_i2_0', /opt/Xilinx/Vitis_HLS/2021.1/common/technology/autopilot/hls_stream_39.h:145) with incoming values : ('fftOutStrm_V_M_real_V_2_val', /opt/Xilinx/Vitis_HLS/2021.1/common/technology/autopilot/hls_stream_39.h:145) ('fftOutStrm_V_M_real_V_1_val', /opt/Xilinx/Vitis_HLS/2021.1/common/technology/autopilot/hls_stream_39.h:145) ('fftOutStrm_V_M_real_V_0_val', /opt/Xilinx/Vitis_HLS/2021.1/common/technology/autopilot/hls_stream_39.h:145) ('fftOutStrm_V_M_real_V_3_val', /opt/Xilinx/Vitis_HLS/2021.1/common/technology/autopilot/hls_stream_39.h:145) [72]  (0 ns)
	'store' operation ('store_ln3279', /home/centos/Vitis_Libraries/dsp/L1/include/hw/vitis_2dfft/fixed/vitis_fft/hls_ssr_fft.hpp:3279) of variable 'p_04_0_0_0_i2_0', /opt/Xilinx/Vitis_HLS/2021.1/common/technology/autopilot/hls_stream_39.h:145 on array 'p_outDataArray_M_real_V_3' [95]  (0.699 ns)


============================================================
+ Verbose Summary: Binding
============================================================
N/A
* FSMD analyzer results:
  - Output states:
 - Input state : 
  - Chain level:
	State 1
	State 2


============================================================
+ Verbose Summary: Datapath Resource usage 
============================================================
N/A
