

================================================================
== Vitis HLS Report for 'genMemWideFFTKernel1DArray_1'
================================================================
* Date:           Thu Jan 27 12:43:50 2022

* Version:        2021.1 (Build 3247384 on Thu Jun 10 19:36:07 MDT 2021)
* Project:        fft2DKernel
* Solution:       solution (Vitis Kernel Flow Target)
* Product family: virtexuplus
* Target device:  xcvu9p-flgb2104-2-i


================================================================
== Performance Estimates
================================================================
+ Timing: 
    * Summary: 
    +--------+---------+----------+------------+
    |  Clock |  Target | Estimated| Uncertainty|
    +--------+---------+----------+------------+
    |ap_clk  |  4.00 ns|  3.086 ns|     1.08 ns|
    +--------+---------+----------+------------+

+ Latency: 
    * Summary: 
    +---------+---------+----------+----------+-----+-----+----------+
    |  Latency (cycles) |  Latency (absolute) |  Interval | Pipeline |
    |   min   |   max   |    min   |    max   | min | max |   Type   |
    +---------+---------+----------+----------+-----+-----+----------+
    |        ?|        ?|         ?|         ?|    ?|    ?|  dataflow|
    +---------+---------+----------+----------+-----+-----+----------+

    + Detail: 
        * Instance: 
        N/A

        * Loop: 
        N/A

============================================================
+ Verbose Summary: Synthesis Manager
============================================================
InlineROM: 1
ExposeGlobal: 0
============================================================
+ Verbose Summary: CDFG Model
============================================================
IsTopModel: 0
ResetActiveHigh: 1
IsCombinational: 2
IsDatapathOnly: 0
HasWiredReturn: 1
HasMFsm: 0
HasVarLatency: 1
IsPipeline: 0
IsRtlPipelined: 0
IsInstanceOverlapped: 0
IsDontTouch: 0
HasImplIP: 0
IsGatedGlobalClock: 0


============================================================
+ Verbose Summary: Schedule
============================================================
* Number of FSM states : 6
* Pipeline : 0
* Dataflow Pipeline: 1
  DF-Pipeline-0: Size = 6, States = { 1 2 3 4 5 6 }

* FSM state transitions: 
1 --> 2 
2 --> 3 
3 --> 4 
4 --> 5 
5 --> 6 
6 --> 

* FSM state operations: 

State 1 <SV = 0> <Delay = 0.00>
ST_1 : Operation 7 [1/1] (0.00ns)   --->   "%ssrWideStream4kernelIn = alloca i64 1" [/home/centos/Vitis_Libraries/dsp/L1/include/hw/vitis_2dfft/fixed/vitis_fft/hls_ssr_fft_streaming_kernel.hpp:200]   --->   Operation 7 'alloca' 'ssrWideStream4kernelIn' <Predicate = true> <Delay = 0.00> <CoreInst = "FIFO_LUTRAM">   --->   Core 80 'FIFO_LUTRAM' <Latency = 0> <II = 1> <Delay = 1.43> <Storage> <Opcode : 'read' 'write' 'nbread' 'nbwrite'> <Ports = 0> <Width = 256> <Depth = 2> <FIFO>
ST_1 : Operation 8 [1/1] (0.00ns)   --->   "%ssrWideStream4kernelOut = alloca i64 1" [/home/centos/Vitis_Libraries/dsp/L1/include/hw/vitis_2dfft/fixed/vitis_fft/hls_ssr_fft_streaming_kernel.hpp:205]   --->   Operation 8 'alloca' 'ssrWideStream4kernelOut' <Predicate = true> <Delay = 0.00> <CoreInst = "FIFO_LUTRAM">   --->   Core 80 'FIFO_LUTRAM' <Latency = 0> <II = 1> <Delay = 1.43> <Storage> <Opcode : 'read' 'write' 'nbread' 'nbwrite'> <Ports = 0> <Width = 256> <Depth = 2> <FIFO>
ST_1 : Operation 9 [2/2] (0.00ns)   --->   "%call_ln211 = call void @wideToNarrowConverter<8u, 4u, 16u, complex<ap_fixed<22, 8, 5, 3, 0> > >.182, i22 %p_inMemWideStreamArray_0_0_0_0_0_018, i22 %p_inMemWideStreamArray_0_0_0_0_0_019, i22 %p_inMemWideStreamArray_0_0_0_0_0_0110, i22 %p_inMemWideStreamArray_0_0_0_0_0_0111, i22 %p_inMemWideStreamArray_0_0_0_0_0_0112, i22 %p_inMemWideStreamArray_0_0_0_0_0_0113, i22 %p_inMemWideStreamArray_0_0_0_0_0_0114, i22 %p_inMemWideStreamArray_0_0_0_0_0_0115, i22 %p_inMemWideStreamArray_0_0_1_0_0_02, i22 %p_inMemWideStreamArray_0_0_1_0_0_0223, i22 %p_inMemWideStreamArray_0_0_1_0_0_0224, i22 %p_inMemWideStreamArray_0_0_1_0_0_0225, i22 %p_inMemWideStreamArray_0_0_1_0_0_0226, i22 %p_inMemWideStreamArray_0_0_1_0_0_0227, i22 %p_inMemWideStreamArray_0_0_1_0_0_0228, i22 %p_inMemWideStreamArray_0_0_1_0_0_0229, i256 %ssrWideStream4kernelIn" [/home/centos/Vitis_Libraries/dsp/L1/include/hw/vitis_2dfft/fixed/vitis_fft/hls_ssr_fft_streaming_kernel.hpp:211]   --->   Operation 9 'call' 'call_ln211' <Predicate = true> <Delay = 0.00> <CoreType = "Generic">   --->   Core 0 '' <Latency = 0> <II = 1> <Delay = 1.00> <Generic> <Opcode : >
ST_1 : Operation 10 [2/2] (0.00ns)   --->   "%call_ln227 = call void @genMemWideFFTKernel1DArray.3, i22 %p_inMemWideStreamArray_0_0_0_0_0_0, i22 %p_inMemWideStreamArray_0_0_0_0_0_01, i22 %p_inMemWideStreamArray_0_0_0_0_0_02, i22 %p_inMemWideStreamArray_0_0_0_0_0_03, i22 %p_inMemWideStreamArray_0_0_0_0_0_04, i22 %p_inMemWideStreamArray_0_0_0_0_0_05, i22 %p_inMemWideStreamArray_0_0_0_0_0_06, i22 %p_inMemWideStreamArray_0_0_0_0_0_07, i22 %p_inMemWideStreamArray_0_0_1_0_0_0, i22 %p_inMemWideStreamArray_0_0_1_0_0_016, i22 %p_inMemWideStreamArray_0_0_1_0_0_017, i22 %p_inMemWideStreamArray_0_0_1_0_0_018, i22 %p_inMemWideStreamArray_0_0_1_0_0_019, i22 %p_inMemWideStreamArray_0_0_1_0_0_020, i22 %p_inMemWideStreamArray_0_0_1_0_0_021, i22 %p_inMemWideStreamArray_0_0_1_0_0_022, i27 %p_outMemWideStreamArray_0_0_0_0_0_0, i27 %p_outMemWideStreamArray_0_0_0_0_0_030, i27 %p_outMemWideStreamArray_0_0_0_0_0_031, i27 %p_outMemWideStreamArray_0_0_0_0_0_032, i27 %p_outMemWideStreamArray_0_0_0_0_0_033, i27 %p_outMemWideStreamArray_0_0_0_0_0_034, i27 %p_outMemWideStreamArray_0_0_0_0_0_035, i27 %p_outMemWideStreamArray_0_0_0_0_0_036, i27 %p_outMemWideStreamArray_0_0_1_0_0_0, i27 %p_outMemWideStreamArray_0_0_1_0_0_044, i27 %p_outMemWideStreamArray_0_0_1_0_0_045, i27 %p_outMemWideStreamArray_0_0_1_0_0_046, i27 %p_outMemWideStreamArray_0_0_1_0_0_047, i27 %p_outMemWideStreamArray_0_0_1_0_0_048, i27 %p_outMemWideStreamArray_0_0_1_0_0_049, i27 %p_outMemWideStreamArray_0_0_1_0_0_050, i2 %control_count_V_2, i2 %control_bits_V_2, i2 %sample_in_read_count_V_2, i1 %delay_line_stall_2, i45 %delayline_Array_29, i45 %delayline_Array_32, i45 %delayline_Array_34, i32 %control_delayline_Array_23, i32 %control_delayline_Array_1, i32 %control_delayline_Array_3, i45 %delayline_Array_28, i45 %delayline_Array_31, i45 %delayline_Array_33, i18 %twiddleObj_twiddleTable_M_imag_V_3, i2 %control_count_V_1, i2 %control_bits_V_1, i2 %sample_in_read_count_V_1, i1 %delay_line_stall_1, i51 %delayline_Array_21, i51 %delayline_Array_23, i51 %delayline_Array_27, i32 %control_delayline_Array_19, i32 %control_delayline_Array_20, i32 %control_delayline_Array_22, i51 %delayline_Array_20, i51 %delayline_Array_22, i51 %delayline_Array_26" [/home/centos/Vitis_Libraries/dsp/L1/include/hw/vitis_2dfft/fixed/vitis_fft/hls_ssr_fft_streaming_kernel.hpp:227]   --->   Operation 10 'call' 'call_ln227' <Predicate = true> <Delay = 0.00> <CoreType = "Generic">   --->   Core 0 '' <Latency = 0> <II = 1> <Delay = 1.00> <Generic> <Opcode : >

State 2 <SV = 1> <Delay = 0.00>
ST_2 : Operation 11 [1/2] (0.00ns)   --->   "%call_ln211 = call void @wideToNarrowConverter<8u, 4u, 16u, complex<ap_fixed<22, 8, 5, 3, 0> > >.182, i22 %p_inMemWideStreamArray_0_0_0_0_0_018, i22 %p_inMemWideStreamArray_0_0_0_0_0_019, i22 %p_inMemWideStreamArray_0_0_0_0_0_0110, i22 %p_inMemWideStreamArray_0_0_0_0_0_0111, i22 %p_inMemWideStreamArray_0_0_0_0_0_0112, i22 %p_inMemWideStreamArray_0_0_0_0_0_0113, i22 %p_inMemWideStreamArray_0_0_0_0_0_0114, i22 %p_inMemWideStreamArray_0_0_0_0_0_0115, i22 %p_inMemWideStreamArray_0_0_1_0_0_02, i22 %p_inMemWideStreamArray_0_0_1_0_0_0223, i22 %p_inMemWideStreamArray_0_0_1_0_0_0224, i22 %p_inMemWideStreamArray_0_0_1_0_0_0225, i22 %p_inMemWideStreamArray_0_0_1_0_0_0226, i22 %p_inMemWideStreamArray_0_0_1_0_0_0227, i22 %p_inMemWideStreamArray_0_0_1_0_0_0228, i22 %p_inMemWideStreamArray_0_0_1_0_0_0229, i256 %ssrWideStream4kernelIn" [/home/centos/Vitis_Libraries/dsp/L1/include/hw/vitis_2dfft/fixed/vitis_fft/hls_ssr_fft_streaming_kernel.hpp:211]   --->   Operation 11 'call' 'call_ln211' <Predicate = true> <Delay = 0.00> <CoreType = "Generic">   --->   Core 0 '' <Latency = 0> <II = 1> <Delay = 1.00> <Generic> <Opcode : >
ST_2 : Operation 12 [1/2] (0.00ns)   --->   "%call_ln227 = call void @genMemWideFFTKernel1DArray.3, i22 %p_inMemWideStreamArray_0_0_0_0_0_0, i22 %p_inMemWideStreamArray_0_0_0_0_0_01, i22 %p_inMemWideStreamArray_0_0_0_0_0_02, i22 %p_inMemWideStreamArray_0_0_0_0_0_03, i22 %p_inMemWideStreamArray_0_0_0_0_0_04, i22 %p_inMemWideStreamArray_0_0_0_0_0_05, i22 %p_inMemWideStreamArray_0_0_0_0_0_06, i22 %p_inMemWideStreamArray_0_0_0_0_0_07, i22 %p_inMemWideStreamArray_0_0_1_0_0_0, i22 %p_inMemWideStreamArray_0_0_1_0_0_016, i22 %p_inMemWideStreamArray_0_0_1_0_0_017, i22 %p_inMemWideStreamArray_0_0_1_0_0_018, i22 %p_inMemWideStreamArray_0_0_1_0_0_019, i22 %p_inMemWideStreamArray_0_0_1_0_0_020, i22 %p_inMemWideStreamArray_0_0_1_0_0_021, i22 %p_inMemWideStreamArray_0_0_1_0_0_022, i27 %p_outMemWideStreamArray_0_0_0_0_0_0, i27 %p_outMemWideStreamArray_0_0_0_0_0_030, i27 %p_outMemWideStreamArray_0_0_0_0_0_031, i27 %p_outMemWideStreamArray_0_0_0_0_0_032, i27 %p_outMemWideStreamArray_0_0_0_0_0_033, i27 %p_outMemWideStreamArray_0_0_0_0_0_034, i27 %p_outMemWideStreamArray_0_0_0_0_0_035, i27 %p_outMemWideStreamArray_0_0_0_0_0_036, i27 %p_outMemWideStreamArray_0_0_1_0_0_0, i27 %p_outMemWideStreamArray_0_0_1_0_0_044, i27 %p_outMemWideStreamArray_0_0_1_0_0_045, i27 %p_outMemWideStreamArray_0_0_1_0_0_046, i27 %p_outMemWideStreamArray_0_0_1_0_0_047, i27 %p_outMemWideStreamArray_0_0_1_0_0_048, i27 %p_outMemWideStreamArray_0_0_1_0_0_049, i27 %p_outMemWideStreamArray_0_0_1_0_0_050, i2 %control_count_V_2, i2 %control_bits_V_2, i2 %sample_in_read_count_V_2, i1 %delay_line_stall_2, i45 %delayline_Array_29, i45 %delayline_Array_32, i45 %delayline_Array_34, i32 %control_delayline_Array_23, i32 %control_delayline_Array_1, i32 %control_delayline_Array_3, i45 %delayline_Array_28, i45 %delayline_Array_31, i45 %delayline_Array_33, i18 %twiddleObj_twiddleTable_M_imag_V_3, i2 %control_count_V_1, i2 %control_bits_V_1, i2 %sample_in_read_count_V_1, i1 %delay_line_stall_1, i51 %delayline_Array_21, i51 %delayline_Array_23, i51 %delayline_Array_27, i32 %control_delayline_Array_19, i32 %control_delayline_Array_20, i32 %control_delayline_Array_22, i51 %delayline_Array_20, i51 %delayline_Array_22, i51 %delayline_Array_26" [/home/centos/Vitis_Libraries/dsp/L1/include/hw/vitis_2dfft/fixed/vitis_fft/hls_ssr_fft_streaming_kernel.hpp:227]   --->   Operation 12 'call' 'call_ln227' <Predicate = true> <Delay = 0.00> <CoreType = "Generic">   --->   Core 0 '' <Latency = 0> <II = 1> <Delay = 1.00> <Generic> <Opcode : >

State 3 <SV = 2> <Delay = 0.00>
ST_3 : Operation 13 [2/2] (0.00ns)   --->   "%call_ln219 = call void @fftStreamingKernel.2, i256 %ssrWideStream4kernelIn, i256 %ssrWideStream4kernelOut, i2 %control_count_V_7, i2 %control_bits_V_7, i2 %sample_in_read_count_V_7, i1 %delay_line_stall_7, i45 %delayline_Array_14, i45 %delayline_Array_16, i45 %delayline_Array_19, i32 %control_delayline_Array_17, i32 %control_delayline_Array_2, i32 %control_delayline_Array_18, i45 %delayline_Array_12, i45 %delayline_Array_15, i45 %delayline_Array_17, i18 %twiddleObj_twiddleTable_M_imag_V_2, i2 %control_count_V_6, i2 %control_bits_V_6, i2 %sample_in_read_count_V_6, i1 %delay_line_stall_6, i51 %delayline_Array_4, i51 %delayline_Array_8, i51 %delayline_Array_10, i32 %control_delayline_Array_14, i32 %control_delayline_Array_15, i32 %control_delayline_Array_16, i51 %delayline_Array_3, i51 %delayline_Array_7, i51 %delayline_Array_9" [/home/centos/Vitis_Libraries/dsp/L1/include/hw/vitis_2dfft/fixed/vitis_fft/hls_ssr_fft_streaming_kernel.hpp:219]   --->   Operation 13 'call' 'call_ln219' <Predicate = true> <Delay = 0.00> <CoreType = "Generic">   --->   Core 0 '' <Latency = 0> <II = 1> <Delay = 1.00> <Generic> <Opcode : >

State 4 <SV = 3> <Delay = 0.00>
ST_4 : Operation 14 [1/2] (0.00ns)   --->   "%call_ln219 = call void @fftStreamingKernel.2, i256 %ssrWideStream4kernelIn, i256 %ssrWideStream4kernelOut, i2 %control_count_V_7, i2 %control_bits_V_7, i2 %sample_in_read_count_V_7, i1 %delay_line_stall_7, i45 %delayline_Array_14, i45 %delayline_Array_16, i45 %delayline_Array_19, i32 %control_delayline_Array_17, i32 %control_delayline_Array_2, i32 %control_delayline_Array_18, i45 %delayline_Array_12, i45 %delayline_Array_15, i45 %delayline_Array_17, i18 %twiddleObj_twiddleTable_M_imag_V_2, i2 %control_count_V_6, i2 %control_bits_V_6, i2 %sample_in_read_count_V_6, i1 %delay_line_stall_6, i51 %delayline_Array_4, i51 %delayline_Array_8, i51 %delayline_Array_10, i32 %control_delayline_Array_14, i32 %control_delayline_Array_15, i32 %control_delayline_Array_16, i51 %delayline_Array_3, i51 %delayline_Array_7, i51 %delayline_Array_9" [/home/centos/Vitis_Libraries/dsp/L1/include/hw/vitis_2dfft/fixed/vitis_fft/hls_ssr_fft_streaming_kernel.hpp:219]   --->   Operation 14 'call' 'call_ln219' <Predicate = true> <Delay = 0.00> <CoreType = "Generic">   --->   Core 0 '' <Latency = 0> <II = 1> <Delay = 1.00> <Generic> <Opcode : >

State 5 <SV = 4> <Delay = 0.00>
ST_5 : Operation 15 [2/2] (0.00ns)   --->   "%call_ln224 = call void @narrowToWideConverter<4u, 8u, 16u, complex<ap_fixed<27, 13, 5, 3, 0> > >.183, i256 %ssrWideStream4kernelOut, i27 %p_outMemWideStreamArray_0_0_0_0_0_03, i27 %p_outMemWideStreamArray_0_0_0_0_0_0337, i27 %p_outMemWideStreamArray_0_0_0_0_0_0338, i27 %p_outMemWideStreamArray_0_0_0_0_0_0339, i27 %p_outMemWideStreamArray_0_0_0_0_0_0340, i27 %p_outMemWideStreamArray_0_0_0_0_0_0341, i27 %p_outMemWideStreamArray_0_0_0_0_0_0342, i27 %p_outMemWideStreamArray_0_0_0_0_0_0343, i27 %p_outMemWideStreamArray_0_0_1_0_0_04, i27 %p_outMemWideStreamArray_0_0_1_0_0_0451, i27 %p_outMemWideStreamArray_0_0_1_0_0_0452, i27 %p_outMemWideStreamArray_0_0_1_0_0_0453, i27 %p_outMemWideStreamArray_0_0_1_0_0_0454, i27 %p_outMemWideStreamArray_0_0_1_0_0_0455, i27 %p_outMemWideStreamArray_0_0_1_0_0_0456, i27 %p_outMemWideStreamArray_0_0_1_0_0_0457" [/home/centos/Vitis_Libraries/dsp/L1/include/hw/vitis_2dfft/fixed/vitis_fft/hls_ssr_fft_streaming_kernel.hpp:224]   --->   Operation 15 'call' 'call_ln224' <Predicate = true> <Delay = 0.00> <CoreType = "Generic">   --->   Core 0 '' <Latency = 0> <II = 1> <Delay = 1.00> <Generic> <Opcode : >

State 6 <SV = 5> <Delay = 0.00>
ST_6 : Operation 16 [1/1] (0.00ns)   --->   "%specinterface_ln0 = specinterface void @_ssdm_op_SpecInterface, i27 %p_outMemWideStreamArray_0_0_1_0_0_0457, void @ap_fifo_str, i32 0, i32 0, void @p_str, i32 0, i32 0, void @p_str, void @p_str, void @p_str, i32 2, i32 2, i32 16, i32 16, void @p_str, void @p_str"   --->   Operation 16 'specinterface' 'specinterface_ln0' <Predicate = true> <Delay = 0.00>
ST_6 : Operation 17 [1/1] (0.00ns)   --->   "%specinterface_ln0 = specinterface void @_ssdm_op_SpecInterface, i27 %p_outMemWideStreamArray_0_0_1_0_0_0456, void @ap_fifo_str, i32 0, i32 0, void @p_str, i32 0, i32 0, void @p_str, void @p_str, void @p_str, i32 2, i32 2, i32 16, i32 16, void @p_str, void @p_str"   --->   Operation 17 'specinterface' 'specinterface_ln0' <Predicate = true> <Delay = 0.00>
ST_6 : Operation 18 [1/1] (0.00ns)   --->   "%specinterface_ln0 = specinterface void @_ssdm_op_SpecInterface, i27 %p_outMemWideStreamArray_0_0_1_0_0_0455, void @ap_fifo_str, i32 0, i32 0, void @p_str, i32 0, i32 0, void @p_str, void @p_str, void @p_str, i32 2, i32 2, i32 16, i32 16, void @p_str, void @p_str"   --->   Operation 18 'specinterface' 'specinterface_ln0' <Predicate = true> <Delay = 0.00>
ST_6 : Operation 19 [1/1] (0.00ns)   --->   "%specinterface_ln0 = specinterface void @_ssdm_op_SpecInterface, i27 %p_outMemWideStreamArray_0_0_1_0_0_0454, void @ap_fifo_str, i32 0, i32 0, void @p_str, i32 0, i32 0, void @p_str, void @p_str, void @p_str, i32 2, i32 2, i32 16, i32 16, void @p_str, void @p_str"   --->   Operation 19 'specinterface' 'specinterface_ln0' <Predicate = true> <Delay = 0.00>
ST_6 : Operation 20 [1/1] (0.00ns)   --->   "%specinterface_ln0 = specinterface void @_ssdm_op_SpecInterface, i27 %p_outMemWideStreamArray_0_0_1_0_0_0453, void @ap_fifo_str, i32 0, i32 0, void @p_str, i32 0, i32 0, void @p_str, void @p_str, void @p_str, i32 2, i32 2, i32 16, i32 16, void @p_str, void @p_str"   --->   Operation 20 'specinterface' 'specinterface_ln0' <Predicate = true> <Delay = 0.00>
ST_6 : Operation 21 [1/1] (0.00ns)   --->   "%specinterface_ln0 = specinterface void @_ssdm_op_SpecInterface, i27 %p_outMemWideStreamArray_0_0_1_0_0_0452, void @ap_fifo_str, i32 0, i32 0, void @p_str, i32 0, i32 0, void @p_str, void @p_str, void @p_str, i32 2, i32 2, i32 16, i32 16, void @p_str, void @p_str"   --->   Operation 21 'specinterface' 'specinterface_ln0' <Predicate = true> <Delay = 0.00>
ST_6 : Operation 22 [1/1] (0.00ns)   --->   "%specinterface_ln0 = specinterface void @_ssdm_op_SpecInterface, i27 %p_outMemWideStreamArray_0_0_1_0_0_0451, void @ap_fifo_str, i32 0, i32 0, void @p_str, i32 0, i32 0, void @p_str, void @p_str, void @p_str, i32 2, i32 2, i32 16, i32 16, void @p_str, void @p_str"   --->   Operation 22 'specinterface' 'specinterface_ln0' <Predicate = true> <Delay = 0.00>
ST_6 : Operation 23 [1/1] (0.00ns)   --->   "%specinterface_ln0 = specinterface void @_ssdm_op_SpecInterface, i27 %p_outMemWideStreamArray_0_0_1_0_0_04, void @ap_fifo_str, i32 0, i32 0, void @p_str, i32 0, i32 0, void @p_str, void @p_str, void @p_str, i32 2, i32 2, i32 16, i32 16, void @p_str, void @p_str"   --->   Operation 23 'specinterface' 'specinterface_ln0' <Predicate = true> <Delay = 0.00>
ST_6 : Operation 24 [1/1] (0.00ns)   --->   "%specinterface_ln0 = specinterface void @_ssdm_op_SpecInterface, i27 %p_outMemWideStreamArray_0_0_1_0_0_050, void @ap_fifo_str, i32 0, i32 0, void @p_str, i32 0, i32 0, void @p_str, void @p_str, void @p_str, i32 2, i32 2, i32 16, i32 16, void @p_str, void @p_str"   --->   Operation 24 'specinterface' 'specinterface_ln0' <Predicate = true> <Delay = 0.00>
ST_6 : Operation 25 [1/1] (0.00ns)   --->   "%specinterface_ln0 = specinterface void @_ssdm_op_SpecInterface, i27 %p_outMemWideStreamArray_0_0_1_0_0_049, void @ap_fifo_str, i32 0, i32 0, void @p_str, i32 0, i32 0, void @p_str, void @p_str, void @p_str, i32 2, i32 2, i32 16, i32 16, void @p_str, void @p_str"   --->   Operation 25 'specinterface' 'specinterface_ln0' <Predicate = true> <Delay = 0.00>
ST_6 : Operation 26 [1/1] (0.00ns)   --->   "%specinterface_ln0 = specinterface void @_ssdm_op_SpecInterface, i27 %p_outMemWideStreamArray_0_0_1_0_0_048, void @ap_fifo_str, i32 0, i32 0, void @p_str, i32 0, i32 0, void @p_str, void @p_str, void @p_str, i32 2, i32 2, i32 16, i32 16, void @p_str, void @p_str"   --->   Operation 26 'specinterface' 'specinterface_ln0' <Predicate = true> <Delay = 0.00>
ST_6 : Operation 27 [1/1] (0.00ns)   --->   "%specinterface_ln0 = specinterface void @_ssdm_op_SpecInterface, i27 %p_outMemWideStreamArray_0_0_1_0_0_047, void @ap_fifo_str, i32 0, i32 0, void @p_str, i32 0, i32 0, void @p_str, void @p_str, void @p_str, i32 2, i32 2, i32 16, i32 16, void @p_str, void @p_str"   --->   Operation 27 'specinterface' 'specinterface_ln0' <Predicate = true> <Delay = 0.00>
ST_6 : Operation 28 [1/1] (0.00ns)   --->   "%specinterface_ln0 = specinterface void @_ssdm_op_SpecInterface, i27 %p_outMemWideStreamArray_0_0_1_0_0_046, void @ap_fifo_str, i32 0, i32 0, void @p_str, i32 0, i32 0, void @p_str, void @p_str, void @p_str, i32 2, i32 2, i32 16, i32 16, void @p_str, void @p_str"   --->   Operation 28 'specinterface' 'specinterface_ln0' <Predicate = true> <Delay = 0.00>
ST_6 : Operation 29 [1/1] (0.00ns)   --->   "%specinterface_ln0 = specinterface void @_ssdm_op_SpecInterface, i27 %p_outMemWideStreamArray_0_0_1_0_0_045, void @ap_fifo_str, i32 0, i32 0, void @p_str, i32 0, i32 0, void @p_str, void @p_str, void @p_str, i32 2, i32 2, i32 16, i32 16, void @p_str, void @p_str"   --->   Operation 29 'specinterface' 'specinterface_ln0' <Predicate = true> <Delay = 0.00>
ST_6 : Operation 30 [1/1] (0.00ns)   --->   "%specinterface_ln0 = specinterface void @_ssdm_op_SpecInterface, i27 %p_outMemWideStreamArray_0_0_1_0_0_044, void @ap_fifo_str, i32 0, i32 0, void @p_str, i32 0, i32 0, void @p_str, void @p_str, void @p_str, i32 2, i32 2, i32 16, i32 16, void @p_str, void @p_str"   --->   Operation 30 'specinterface' 'specinterface_ln0' <Predicate = true> <Delay = 0.00>
ST_6 : Operation 31 [1/1] (0.00ns)   --->   "%specinterface_ln0 = specinterface void @_ssdm_op_SpecInterface, i27 %p_outMemWideStreamArray_0_0_1_0_0_0, void @ap_fifo_str, i32 0, i32 0, void @p_str, i32 0, i32 0, void @p_str, void @p_str, void @p_str, i32 2, i32 2, i32 16, i32 16, void @p_str, void @p_str"   --->   Operation 31 'specinterface' 'specinterface_ln0' <Predicate = true> <Delay = 0.00>
ST_6 : Operation 32 [1/1] (0.00ns)   --->   "%specinterface_ln0 = specinterface void @_ssdm_op_SpecInterface, i27 %p_outMemWideStreamArray_0_0_0_0_0_0343, void @ap_fifo_str, i32 0, i32 0, void @p_str, i32 0, i32 0, void @p_str, void @p_str, void @p_str, i32 2, i32 2, i32 16, i32 16, void @p_str, void @p_str"   --->   Operation 32 'specinterface' 'specinterface_ln0' <Predicate = true> <Delay = 0.00>
ST_6 : Operation 33 [1/1] (0.00ns)   --->   "%specinterface_ln0 = specinterface void @_ssdm_op_SpecInterface, i27 %p_outMemWideStreamArray_0_0_0_0_0_0342, void @ap_fifo_str, i32 0, i32 0, void @p_str, i32 0, i32 0, void @p_str, void @p_str, void @p_str, i32 2, i32 2, i32 16, i32 16, void @p_str, void @p_str"   --->   Operation 33 'specinterface' 'specinterface_ln0' <Predicate = true> <Delay = 0.00>
ST_6 : Operation 34 [1/1] (0.00ns)   --->   "%specinterface_ln0 = specinterface void @_ssdm_op_SpecInterface, i27 %p_outMemWideStreamArray_0_0_0_0_0_0341, void @ap_fifo_str, i32 0, i32 0, void @p_str, i32 0, i32 0, void @p_str, void @p_str, void @p_str, i32 2, i32 2, i32 16, i32 16, void @p_str, void @p_str"   --->   Operation 34 'specinterface' 'specinterface_ln0' <Predicate = true> <Delay = 0.00>
ST_6 : Operation 35 [1/1] (0.00ns)   --->   "%specinterface_ln0 = specinterface void @_ssdm_op_SpecInterface, i27 %p_outMemWideStreamArray_0_0_0_0_0_0340, void @ap_fifo_str, i32 0, i32 0, void @p_str, i32 0, i32 0, void @p_str, void @p_str, void @p_str, i32 2, i32 2, i32 16, i32 16, void @p_str, void @p_str"   --->   Operation 35 'specinterface' 'specinterface_ln0' <Predicate = true> <Delay = 0.00>
ST_6 : Operation 36 [1/1] (0.00ns)   --->   "%specinterface_ln0 = specinterface void @_ssdm_op_SpecInterface, i27 %p_outMemWideStreamArray_0_0_0_0_0_0339, void @ap_fifo_str, i32 0, i32 0, void @p_str, i32 0, i32 0, void @p_str, void @p_str, void @p_str, i32 2, i32 2, i32 16, i32 16, void @p_str, void @p_str"   --->   Operation 36 'specinterface' 'specinterface_ln0' <Predicate = true> <Delay = 0.00>
ST_6 : Operation 37 [1/1] (0.00ns)   --->   "%specinterface_ln0 = specinterface void @_ssdm_op_SpecInterface, i27 %p_outMemWideStreamArray_0_0_0_0_0_0338, void @ap_fifo_str, i32 0, i32 0, void @p_str, i32 0, i32 0, void @p_str, void @p_str, void @p_str, i32 2, i32 2, i32 16, i32 16, void @p_str, void @p_str"   --->   Operation 37 'specinterface' 'specinterface_ln0' <Predicate = true> <Delay = 0.00>
ST_6 : Operation 38 [1/1] (0.00ns)   --->   "%specinterface_ln0 = specinterface void @_ssdm_op_SpecInterface, i27 %p_outMemWideStreamArray_0_0_0_0_0_0337, void @ap_fifo_str, i32 0, i32 0, void @p_str, i32 0, i32 0, void @p_str, void @p_str, void @p_str, i32 2, i32 2, i32 16, i32 16, void @p_str, void @p_str"   --->   Operation 38 'specinterface' 'specinterface_ln0' <Predicate = true> <Delay = 0.00>
ST_6 : Operation 39 [1/1] (0.00ns)   --->   "%specinterface_ln0 = specinterface void @_ssdm_op_SpecInterface, i27 %p_outMemWideStreamArray_0_0_0_0_0_03, void @ap_fifo_str, i32 0, i32 0, void @p_str, i32 0, i32 0, void @p_str, void @p_str, void @p_str, i32 2, i32 2, i32 16, i32 16, void @p_str, void @p_str"   --->   Operation 39 'specinterface' 'specinterface_ln0' <Predicate = true> <Delay = 0.00>
ST_6 : Operation 40 [1/1] (0.00ns)   --->   "%specinterface_ln0 = specinterface void @_ssdm_op_SpecInterface, i27 %p_outMemWideStreamArray_0_0_0_0_0_036, void @ap_fifo_str, i32 0, i32 0, void @p_str, i32 0, i32 0, void @p_str, void @p_str, void @p_str, i32 2, i32 2, i32 16, i32 16, void @p_str, void @p_str"   --->   Operation 40 'specinterface' 'specinterface_ln0' <Predicate = true> <Delay = 0.00>
ST_6 : Operation 41 [1/1] (0.00ns)   --->   "%specinterface_ln0 = specinterface void @_ssdm_op_SpecInterface, i27 %p_outMemWideStreamArray_0_0_0_0_0_035, void @ap_fifo_str, i32 0, i32 0, void @p_str, i32 0, i32 0, void @p_str, void @p_str, void @p_str, i32 2, i32 2, i32 16, i32 16, void @p_str, void @p_str"   --->   Operation 41 'specinterface' 'specinterface_ln0' <Predicate = true> <Delay = 0.00>
ST_6 : Operation 42 [1/1] (0.00ns)   --->   "%specinterface_ln0 = specinterface void @_ssdm_op_SpecInterface, i27 %p_outMemWideStreamArray_0_0_0_0_0_034, void @ap_fifo_str, i32 0, i32 0, void @p_str, i32 0, i32 0, void @p_str, void @p_str, void @p_str, i32 2, i32 2, i32 16, i32 16, void @p_str, void @p_str"   --->   Operation 42 'specinterface' 'specinterface_ln0' <Predicate = true> <Delay = 0.00>
ST_6 : Operation 43 [1/1] (0.00ns)   --->   "%specinterface_ln0 = specinterface void @_ssdm_op_SpecInterface, i27 %p_outMemWideStreamArray_0_0_0_0_0_033, void @ap_fifo_str, i32 0, i32 0, void @p_str, i32 0, i32 0, void @p_str, void @p_str, void @p_str, i32 2, i32 2, i32 16, i32 16, void @p_str, void @p_str"   --->   Operation 43 'specinterface' 'specinterface_ln0' <Predicate = true> <Delay = 0.00>
ST_6 : Operation 44 [1/1] (0.00ns)   --->   "%specinterface_ln0 = specinterface void @_ssdm_op_SpecInterface, i27 %p_outMemWideStreamArray_0_0_0_0_0_032, void @ap_fifo_str, i32 0, i32 0, void @p_str, i32 0, i32 0, void @p_str, void @p_str, void @p_str, i32 2, i32 2, i32 16, i32 16, void @p_str, void @p_str"   --->   Operation 44 'specinterface' 'specinterface_ln0' <Predicate = true> <Delay = 0.00>
ST_6 : Operation 45 [1/1] (0.00ns)   --->   "%specinterface_ln0 = specinterface void @_ssdm_op_SpecInterface, i27 %p_outMemWideStreamArray_0_0_0_0_0_031, void @ap_fifo_str, i32 0, i32 0, void @p_str, i32 0, i32 0, void @p_str, void @p_str, void @p_str, i32 2, i32 2, i32 16, i32 16, void @p_str, void @p_str"   --->   Operation 45 'specinterface' 'specinterface_ln0' <Predicate = true> <Delay = 0.00>
ST_6 : Operation 46 [1/1] (0.00ns)   --->   "%specinterface_ln0 = specinterface void @_ssdm_op_SpecInterface, i27 %p_outMemWideStreamArray_0_0_0_0_0_030, void @ap_fifo_str, i32 0, i32 0, void @p_str, i32 0, i32 0, void @p_str, void @p_str, void @p_str, i32 2, i32 2, i32 16, i32 16, void @p_str, void @p_str"   --->   Operation 46 'specinterface' 'specinterface_ln0' <Predicate = true> <Delay = 0.00>
ST_6 : Operation 47 [1/1] (0.00ns)   --->   "%specinterface_ln0 = specinterface void @_ssdm_op_SpecInterface, i27 %p_outMemWideStreamArray_0_0_0_0_0_0, void @ap_fifo_str, i32 0, i32 0, void @p_str, i32 0, i32 0, void @p_str, void @p_str, void @p_str, i32 2, i32 2, i32 16, i32 16, void @p_str, void @p_str"   --->   Operation 47 'specinterface' 'specinterface_ln0' <Predicate = true> <Delay = 0.00>
ST_6 : Operation 48 [1/1] (0.00ns)   --->   "%specinterface_ln0 = specinterface void @_ssdm_op_SpecInterface, i22 %p_inMemWideStreamArray_0_0_1_0_0_0229, void @ap_fifo_str, i32 0, i32 0, void @p_str, i32 0, i32 0, void @p_str, void @p_str, void @p_str, i32 2, i32 2, i32 16, i32 16, void @p_str, void @p_str"   --->   Operation 48 'specinterface' 'specinterface_ln0' <Predicate = true> <Delay = 0.00>
ST_6 : Operation 49 [1/1] (0.00ns)   --->   "%specinterface_ln0 = specinterface void @_ssdm_op_SpecInterface, i22 %p_inMemWideStreamArray_0_0_1_0_0_0228, void @ap_fifo_str, i32 0, i32 0, void @p_str, i32 0, i32 0, void @p_str, void @p_str, void @p_str, i32 2, i32 2, i32 16, i32 16, void @p_str, void @p_str"   --->   Operation 49 'specinterface' 'specinterface_ln0' <Predicate = true> <Delay = 0.00>
ST_6 : Operation 50 [1/1] (0.00ns)   --->   "%specinterface_ln0 = specinterface void @_ssdm_op_SpecInterface, i22 %p_inMemWideStreamArray_0_0_1_0_0_0227, void @ap_fifo_str, i32 0, i32 0, void @p_str, i32 0, i32 0, void @p_str, void @p_str, void @p_str, i32 2, i32 2, i32 16, i32 16, void @p_str, void @p_str"   --->   Operation 50 'specinterface' 'specinterface_ln0' <Predicate = true> <Delay = 0.00>
ST_6 : Operation 51 [1/1] (0.00ns)   --->   "%specinterface_ln0 = specinterface void @_ssdm_op_SpecInterface, i22 %p_inMemWideStreamArray_0_0_1_0_0_0226, void @ap_fifo_str, i32 0, i32 0, void @p_str, i32 0, i32 0, void @p_str, void @p_str, void @p_str, i32 2, i32 2, i32 16, i32 16, void @p_str, void @p_str"   --->   Operation 51 'specinterface' 'specinterface_ln0' <Predicate = true> <Delay = 0.00>
ST_6 : Operation 52 [1/1] (0.00ns)   --->   "%specinterface_ln0 = specinterface void @_ssdm_op_SpecInterface, i22 %p_inMemWideStreamArray_0_0_1_0_0_0225, void @ap_fifo_str, i32 0, i32 0, void @p_str, i32 0, i32 0, void @p_str, void @p_str, void @p_str, i32 2, i32 2, i32 16, i32 16, void @p_str, void @p_str"   --->   Operation 52 'specinterface' 'specinterface_ln0' <Predicate = true> <Delay = 0.00>
ST_6 : Operation 53 [1/1] (0.00ns)   --->   "%specinterface_ln0 = specinterface void @_ssdm_op_SpecInterface, i22 %p_inMemWideStreamArray_0_0_1_0_0_0224, void @ap_fifo_str, i32 0, i32 0, void @p_str, i32 0, i32 0, void @p_str, void @p_str, void @p_str, i32 2, i32 2, i32 16, i32 16, void @p_str, void @p_str"   --->   Operation 53 'specinterface' 'specinterface_ln0' <Predicate = true> <Delay = 0.00>
ST_6 : Operation 54 [1/1] (0.00ns)   --->   "%specinterface_ln0 = specinterface void @_ssdm_op_SpecInterface, i22 %p_inMemWideStreamArray_0_0_1_0_0_0223, void @ap_fifo_str, i32 0, i32 0, void @p_str, i32 0, i32 0, void @p_str, void @p_str, void @p_str, i32 2, i32 2, i32 16, i32 16, void @p_str, void @p_str"   --->   Operation 54 'specinterface' 'specinterface_ln0' <Predicate = true> <Delay = 0.00>
ST_6 : Operation 55 [1/1] (0.00ns)   --->   "%specinterface_ln0 = specinterface void @_ssdm_op_SpecInterface, i22 %p_inMemWideStreamArray_0_0_1_0_0_02, void @ap_fifo_str, i32 0, i32 0, void @p_str, i32 0, i32 0, void @p_str, void @p_str, void @p_str, i32 2, i32 2, i32 16, i32 16, void @p_str, void @p_str"   --->   Operation 55 'specinterface' 'specinterface_ln0' <Predicate = true> <Delay = 0.00>
ST_6 : Operation 56 [1/1] (0.00ns)   --->   "%specinterface_ln0 = specinterface void @_ssdm_op_SpecInterface, i22 %p_inMemWideStreamArray_0_0_1_0_0_022, void @ap_fifo_str, i32 0, i32 0, void @p_str, i32 0, i32 0, void @p_str, void @p_str, void @p_str, i32 2, i32 2, i32 16, i32 16, void @p_str, void @p_str"   --->   Operation 56 'specinterface' 'specinterface_ln0' <Predicate = true> <Delay = 0.00>
ST_6 : Operation 57 [1/1] (0.00ns)   --->   "%specinterface_ln0 = specinterface void @_ssdm_op_SpecInterface, i22 %p_inMemWideStreamArray_0_0_1_0_0_021, void @ap_fifo_str, i32 0, i32 0, void @p_str, i32 0, i32 0, void @p_str, void @p_str, void @p_str, i32 2, i32 2, i32 16, i32 16, void @p_str, void @p_str"   --->   Operation 57 'specinterface' 'specinterface_ln0' <Predicate = true> <Delay = 0.00>
ST_6 : Operation 58 [1/1] (0.00ns)   --->   "%specinterface_ln0 = specinterface void @_ssdm_op_SpecInterface, i22 %p_inMemWideStreamArray_0_0_1_0_0_020, void @ap_fifo_str, i32 0, i32 0, void @p_str, i32 0, i32 0, void @p_str, void @p_str, void @p_str, i32 2, i32 2, i32 16, i32 16, void @p_str, void @p_str"   --->   Operation 58 'specinterface' 'specinterface_ln0' <Predicate = true> <Delay = 0.00>
ST_6 : Operation 59 [1/1] (0.00ns)   --->   "%specinterface_ln0 = specinterface void @_ssdm_op_SpecInterface, i22 %p_inMemWideStreamArray_0_0_1_0_0_019, void @ap_fifo_str, i32 0, i32 0, void @p_str, i32 0, i32 0, void @p_str, void @p_str, void @p_str, i32 2, i32 2, i32 16, i32 16, void @p_str, void @p_str"   --->   Operation 59 'specinterface' 'specinterface_ln0' <Predicate = true> <Delay = 0.00>
ST_6 : Operation 60 [1/1] (0.00ns)   --->   "%specinterface_ln0 = specinterface void @_ssdm_op_SpecInterface, i22 %p_inMemWideStreamArray_0_0_1_0_0_018, void @ap_fifo_str, i32 0, i32 0, void @p_str, i32 0, i32 0, void @p_str, void @p_str, void @p_str, i32 2, i32 2, i32 16, i32 16, void @p_str, void @p_str"   --->   Operation 60 'specinterface' 'specinterface_ln0' <Predicate = true> <Delay = 0.00>
ST_6 : Operation 61 [1/1] (0.00ns)   --->   "%specinterface_ln0 = specinterface void @_ssdm_op_SpecInterface, i22 %p_inMemWideStreamArray_0_0_1_0_0_017, void @ap_fifo_str, i32 0, i32 0, void @p_str, i32 0, i32 0, void @p_str, void @p_str, void @p_str, i32 2, i32 2, i32 16, i32 16, void @p_str, void @p_str"   --->   Operation 61 'specinterface' 'specinterface_ln0' <Predicate = true> <Delay = 0.00>
ST_6 : Operation 62 [1/1] (0.00ns)   --->   "%specinterface_ln0 = specinterface void @_ssdm_op_SpecInterface, i22 %p_inMemWideStreamArray_0_0_1_0_0_016, void @ap_fifo_str, i32 0, i32 0, void @p_str, i32 0, i32 0, void @p_str, void @p_str, void @p_str, i32 2, i32 2, i32 16, i32 16, void @p_str, void @p_str"   --->   Operation 62 'specinterface' 'specinterface_ln0' <Predicate = true> <Delay = 0.00>
ST_6 : Operation 63 [1/1] (0.00ns)   --->   "%specinterface_ln0 = specinterface void @_ssdm_op_SpecInterface, i22 %p_inMemWideStreamArray_0_0_1_0_0_0, void @ap_fifo_str, i32 0, i32 0, void @p_str, i32 0, i32 0, void @p_str, void @p_str, void @p_str, i32 2, i32 2, i32 16, i32 16, void @p_str, void @p_str"   --->   Operation 63 'specinterface' 'specinterface_ln0' <Predicate = true> <Delay = 0.00>
ST_6 : Operation 64 [1/1] (0.00ns)   --->   "%specinterface_ln0 = specinterface void @_ssdm_op_SpecInterface, i22 %p_inMemWideStreamArray_0_0_0_0_0_0115, void @ap_fifo_str, i32 0, i32 0, void @p_str, i32 0, i32 0, void @p_str, void @p_str, void @p_str, i32 2, i32 2, i32 16, i32 16, void @p_str, void @p_str"   --->   Operation 64 'specinterface' 'specinterface_ln0' <Predicate = true> <Delay = 0.00>
ST_6 : Operation 65 [1/1] (0.00ns)   --->   "%specinterface_ln0 = specinterface void @_ssdm_op_SpecInterface, i22 %p_inMemWideStreamArray_0_0_0_0_0_0114, void @ap_fifo_str, i32 0, i32 0, void @p_str, i32 0, i32 0, void @p_str, void @p_str, void @p_str, i32 2, i32 2, i32 16, i32 16, void @p_str, void @p_str"   --->   Operation 65 'specinterface' 'specinterface_ln0' <Predicate = true> <Delay = 0.00>
ST_6 : Operation 66 [1/1] (0.00ns)   --->   "%specinterface_ln0 = specinterface void @_ssdm_op_SpecInterface, i22 %p_inMemWideStreamArray_0_0_0_0_0_0113, void @ap_fifo_str, i32 0, i32 0, void @p_str, i32 0, i32 0, void @p_str, void @p_str, void @p_str, i32 2, i32 2, i32 16, i32 16, void @p_str, void @p_str"   --->   Operation 66 'specinterface' 'specinterface_ln0' <Predicate = true> <Delay = 0.00>
ST_6 : Operation 67 [1/1] (0.00ns)   --->   "%specinterface_ln0 = specinterface void @_ssdm_op_SpecInterface, i22 %p_inMemWideStreamArray_0_0_0_0_0_0112, void @ap_fifo_str, i32 0, i32 0, void @p_str, i32 0, i32 0, void @p_str, void @p_str, void @p_str, i32 2, i32 2, i32 16, i32 16, void @p_str, void @p_str"   --->   Operation 67 'specinterface' 'specinterface_ln0' <Predicate = true> <Delay = 0.00>
ST_6 : Operation 68 [1/1] (0.00ns)   --->   "%specinterface_ln0 = specinterface void @_ssdm_op_SpecInterface, i22 %p_inMemWideStreamArray_0_0_0_0_0_0111, void @ap_fifo_str, i32 0, i32 0, void @p_str, i32 0, i32 0, void @p_str, void @p_str, void @p_str, i32 2, i32 2, i32 16, i32 16, void @p_str, void @p_str"   --->   Operation 68 'specinterface' 'specinterface_ln0' <Predicate = true> <Delay = 0.00>
ST_6 : Operation 69 [1/1] (0.00ns)   --->   "%specinterface_ln0 = specinterface void @_ssdm_op_SpecInterface, i22 %p_inMemWideStreamArray_0_0_0_0_0_0110, void @ap_fifo_str, i32 0, i32 0, void @p_str, i32 0, i32 0, void @p_str, void @p_str, void @p_str, i32 2, i32 2, i32 16, i32 16, void @p_str, void @p_str"   --->   Operation 69 'specinterface' 'specinterface_ln0' <Predicate = true> <Delay = 0.00>
ST_6 : Operation 70 [1/1] (0.00ns)   --->   "%specinterface_ln0 = specinterface void @_ssdm_op_SpecInterface, i22 %p_inMemWideStreamArray_0_0_0_0_0_019, void @ap_fifo_str, i32 0, i32 0, void @p_str, i32 0, i32 0, void @p_str, void @p_str, void @p_str, i32 2, i32 2, i32 16, i32 16, void @p_str, void @p_str"   --->   Operation 70 'specinterface' 'specinterface_ln0' <Predicate = true> <Delay = 0.00>
ST_6 : Operation 71 [1/1] (0.00ns)   --->   "%specinterface_ln0 = specinterface void @_ssdm_op_SpecInterface, i22 %p_inMemWideStreamArray_0_0_0_0_0_018, void @ap_fifo_str, i32 0, i32 0, void @p_str, i32 0, i32 0, void @p_str, void @p_str, void @p_str, i32 2, i32 2, i32 16, i32 16, void @p_str, void @p_str"   --->   Operation 71 'specinterface' 'specinterface_ln0' <Predicate = true> <Delay = 0.00>
ST_6 : Operation 72 [1/1] (0.00ns)   --->   "%specinterface_ln0 = specinterface void @_ssdm_op_SpecInterface, i22 %p_inMemWideStreamArray_0_0_0_0_0_07, void @ap_fifo_str, i32 0, i32 0, void @p_str, i32 0, i32 0, void @p_str, void @p_str, void @p_str, i32 2, i32 2, i32 16, i32 16, void @p_str, void @p_str"   --->   Operation 72 'specinterface' 'specinterface_ln0' <Predicate = true> <Delay = 0.00>
ST_6 : Operation 73 [1/1] (0.00ns)   --->   "%specinterface_ln0 = specinterface void @_ssdm_op_SpecInterface, i22 %p_inMemWideStreamArray_0_0_0_0_0_06, void @ap_fifo_str, i32 0, i32 0, void @p_str, i32 0, i32 0, void @p_str, void @p_str, void @p_str, i32 2, i32 2, i32 16, i32 16, void @p_str, void @p_str"   --->   Operation 73 'specinterface' 'specinterface_ln0' <Predicate = true> <Delay = 0.00>
ST_6 : Operation 74 [1/1] (0.00ns)   --->   "%specinterface_ln0 = specinterface void @_ssdm_op_SpecInterface, i22 %p_inMemWideStreamArray_0_0_0_0_0_05, void @ap_fifo_str, i32 0, i32 0, void @p_str, i32 0, i32 0, void @p_str, void @p_str, void @p_str, i32 2, i32 2, i32 16, i32 16, void @p_str, void @p_str"   --->   Operation 74 'specinterface' 'specinterface_ln0' <Predicate = true> <Delay = 0.00>
ST_6 : Operation 75 [1/1] (0.00ns)   --->   "%specinterface_ln0 = specinterface void @_ssdm_op_SpecInterface, i22 %p_inMemWideStreamArray_0_0_0_0_0_04, void @ap_fifo_str, i32 0, i32 0, void @p_str, i32 0, i32 0, void @p_str, void @p_str, void @p_str, i32 2, i32 2, i32 16, i32 16, void @p_str, void @p_str"   --->   Operation 75 'specinterface' 'specinterface_ln0' <Predicate = true> <Delay = 0.00>
ST_6 : Operation 76 [1/1] (0.00ns)   --->   "%specinterface_ln0 = specinterface void @_ssdm_op_SpecInterface, i22 %p_inMemWideStreamArray_0_0_0_0_0_03, void @ap_fifo_str, i32 0, i32 0, void @p_str, i32 0, i32 0, void @p_str, void @p_str, void @p_str, i32 2, i32 2, i32 16, i32 16, void @p_str, void @p_str"   --->   Operation 76 'specinterface' 'specinterface_ln0' <Predicate = true> <Delay = 0.00>
ST_6 : Operation 77 [1/1] (0.00ns)   --->   "%specinterface_ln0 = specinterface void @_ssdm_op_SpecInterface, i22 %p_inMemWideStreamArray_0_0_0_0_0_02, void @ap_fifo_str, i32 0, i32 0, void @p_str, i32 0, i32 0, void @p_str, void @p_str, void @p_str, i32 2, i32 2, i32 16, i32 16, void @p_str, void @p_str"   --->   Operation 77 'specinterface' 'specinterface_ln0' <Predicate = true> <Delay = 0.00>
ST_6 : Operation 78 [1/1] (0.00ns)   --->   "%specinterface_ln0 = specinterface void @_ssdm_op_SpecInterface, i22 %p_inMemWideStreamArray_0_0_0_0_0_01, void @ap_fifo_str, i32 0, i32 0, void @p_str, i32 0, i32 0, void @p_str, void @p_str, void @p_str, i32 2, i32 2, i32 16, i32 16, void @p_str, void @p_str"   --->   Operation 78 'specinterface' 'specinterface_ln0' <Predicate = true> <Delay = 0.00>
ST_6 : Operation 79 [1/1] (0.00ns)   --->   "%specinterface_ln0 = specinterface void @_ssdm_op_SpecInterface, i22 %p_inMemWideStreamArray_0_0_0_0_0_0, void @ap_fifo_str, i32 0, i32 0, void @p_str, i32 0, i32 0, void @p_str, void @p_str, void @p_str, i32 2, i32 2, i32 16, i32 16, void @p_str, void @p_str"   --->   Operation 79 'specinterface' 'specinterface_ln0' <Predicate = true> <Delay = 0.00>
ST_6 : Operation 80 [1/1] (0.00ns)   --->   "%specdataflowpipeline_ln0 = specdataflowpipeline void @_ssdm_op_SpecDataflowPipeline, i32 4294967295, i32 0, void @empty_13"   --->   Operation 80 'specdataflowpipeline' 'specdataflowpipeline_ln0' <Predicate = true> <Delay = 0.00>
ST_6 : Operation 81 [1/1] (0.00ns)   --->   "%specmemcore_ln0 = specmemcore void @_ssdm_op_SpecMemCore, i27 %p_outMemWideStreamArray_0_0_1_0_0_0, i27 %p_outMemWideStreamArray_0_0_1_0_0_044, i27 %p_outMemWideStreamArray_0_0_1_0_0_045, i27 %p_outMemWideStreamArray_0_0_1_0_0_046, i27 %p_outMemWideStreamArray_0_0_1_0_0_047, i27 %p_outMemWideStreamArray_0_0_1_0_0_048, i27 %p_outMemWideStreamArray_0_0_1_0_0_049, i27 %p_outMemWideStreamArray_0_0_1_0_0_050, i27 %p_outMemWideStreamArray_0_0_1_0_0_04, i27 %p_outMemWideStreamArray_0_0_1_0_0_0451, i27 %p_outMemWideStreamArray_0_0_1_0_0_0452, i27 %p_outMemWideStreamArray_0_0_1_0_0_0453, i27 %p_outMemWideStreamArray_0_0_1_0_0_0454, i27 %p_outMemWideStreamArray_0_0_1_0_0_0455, i27 %p_outMemWideStreamArray_0_0_1_0_0_0456, i27 %p_outMemWideStreamArray_0_0_1_0_0_0457, i64 666, i64 9, i64 18446744073709551615"   --->   Operation 81 'specmemcore' 'specmemcore_ln0' <Predicate = true> <Delay = 0.00>
ST_6 : Operation 82 [1/1] (0.00ns)   --->   "%specmemcore_ln0 = specmemcore void @_ssdm_op_SpecMemCore, i27 %p_outMemWideStreamArray_0_0_0_0_0_0, i27 %p_outMemWideStreamArray_0_0_0_0_0_030, i27 %p_outMemWideStreamArray_0_0_0_0_0_031, i27 %p_outMemWideStreamArray_0_0_0_0_0_032, i27 %p_outMemWideStreamArray_0_0_0_0_0_033, i27 %p_outMemWideStreamArray_0_0_0_0_0_034, i27 %p_outMemWideStreamArray_0_0_0_0_0_035, i27 %p_outMemWideStreamArray_0_0_0_0_0_036, i27 %p_outMemWideStreamArray_0_0_0_0_0_03, i27 %p_outMemWideStreamArray_0_0_0_0_0_0337, i27 %p_outMemWideStreamArray_0_0_0_0_0_0338, i27 %p_outMemWideStreamArray_0_0_0_0_0_0339, i27 %p_outMemWideStreamArray_0_0_0_0_0_0340, i27 %p_outMemWideStreamArray_0_0_0_0_0_0341, i27 %p_outMemWideStreamArray_0_0_0_0_0_0342, i27 %p_outMemWideStreamArray_0_0_0_0_0_0343, i64 666, i64 9, i64 18446744073709551615"   --->   Operation 82 'specmemcore' 'specmemcore_ln0' <Predicate = true> <Delay = 0.00>
ST_6 : Operation 83 [1/1] (0.00ns)   --->   "%specmemcore_ln0 = specmemcore void @_ssdm_op_SpecMemCore, i22 %p_inMemWideStreamArray_0_0_1_0_0_0, i22 %p_inMemWideStreamArray_0_0_1_0_0_016, i22 %p_inMemWideStreamArray_0_0_1_0_0_017, i22 %p_inMemWideStreamArray_0_0_1_0_0_018, i22 %p_inMemWideStreamArray_0_0_1_0_0_019, i22 %p_inMemWideStreamArray_0_0_1_0_0_020, i22 %p_inMemWideStreamArray_0_0_1_0_0_021, i22 %p_inMemWideStreamArray_0_0_1_0_0_022, i22 %p_inMemWideStreamArray_0_0_1_0_0_02, i22 %p_inMemWideStreamArray_0_0_1_0_0_0223, i22 %p_inMemWideStreamArray_0_0_1_0_0_0224, i22 %p_inMemWideStreamArray_0_0_1_0_0_0225, i22 %p_inMemWideStreamArray_0_0_1_0_0_0226, i22 %p_inMemWideStreamArray_0_0_1_0_0_0227, i22 %p_inMemWideStreamArray_0_0_1_0_0_0228, i22 %p_inMemWideStreamArray_0_0_1_0_0_0229, i64 666, i64 9, i64 18446744073709551615"   --->   Operation 83 'specmemcore' 'specmemcore_ln0' <Predicate = true> <Delay = 0.00>
ST_6 : Operation 84 [1/1] (0.00ns)   --->   "%specmemcore_ln0 = specmemcore void @_ssdm_op_SpecMemCore, i22 %p_inMemWideStreamArray_0_0_0_0_0_0, i22 %p_inMemWideStreamArray_0_0_0_0_0_01, i22 %p_inMemWideStreamArray_0_0_0_0_0_02, i22 %p_inMemWideStreamArray_0_0_0_0_0_03, i22 %p_inMemWideStreamArray_0_0_0_0_0_04, i22 %p_inMemWideStreamArray_0_0_0_0_0_05, i22 %p_inMemWideStreamArray_0_0_0_0_0_06, i22 %p_inMemWideStreamArray_0_0_0_0_0_07, i22 %p_inMemWideStreamArray_0_0_0_0_0_018, i22 %p_inMemWideStreamArray_0_0_0_0_0_019, i22 %p_inMemWideStreamArray_0_0_0_0_0_0110, i22 %p_inMemWideStreamArray_0_0_0_0_0_0111, i22 %p_inMemWideStreamArray_0_0_0_0_0_0112, i22 %p_inMemWideStreamArray_0_0_0_0_0_0113, i22 %p_inMemWideStreamArray_0_0_0_0_0_0114, i22 %p_inMemWideStreamArray_0_0_0_0_0_0115, i64 666, i64 9, i64 18446744073709551615"   --->   Operation 84 'specmemcore' 'specmemcore_ln0' <Predicate = true> <Delay = 0.00>
ST_6 : Operation 85 [1/1] (0.00ns)   --->   "%empty = specchannel i32 @_ssdm_op_SpecChannel, void @ssrWideStream4kernelIn_str, i32 1, void @p_str, void @p_str, i32 2, i32 2, i256 %ssrWideStream4kernelIn, i256 %ssrWideStream4kernelIn"   --->   Operation 85 'specchannel' 'empty' <Predicate = true> <Delay = 0.00>
ST_6 : Operation 86 [1/1] (0.00ns)   --->   "%specmemcore_ln202 = specmemcore void @_ssdm_op_SpecMemCore, i256 %ssrWideStream4kernelIn, i64 666, i64 9, i64 18446744073709551615" [/home/centos/Vitis_Libraries/dsp/L1/include/hw/vitis_2dfft/fixed/vitis_fft/hls_ssr_fft_streaming_kernel.hpp:202]   --->   Operation 86 'specmemcore' 'specmemcore_ln202' <Predicate = true> <Delay = 0.00>
ST_6 : Operation 87 [1/1] (0.00ns)   --->   "%specinterface_ln0 = specinterface void @_ssdm_op_SpecInterface, i256 %ssrWideStream4kernelIn, void @empty_8, i32 0, i32 0, void @empty_13, i32 0, i32 0, void @empty_13, void @empty_13, void @empty_13, i32 0, i32 0, i32 0, i32 0, void @empty_13, void @empty_13"   --->   Operation 87 'specinterface' 'specinterface_ln0' <Predicate = true> <Delay = 0.00>
ST_6 : Operation 88 [1/1] (0.00ns)   --->   "%empty_251 = specchannel i32 @_ssdm_op_SpecChannel, void @ssrWideStream4kernelOut_str, i32 1, void @p_str, void @p_str, i32 2, i32 2, i256 %ssrWideStream4kernelOut, i256 %ssrWideStream4kernelOut"   --->   Operation 88 'specchannel' 'empty_251' <Predicate = true> <Delay = 0.00>
ST_6 : Operation 89 [1/1] (0.00ns)   --->   "%specmemcore_ln207 = specmemcore void @_ssdm_op_SpecMemCore, i256 %ssrWideStream4kernelOut, i64 666, i64 9, i64 18446744073709551615" [/home/centos/Vitis_Libraries/dsp/L1/include/hw/vitis_2dfft/fixed/vitis_fft/hls_ssr_fft_streaming_kernel.hpp:207]   --->   Operation 89 'specmemcore' 'specmemcore_ln207' <Predicate = true> <Delay = 0.00>
ST_6 : Operation 90 [1/1] (0.00ns)   --->   "%specinterface_ln0 = specinterface void @_ssdm_op_SpecInterface, i256 %ssrWideStream4kernelOut, void @empty_8, i32 0, i32 0, void @empty_13, i32 0, i32 0, void @empty_13, void @empty_13, void @empty_13, i32 0, i32 0, i32 0, i32 0, void @empty_13, void @empty_13"   --->   Operation 90 'specinterface' 'specinterface_ln0' <Predicate = true> <Delay = 0.00>
ST_6 : Operation 91 [1/2] (0.00ns)   --->   "%call_ln224 = call void @narrowToWideConverter<4u, 8u, 16u, complex<ap_fixed<27, 13, 5, 3, 0> > >.183, i256 %ssrWideStream4kernelOut, i27 %p_outMemWideStreamArray_0_0_0_0_0_03, i27 %p_outMemWideStreamArray_0_0_0_0_0_0337, i27 %p_outMemWideStreamArray_0_0_0_0_0_0338, i27 %p_outMemWideStreamArray_0_0_0_0_0_0339, i27 %p_outMemWideStreamArray_0_0_0_0_0_0340, i27 %p_outMemWideStreamArray_0_0_0_0_0_0341, i27 %p_outMemWideStreamArray_0_0_0_0_0_0342, i27 %p_outMemWideStreamArray_0_0_0_0_0_0343, i27 %p_outMemWideStreamArray_0_0_1_0_0_04, i27 %p_outMemWideStreamArray_0_0_1_0_0_0451, i27 %p_outMemWideStreamArray_0_0_1_0_0_0452, i27 %p_outMemWideStreamArray_0_0_1_0_0_0453, i27 %p_outMemWideStreamArray_0_0_1_0_0_0454, i27 %p_outMemWideStreamArray_0_0_1_0_0_0455, i27 %p_outMemWideStreamArray_0_0_1_0_0_0456, i27 %p_outMemWideStreamArray_0_0_1_0_0_0457" [/home/centos/Vitis_Libraries/dsp/L1/include/hw/vitis_2dfft/fixed/vitis_fft/hls_ssr_fft_streaming_kernel.hpp:224]   --->   Operation 91 'call' 'call_ln224' <Predicate = true> <Delay = 0.00> <CoreType = "Generic">   --->   Core 0 '' <Latency = 0> <II = 1> <Delay = 1.00> <Generic> <Opcode : >
ST_6 : Operation 92 [1/1] (0.00ns)   --->   "%ret_ln230 = ret" [/home/centos/Vitis_Libraries/dsp/L1/include/hw/vitis_2dfft/fixed/vitis_fft/hls_ssr_fft_streaming_kernel.hpp:230]   --->   Operation 92 'ret' 'ret_ln230' <Predicate = true> <Delay = 0.00>


============================================================
+ Verbose Summary: Timing violations
============================================================
Target clock period: 4ns, clock uncertainty: 1.08ns.

 <State 1>: 0ns
The critical path consists of the following:

 <State 2>: 0ns
The critical path consists of the following:

 <State 3>: 0ns
The critical path consists of the following:

 <State 4>: 0ns
The critical path consists of the following:

 <State 5>: 0ns
The critical path consists of the following:

 <State 6>: 0ns
The critical path consists of the following:


============================================================
+ Verbose Summary: Binding
============================================================
N/A
* FSMD analyzer results:
  - Output states:
 - Input state : 
  - Chain level:
	State 1
	State 2
	State 3
	State 4
	State 5
	State 6


============================================================
+ Verbose Summary: Datapath Resource usage 
============================================================
N/A
