

================================================================
== Vitis HLS Report for 'muxWideStreaming_2u_16u_16u_8u_complex_ap_fixed_32_18_5_3_0_s'
================================================================
* Date:           Thu Jan 27 12:45:03 2022

* Version:        2021.1 (Build 3247384 on Thu Jun 10 19:36:07 MDT 2021)
* Project:        fft2DKernel
* Solution:       solution (Vitis Kernel Flow Target)
* Product family: virtexuplus
* Target device:  xcvu9p-flgb2104-2-i


================================================================
== Performance Estimates
================================================================
+ Timing: 
    * Summary: 
    +--------+---------+----------+------------+
    |  Clock |  Target | Estimated| Uncertainty|
    +--------+---------+----------+------------+
    |ap_clk  |  4.00 ns|  2.857 ns|     1.08 ns|
    +--------+---------+----------+------------+

+ Latency: 
    * Summary: 
    +---------+---------+----------+----------+-----+-----+------------------------------------------+
    |  Latency (cycles) |  Latency (absolute) |  Interval |                 Pipeline                 |
    |   min   |   max   |    min   |    max   | min | max |                   Type                   |
    +---------+---------+----------+----------+-----+-----+------------------------------------------+
    |       32|       33|  0.128 us|  0.132 us|   32|   32|  loop rewind stp(delay=0 clock cycles(s))|
    +---------+---------+----------+----------+-----+-----+------------------------------------------+

    + Detail: 
        * Instance: 
        N/A

        * Loop: 
        +----------------------+---------+---------+----------+-----------+-----------+------+----------+
        |                      |  Latency (cycles) | Iteration|  Initiation Interval  | Trip |          |
        |       Loop Name      |   min   |   max   |  Latency |  achieved |   target  | Count| Pipelined|
        +----------------------+---------+---------+----------+-----------+-----------+------+----------+
        |- MUX_STREAMING_LOOP  |       32|       32|         2|          1|          1|    32|       yes|
        +----------------------+---------+---------+----------+-----------+-----------+------+----------+

============================================================
+ Verbose Summary: Synthesis Manager
============================================================
InlineROM: 1
ExposeGlobal: 0
============================================================
+ Verbose Summary: CDFG Model
============================================================
IsTopModel: 0
ResetActiveHigh: 1
IsCombinational: 2
IsDatapathOnly: 0
HasWiredReturn: 1
HasMFsm: 2
HasVarLatency: 1
IsPipeline: 0
IsRtlPipelined: 0
IsInstanceOverlapped: 0
IsDontTouch: 0
HasImplIP: 0
IsGatedGlobalClock: 0

+ Individual pipeline summary: 
  * Pipeline-0: initiation interval (II) = 1, depth = 2


============================================================
+ Verbose Summary: Schedule
============================================================
* Number of FSM states : 3
* Pipeline : 1
  Pipeline-0 : II = 1, D = 2, States = { 2 3 }
* Dataflow Pipeline: 0

* FSM state transitions: 
1 --> 2 
2 --> 3 
3 --> 2 

* FSM state operations: 

State 1 <SV = 0> <Delay = 0.38>
ST_1 : Operation 4 [1/1] (0.00ns)   --->   "%specinterface_ln0 = specinterface void @_ssdm_op_SpecInterface, i32 %p_inWideStream_0_0_1_0_0_0229, void @ap_fifo_str, i32 0, i32 0, void @p_str, i32 0, i32 0, void @p_str, void @p_str, void @p_str, i32 2, i32 2, i32 16, i32 16, void @p_str, void @p_str"   --->   Operation 4 'specinterface' 'specinterface_ln0' <Predicate = true> <Delay = 0.00>
ST_1 : Operation 5 [1/1] (0.00ns)   --->   "%specinterface_ln0 = specinterface void @_ssdm_op_SpecInterface, i32 %p_inWideStream_0_0_1_0_0_0228, void @ap_fifo_str, i32 0, i32 0, void @p_str, i32 0, i32 0, void @p_str, void @p_str, void @p_str, i32 2, i32 2, i32 16, i32 16, void @p_str, void @p_str"   --->   Operation 5 'specinterface' 'specinterface_ln0' <Predicate = true> <Delay = 0.00>
ST_1 : Operation 6 [1/1] (0.00ns)   --->   "%specinterface_ln0 = specinterface void @_ssdm_op_SpecInterface, i32 %p_inWideStream_0_0_1_0_0_0227, void @ap_fifo_str, i32 0, i32 0, void @p_str, i32 0, i32 0, void @p_str, void @p_str, void @p_str, i32 2, i32 2, i32 16, i32 16, void @p_str, void @p_str"   --->   Operation 6 'specinterface' 'specinterface_ln0' <Predicate = true> <Delay = 0.00>
ST_1 : Operation 7 [1/1] (0.00ns)   --->   "%specinterface_ln0 = specinterface void @_ssdm_op_SpecInterface, i32 %p_inWideStream_0_0_1_0_0_0226, void @ap_fifo_str, i32 0, i32 0, void @p_str, i32 0, i32 0, void @p_str, void @p_str, void @p_str, i32 2, i32 2, i32 16, i32 16, void @p_str, void @p_str"   --->   Operation 7 'specinterface' 'specinterface_ln0' <Predicate = true> <Delay = 0.00>
ST_1 : Operation 8 [1/1] (0.00ns)   --->   "%specinterface_ln0 = specinterface void @_ssdm_op_SpecInterface, i32 %p_inWideStream_0_0_1_0_0_0225, void @ap_fifo_str, i32 0, i32 0, void @p_str, i32 0, i32 0, void @p_str, void @p_str, void @p_str, i32 2, i32 2, i32 16, i32 16, void @p_str, void @p_str"   --->   Operation 8 'specinterface' 'specinterface_ln0' <Predicate = true> <Delay = 0.00>
ST_1 : Operation 9 [1/1] (0.00ns)   --->   "%specinterface_ln0 = specinterface void @_ssdm_op_SpecInterface, i32 %p_inWideStream_0_0_1_0_0_0224, void @ap_fifo_str, i32 0, i32 0, void @p_str, i32 0, i32 0, void @p_str, void @p_str, void @p_str, i32 2, i32 2, i32 16, i32 16, void @p_str, void @p_str"   --->   Operation 9 'specinterface' 'specinterface_ln0' <Predicate = true> <Delay = 0.00>
ST_1 : Operation 10 [1/1] (0.00ns)   --->   "%specinterface_ln0 = specinterface void @_ssdm_op_SpecInterface, i32 %p_inWideStream_0_0_1_0_0_0223, void @ap_fifo_str, i32 0, i32 0, void @p_str, i32 0, i32 0, void @p_str, void @p_str, void @p_str, i32 2, i32 2, i32 16, i32 16, void @p_str, void @p_str"   --->   Operation 10 'specinterface' 'specinterface_ln0' <Predicate = true> <Delay = 0.00>
ST_1 : Operation 11 [1/1] (0.00ns)   --->   "%specinterface_ln0 = specinterface void @_ssdm_op_SpecInterface, i32 %p_inWideStream_0_0_1_0_0_02, void @ap_fifo_str, i32 0, i32 0, void @p_str, i32 0, i32 0, void @p_str, void @p_str, void @p_str, i32 2, i32 2, i32 16, i32 16, void @p_str, void @p_str"   --->   Operation 11 'specinterface' 'specinterface_ln0' <Predicate = true> <Delay = 0.00>
ST_1 : Operation 12 [1/1] (0.00ns)   --->   "%specinterface_ln0 = specinterface void @_ssdm_op_SpecInterface, i32 %p_inWideStream_0_0_1_0_0_022, void @ap_fifo_str, i32 0, i32 0, void @p_str, i32 0, i32 0, void @p_str, void @p_str, void @p_str, i32 2, i32 2, i32 16, i32 16, void @p_str, void @p_str"   --->   Operation 12 'specinterface' 'specinterface_ln0' <Predicate = true> <Delay = 0.00>
ST_1 : Operation 13 [1/1] (0.00ns)   --->   "%specinterface_ln0 = specinterface void @_ssdm_op_SpecInterface, i32 %p_inWideStream_0_0_1_0_0_021, void @ap_fifo_str, i32 0, i32 0, void @p_str, i32 0, i32 0, void @p_str, void @p_str, void @p_str, i32 2, i32 2, i32 16, i32 16, void @p_str, void @p_str"   --->   Operation 13 'specinterface' 'specinterface_ln0' <Predicate = true> <Delay = 0.00>
ST_1 : Operation 14 [1/1] (0.00ns)   --->   "%specinterface_ln0 = specinterface void @_ssdm_op_SpecInterface, i32 %p_inWideStream_0_0_1_0_0_020, void @ap_fifo_str, i32 0, i32 0, void @p_str, i32 0, i32 0, void @p_str, void @p_str, void @p_str, i32 2, i32 2, i32 16, i32 16, void @p_str, void @p_str"   --->   Operation 14 'specinterface' 'specinterface_ln0' <Predicate = true> <Delay = 0.00>
ST_1 : Operation 15 [1/1] (0.00ns)   --->   "%specinterface_ln0 = specinterface void @_ssdm_op_SpecInterface, i32 %p_inWideStream_0_0_1_0_0_019, void @ap_fifo_str, i32 0, i32 0, void @p_str, i32 0, i32 0, void @p_str, void @p_str, void @p_str, i32 2, i32 2, i32 16, i32 16, void @p_str, void @p_str"   --->   Operation 15 'specinterface' 'specinterface_ln0' <Predicate = true> <Delay = 0.00>
ST_1 : Operation 16 [1/1] (0.00ns)   --->   "%specinterface_ln0 = specinterface void @_ssdm_op_SpecInterface, i32 %p_inWideStream_0_0_1_0_0_018, void @ap_fifo_str, i32 0, i32 0, void @p_str, i32 0, i32 0, void @p_str, void @p_str, void @p_str, i32 2, i32 2, i32 16, i32 16, void @p_str, void @p_str"   --->   Operation 16 'specinterface' 'specinterface_ln0' <Predicate = true> <Delay = 0.00>
ST_1 : Operation 17 [1/1] (0.00ns)   --->   "%specinterface_ln0 = specinterface void @_ssdm_op_SpecInterface, i32 %p_inWideStream_0_0_1_0_0_017, void @ap_fifo_str, i32 0, i32 0, void @p_str, i32 0, i32 0, void @p_str, void @p_str, void @p_str, i32 2, i32 2, i32 16, i32 16, void @p_str, void @p_str"   --->   Operation 17 'specinterface' 'specinterface_ln0' <Predicate = true> <Delay = 0.00>
ST_1 : Operation 18 [1/1] (0.00ns)   --->   "%specinterface_ln0 = specinterface void @_ssdm_op_SpecInterface, i32 %p_inWideStream_0_0_1_0_0_016, void @ap_fifo_str, i32 0, i32 0, void @p_str, i32 0, i32 0, void @p_str, void @p_str, void @p_str, i32 2, i32 2, i32 16, i32 16, void @p_str, void @p_str"   --->   Operation 18 'specinterface' 'specinterface_ln0' <Predicate = true> <Delay = 0.00>
ST_1 : Operation 19 [1/1] (0.00ns)   --->   "%specinterface_ln0 = specinterface void @_ssdm_op_SpecInterface, i32 %p_inWideStream_0_0_1_0_0_0, void @ap_fifo_str, i32 0, i32 0, void @p_str, i32 0, i32 0, void @p_str, void @p_str, void @p_str, i32 2, i32 2, i32 16, i32 16, void @p_str, void @p_str"   --->   Operation 19 'specinterface' 'specinterface_ln0' <Predicate = true> <Delay = 0.00>
ST_1 : Operation 20 [1/1] (0.00ns)   --->   "%specinterface_ln0 = specinterface void @_ssdm_op_SpecInterface, i32 %p_inWideStream_0_0_0_0_0_0115, void @ap_fifo_str, i32 0, i32 0, void @p_str, i32 0, i32 0, void @p_str, void @p_str, void @p_str, i32 2, i32 2, i32 16, i32 16, void @p_str, void @p_str"   --->   Operation 20 'specinterface' 'specinterface_ln0' <Predicate = true> <Delay = 0.00>
ST_1 : Operation 21 [1/1] (0.00ns)   --->   "%specinterface_ln0 = specinterface void @_ssdm_op_SpecInterface, i32 %p_inWideStream_0_0_0_0_0_0114, void @ap_fifo_str, i32 0, i32 0, void @p_str, i32 0, i32 0, void @p_str, void @p_str, void @p_str, i32 2, i32 2, i32 16, i32 16, void @p_str, void @p_str"   --->   Operation 21 'specinterface' 'specinterface_ln0' <Predicate = true> <Delay = 0.00>
ST_1 : Operation 22 [1/1] (0.00ns)   --->   "%specinterface_ln0 = specinterface void @_ssdm_op_SpecInterface, i32 %p_inWideStream_0_0_0_0_0_0113, void @ap_fifo_str, i32 0, i32 0, void @p_str, i32 0, i32 0, void @p_str, void @p_str, void @p_str, i32 2, i32 2, i32 16, i32 16, void @p_str, void @p_str"   --->   Operation 22 'specinterface' 'specinterface_ln0' <Predicate = true> <Delay = 0.00>
ST_1 : Operation 23 [1/1] (0.00ns)   --->   "%specinterface_ln0 = specinterface void @_ssdm_op_SpecInterface, i32 %p_inWideStream_0_0_0_0_0_0112, void @ap_fifo_str, i32 0, i32 0, void @p_str, i32 0, i32 0, void @p_str, void @p_str, void @p_str, i32 2, i32 2, i32 16, i32 16, void @p_str, void @p_str"   --->   Operation 23 'specinterface' 'specinterface_ln0' <Predicate = true> <Delay = 0.00>
ST_1 : Operation 24 [1/1] (0.00ns)   --->   "%specinterface_ln0 = specinterface void @_ssdm_op_SpecInterface, i32 %p_inWideStream_0_0_0_0_0_0111, void @ap_fifo_str, i32 0, i32 0, void @p_str, i32 0, i32 0, void @p_str, void @p_str, void @p_str, i32 2, i32 2, i32 16, i32 16, void @p_str, void @p_str"   --->   Operation 24 'specinterface' 'specinterface_ln0' <Predicate = true> <Delay = 0.00>
ST_1 : Operation 25 [1/1] (0.00ns)   --->   "%specinterface_ln0 = specinterface void @_ssdm_op_SpecInterface, i32 %p_inWideStream_0_0_0_0_0_0110, void @ap_fifo_str, i32 0, i32 0, void @p_str, i32 0, i32 0, void @p_str, void @p_str, void @p_str, i32 2, i32 2, i32 16, i32 16, void @p_str, void @p_str"   --->   Operation 25 'specinterface' 'specinterface_ln0' <Predicate = true> <Delay = 0.00>
ST_1 : Operation 26 [1/1] (0.00ns)   --->   "%specinterface_ln0 = specinterface void @_ssdm_op_SpecInterface, i32 %p_inWideStream_0_0_0_0_0_019, void @ap_fifo_str, i32 0, i32 0, void @p_str, i32 0, i32 0, void @p_str, void @p_str, void @p_str, i32 2, i32 2, i32 16, i32 16, void @p_str, void @p_str"   --->   Operation 26 'specinterface' 'specinterface_ln0' <Predicate = true> <Delay = 0.00>
ST_1 : Operation 27 [1/1] (0.00ns)   --->   "%specinterface_ln0 = specinterface void @_ssdm_op_SpecInterface, i32 %p_inWideStream_0_0_0_0_0_018, void @ap_fifo_str, i32 0, i32 0, void @p_str, i32 0, i32 0, void @p_str, void @p_str, void @p_str, i32 2, i32 2, i32 16, i32 16, void @p_str, void @p_str"   --->   Operation 27 'specinterface' 'specinterface_ln0' <Predicate = true> <Delay = 0.00>
ST_1 : Operation 28 [1/1] (0.00ns)   --->   "%specinterface_ln0 = specinterface void @_ssdm_op_SpecInterface, i32 %p_inWideStream_0_0_0_0_0_07, void @ap_fifo_str, i32 0, i32 0, void @p_str, i32 0, i32 0, void @p_str, void @p_str, void @p_str, i32 2, i32 2, i32 16, i32 16, void @p_str, void @p_str"   --->   Operation 28 'specinterface' 'specinterface_ln0' <Predicate = true> <Delay = 0.00>
ST_1 : Operation 29 [1/1] (0.00ns)   --->   "%specinterface_ln0 = specinterface void @_ssdm_op_SpecInterface, i32 %p_inWideStream_0_0_0_0_0_06, void @ap_fifo_str, i32 0, i32 0, void @p_str, i32 0, i32 0, void @p_str, void @p_str, void @p_str, i32 2, i32 2, i32 16, i32 16, void @p_str, void @p_str"   --->   Operation 29 'specinterface' 'specinterface_ln0' <Predicate = true> <Delay = 0.00>
ST_1 : Operation 30 [1/1] (0.00ns)   --->   "%specinterface_ln0 = specinterface void @_ssdm_op_SpecInterface, i32 %p_inWideStream_0_0_0_0_0_05, void @ap_fifo_str, i32 0, i32 0, void @p_str, i32 0, i32 0, void @p_str, void @p_str, void @p_str, i32 2, i32 2, i32 16, i32 16, void @p_str, void @p_str"   --->   Operation 30 'specinterface' 'specinterface_ln0' <Predicate = true> <Delay = 0.00>
ST_1 : Operation 31 [1/1] (0.00ns)   --->   "%specinterface_ln0 = specinterface void @_ssdm_op_SpecInterface, i32 %p_inWideStream_0_0_0_0_0_04, void @ap_fifo_str, i32 0, i32 0, void @p_str, i32 0, i32 0, void @p_str, void @p_str, void @p_str, i32 2, i32 2, i32 16, i32 16, void @p_str, void @p_str"   --->   Operation 31 'specinterface' 'specinterface_ln0' <Predicate = true> <Delay = 0.00>
ST_1 : Operation 32 [1/1] (0.00ns)   --->   "%specinterface_ln0 = specinterface void @_ssdm_op_SpecInterface, i32 %p_inWideStream_0_0_0_0_0_03, void @ap_fifo_str, i32 0, i32 0, void @p_str, i32 0, i32 0, void @p_str, void @p_str, void @p_str, i32 2, i32 2, i32 16, i32 16, void @p_str, void @p_str"   --->   Operation 32 'specinterface' 'specinterface_ln0' <Predicate = true> <Delay = 0.00>
ST_1 : Operation 33 [1/1] (0.00ns)   --->   "%specinterface_ln0 = specinterface void @_ssdm_op_SpecInterface, i32 %p_inWideStream_0_0_0_0_0_02, void @ap_fifo_str, i32 0, i32 0, void @p_str, i32 0, i32 0, void @p_str, void @p_str, void @p_str, i32 2, i32 2, i32 16, i32 16, void @p_str, void @p_str"   --->   Operation 33 'specinterface' 'specinterface_ln0' <Predicate = true> <Delay = 0.00>
ST_1 : Operation 34 [1/1] (0.00ns)   --->   "%specinterface_ln0 = specinterface void @_ssdm_op_SpecInterface, i32 %p_inWideStream_0_0_0_0_0_01, void @ap_fifo_str, i32 0, i32 0, void @p_str, i32 0, i32 0, void @p_str, void @p_str, void @p_str, i32 2, i32 2, i32 16, i32 16, void @p_str, void @p_str"   --->   Operation 34 'specinterface' 'specinterface_ln0' <Predicate = true> <Delay = 0.00>
ST_1 : Operation 35 [1/1] (0.00ns)   --->   "%specinterface_ln0 = specinterface void @_ssdm_op_SpecInterface, i32 %p_inWideStream_0_0_0_0_0_0, void @ap_fifo_str, i32 0, i32 0, void @p_str, i32 0, i32 0, void @p_str, void @p_str, void @p_str, i32 2, i32 2, i32 16, i32 16, void @p_str, void @p_str"   --->   Operation 35 'specinterface' 'specinterface_ln0' <Predicate = true> <Delay = 0.00>
ST_1 : Operation 36 [1/1] (0.00ns)   --->   "%specinterface_ln0 = specinterface void @_ssdm_op_SpecInterface, i512 %l_colProcOutStream, void @empty_8, i32 0, i32 0, void @empty_13, i32 0, i32 0, void @empty_13, void @empty_13, void @empty_13, i32 0, i32 0, i32 0, i32 0, void @empty_13, void @empty_13"   --->   Operation 36 'specinterface' 'specinterface_ln0' <Predicate = true> <Delay = 0.00>
ST_1 : Operation 37 [1/1] (0.38ns)   --->   "%br_ln54 = br void %rewind_header" [/home/centos/Vitis_Libraries/dsp/L1/include/hw/vitis_2dfft/fixed/vitis_fft/hls_ssr_fft_mux.hpp:54]   --->   Operation 37 'br' 'br_ln54' <Predicate = true> <Delay = 0.38>

State 2 <SV = 1> <Delay = 0.70>
ST_2 : Operation 38 [1/1] (0.00ns)   --->   "%do_init = phi i1 1, void, i1 0, void %.split5, i1 1, void"   --->   Operation 38 'phi' 'do_init' <Predicate = true> <Delay = 0.00>
ST_2 : Operation 39 [1/1] (0.00ns)   --->   "%outStreamPtr2 = phi i1 0, void, i1 %outStreamPtr, void %.split5, i1 0, void"   --->   Operation 39 'phi' 'outStreamPtr2' <Predicate = true> <Delay = 0.00>
ST_2 : Operation 40 [1/1] (0.00ns)   --->   "%iter1 = phi i5 0, void, i5 %iter, void %.split5, i5 0, void"   --->   Operation 40 'phi' 'iter1' <Predicate = true> <Delay = 0.00>
ST_2 : Operation 41 [1/1] (0.00ns)   --->   "%br_ln0 = br i1 %do_init, void %.split, void %rewind_init"   --->   Operation 41 'br' 'br_ln0' <Predicate = true> <Delay = 0.00>
ST_2 : Operation 42 [1/1] (0.00ns)   --->   "%specmemcore_ln0 = specmemcore void @_ssdm_op_SpecMemCore, i32 %p_inWideStream_0_0_1_0_0_0, i32 %p_inWideStream_0_0_1_0_0_016, i32 %p_inWideStream_0_0_1_0_0_017, i32 %p_inWideStream_0_0_1_0_0_018, i32 %p_inWideStream_0_0_1_0_0_019, i32 %p_inWideStream_0_0_1_0_0_020, i32 %p_inWideStream_0_0_1_0_0_021, i32 %p_inWideStream_0_0_1_0_0_022, i32 %p_inWideStream_0_0_1_0_0_02, i32 %p_inWideStream_0_0_1_0_0_0223, i32 %p_inWideStream_0_0_1_0_0_0224, i32 %p_inWideStream_0_0_1_0_0_0225, i32 %p_inWideStream_0_0_1_0_0_0226, i32 %p_inWideStream_0_0_1_0_0_0227, i32 %p_inWideStream_0_0_1_0_0_0228, i32 %p_inWideStream_0_0_1_0_0_0229, i64 666, i64 9, i64 18446744073709551615"   --->   Operation 42 'specmemcore' 'specmemcore_ln0' <Predicate = (do_init)> <Delay = 0.00>
ST_2 : Operation 43 [1/1] (0.00ns)   --->   "%specmemcore_ln0 = specmemcore void @_ssdm_op_SpecMemCore, i32 %p_inWideStream_0_0_0_0_0_0, i32 %p_inWideStream_0_0_0_0_0_01, i32 %p_inWideStream_0_0_0_0_0_02, i32 %p_inWideStream_0_0_0_0_0_03, i32 %p_inWideStream_0_0_0_0_0_04, i32 %p_inWideStream_0_0_0_0_0_05, i32 %p_inWideStream_0_0_0_0_0_06, i32 %p_inWideStream_0_0_0_0_0_07, i32 %p_inWideStream_0_0_0_0_0_018, i32 %p_inWideStream_0_0_0_0_0_019, i32 %p_inWideStream_0_0_0_0_0_0110, i32 %p_inWideStream_0_0_0_0_0_0111, i32 %p_inWideStream_0_0_0_0_0_0112, i32 %p_inWideStream_0_0_0_0_0_0113, i32 %p_inWideStream_0_0_0_0_0_0114, i32 %p_inWideStream_0_0_0_0_0_0115, i64 666, i64 9, i64 18446744073709551615"   --->   Operation 43 'specmemcore' 'specmemcore_ln0' <Predicate = (do_init)> <Delay = 0.00>
ST_2 : Operation 44 [1/1] (0.00ns)   --->   "%specmemcore_ln0 = specmemcore void @_ssdm_op_SpecMemCore, i512 %l_colProcOutStream, i64 666, i64 9, i64 18446744073709551615"   --->   Operation 44 'specmemcore' 'specmemcore_ln0' <Predicate = (do_init)> <Delay = 0.00>
ST_2 : Operation 45 [1/1] (0.00ns)   --->   "%br_ln54 = br void %.split" [/home/centos/Vitis_Libraries/dsp/L1/include/hw/vitis_2dfft/fixed/vitis_fft/hls_ssr_fft_mux.hpp:54]   --->   Operation 45 'br' 'br_ln54' <Predicate = (do_init)> <Delay = 0.00>
ST_2 : Operation 46 [1/1] (0.00ns)   --->   "%empty = speclooptripcount i32 @_ssdm_op_SpecLoopTripCount, i64 32, i64 32, i64 32"   --->   Operation 46 'speclooptripcount' 'empty' <Predicate = true> <Delay = 0.00>
ST_2 : Operation 47 [1/1] (0.00ns)   --->   "%specpipeline_ln51 = specpipeline void @_ssdm_op_SpecPipeline, i32 1, i32 0, i32 0, i32 0, void @empty_13" [/home/centos/Vitis_Libraries/dsp/L1/include/hw/vitis_2dfft/fixed/vitis_fft/hls_ssr_fft_mux.hpp:51]   --->   Operation 47 'specpipeline' 'specpipeline_ln51' <Predicate = true> <Delay = 0.00>
ST_2 : Operation 48 [1/1] (0.00ns)   --->   "%specloopname_ln51 = specloopname void @_ssdm_op_SpecLoopName, void @empty_11" [/home/centos/Vitis_Libraries/dsp/L1/include/hw/vitis_2dfft/fixed/vitis_fft/hls_ssr_fft_mux.hpp:51]   --->   Operation 48 'specloopname' 'specloopname_ln51' <Predicate = true> <Delay = 0.00>
ST_2 : Operation 49 [1/1] (0.70ns)   --->   "%iter = add i5 %iter1, i5 1" [/home/centos/Vitis_Libraries/dsp/L1/include/hw/vitis_2dfft/fixed/vitis_fft/hls_ssr_fft_mux.hpp:54]   --->   Operation 49 'add' 'iter' <Predicate = true> <Delay = 0.70> <CoreInst = "Adder">   --->   Core 1 'Adder' <Latency = 0> <II = 1> <Delay = 0.70> <FuncUnit> <Opcode : 'add' 'sub'> <InPorts = 2> <OutPorts = 1>
ST_2 : Operation 50 [1/1] (0.00ns)   --->   "%br_ln145 = br i1 %outStreamPtr2, void %branch0, void %branch1" [/opt/Xilinx/Vitis_HLS/2021.1/common/technology/autopilot/hls_stream_39.h:145]   --->   Operation 50 'br' 'br_ln145' <Predicate = true> <Delay = 0.00>
ST_2 : Operation 51 [1/1] (0.12ns)   --->   "%outStreamPtr = xor i1 %outStreamPtr2, i1 1" [/home/centos/Vitis_Libraries/dsp/L1/include/hw/vitis_2dfft/fixed/vitis_fft/hls_ssr_fft_mux.hpp:63]   --->   Operation 51 'xor' 'outStreamPtr' <Predicate = true> <Delay = 0.12> <CoreInst = "LogicGate">   --->   Core 74 'LogicGate' <Latency = 0> <II = 1> <Delay = 0.12> <FuncUnit> <Opcode : 'and' 'or' 'xor'> <InPorts = 2> <OutPorts = 1>
ST_2 : Operation 52 [1/1] (0.63ns)   --->   "%icmp_ln54 = icmp_eq  i5 %iter1, i5 31" [/home/centos/Vitis_Libraries/dsp/L1/include/hw/vitis_2dfft/fixed/vitis_fft/hls_ssr_fft_mux.hpp:54]   --->   Operation 52 'icmp' 'icmp_ln54' <Predicate = true> <Delay = 0.63> <CoreInst = "Cmp">   --->   Core 9 'Cmp' <Latency = 0> <II = 1> <Delay = 0.63> <FuncUnit> <Opcode : 'icmp'> <InPorts = 2> <OutPorts = 1>
ST_2 : Operation 53 [1/1] (0.00ns)   --->   "%br_ln54 = br i1 %icmp_ln54, void %rewind_header, void" [/home/centos/Vitis_Libraries/dsp/L1/include/hw/vitis_2dfft/fixed/vitis_fft/hls_ssr_fft_mux.hpp:54]   --->   Operation 53 'br' 'br_ln54' <Predicate = true> <Delay = 0.00>
ST_2 : Operation 54 [1/1] (0.00ns)   --->   "%br_ln65 = br void %rewind_header" [/home/centos/Vitis_Libraries/dsp/L1/include/hw/vitis_2dfft/fixed/vitis_fft/hls_ssr_fft_mux.hpp:65]   --->   Operation 54 'br' 'br_ln65' <Predicate = (icmp_ln54)> <Delay = 0.00>

State 3 <SV = 2> <Delay = 2.85>
ST_3 : Operation 55 [1/1] (1.32ns)   --->   "%empty_237 = read i512 @_ssdm_op_Read.ap_fifo.volatile.i32P0A.i32P0A.i32P0A.i32P0A.i32P0A.i32P0A.i32P0A.i32P0A.i32P0A.i32P0A.i32P0A.i32P0A.i32P0A.i32P0A.i32P0A.i32P0A, i32 %p_inWideStream_0_0_0_0_0_0, i32 %p_inWideStream_0_0_0_0_0_01, i32 %p_inWideStream_0_0_0_0_0_02, i32 %p_inWideStream_0_0_0_0_0_03, i32 %p_inWideStream_0_0_0_0_0_04, i32 %p_inWideStream_0_0_0_0_0_05, i32 %p_inWideStream_0_0_0_0_0_06, i32 %p_inWideStream_0_0_0_0_0_07, i32 %p_inWideStream_0_0_1_0_0_0, i32 %p_inWideStream_0_0_1_0_0_016, i32 %p_inWideStream_0_0_1_0_0_017, i32 %p_inWideStream_0_0_1_0_0_018, i32 %p_inWideStream_0_0_1_0_0_019, i32 %p_inWideStream_0_0_1_0_0_020, i32 %p_inWideStream_0_0_1_0_0_021, i32 %p_inWideStream_0_0_1_0_0_022" [/opt/Xilinx/Vitis_HLS/2021.1/common/technology/autopilot/hls_stream_39.h:145]   --->   Operation 55 'read' 'empty_237' <Predicate = (!outStreamPtr2)> <Delay = 1.32> <CoreInst = "FIFO_LUTRAM">   --->   Core 80 'FIFO_LUTRAM' <Latency = 0> <II = 1> <Delay = 1.32> <Storage> <Opcode : 'read' 'write' 'nbread' 'nbwrite'> <Ports = 0> <Width = 32> <Depth = 2> <FIFO>
ST_3 : Operation 56 [1/1] (0.00ns)   --->   "%p_inWideStream_0_0_0_0_0_0_val = extractvalue i512 %empty_237" [/opt/Xilinx/Vitis_HLS/2021.1/common/technology/autopilot/hls_stream_39.h:145]   --->   Operation 56 'extractvalue' 'p_inWideStream_0_0_0_0_0_0_val' <Predicate = (!outStreamPtr2)> <Delay = 0.00>
ST_3 : Operation 57 [1/1] (0.00ns)   --->   "%p_inWideStream_0_0_0_0_0_01_val = extractvalue i512 %empty_237" [/opt/Xilinx/Vitis_HLS/2021.1/common/technology/autopilot/hls_stream_39.h:145]   --->   Operation 57 'extractvalue' 'p_inWideStream_0_0_0_0_0_01_val' <Predicate = (!outStreamPtr2)> <Delay = 0.00>
ST_3 : Operation 58 [1/1] (0.00ns)   --->   "%p_inWideStream_0_0_0_0_0_02_val = extractvalue i512 %empty_237" [/opt/Xilinx/Vitis_HLS/2021.1/common/technology/autopilot/hls_stream_39.h:145]   --->   Operation 58 'extractvalue' 'p_inWideStream_0_0_0_0_0_02_val' <Predicate = (!outStreamPtr2)> <Delay = 0.00>
ST_3 : Operation 59 [1/1] (0.00ns)   --->   "%p_inWideStream_0_0_0_0_0_03_val = extractvalue i512 %empty_237" [/opt/Xilinx/Vitis_HLS/2021.1/common/technology/autopilot/hls_stream_39.h:145]   --->   Operation 59 'extractvalue' 'p_inWideStream_0_0_0_0_0_03_val' <Predicate = (!outStreamPtr2)> <Delay = 0.00>
ST_3 : Operation 60 [1/1] (0.00ns)   --->   "%p_inWideStream_0_0_0_0_0_04_val = extractvalue i512 %empty_237" [/opt/Xilinx/Vitis_HLS/2021.1/common/technology/autopilot/hls_stream_39.h:145]   --->   Operation 60 'extractvalue' 'p_inWideStream_0_0_0_0_0_04_val' <Predicate = (!outStreamPtr2)> <Delay = 0.00>
ST_3 : Operation 61 [1/1] (0.00ns)   --->   "%p_inWideStream_0_0_0_0_0_05_val = extractvalue i512 %empty_237" [/opt/Xilinx/Vitis_HLS/2021.1/common/technology/autopilot/hls_stream_39.h:145]   --->   Operation 61 'extractvalue' 'p_inWideStream_0_0_0_0_0_05_val' <Predicate = (!outStreamPtr2)> <Delay = 0.00>
ST_3 : Operation 62 [1/1] (0.00ns)   --->   "%p_inWideStream_0_0_0_0_0_06_val = extractvalue i512 %empty_237" [/opt/Xilinx/Vitis_HLS/2021.1/common/technology/autopilot/hls_stream_39.h:145]   --->   Operation 62 'extractvalue' 'p_inWideStream_0_0_0_0_0_06_val' <Predicate = (!outStreamPtr2)> <Delay = 0.00>
ST_3 : Operation 63 [1/1] (0.00ns)   --->   "%p_inWideStream_0_0_0_0_0_07_val = extractvalue i512 %empty_237" [/opt/Xilinx/Vitis_HLS/2021.1/common/technology/autopilot/hls_stream_39.h:145]   --->   Operation 63 'extractvalue' 'p_inWideStream_0_0_0_0_0_07_val' <Predicate = (!outStreamPtr2)> <Delay = 0.00>
ST_3 : Operation 64 [1/1] (0.00ns)   --->   "%p_inWideStream_0_0_1_0_0_0_val = extractvalue i512 %empty_237" [/opt/Xilinx/Vitis_HLS/2021.1/common/technology/autopilot/hls_stream_39.h:145]   --->   Operation 64 'extractvalue' 'p_inWideStream_0_0_1_0_0_0_val' <Predicate = (!outStreamPtr2)> <Delay = 0.00>
ST_3 : Operation 65 [1/1] (0.00ns)   --->   "%p_inWideStream_0_0_1_0_0_016_val = extractvalue i512 %empty_237" [/opt/Xilinx/Vitis_HLS/2021.1/common/technology/autopilot/hls_stream_39.h:145]   --->   Operation 65 'extractvalue' 'p_inWideStream_0_0_1_0_0_016_val' <Predicate = (!outStreamPtr2)> <Delay = 0.00>
ST_3 : Operation 66 [1/1] (0.00ns)   --->   "%p_inWideStream_0_0_1_0_0_017_val = extractvalue i512 %empty_237" [/opt/Xilinx/Vitis_HLS/2021.1/common/technology/autopilot/hls_stream_39.h:145]   --->   Operation 66 'extractvalue' 'p_inWideStream_0_0_1_0_0_017_val' <Predicate = (!outStreamPtr2)> <Delay = 0.00>
ST_3 : Operation 67 [1/1] (0.00ns)   --->   "%p_inWideStream_0_0_1_0_0_018_val = extractvalue i512 %empty_237" [/opt/Xilinx/Vitis_HLS/2021.1/common/technology/autopilot/hls_stream_39.h:145]   --->   Operation 67 'extractvalue' 'p_inWideStream_0_0_1_0_0_018_val' <Predicate = (!outStreamPtr2)> <Delay = 0.00>
ST_3 : Operation 68 [1/1] (0.00ns)   --->   "%p_inWideStream_0_0_1_0_0_019_val = extractvalue i512 %empty_237" [/opt/Xilinx/Vitis_HLS/2021.1/common/technology/autopilot/hls_stream_39.h:145]   --->   Operation 68 'extractvalue' 'p_inWideStream_0_0_1_0_0_019_val' <Predicate = (!outStreamPtr2)> <Delay = 0.00>
ST_3 : Operation 69 [1/1] (0.00ns)   --->   "%p_inWideStream_0_0_1_0_0_020_val = extractvalue i512 %empty_237" [/opt/Xilinx/Vitis_HLS/2021.1/common/technology/autopilot/hls_stream_39.h:145]   --->   Operation 69 'extractvalue' 'p_inWideStream_0_0_1_0_0_020_val' <Predicate = (!outStreamPtr2)> <Delay = 0.00>
ST_3 : Operation 70 [1/1] (0.00ns)   --->   "%p_inWideStream_0_0_1_0_0_021_val = extractvalue i512 %empty_237" [/opt/Xilinx/Vitis_HLS/2021.1/common/technology/autopilot/hls_stream_39.h:145]   --->   Operation 70 'extractvalue' 'p_inWideStream_0_0_1_0_0_021_val' <Predicate = (!outStreamPtr2)> <Delay = 0.00>
ST_3 : Operation 71 [1/1] (0.00ns)   --->   "%p_inWideStream_0_0_1_0_0_022_val = extractvalue i512 %empty_237" [/opt/Xilinx/Vitis_HLS/2021.1/common/technology/autopilot/hls_stream_39.h:145]   --->   Operation 71 'extractvalue' 'p_inWideStream_0_0_1_0_0_022_val' <Predicate = (!outStreamPtr2)> <Delay = 0.00>
ST_3 : Operation 72 [1/1] (0.38ns)   --->   "%br_ln145 = br void %.split5" [/opt/Xilinx/Vitis_HLS/2021.1/common/technology/autopilot/hls_stream_39.h:145]   --->   Operation 72 'br' 'br_ln145' <Predicate = (!outStreamPtr2)> <Delay = 0.38>
ST_3 : Operation 73 [1/1] (1.32ns)   --->   "%empty_238 = read i512 @_ssdm_op_Read.ap_fifo.volatile.i32P0A.i32P0A.i32P0A.i32P0A.i32P0A.i32P0A.i32P0A.i32P0A.i32P0A.i32P0A.i32P0A.i32P0A.i32P0A.i32P0A.i32P0A.i32P0A, i32 %p_inWideStream_0_0_0_0_0_018, i32 %p_inWideStream_0_0_0_0_0_019, i32 %p_inWideStream_0_0_0_0_0_0110, i32 %p_inWideStream_0_0_0_0_0_0111, i32 %p_inWideStream_0_0_0_0_0_0112, i32 %p_inWideStream_0_0_0_0_0_0113, i32 %p_inWideStream_0_0_0_0_0_0114, i32 %p_inWideStream_0_0_0_0_0_0115, i32 %p_inWideStream_0_0_1_0_0_02, i32 %p_inWideStream_0_0_1_0_0_0223, i32 %p_inWideStream_0_0_1_0_0_0224, i32 %p_inWideStream_0_0_1_0_0_0225, i32 %p_inWideStream_0_0_1_0_0_0226, i32 %p_inWideStream_0_0_1_0_0_0227, i32 %p_inWideStream_0_0_1_0_0_0228, i32 %p_inWideStream_0_0_1_0_0_0229" [/opt/Xilinx/Vitis_HLS/2021.1/common/technology/autopilot/hls_stream_39.h:145]   --->   Operation 73 'read' 'empty_238' <Predicate = (outStreamPtr2)> <Delay = 1.32> <CoreInst = "FIFO_LUTRAM">   --->   Core 80 'FIFO_LUTRAM' <Latency = 0> <II = 1> <Delay = 1.32> <Storage> <Opcode : 'read' 'write' 'nbread' 'nbwrite'> <Ports = 0> <Width = 32> <Depth = 2> <FIFO>
ST_3 : Operation 74 [1/1] (0.00ns)   --->   "%p_inWideStream_0_0_0_0_0_018_val = extractvalue i512 %empty_238" [/opt/Xilinx/Vitis_HLS/2021.1/common/technology/autopilot/hls_stream_39.h:145]   --->   Operation 74 'extractvalue' 'p_inWideStream_0_0_0_0_0_018_val' <Predicate = (outStreamPtr2)> <Delay = 0.00>
ST_3 : Operation 75 [1/1] (0.00ns)   --->   "%p_inWideStream_0_0_0_0_0_019_val = extractvalue i512 %empty_238" [/opt/Xilinx/Vitis_HLS/2021.1/common/technology/autopilot/hls_stream_39.h:145]   --->   Operation 75 'extractvalue' 'p_inWideStream_0_0_0_0_0_019_val' <Predicate = (outStreamPtr2)> <Delay = 0.00>
ST_3 : Operation 76 [1/1] (0.00ns)   --->   "%p_inWideStream_0_0_0_0_0_0110_val = extractvalue i512 %empty_238" [/opt/Xilinx/Vitis_HLS/2021.1/common/technology/autopilot/hls_stream_39.h:145]   --->   Operation 76 'extractvalue' 'p_inWideStream_0_0_0_0_0_0110_val' <Predicate = (outStreamPtr2)> <Delay = 0.00>
ST_3 : Operation 77 [1/1] (0.00ns)   --->   "%p_inWideStream_0_0_0_0_0_0111_val = extractvalue i512 %empty_238" [/opt/Xilinx/Vitis_HLS/2021.1/common/technology/autopilot/hls_stream_39.h:145]   --->   Operation 77 'extractvalue' 'p_inWideStream_0_0_0_0_0_0111_val' <Predicate = (outStreamPtr2)> <Delay = 0.00>
ST_3 : Operation 78 [1/1] (0.00ns)   --->   "%p_inWideStream_0_0_0_0_0_0112_val = extractvalue i512 %empty_238" [/opt/Xilinx/Vitis_HLS/2021.1/common/technology/autopilot/hls_stream_39.h:145]   --->   Operation 78 'extractvalue' 'p_inWideStream_0_0_0_0_0_0112_val' <Predicate = (outStreamPtr2)> <Delay = 0.00>
ST_3 : Operation 79 [1/1] (0.00ns)   --->   "%p_inWideStream_0_0_0_0_0_0113_val = extractvalue i512 %empty_238" [/opt/Xilinx/Vitis_HLS/2021.1/common/technology/autopilot/hls_stream_39.h:145]   --->   Operation 79 'extractvalue' 'p_inWideStream_0_0_0_0_0_0113_val' <Predicate = (outStreamPtr2)> <Delay = 0.00>
ST_3 : Operation 80 [1/1] (0.00ns)   --->   "%p_inWideStream_0_0_0_0_0_0114_val = extractvalue i512 %empty_238" [/opt/Xilinx/Vitis_HLS/2021.1/common/technology/autopilot/hls_stream_39.h:145]   --->   Operation 80 'extractvalue' 'p_inWideStream_0_0_0_0_0_0114_val' <Predicate = (outStreamPtr2)> <Delay = 0.00>
ST_3 : Operation 81 [1/1] (0.00ns)   --->   "%p_inWideStream_0_0_0_0_0_0115_val = extractvalue i512 %empty_238" [/opt/Xilinx/Vitis_HLS/2021.1/common/technology/autopilot/hls_stream_39.h:145]   --->   Operation 81 'extractvalue' 'p_inWideStream_0_0_0_0_0_0115_val' <Predicate = (outStreamPtr2)> <Delay = 0.00>
ST_3 : Operation 82 [1/1] (0.00ns)   --->   "%p_inWideStream_0_0_1_0_0_02_val = extractvalue i512 %empty_238" [/opt/Xilinx/Vitis_HLS/2021.1/common/technology/autopilot/hls_stream_39.h:145]   --->   Operation 82 'extractvalue' 'p_inWideStream_0_0_1_0_0_02_val' <Predicate = (outStreamPtr2)> <Delay = 0.00>
ST_3 : Operation 83 [1/1] (0.00ns)   --->   "%p_inWideStream_0_0_1_0_0_0223_val = extractvalue i512 %empty_238" [/opt/Xilinx/Vitis_HLS/2021.1/common/technology/autopilot/hls_stream_39.h:145]   --->   Operation 83 'extractvalue' 'p_inWideStream_0_0_1_0_0_0223_val' <Predicate = (outStreamPtr2)> <Delay = 0.00>
ST_3 : Operation 84 [1/1] (0.00ns)   --->   "%p_inWideStream_0_0_1_0_0_0224_val = extractvalue i512 %empty_238" [/opt/Xilinx/Vitis_HLS/2021.1/common/technology/autopilot/hls_stream_39.h:145]   --->   Operation 84 'extractvalue' 'p_inWideStream_0_0_1_0_0_0224_val' <Predicate = (outStreamPtr2)> <Delay = 0.00>
ST_3 : Operation 85 [1/1] (0.00ns)   --->   "%p_inWideStream_0_0_1_0_0_0225_val = extractvalue i512 %empty_238" [/opt/Xilinx/Vitis_HLS/2021.1/common/technology/autopilot/hls_stream_39.h:145]   --->   Operation 85 'extractvalue' 'p_inWideStream_0_0_1_0_0_0225_val' <Predicate = (outStreamPtr2)> <Delay = 0.00>
ST_3 : Operation 86 [1/1] (0.00ns)   --->   "%p_inWideStream_0_0_1_0_0_0226_val = extractvalue i512 %empty_238" [/opt/Xilinx/Vitis_HLS/2021.1/common/technology/autopilot/hls_stream_39.h:145]   --->   Operation 86 'extractvalue' 'p_inWideStream_0_0_1_0_0_0226_val' <Predicate = (outStreamPtr2)> <Delay = 0.00>
ST_3 : Operation 87 [1/1] (0.00ns)   --->   "%p_inWideStream_0_0_1_0_0_0227_val = extractvalue i512 %empty_238" [/opt/Xilinx/Vitis_HLS/2021.1/common/technology/autopilot/hls_stream_39.h:145]   --->   Operation 87 'extractvalue' 'p_inWideStream_0_0_1_0_0_0227_val' <Predicate = (outStreamPtr2)> <Delay = 0.00>
ST_3 : Operation 88 [1/1] (0.00ns)   --->   "%p_inWideStream_0_0_1_0_0_0228_val = extractvalue i512 %empty_238" [/opt/Xilinx/Vitis_HLS/2021.1/common/technology/autopilot/hls_stream_39.h:145]   --->   Operation 88 'extractvalue' 'p_inWideStream_0_0_1_0_0_0228_val' <Predicate = (outStreamPtr2)> <Delay = 0.00>
ST_3 : Operation 89 [1/1] (0.00ns)   --->   "%p_inWideStream_0_0_1_0_0_0229_val = extractvalue i512 %empty_238" [/opt/Xilinx/Vitis_HLS/2021.1/common/technology/autopilot/hls_stream_39.h:145]   --->   Operation 89 'extractvalue' 'p_inWideStream_0_0_1_0_0_0229_val' <Predicate = (outStreamPtr2)> <Delay = 0.00>
ST_3 : Operation 90 [1/1] (0.38ns)   --->   "%br_ln145 = br void %.split5" [/opt/Xilinx/Vitis_HLS/2021.1/common/technology/autopilot/hls_stream_39.h:145]   --->   Operation 90 'br' 'br_ln145' <Predicate = (outStreamPtr2)> <Delay = 0.38>
ST_3 : Operation 91 [1/1] (0.00ns)   --->   "%p_0_12_0_0_0_7_0 = phi i32 %p_inWideStream_0_0_1_0_0_0229_val, void %branch1, i32 %p_inWideStream_0_0_1_0_0_022_val, void %branch0" [/opt/Xilinx/Vitis_HLS/2021.1/common/technology/autopilot/hls_stream_39.h:145]   --->   Operation 91 'phi' 'p_0_12_0_0_0_7_0' <Predicate = true> <Delay = 0.00>
ST_3 : Operation 92 [1/1] (0.00ns)   --->   "%p_0_12_0_0_0_6_0 = phi i32 %p_inWideStream_0_0_1_0_0_0228_val, void %branch1, i32 %p_inWideStream_0_0_1_0_0_021_val, void %branch0" [/opt/Xilinx/Vitis_HLS/2021.1/common/technology/autopilot/hls_stream_39.h:145]   --->   Operation 92 'phi' 'p_0_12_0_0_0_6_0' <Predicate = true> <Delay = 0.00>
ST_3 : Operation 93 [1/1] (0.00ns)   --->   "%p_0_12_0_0_0_5_0 = phi i32 %p_inWideStream_0_0_1_0_0_0227_val, void %branch1, i32 %p_inWideStream_0_0_1_0_0_020_val, void %branch0" [/opt/Xilinx/Vitis_HLS/2021.1/common/technology/autopilot/hls_stream_39.h:145]   --->   Operation 93 'phi' 'p_0_12_0_0_0_5_0' <Predicate = true> <Delay = 0.00>
ST_3 : Operation 94 [1/1] (0.00ns)   --->   "%p_0_12_0_0_0_4_0 = phi i32 %p_inWideStream_0_0_1_0_0_0226_val, void %branch1, i32 %p_inWideStream_0_0_1_0_0_019_val, void %branch0" [/opt/Xilinx/Vitis_HLS/2021.1/common/technology/autopilot/hls_stream_39.h:145]   --->   Operation 94 'phi' 'p_0_12_0_0_0_4_0' <Predicate = true> <Delay = 0.00>
ST_3 : Operation 95 [1/1] (0.00ns)   --->   "%p_0_12_0_0_0_3_0 = phi i32 %p_inWideStream_0_0_1_0_0_0225_val, void %branch1, i32 %p_inWideStream_0_0_1_0_0_018_val, void %branch0" [/opt/Xilinx/Vitis_HLS/2021.1/common/technology/autopilot/hls_stream_39.h:145]   --->   Operation 95 'phi' 'p_0_12_0_0_0_3_0' <Predicate = true> <Delay = 0.00>
ST_3 : Operation 96 [1/1] (0.00ns)   --->   "%p_0_12_0_0_0_2_0 = phi i32 %p_inWideStream_0_0_1_0_0_0224_val, void %branch1, i32 %p_inWideStream_0_0_1_0_0_017_val, void %branch0" [/opt/Xilinx/Vitis_HLS/2021.1/common/technology/autopilot/hls_stream_39.h:145]   --->   Operation 96 'phi' 'p_0_12_0_0_0_2_0' <Predicate = true> <Delay = 0.00>
ST_3 : Operation 97 [1/1] (0.00ns)   --->   "%p_0_12_0_0_0_1_0 = phi i32 %p_inWideStream_0_0_1_0_0_0223_val, void %branch1, i32 %p_inWideStream_0_0_1_0_0_016_val, void %branch0" [/opt/Xilinx/Vitis_HLS/2021.1/common/technology/autopilot/hls_stream_39.h:145]   --->   Operation 97 'phi' 'p_0_12_0_0_0_1_0' <Predicate = true> <Delay = 0.00>
ST_3 : Operation 98 [1/1] (0.00ns)   --->   "%p_0_12_0_0_0_0_0 = phi i32 %p_inWideStream_0_0_1_0_0_02_val, void %branch1, i32 %p_inWideStream_0_0_1_0_0_0_val, void %branch0" [/opt/Xilinx/Vitis_HLS/2021.1/common/technology/autopilot/hls_stream_39.h:145]   --->   Operation 98 'phi' 'p_0_12_0_0_0_0_0' <Predicate = true> <Delay = 0.00>
ST_3 : Operation 99 [1/1] (0.00ns)   --->   "%p_0_01_0_0_0_7_0 = phi i32 %p_inWideStream_0_0_0_0_0_0115_val, void %branch1, i32 %p_inWideStream_0_0_0_0_0_07_val, void %branch0" [/opt/Xilinx/Vitis_HLS/2021.1/common/technology/autopilot/hls_stream_39.h:145]   --->   Operation 99 'phi' 'p_0_01_0_0_0_7_0' <Predicate = true> <Delay = 0.00>
ST_3 : Operation 100 [1/1] (0.00ns)   --->   "%p_0_01_0_0_0_6_0 = phi i32 %p_inWideStream_0_0_0_0_0_0114_val, void %branch1, i32 %p_inWideStream_0_0_0_0_0_06_val, void %branch0" [/opt/Xilinx/Vitis_HLS/2021.1/common/technology/autopilot/hls_stream_39.h:145]   --->   Operation 100 'phi' 'p_0_01_0_0_0_6_0' <Predicate = true> <Delay = 0.00>
ST_3 : Operation 101 [1/1] (0.00ns)   --->   "%p_0_01_0_0_0_5_0 = phi i32 %p_inWideStream_0_0_0_0_0_0113_val, void %branch1, i32 %p_inWideStream_0_0_0_0_0_05_val, void %branch0" [/opt/Xilinx/Vitis_HLS/2021.1/common/technology/autopilot/hls_stream_39.h:145]   --->   Operation 101 'phi' 'p_0_01_0_0_0_5_0' <Predicate = true> <Delay = 0.00>
ST_3 : Operation 102 [1/1] (0.00ns)   --->   "%p_0_01_0_0_0_4_0 = phi i32 %p_inWideStream_0_0_0_0_0_0112_val, void %branch1, i32 %p_inWideStream_0_0_0_0_0_04_val, void %branch0" [/opt/Xilinx/Vitis_HLS/2021.1/common/technology/autopilot/hls_stream_39.h:145]   --->   Operation 102 'phi' 'p_0_01_0_0_0_4_0' <Predicate = true> <Delay = 0.00>
ST_3 : Operation 103 [1/1] (0.00ns)   --->   "%p_0_01_0_0_0_3_0 = phi i32 %p_inWideStream_0_0_0_0_0_0111_val, void %branch1, i32 %p_inWideStream_0_0_0_0_0_03_val, void %branch0" [/opt/Xilinx/Vitis_HLS/2021.1/common/technology/autopilot/hls_stream_39.h:145]   --->   Operation 103 'phi' 'p_0_01_0_0_0_3_0' <Predicate = true> <Delay = 0.00>
ST_3 : Operation 104 [1/1] (0.00ns)   --->   "%p_0_01_0_0_0_2_0 = phi i32 %p_inWideStream_0_0_0_0_0_0110_val, void %branch1, i32 %p_inWideStream_0_0_0_0_0_02_val, void %branch0" [/opt/Xilinx/Vitis_HLS/2021.1/common/technology/autopilot/hls_stream_39.h:145]   --->   Operation 104 'phi' 'p_0_01_0_0_0_2_0' <Predicate = true> <Delay = 0.00>
ST_3 : Operation 105 [1/1] (0.00ns)   --->   "%p_0_01_0_0_0_1_0 = phi i32 %p_inWideStream_0_0_0_0_0_019_val, void %branch1, i32 %p_inWideStream_0_0_0_0_0_01_val, void %branch0" [/opt/Xilinx/Vitis_HLS/2021.1/common/technology/autopilot/hls_stream_39.h:145]   --->   Operation 105 'phi' 'p_0_01_0_0_0_1_0' <Predicate = true> <Delay = 0.00>
ST_3 : Operation 106 [1/1] (0.00ns)   --->   "%p_0_01_0_0_0_0_0 = phi i32 %p_inWideStream_0_0_0_0_0_018_val, void %branch1, i32 %p_inWideStream_0_0_0_0_0_0_val, void %branch0" [/opt/Xilinx/Vitis_HLS/2021.1/common/technology/autopilot/hls_stream_39.h:145]   --->   Operation 106 'phi' 'p_0_01_0_0_0_0_0' <Predicate = true> <Delay = 0.00>
ST_3 : Operation 107 [1/1] (0.00ns)   --->   "%or_ln174_s = bitconcatenate i512 @_ssdm_op_BitConcatenate.i512.i32.i32.i32.i32.i32.i32.i32.i32.i32.i32.i32.i32.i32.i32.i32.i32, i32 %p_0_12_0_0_0_7_0, i32 %p_0_01_0_0_0_7_0, i32 %p_0_12_0_0_0_6_0, i32 %p_0_01_0_0_0_6_0, i32 %p_0_12_0_0_0_5_0, i32 %p_0_01_0_0_0_5_0, i32 %p_0_12_0_0_0_4_0, i32 %p_0_01_0_0_0_4_0, i32 %p_0_12_0_0_0_3_0, i32 %p_0_01_0_0_0_3_0, i32 %p_0_12_0_0_0_2_0, i32 %p_0_01_0_0_0_2_0, i32 %p_0_12_0_0_0_1_0, i32 %p_0_01_0_0_0_1_0, i32 %p_0_12_0_0_0_0_0, i32 %p_0_01_0_0_0_0_0" [/opt/Xilinx/Vitis_HLS/2021.1/common/technology/autopilot/hls_stream_39.h:174]   --->   Operation 107 'bitconcatenate' 'or_ln174_s' <Predicate = true> <Delay = 0.00>
ST_3 : Operation 108 [1/1] (1.14ns)   --->   "%write_ln174 = write void @_ssdm_op_Write.ap_fifo.volatile.i512P0A, i512 %l_colProcOutStream, i512 %or_ln174_s" [/opt/Xilinx/Vitis_HLS/2021.1/common/technology/autopilot/hls_stream_39.h:174]   --->   Operation 108 'write' 'write_ln174' <Predicate = true> <Delay = 1.14> <CoreInst = "FIFO_LUTRAM">   --->   Core 80 'FIFO_LUTRAM' <Latency = 0> <II = 1> <Delay = 1.14> <Storage> <Opcode : 'read' 'write' 'nbread' 'nbwrite'> <Ports = 0> <Width = 512> <Depth = 2> <FIFO>
ST_3 : Operation 109 [1/1] (0.00ns)   --->   "%return_ln65 = return void @_ssdm_op_Return" [/home/centos/Vitis_Libraries/dsp/L1/include/hw/vitis_2dfft/fixed/vitis_fft/hls_ssr_fft_mux.hpp:65]   --->   Operation 109 'return' 'return_ln65' <Predicate = (icmp_ln54)> <Delay = 0.00>


============================================================
+ Verbose Summary: Timing violations
============================================================
Target clock period: 4ns, clock uncertainty: 1.08ns.

 <State 1>: 0.387ns
The critical path consists of the following:
	multiplexor before 'phi' operation ('do_init') [69]  (0.387 ns)

 <State 2>: 0.707ns
The critical path consists of the following:
	'phi' operation ('iter') with incoming values : ('iter', /home/centos/Vitis_Libraries/dsp/L1/include/hw/vitis_2dfft/fixed/vitis_fft/hls_ssr_fft_mux.hpp:54) [71]  (0 ns)
	'add' operation ('iter', /home/centos/Vitis_Libraries/dsp/L1/include/hw/vitis_2dfft/fixed/vitis_fft/hls_ssr_fft_mux.hpp:54) [82]  (0.707 ns)

 <State 3>: 2.86ns
The critical path consists of the following:
	fifo read operation ('empty_237', /opt/Xilinx/Vitis_HLS/2021.1/common/technology/autopilot/hls_stream_39.h:145) on port 'p_inWideStream_0_0_0_0_0_0' (/opt/Xilinx/Vitis_HLS/2021.1/common/technology/autopilot/hls_stream_39.h:145) [85]  (1.32 ns)
	multiplexor before 'phi' operation ('p_0_12_0_0_0_7_0', /opt/Xilinx/Vitis_HLS/2021.1/common/technology/autopilot/hls_stream_39.h:145) with incoming values : ('p_inWideStream_0_0_1_0_0_022_val', /opt/Xilinx/Vitis_HLS/2021.1/common/technology/autopilot/hls_stream_39.h:145) ('p_inWideStream_0_0_1_0_0_0229_val', /opt/Xilinx/Vitis_HLS/2021.1/common/technology/autopilot/hls_stream_39.h:145) [123]  (0.387 ns)
	'phi' operation ('p_0_12_0_0_0_7_0', /opt/Xilinx/Vitis_HLS/2021.1/common/technology/autopilot/hls_stream_39.h:145) with incoming values : ('p_inWideStream_0_0_1_0_0_022_val', /opt/Xilinx/Vitis_HLS/2021.1/common/technology/autopilot/hls_stream_39.h:145) ('p_inWideStream_0_0_1_0_0_0229_val', /opt/Xilinx/Vitis_HLS/2021.1/common/technology/autopilot/hls_stream_39.h:145) [123]  (0 ns)
	fifo write operation ('write_ln174', /opt/Xilinx/Vitis_HLS/2021.1/common/technology/autopilot/hls_stream_39.h:174) on port 'l_colProcOutStream' (/opt/Xilinx/Vitis_HLS/2021.1/common/technology/autopilot/hls_stream_39.h:174) [140]  (1.15 ns)


============================================================
+ Verbose Summary: Binding
============================================================
N/A
* FSMD analyzer results:
  - Output states:
 - Input state : 
  - Chain level:
	State 1
	State 2
	State 3


============================================================
+ Verbose Summary: Datapath Resource usage 
============================================================
N/A
