

================================================================
== Vitis HLS Report for 'readImages_512u_16u_16u_4096u_22u_8u_complex_ap_fixed_22_8_5_3_0_SuperSampleContainer_8_complex_ap_fixed_22_8_5_3_0_Pipeline_VITIS_LOOP_43_1_VITIS_LOOP_44_2_VITIS_LOOP_45_3'
================================================================
* Date:           Thu Jan 27 12:43:00 2022

* Version:        2021.1 (Build 3247384 on Thu Jun 10 19:36:07 MDT 2021)
* Project:        fft2DKernel
* Solution:       solution (Vitis Kernel Flow Target)
* Product family: virtexuplus
* Target device:  xcvu9p-flgb2104-2-i


================================================================
== Performance Estimates
================================================================
+ Timing: 
    * Summary: 
    +--------+---------+----------+------------+
    |  Clock |  Target | Estimated| Uncertainty|
    +--------+---------+----------+------------+
    |ap_clk  |  4.00 ns|  2.920 ns|     1.08 ns|
    +--------+---------+----------+------------+

+ Latency: 
    * Summary: 
    +---------+---------+----------+----------+-----+-----+---------+
    |  Latency (cycles) |  Latency (absolute) |  Interval | Pipeline|
    |   min   |   max   |    min   |    max   | min | max |   Type  |
    +---------+---------+----------+----------+-----+-----+---------+
    |        ?|        ?|         ?|         ?|    ?|    ?|       no|
    +---------+---------+----------+----------+-----+-----+---------+

    + Detail: 
        * Instance: 
        N/A

        * Loop: 
        +---------------------------------------------------+---------+---------+----------+-----------+-----------+------+----------+
        |                                                   |  Latency (cycles) | Iteration|  Initiation Interval  | Trip |          |
        |                     Loop Name                     |   min   |   max   |  Latency |  achieved |   target  | Count| Pipelined|
        +---------------------------------------------------+---------+---------+----------+-----------+-----------+------+----------+
        |- VITIS_LOOP_43_1_VITIS_LOOP_44_2_VITIS_LOOP_45_3  |        ?|        ?|        73|          1|          1|     ?|       yes|
        +---------------------------------------------------+---------+---------+----------+-----------+-----------+------+----------+

============================================================
+ Verbose Summary: Synthesis Manager
============================================================
InlineROM: 1
ExposeGlobal: 0
============================================================
+ Verbose Summary: CDFG Model
============================================================
IsTopModel: 0
ResetActiveHigh: 1
IsCombinational: 0
IsDatapathOnly: 0
HasWiredReturn: 1
HasMFsm: 2
HasVarLatency: 1
IsPipeline: 0
IsRtlPipelined: 0
IsInstanceOverlapped: 0
IsDontTouch: 0
HasImplIP: 0
IsGatedGlobalClock: 0

+ Individual pipeline summary: 
  * Pipeline-0: initiation interval (II) = 1, depth = 74


============================================================
+ Verbose Summary: Schedule
============================================================
* Number of FSM states : 74
* Pipeline : 1
  Pipeline-0 : II = 1, D = 74, States = { 1 2 3 4 5 6 7 8 9 10 11 12 13 14 15 16 17 18 19 20 21 22 23 24 25 26 27 28 29 30 31 32 33 34 35 36 37 38 39 40 41 42 43 44 45 46 47 48 49 50 51 52 53 54 55 56 57 58 59 60 61 62 63 64 65 66 67 68 69 70 71 72 73 74 }
* Dataflow Pipeline: 0

* FSM state transitions: 
1 --> 2 
2 --> 3 
3 --> 4 
4 --> 5 
5 --> 6 
6 --> 7 
7 --> 8 
8 --> 9 
9 --> 10 
10 --> 11 
11 --> 12 
12 --> 13 
13 --> 14 
14 --> 15 
15 --> 16 
16 --> 17 
17 --> 18 
18 --> 19 
19 --> 20 
20 --> 21 
21 --> 22 
22 --> 23 
23 --> 24 
24 --> 25 
25 --> 26 
26 --> 27 
27 --> 28 
28 --> 29 
29 --> 30 
30 --> 31 
31 --> 32 
32 --> 33 
33 --> 34 
34 --> 35 
35 --> 36 
36 --> 37 
37 --> 38 
38 --> 39 
39 --> 40 
40 --> 41 
41 --> 42 
42 --> 43 
43 --> 44 
44 --> 45 
45 --> 46 
46 --> 47 
47 --> 48 
48 --> 49 
49 --> 50 
50 --> 51 
51 --> 52 
52 --> 53 
53 --> 54 
54 --> 55 
55 --> 56 
56 --> 57 
57 --> 58 
58 --> 59 
59 --> 60 
60 --> 61 
61 --> 62 
62 --> 63 
63 --> 64 
64 --> 65 
65 --> 66 
66 --> 67 
67 --> 68 
68 --> 69 
69 --> 70 
70 --> 71 
71 --> 72 
72 --> 73 
73 --> 74 
74 --> 

* FSM state operations: 

State 1 <SV = 0> <Delay = 0.38>
ST_1 : Operation 76 [1/1] (0.00ns)   --->   "%c = alloca i32 1"   --->   Operation 76 'alloca' 'c' <Predicate = true> <Delay = 0.00>
ST_1 : Operation 77 [1/1] (0.00ns)   --->   "%r = alloca i32 1"   --->   Operation 77 'alloca' 'r' <Predicate = true> <Delay = 0.00>
ST_1 : Operation 78 [1/1] (0.00ns)   --->   "%indvar_flatten = alloca i32 1"   --->   Operation 78 'alloca' 'indvar_flatten' <Predicate = true> <Delay = 0.00>
ST_1 : Operation 79 [1/1] (0.00ns)   --->   "%n = alloca i32 1"   --->   Operation 79 'alloca' 'n' <Predicate = true> <Delay = 0.00>
ST_1 : Operation 80 [1/1] (0.00ns)   --->   "%indvar_flatten30 = alloca i32 1"   --->   Operation 80 'alloca' 'indvar_flatten30' <Predicate = true> <Delay = 0.00>
ST_1 : Operation 81 [1/1] (0.00ns)   --->   "%specinterface_ln0 = specinterface void @_ssdm_op_SpecInterface, i512 %gmem, void @empty_14, i32 0, i32 0, void @empty_13, i32 64, i32 0, void @empty_12, void @empty_4, void @empty_13, i32 16, i32 16, i32 16, i32 16, void @empty_13, void @empty_13"   --->   Operation 81 'specinterface' 'specinterface_ln0' <Predicate = true> <Delay = 0.00>
ST_1 : Operation 82 [1/1] (0.00ns)   --->   "%specinterface_ln0 = specinterface void @_ssdm_op_SpecInterface, i512 %fftInStrm, void @empty_8, i32 0, i32 0, void @empty_13, i32 0, i32 0, void @empty_13, void @empty_13, void @empty_13, i32 0, i32 0, i32 0, i32 0, void @empty_13, void @empty_13"   --->   Operation 82 'specinterface' 'specinterface_ln0' <Predicate = true> <Delay = 0.00>
ST_1 : Operation 83 [1/1] (0.00ns)   --->   "%p_fftInData_read = read i64 @_ssdm_op_Read.ap_auto.i64, i64 %p_fftInData" [/home/centos/Vitis_Libraries/dsp/L2/include/hw/vitis_2dfft/fixed/vitis_fft/fft_kernel.hpp:40]   --->   Operation 83 'read' 'p_fftInData_read' <Predicate = true> <Delay = 0.00>
ST_1 : Operation 84 [1/1] (0.00ns)   --->   "%bound5_read = read i37 @_ssdm_op_Read.ap_auto.i37, i37 %bound5" [/home/centos/Vitis_Libraries/dsp/L2/include/hw/vitis_2dfft/fixed/vitis_fft/fft_kernel.hpp:40]   --->   Operation 84 'read' 'bound5_read' <Predicate = true> <Delay = 0.00>
ST_1 : Operation 85 [1/1] (0.38ns)   --->   "%store_ln0 = store i37 0, i37 %indvar_flatten30"   --->   Operation 85 'store' 'store_ln0' <Predicate = true> <Delay = 0.38>
ST_1 : Operation 86 [1/1] (0.38ns)   --->   "%store_ln0 = store i31 0, i31 %n"   --->   Operation 86 'store' 'store_ln0' <Predicate = true> <Delay = 0.38>
ST_1 : Operation 87 [1/1] (0.38ns)   --->   "%store_ln0 = store i7 0, i7 %indvar_flatten"   --->   Operation 87 'store' 'store_ln0' <Predicate = true> <Delay = 0.38>
ST_1 : Operation 88 [1/1] (0.38ns)   --->   "%store_ln0 = store i5 0, i5 %r"   --->   Operation 88 'store' 'store_ln0' <Predicate = true> <Delay = 0.38>
ST_1 : Operation 89 [1/1] (0.38ns)   --->   "%store_ln0 = store i2 0, i2 %c"   --->   Operation 89 'store' 'store_ln0' <Predicate = true> <Delay = 0.38>
ST_1 : Operation 90 [1/1] (0.00ns)   --->   "%br_ln0 = br void %_ZN8ap_fixedILi22ELi8EL9ap_q_mode5EL9ap_o_mode3ELi0EEC2ILi512ELb0EEERK12ap_range_refIXT_EXT0_EE.exit"   --->   Operation 90 'br' 'br_ln0' <Predicate = true> <Delay = 0.00>

State 2 <SV = 1> <Delay = 2.73>
ST_2 : Operation 91 [1/1] (0.00ns)   --->   "%r_18 = load i5 %r"   --->   Operation 91 'load' 'r_18' <Predicate = true> <Delay = 0.00>
ST_2 : Operation 92 [1/1] (0.00ns)   --->   "%n_2 = load i31 %n" [/home/centos/Vitis_Libraries/dsp/L2/include/hw/vitis_2dfft/fixed/vitis_fft/fft_kernel.hpp:43]   --->   Operation 92 'load' 'n_2' <Predicate = true> <Delay = 0.00>
ST_2 : Operation 93 [1/1] (0.00ns)   --->   "%indvar_flatten30_load = load i37 %indvar_flatten30"   --->   Operation 93 'load' 'indvar_flatten30_load' <Predicate = true> <Delay = 0.00>
ST_2 : Operation 94 [1/1] (0.00ns)   --->   "%trunc_ln43 = trunc i31 %n_2" [/home/centos/Vitis_Libraries/dsp/L2/include/hw/vitis_2dfft/fixed/vitis_fft/fft_kernel.hpp:43]   --->   Operation 94 'trunc' 'trunc_ln43' <Predicate = true> <Delay = 0.00>
ST_2 : Operation 95 [1/1] (0.00ns)   --->   "%empty = trunc i5 %r_18"   --->   Operation 95 'trunc' 'empty' <Predicate = true> <Delay = 0.00>
ST_2 : Operation 96 [1/1] (0.00ns)   --->   "%tmp_s = bitconcatenate i29 @_ssdm_op_BitConcatenate.i29.i24.i4.i1, i24 %trunc_ln43, i4 %empty, i1 0" [/home/centos/Vitis_Libraries/dsp/L2/include/hw/vitis_2dfft/fixed/vitis_fft/fft_kernel.hpp:48]   --->   Operation 96 'bitconcatenate' 'tmp_s' <Predicate = true> <Delay = 0.00>
ST_2 : Operation 97 [1/1] (0.98ns)   --->   "%icmp_ln43 = icmp_eq  i37 %indvar_flatten30_load, i37 %bound5_read" [/home/centos/Vitis_Libraries/dsp/L2/include/hw/vitis_2dfft/fixed/vitis_fft/fft_kernel.hpp:43]   --->   Operation 97 'icmp' 'icmp_ln43' <Predicate = true> <Delay = 0.98> <CoreInst = "Cmp">   --->   Core 9 'Cmp' <Latency = 0> <II = 1> <Delay = 0.98> <FuncUnit> <Opcode : 'icmp'> <InPorts = 2> <OutPorts = 1>
ST_2 : Operation 98 [1/1] (0.93ns)   --->   "%add_ln43 = add i37 %indvar_flatten30_load, i37 1" [/home/centos/Vitis_Libraries/dsp/L2/include/hw/vitis_2dfft/fixed/vitis_fft/fft_kernel.hpp:43]   --->   Operation 98 'add' 'add_ln43' <Predicate = true> <Delay = 0.93> <CoreInst = "Adder">   --->   Core 1 'Adder' <Latency = 0> <II = 1> <Delay = 0.70> <FuncUnit> <Opcode : 'add' 'sub'> <InPorts = 2> <OutPorts = 1>
ST_2 : Operation 99 [1/1] (0.00ns)   --->   "%br_ln43 = br i1 %icmp_ln43, void %.split18, void %._crit_edge.loopexit.exitStub" [/home/centos/Vitis_Libraries/dsp/L2/include/hw/vitis_2dfft/fixed/vitis_fft/fft_kernel.hpp:43]   --->   Operation 99 'br' 'br_ln43' <Predicate = true> <Delay = 0.00>
ST_2 : Operation 100 [1/1] (0.00ns)   --->   "%c_load_2 = load i2 %c" [/home/centos/Vitis_Libraries/dsp/L2/include/hw/vitis_2dfft/fixed/vitis_fft/fft_kernel.hpp:45]   --->   Operation 100 'load' 'c_load_2' <Predicate = (!icmp_ln43)> <Delay = 0.00>
ST_2 : Operation 101 [1/1] (0.00ns)   --->   "%indvar_flatten_load_2 = load i7 %indvar_flatten" [/home/centos/Vitis_Libraries/dsp/L2/include/hw/vitis_2dfft/fixed/vitis_fft/fft_kernel.hpp:44]   --->   Operation 101 'load' 'indvar_flatten_load_2' <Predicate = (!icmp_ln43)> <Delay = 0.00>
ST_2 : Operation 102 [1/1] (0.59ns)   --->   "%icmp_ln44 = icmp_eq  i7 %indvar_flatten_load_2, i7 32" [/home/centos/Vitis_Libraries/dsp/L2/include/hw/vitis_2dfft/fixed/vitis_fft/fft_kernel.hpp:44]   --->   Operation 102 'icmp' 'icmp_ln44' <Predicate = (!icmp_ln43)> <Delay = 0.59> <CoreInst = "Cmp">   --->   Core 9 'Cmp' <Latency = 0> <II = 1> <Delay = 0.98> <FuncUnit> <Opcode : 'icmp'> <InPorts = 2> <OutPorts = 1>
ST_2 : Operation 103 [1/1] (0.27ns)   --->   "%select_ln43 = select i1 %icmp_ln44, i5 0, i5 %r_18" [/home/centos/Vitis_Libraries/dsp/L2/include/hw/vitis_2dfft/fixed/vitis_fft/fft_kernel.hpp:43]   --->   Operation 103 'select' 'select_ln43' <Predicate = (!icmp_ln43)> <Delay = 0.27> <CoreInst = "Sel">   --->   Core 73 'Sel' <Latency = 0> <II = 1> <Delay = 0.30> <FuncUnit> <Opcode : 'select'> <InPorts = 3> <OutPorts = 1>
ST_2 : Operation 104 [1/1] (0.87ns)   --->   "%add_ln43_1 = add i31 %n_2, i31 1" [/home/centos/Vitis_Libraries/dsp/L2/include/hw/vitis_2dfft/fixed/vitis_fft/fft_kernel.hpp:43]   --->   Operation 104 'add' 'add_ln43_1' <Predicate = (!icmp_ln43)> <Delay = 0.87> <CoreInst = "Adder">   --->   Core 1 'Adder' <Latency = 0> <II = 1> <Delay = 0.70> <FuncUnit> <Opcode : 'add' 'sub'> <InPorts = 2> <OutPorts = 1>
ST_2 : Operation 105 [1/1] (0.00ns)   --->   "%trunc_ln43_1 = trunc i31 %add_ln43_1" [/home/centos/Vitis_Libraries/dsp/L2/include/hw/vitis_2dfft/fixed/vitis_fft/fft_kernel.hpp:43]   --->   Operation 105 'trunc' 'trunc_ln43_1' <Predicate = (!icmp_ln43)> <Delay = 0.00>
ST_2 : Operation 106 [1/1] (0.00ns) (grouped into LUT with out node add_ln44_1)   --->   "%select_ln43_1 = select i1 %icmp_ln44, i24 %trunc_ln43_1, i24 %trunc_ln43" [/home/centos/Vitis_Libraries/dsp/L2/include/hw/vitis_2dfft/fixed/vitis_fft/fft_kernel.hpp:43]   --->   Operation 106 'select' 'select_ln43_1' <Predicate = (!icmp_ln43)> <Delay = 0.00> <CoreInst = "Sel">   --->   Core 73 'Sel' <Latency = 0> <II = 1> <Delay = 0.30> <FuncUnit> <Opcode : 'select'> <InPorts = 3> <OutPorts = 1>
ST_2 : Operation 107 [1/1] (0.00ns) (grouped into LUT with out node select_ln43_3)   --->   "%tmp_75_mid = bitconcatenate i29 @_ssdm_op_BitConcatenate.i29.i24.i5, i24 %trunc_ln43_1, i5 0" [/home/centos/Vitis_Libraries/dsp/L2/include/hw/vitis_2dfft/fixed/vitis_fft/fft_kernel.hpp:48]   --->   Operation 107 'bitconcatenate' 'tmp_75_mid' <Predicate = (!icmp_ln43)> <Delay = 0.00>
ST_2 : Operation 108 [1/1] (0.00ns) (grouped into LUT with out node and_ln43)   --->   "%xor_ln43 = xor i1 %icmp_ln44, i1 1" [/home/centos/Vitis_Libraries/dsp/L2/include/hw/vitis_2dfft/fixed/vitis_fft/fft_kernel.hpp:43]   --->   Operation 108 'xor' 'xor_ln43' <Predicate = (!icmp_ln43)> <Delay = 0.00> <CoreInst = "LogicGate">   --->   Core 74 'LogicGate' <Latency = 0> <II = 1> <Delay = 0.12> <FuncUnit> <Opcode : 'and' 'or' 'xor'> <InPorts = 2> <OutPorts = 1>
ST_2 : Operation 109 [1/1] (0.34ns)   --->   "%icmp_ln45 = icmp_eq  i2 %c_load_2, i2 2" [/home/centos/Vitis_Libraries/dsp/L2/include/hw/vitis_2dfft/fixed/vitis_fft/fft_kernel.hpp:45]   --->   Operation 109 'icmp' 'icmp_ln45' <Predicate = (!icmp_ln43)> <Delay = 0.34> <CoreInst = "Cmp">   --->   Core 9 'Cmp' <Latency = 0> <II = 1> <Delay = 0.98> <FuncUnit> <Opcode : 'icmp'> <InPorts = 2> <OutPorts = 1>
ST_2 : Operation 110 [1/1] (0.12ns) (out node of the LUT)   --->   "%and_ln43 = and i1 %icmp_ln45, i1 %xor_ln43" [/home/centos/Vitis_Libraries/dsp/L2/include/hw/vitis_2dfft/fixed/vitis_fft/fft_kernel.hpp:43]   --->   Operation 110 'and' 'and_ln43' <Predicate = (!icmp_ln43)> <Delay = 0.12> <CoreInst = "LogicGate">   --->   Core 74 'LogicGate' <Latency = 0> <II = 1> <Delay = 0.12> <FuncUnit> <Opcode : 'and' 'or' 'xor'> <InPorts = 2> <OutPorts = 1>
ST_2 : Operation 111 [1/1] (0.25ns)   --->   "%select_ln43_2 = select i1 %icmp_ln44, i31 %add_ln43_1, i31 %n_2" [/home/centos/Vitis_Libraries/dsp/L2/include/hw/vitis_2dfft/fixed/vitis_fft/fft_kernel.hpp:43]   --->   Operation 111 'select' 'select_ln43_2' <Predicate = (!icmp_ln43)> <Delay = 0.25> <CoreInst = "Sel">   --->   Core 73 'Sel' <Latency = 0> <II = 1> <Delay = 0.30> <FuncUnit> <Opcode : 'select'> <InPorts = 3> <OutPorts = 1>
ST_2 : Operation 112 [1/1] (0.70ns)   --->   "%add_ln44 = add i5 %select_ln43, i5 1" [/home/centos/Vitis_Libraries/dsp/L2/include/hw/vitis_2dfft/fixed/vitis_fft/fft_kernel.hpp:44]   --->   Operation 112 'add' 'add_ln44' <Predicate = (!icmp_ln43)> <Delay = 0.70> <CoreInst = "Adder">   --->   Core 1 'Adder' <Latency = 0> <II = 1> <Delay = 0.70> <FuncUnit> <Opcode : 'add' 'sub'> <InPorts = 2> <OutPorts = 1>
ST_2 : Operation 113 [1/1] (0.12ns)   --->   "%or_ln44 = or i1 %and_ln43, i1 %icmp_ln44" [/home/centos/Vitis_Libraries/dsp/L2/include/hw/vitis_2dfft/fixed/vitis_fft/fft_kernel.hpp:44]   --->   Operation 113 'or' 'or_ln44' <Predicate = (!icmp_ln43)> <Delay = 0.12> <CoreInst = "LogicGate">   --->   Core 74 'LogicGate' <Latency = 0> <II = 1> <Delay = 0.12> <FuncUnit> <Opcode : 'and' 'or' 'xor'> <InPorts = 2> <OutPorts = 1>
ST_2 : Operation 114 [1/1] (0.00ns) (grouped into LUT with out node add_ln44_1)   --->   "%empty_234 = trunc i5 %add_ln44" [/home/centos/Vitis_Libraries/dsp/L2/include/hw/vitis_2dfft/fixed/vitis_fft/fft_kernel.hpp:44]   --->   Operation 114 'trunc' 'empty_234' <Predicate = (!icmp_ln43)> <Delay = 0.00>
ST_2 : Operation 115 [1/1] (0.00ns) (grouped into LUT with out node add_ln44_1)   --->   "%tmp_75_mid1 = bitconcatenate i29 @_ssdm_op_BitConcatenate.i29.i24.i4.i1, i24 %select_ln43_1, i4 %empty_234, i1 0" [/home/centos/Vitis_Libraries/dsp/L2/include/hw/vitis_2dfft/fixed/vitis_fft/fft_kernel.hpp:48]   --->   Operation 115 'bitconcatenate' 'tmp_75_mid1' <Predicate = (!icmp_ln43)> <Delay = 0.00>
ST_2 : Operation 116 [1/1] (0.29ns) (out node of the LUT)   --->   "%select_ln43_3 = select i1 %icmp_ln44, i29 %tmp_75_mid, i29 %tmp_s" [/home/centos/Vitis_Libraries/dsp/L2/include/hw/vitis_2dfft/fixed/vitis_fft/fft_kernel.hpp:43]   --->   Operation 116 'select' 'select_ln43_3' <Predicate = (!icmp_ln43)> <Delay = 0.29> <CoreInst = "Sel">   --->   Core 73 'Sel' <Latency = 0> <II = 1> <Delay = 0.30> <FuncUnit> <Opcode : 'select'> <InPorts = 3> <OutPorts = 1>
ST_2 : Operation 117 [1/1] (0.00ns) (grouped into LUT with out node add_ln44_1)   --->   "%select_ln44 = select i1 %and_ln43, i29 %tmp_75_mid1, i29 %select_ln43_3" [/home/centos/Vitis_Libraries/dsp/L2/include/hw/vitis_2dfft/fixed/vitis_fft/fft_kernel.hpp:44]   --->   Operation 117 'select' 'select_ln44' <Predicate = (!icmp_ln43)> <Delay = 0.00> <CoreInst = "Sel">   --->   Core 73 'Sel' <Latency = 0> <II = 1> <Delay = 0.30> <FuncUnit> <Opcode : 'select'> <InPorts = 3> <OutPorts = 1>
ST_2 : Operation 118 [1/1] (0.00ns) (grouped into LUT with out node add_ln44_1)   --->   "%sext_ln48_1_mid2_v_v_v_v_v = bitconcatenate i35 @_ssdm_op_BitConcatenate.i35.i29.i6, i29 %select_ln44, i6 0" [/home/centos/Vitis_Libraries/dsp/L2/include/hw/vitis_2dfft/fixed/vitis_fft/fft_kernel.hpp:44]   --->   Operation 118 'bitconcatenate' 'sext_ln48_1_mid2_v_v_v_v_v' <Predicate = (!icmp_ln43)> <Delay = 0.00>
ST_2 : Operation 119 [1/1] (0.00ns) (grouped into LUT with out node add_ln44_1)   --->   "%zext_ln44 = zext i35 %sext_ln48_1_mid2_v_v_v_v_v" [/home/centos/Vitis_Libraries/dsp/L2/include/hw/vitis_2dfft/fixed/vitis_fft/fft_kernel.hpp:44]   --->   Operation 119 'zext' 'zext_ln44' <Predicate = (!icmp_ln43)> <Delay = 0.00>
ST_2 : Operation 120 [1/1] (1.14ns) (out node of the LUT)   --->   "%add_ln44_1 = add i64 %zext_ln44, i64 %p_fftInData_read" [/home/centos/Vitis_Libraries/dsp/L2/include/hw/vitis_2dfft/fixed/vitis_fft/fft_kernel.hpp:44]   --->   Operation 120 'add' 'add_ln44_1' <Predicate = (!icmp_ln43)> <Delay = 1.14> <CoreInst = "Adder">   --->   Core 1 'Adder' <Latency = 0> <II = 1> <Delay = 0.70> <FuncUnit> <Opcode : 'add' 'sub'> <InPorts = 2> <OutPorts = 1>
ST_2 : Operation 121 [1/1] (0.00ns)   --->   "%sext_ln48_1_mid2_v = partselect i58 @_ssdm_op_PartSelect.i58.i64.i32.i32, i64 %add_ln44_1, i32 6, i32 63" [/home/centos/Vitis_Libraries/dsp/L2/include/hw/vitis_2dfft/fixed/vitis_fft/fft_kernel.hpp:44]   --->   Operation 121 'partselect' 'sext_ln48_1_mid2_v' <Predicate = (!icmp_ln43)> <Delay = 0.00>
ST_2 : Operation 122 [1/1] (0.27ns)   --->   "%select_ln44_1 = select i1 %and_ln43, i5 %add_ln44, i5 %select_ln43" [/home/centos/Vitis_Libraries/dsp/L2/include/hw/vitis_2dfft/fixed/vitis_fft/fft_kernel.hpp:44]   --->   Operation 122 'select' 'select_ln44_1' <Predicate = (!icmp_ln43)> <Delay = 0.27> <CoreInst = "Sel">   --->   Core 73 'Sel' <Latency = 0> <II = 1> <Delay = 0.30> <FuncUnit> <Opcode : 'select'> <InPorts = 3> <OutPorts = 1>
ST_2 : Operation 123 [1/1] (0.00ns)   --->   "%empty_235 = trunc i37 %indvar_flatten30_load"   --->   Operation 123 'trunc' 'empty_235' <Predicate = (!icmp_ln43)> <Delay = 0.00>
ST_2 : Operation 124 [1/1] (0.00ns)   --->   "%tmp_95 = bitconcatenate i37 @_ssdm_op_BitConcatenate.i37.i36.i1, i36 0, i1 %empty_235"   --->   Operation 124 'bitconcatenate' 'tmp_95' <Predicate = (!icmp_ln43)> <Delay = 0.00>
ST_2 : Operation 125 [1/1] (0.98ns)   --->   "%empty_236 = icmp_eq  i37 %tmp_95, i37 0"   --->   Operation 125 'icmp' 'empty_236' <Predicate = (!icmp_ln43)> <Delay = 0.98> <CoreInst = "Cmp">   --->   Core 9 'Cmp' <Latency = 0> <II = 1> <Delay = 0.98> <FuncUnit> <Opcode : 'icmp'> <InPorts = 2> <OutPorts = 1>
ST_2 : Operation 126 [1/1] (0.00ns)   --->   "%br_ln0 = br i1 %empty_236, void %BurstBB, void %ReqBB"   --->   Operation 126 'br' 'br_ln0' <Predicate = (!icmp_ln43)> <Delay = 0.00>
ST_2 : Operation 127 [1/1] (0.00ns)   --->   "%c_load = load i2 %c" [/home/centos/Vitis_Libraries/dsp/L2/include/hw/vitis_2dfft/fixed/vitis_fft/fft_kernel.hpp:45]   --->   Operation 127 'load' 'c_load' <Predicate = (!icmp_ln43)> <Delay = 0.00>
ST_2 : Operation 128 [1/1] (0.00ns)   --->   "%indvar_flatten_load = load i7 %indvar_flatten" [/home/centos/Vitis_Libraries/dsp/L2/include/hw/vitis_2dfft/fixed/vitis_fft/fft_kernel.hpp:44]   --->   Operation 128 'load' 'indvar_flatten_load' <Predicate = (!icmp_ln43)> <Delay = 0.00>
ST_2 : Operation 129 [1/1] (0.43ns)   --->   "%add_ln45_1 = add i2 %c_load, i2 1" [/home/centos/Vitis_Libraries/dsp/L2/include/hw/vitis_2dfft/fixed/vitis_fft/fft_kernel.hpp:45]   --->   Operation 129 'add' 'add_ln45_1' <Predicate = (!icmp_ln43)> <Delay = 0.43> <CoreInst = "Adder">   --->   Core 1 'Adder' <Latency = 0> <II = 1> <Delay = 0.70> <FuncUnit> <Opcode : 'add' 'sub'> <InPorts = 2> <OutPorts = 1>
ST_2 : Operation 130 [1/1] (0.27ns)   --->   "%select_ln45 = select i1 %or_ln44, i2 1, i2 %add_ln45_1" [/home/centos/Vitis_Libraries/dsp/L2/include/hw/vitis_2dfft/fixed/vitis_fft/fft_kernel.hpp:45]   --->   Operation 130 'select' 'select_ln45' <Predicate = (!icmp_ln43)> <Delay = 0.27> <CoreInst = "Sel">   --->   Core 73 'Sel' <Latency = 0> <II = 1> <Delay = 0.30> <FuncUnit> <Opcode : 'select'> <InPorts = 3> <OutPorts = 1>
ST_2 : Operation 131 [1/1] (0.70ns)   --->   "%add_ln44_2 = add i7 %indvar_flatten_load, i7 1" [/home/centos/Vitis_Libraries/dsp/L2/include/hw/vitis_2dfft/fixed/vitis_fft/fft_kernel.hpp:44]   --->   Operation 131 'add' 'add_ln44_2' <Predicate = (!icmp_ln43)> <Delay = 0.70> <CoreInst = "Adder">   --->   Core 1 'Adder' <Latency = 0> <II = 1> <Delay = 0.70> <FuncUnit> <Opcode : 'add' 'sub'> <InPorts = 2> <OutPorts = 1>
ST_2 : Operation 132 [1/1] (0.30ns)   --->   "%select_ln44_2 = select i1 %icmp_ln44, i7 1, i7 %add_ln44_2" [/home/centos/Vitis_Libraries/dsp/L2/include/hw/vitis_2dfft/fixed/vitis_fft/fft_kernel.hpp:44]   --->   Operation 132 'select' 'select_ln44_2' <Predicate = (!icmp_ln43)> <Delay = 0.30> <CoreInst = "Sel">   --->   Core 73 'Sel' <Latency = 0> <II = 1> <Delay = 0.30> <FuncUnit> <Opcode : 'select'> <InPorts = 3> <OutPorts = 1>
ST_2 : Operation 133 [1/1] (0.38ns)   --->   "%store_ln43 = store i37 %add_ln43, i37 %indvar_flatten30" [/home/centos/Vitis_Libraries/dsp/L2/include/hw/vitis_2dfft/fixed/vitis_fft/fft_kernel.hpp:43]   --->   Operation 133 'store' 'store_ln43' <Predicate = (!icmp_ln43)> <Delay = 0.38>
ST_2 : Operation 134 [1/1] (0.38ns)   --->   "%store_ln43 = store i31 %select_ln43_2, i31 %n" [/home/centos/Vitis_Libraries/dsp/L2/include/hw/vitis_2dfft/fixed/vitis_fft/fft_kernel.hpp:43]   --->   Operation 134 'store' 'store_ln43' <Predicate = (!icmp_ln43)> <Delay = 0.38>
ST_2 : Operation 135 [1/1] (0.38ns)   --->   "%store_ln44 = store i7 %select_ln44_2, i7 %indvar_flatten" [/home/centos/Vitis_Libraries/dsp/L2/include/hw/vitis_2dfft/fixed/vitis_fft/fft_kernel.hpp:44]   --->   Operation 135 'store' 'store_ln44' <Predicate = (!icmp_ln43)> <Delay = 0.38>
ST_2 : Operation 136 [1/1] (0.38ns)   --->   "%store_ln44 = store i5 %select_ln44_1, i5 %r" [/home/centos/Vitis_Libraries/dsp/L2/include/hw/vitis_2dfft/fixed/vitis_fft/fft_kernel.hpp:44]   --->   Operation 136 'store' 'store_ln44' <Predicate = (!icmp_ln43)> <Delay = 0.38>
ST_2 : Operation 137 [1/1] (0.38ns)   --->   "%store_ln45 = store i2 %select_ln45, i2 %c" [/home/centos/Vitis_Libraries/dsp/L2/include/hw/vitis_2dfft/fixed/vitis_fft/fft_kernel.hpp:45]   --->   Operation 137 'store' 'store_ln45' <Predicate = (!icmp_ln43)> <Delay = 0.38>

State 3 <SV = 2> <Delay = 2.92>
ST_3 : Operation 138 [1/1] (0.00ns)   --->   "%specloopname_ln0 = specloopname void @_ssdm_op_SpecLoopName, void @VITIS_LOOP_43_1_VITIS_LOOP_44_2_VITIS_LOOP_45_3_str"   --->   Operation 138 'specloopname' 'specloopname_ln0' <Predicate = true> <Delay = 0.00>
ST_3 : Operation 139 [1/1] (0.00ns)   --->   "%specloopname_ln0 = specloopname void @_ssdm_op_SpecLoopName, void @VITIS_LOOP_44_2_VITIS_LOOP_45_3_str"   --->   Operation 139 'specloopname' 'specloopname_ln0' <Predicate = true> <Delay = 0.00>
ST_3 : Operation 140 [1/1] (0.00ns)   --->   "%sext_ln44 = sext i58 %sext_ln48_1_mid2_v" [/home/centos/Vitis_Libraries/dsp/L2/include/hw/vitis_2dfft/fixed/vitis_fft/fft_kernel.hpp:44]   --->   Operation 140 'sext' 'sext_ln44' <Predicate = true> <Delay = 0.00>
ST_3 : Operation 141 [1/1] (0.00ns)   --->   "%specpipeline_ln45 = specpipeline void @_ssdm_op_SpecPipeline, i32 1, i32 0, i32 0, i32 0, void @empty_13" [/home/centos/Vitis_Libraries/dsp/L2/include/hw/vitis_2dfft/fixed/vitis_fft/fft_kernel.hpp:45]   --->   Operation 141 'specpipeline' 'specpipeline_ln45' <Predicate = true> <Delay = 0.00>
ST_3 : Operation 142 [1/1] (0.00ns)   --->   "%specloopname_ln45 = specloopname void @_ssdm_op_SpecLoopName, void @empty_36" [/home/centos/Vitis_Libraries/dsp/L2/include/hw/vitis_2dfft/fixed/vitis_fft/fft_kernel.hpp:45]   --->   Operation 142 'specloopname' 'specloopname_ln45' <Predicate = true> <Delay = 0.00>
ST_3 : Operation 143 [1/1] (0.00ns)   --->   "%gmem_addr = getelementptr i512 %gmem, i64 %sext_ln44" [/home/centos/Vitis_Libraries/dsp/L2/include/hw/vitis_2dfft/fixed/vitis_fft/fft_kernel.hpp:48]   --->   Operation 143 'getelementptr' 'gmem_addr' <Predicate = true> <Delay = 0.00>
ST_3 : Operation 144 [70/70] (2.92ns)   --->   "%gmem_addr_2_rd_req = readreq i1 @_ssdm_op_ReadReq.m_axi.i512P1A, i512 %gmem_addr, i32 2" [/home/centos/Vitis_Libraries/dsp/L2/include/hw/vitis_2dfft/fixed/vitis_fft/fft_kernel.hpp:48]   --->   Operation 144 'readreq' 'gmem_addr_2_rd_req' <Predicate = (empty_236)> <Delay = 2.92> <CoreInst = "m_axi">   --->   Core 121 'm_axi' <Latency = 5> <II = 1> <Delay = 1.00> <Adapter> <Opcode : 'read' 'write' 'readreq' 'writereq' 'writeresp'>

State 4 <SV = 3> <Delay = 2.92>
ST_4 : Operation 145 [69/70] (2.92ns)   --->   "%gmem_addr_2_rd_req = readreq i1 @_ssdm_op_ReadReq.m_axi.i512P1A, i512 %gmem_addr, i32 2" [/home/centos/Vitis_Libraries/dsp/L2/include/hw/vitis_2dfft/fixed/vitis_fft/fft_kernel.hpp:48]   --->   Operation 145 'readreq' 'gmem_addr_2_rd_req' <Predicate = (empty_236)> <Delay = 2.92> <CoreInst = "m_axi">   --->   Core 121 'm_axi' <Latency = 5> <II = 1> <Delay = 1.00> <Adapter> <Opcode : 'read' 'write' 'readreq' 'writereq' 'writeresp'>

State 5 <SV = 4> <Delay = 2.92>
ST_5 : Operation 146 [68/70] (2.92ns)   --->   "%gmem_addr_2_rd_req = readreq i1 @_ssdm_op_ReadReq.m_axi.i512P1A, i512 %gmem_addr, i32 2" [/home/centos/Vitis_Libraries/dsp/L2/include/hw/vitis_2dfft/fixed/vitis_fft/fft_kernel.hpp:48]   --->   Operation 146 'readreq' 'gmem_addr_2_rd_req' <Predicate = (empty_236)> <Delay = 2.92> <CoreInst = "m_axi">   --->   Core 121 'm_axi' <Latency = 5> <II = 1> <Delay = 1.00> <Adapter> <Opcode : 'read' 'write' 'readreq' 'writereq' 'writeresp'>

State 6 <SV = 5> <Delay = 2.92>
ST_6 : Operation 147 [67/70] (2.92ns)   --->   "%gmem_addr_2_rd_req = readreq i1 @_ssdm_op_ReadReq.m_axi.i512P1A, i512 %gmem_addr, i32 2" [/home/centos/Vitis_Libraries/dsp/L2/include/hw/vitis_2dfft/fixed/vitis_fft/fft_kernel.hpp:48]   --->   Operation 147 'readreq' 'gmem_addr_2_rd_req' <Predicate = (empty_236)> <Delay = 2.92> <CoreInst = "m_axi">   --->   Core 121 'm_axi' <Latency = 5> <II = 1> <Delay = 1.00> <Adapter> <Opcode : 'read' 'write' 'readreq' 'writereq' 'writeresp'>

State 7 <SV = 6> <Delay = 2.92>
ST_7 : Operation 148 [66/70] (2.92ns)   --->   "%gmem_addr_2_rd_req = readreq i1 @_ssdm_op_ReadReq.m_axi.i512P1A, i512 %gmem_addr, i32 2" [/home/centos/Vitis_Libraries/dsp/L2/include/hw/vitis_2dfft/fixed/vitis_fft/fft_kernel.hpp:48]   --->   Operation 148 'readreq' 'gmem_addr_2_rd_req' <Predicate = (empty_236)> <Delay = 2.92> <CoreInst = "m_axi">   --->   Core 121 'm_axi' <Latency = 5> <II = 1> <Delay = 1.00> <Adapter> <Opcode : 'read' 'write' 'readreq' 'writereq' 'writeresp'>

State 8 <SV = 7> <Delay = 2.92>
ST_8 : Operation 149 [65/70] (2.92ns)   --->   "%gmem_addr_2_rd_req = readreq i1 @_ssdm_op_ReadReq.m_axi.i512P1A, i512 %gmem_addr, i32 2" [/home/centos/Vitis_Libraries/dsp/L2/include/hw/vitis_2dfft/fixed/vitis_fft/fft_kernel.hpp:48]   --->   Operation 149 'readreq' 'gmem_addr_2_rd_req' <Predicate = (empty_236)> <Delay = 2.92> <CoreInst = "m_axi">   --->   Core 121 'm_axi' <Latency = 5> <II = 1> <Delay = 1.00> <Adapter> <Opcode : 'read' 'write' 'readreq' 'writereq' 'writeresp'>

State 9 <SV = 8> <Delay = 2.92>
ST_9 : Operation 150 [64/70] (2.92ns)   --->   "%gmem_addr_2_rd_req = readreq i1 @_ssdm_op_ReadReq.m_axi.i512P1A, i512 %gmem_addr, i32 2" [/home/centos/Vitis_Libraries/dsp/L2/include/hw/vitis_2dfft/fixed/vitis_fft/fft_kernel.hpp:48]   --->   Operation 150 'readreq' 'gmem_addr_2_rd_req' <Predicate = (empty_236)> <Delay = 2.92> <CoreInst = "m_axi">   --->   Core 121 'm_axi' <Latency = 5> <II = 1> <Delay = 1.00> <Adapter> <Opcode : 'read' 'write' 'readreq' 'writereq' 'writeresp'>

State 10 <SV = 9> <Delay = 2.92>
ST_10 : Operation 151 [63/70] (2.92ns)   --->   "%gmem_addr_2_rd_req = readreq i1 @_ssdm_op_ReadReq.m_axi.i512P1A, i512 %gmem_addr, i32 2" [/home/centos/Vitis_Libraries/dsp/L2/include/hw/vitis_2dfft/fixed/vitis_fft/fft_kernel.hpp:48]   --->   Operation 151 'readreq' 'gmem_addr_2_rd_req' <Predicate = (empty_236)> <Delay = 2.92> <CoreInst = "m_axi">   --->   Core 121 'm_axi' <Latency = 5> <II = 1> <Delay = 1.00> <Adapter> <Opcode : 'read' 'write' 'readreq' 'writereq' 'writeresp'>

State 11 <SV = 10> <Delay = 2.92>
ST_11 : Operation 152 [62/70] (2.92ns)   --->   "%gmem_addr_2_rd_req = readreq i1 @_ssdm_op_ReadReq.m_axi.i512P1A, i512 %gmem_addr, i32 2" [/home/centos/Vitis_Libraries/dsp/L2/include/hw/vitis_2dfft/fixed/vitis_fft/fft_kernel.hpp:48]   --->   Operation 152 'readreq' 'gmem_addr_2_rd_req' <Predicate = (empty_236)> <Delay = 2.92> <CoreInst = "m_axi">   --->   Core 121 'm_axi' <Latency = 5> <II = 1> <Delay = 1.00> <Adapter> <Opcode : 'read' 'write' 'readreq' 'writereq' 'writeresp'>

State 12 <SV = 11> <Delay = 2.92>
ST_12 : Operation 153 [61/70] (2.92ns)   --->   "%gmem_addr_2_rd_req = readreq i1 @_ssdm_op_ReadReq.m_axi.i512P1A, i512 %gmem_addr, i32 2" [/home/centos/Vitis_Libraries/dsp/L2/include/hw/vitis_2dfft/fixed/vitis_fft/fft_kernel.hpp:48]   --->   Operation 153 'readreq' 'gmem_addr_2_rd_req' <Predicate = (empty_236)> <Delay = 2.92> <CoreInst = "m_axi">   --->   Core 121 'm_axi' <Latency = 5> <II = 1> <Delay = 1.00> <Adapter> <Opcode : 'read' 'write' 'readreq' 'writereq' 'writeresp'>

State 13 <SV = 12> <Delay = 2.92>
ST_13 : Operation 154 [60/70] (2.92ns)   --->   "%gmem_addr_2_rd_req = readreq i1 @_ssdm_op_ReadReq.m_axi.i512P1A, i512 %gmem_addr, i32 2" [/home/centos/Vitis_Libraries/dsp/L2/include/hw/vitis_2dfft/fixed/vitis_fft/fft_kernel.hpp:48]   --->   Operation 154 'readreq' 'gmem_addr_2_rd_req' <Predicate = (empty_236)> <Delay = 2.92> <CoreInst = "m_axi">   --->   Core 121 'm_axi' <Latency = 5> <II = 1> <Delay = 1.00> <Adapter> <Opcode : 'read' 'write' 'readreq' 'writereq' 'writeresp'>

State 14 <SV = 13> <Delay = 2.92>
ST_14 : Operation 155 [59/70] (2.92ns)   --->   "%gmem_addr_2_rd_req = readreq i1 @_ssdm_op_ReadReq.m_axi.i512P1A, i512 %gmem_addr, i32 2" [/home/centos/Vitis_Libraries/dsp/L2/include/hw/vitis_2dfft/fixed/vitis_fft/fft_kernel.hpp:48]   --->   Operation 155 'readreq' 'gmem_addr_2_rd_req' <Predicate = (empty_236)> <Delay = 2.92> <CoreInst = "m_axi">   --->   Core 121 'm_axi' <Latency = 5> <II = 1> <Delay = 1.00> <Adapter> <Opcode : 'read' 'write' 'readreq' 'writereq' 'writeresp'>

State 15 <SV = 14> <Delay = 2.92>
ST_15 : Operation 156 [58/70] (2.92ns)   --->   "%gmem_addr_2_rd_req = readreq i1 @_ssdm_op_ReadReq.m_axi.i512P1A, i512 %gmem_addr, i32 2" [/home/centos/Vitis_Libraries/dsp/L2/include/hw/vitis_2dfft/fixed/vitis_fft/fft_kernel.hpp:48]   --->   Operation 156 'readreq' 'gmem_addr_2_rd_req' <Predicate = (empty_236)> <Delay = 2.92> <CoreInst = "m_axi">   --->   Core 121 'm_axi' <Latency = 5> <II = 1> <Delay = 1.00> <Adapter> <Opcode : 'read' 'write' 'readreq' 'writereq' 'writeresp'>

State 16 <SV = 15> <Delay = 2.92>
ST_16 : Operation 157 [57/70] (2.92ns)   --->   "%gmem_addr_2_rd_req = readreq i1 @_ssdm_op_ReadReq.m_axi.i512P1A, i512 %gmem_addr, i32 2" [/home/centos/Vitis_Libraries/dsp/L2/include/hw/vitis_2dfft/fixed/vitis_fft/fft_kernel.hpp:48]   --->   Operation 157 'readreq' 'gmem_addr_2_rd_req' <Predicate = (empty_236)> <Delay = 2.92> <CoreInst = "m_axi">   --->   Core 121 'm_axi' <Latency = 5> <II = 1> <Delay = 1.00> <Adapter> <Opcode : 'read' 'write' 'readreq' 'writereq' 'writeresp'>

State 17 <SV = 16> <Delay = 2.92>
ST_17 : Operation 158 [56/70] (2.92ns)   --->   "%gmem_addr_2_rd_req = readreq i1 @_ssdm_op_ReadReq.m_axi.i512P1A, i512 %gmem_addr, i32 2" [/home/centos/Vitis_Libraries/dsp/L2/include/hw/vitis_2dfft/fixed/vitis_fft/fft_kernel.hpp:48]   --->   Operation 158 'readreq' 'gmem_addr_2_rd_req' <Predicate = (empty_236)> <Delay = 2.92> <CoreInst = "m_axi">   --->   Core 121 'm_axi' <Latency = 5> <II = 1> <Delay = 1.00> <Adapter> <Opcode : 'read' 'write' 'readreq' 'writereq' 'writeresp'>

State 18 <SV = 17> <Delay = 2.92>
ST_18 : Operation 159 [55/70] (2.92ns)   --->   "%gmem_addr_2_rd_req = readreq i1 @_ssdm_op_ReadReq.m_axi.i512P1A, i512 %gmem_addr, i32 2" [/home/centos/Vitis_Libraries/dsp/L2/include/hw/vitis_2dfft/fixed/vitis_fft/fft_kernel.hpp:48]   --->   Operation 159 'readreq' 'gmem_addr_2_rd_req' <Predicate = (empty_236)> <Delay = 2.92> <CoreInst = "m_axi">   --->   Core 121 'm_axi' <Latency = 5> <II = 1> <Delay = 1.00> <Adapter> <Opcode : 'read' 'write' 'readreq' 'writereq' 'writeresp'>

State 19 <SV = 18> <Delay = 2.92>
ST_19 : Operation 160 [54/70] (2.92ns)   --->   "%gmem_addr_2_rd_req = readreq i1 @_ssdm_op_ReadReq.m_axi.i512P1A, i512 %gmem_addr, i32 2" [/home/centos/Vitis_Libraries/dsp/L2/include/hw/vitis_2dfft/fixed/vitis_fft/fft_kernel.hpp:48]   --->   Operation 160 'readreq' 'gmem_addr_2_rd_req' <Predicate = (empty_236)> <Delay = 2.92> <CoreInst = "m_axi">   --->   Core 121 'm_axi' <Latency = 5> <II = 1> <Delay = 1.00> <Adapter> <Opcode : 'read' 'write' 'readreq' 'writereq' 'writeresp'>

State 20 <SV = 19> <Delay = 2.92>
ST_20 : Operation 161 [53/70] (2.92ns)   --->   "%gmem_addr_2_rd_req = readreq i1 @_ssdm_op_ReadReq.m_axi.i512P1A, i512 %gmem_addr, i32 2" [/home/centos/Vitis_Libraries/dsp/L2/include/hw/vitis_2dfft/fixed/vitis_fft/fft_kernel.hpp:48]   --->   Operation 161 'readreq' 'gmem_addr_2_rd_req' <Predicate = (empty_236)> <Delay = 2.92> <CoreInst = "m_axi">   --->   Core 121 'm_axi' <Latency = 5> <II = 1> <Delay = 1.00> <Adapter> <Opcode : 'read' 'write' 'readreq' 'writereq' 'writeresp'>

State 21 <SV = 20> <Delay = 2.92>
ST_21 : Operation 162 [52/70] (2.92ns)   --->   "%gmem_addr_2_rd_req = readreq i1 @_ssdm_op_ReadReq.m_axi.i512P1A, i512 %gmem_addr, i32 2" [/home/centos/Vitis_Libraries/dsp/L2/include/hw/vitis_2dfft/fixed/vitis_fft/fft_kernel.hpp:48]   --->   Operation 162 'readreq' 'gmem_addr_2_rd_req' <Predicate = (empty_236)> <Delay = 2.92> <CoreInst = "m_axi">   --->   Core 121 'm_axi' <Latency = 5> <II = 1> <Delay = 1.00> <Adapter> <Opcode : 'read' 'write' 'readreq' 'writereq' 'writeresp'>

State 22 <SV = 21> <Delay = 2.92>
ST_22 : Operation 163 [51/70] (2.92ns)   --->   "%gmem_addr_2_rd_req = readreq i1 @_ssdm_op_ReadReq.m_axi.i512P1A, i512 %gmem_addr, i32 2" [/home/centos/Vitis_Libraries/dsp/L2/include/hw/vitis_2dfft/fixed/vitis_fft/fft_kernel.hpp:48]   --->   Operation 163 'readreq' 'gmem_addr_2_rd_req' <Predicate = (empty_236)> <Delay = 2.92> <CoreInst = "m_axi">   --->   Core 121 'm_axi' <Latency = 5> <II = 1> <Delay = 1.00> <Adapter> <Opcode : 'read' 'write' 'readreq' 'writereq' 'writeresp'>

State 23 <SV = 22> <Delay = 2.92>
ST_23 : Operation 164 [50/70] (2.92ns)   --->   "%gmem_addr_2_rd_req = readreq i1 @_ssdm_op_ReadReq.m_axi.i512P1A, i512 %gmem_addr, i32 2" [/home/centos/Vitis_Libraries/dsp/L2/include/hw/vitis_2dfft/fixed/vitis_fft/fft_kernel.hpp:48]   --->   Operation 164 'readreq' 'gmem_addr_2_rd_req' <Predicate = (empty_236)> <Delay = 2.92> <CoreInst = "m_axi">   --->   Core 121 'm_axi' <Latency = 5> <II = 1> <Delay = 1.00> <Adapter> <Opcode : 'read' 'write' 'readreq' 'writereq' 'writeresp'>

State 24 <SV = 23> <Delay = 2.92>
ST_24 : Operation 165 [49/70] (2.92ns)   --->   "%gmem_addr_2_rd_req = readreq i1 @_ssdm_op_ReadReq.m_axi.i512P1A, i512 %gmem_addr, i32 2" [/home/centos/Vitis_Libraries/dsp/L2/include/hw/vitis_2dfft/fixed/vitis_fft/fft_kernel.hpp:48]   --->   Operation 165 'readreq' 'gmem_addr_2_rd_req' <Predicate = (empty_236)> <Delay = 2.92> <CoreInst = "m_axi">   --->   Core 121 'm_axi' <Latency = 5> <II = 1> <Delay = 1.00> <Adapter> <Opcode : 'read' 'write' 'readreq' 'writereq' 'writeresp'>

State 25 <SV = 24> <Delay = 2.92>
ST_25 : Operation 166 [48/70] (2.92ns)   --->   "%gmem_addr_2_rd_req = readreq i1 @_ssdm_op_ReadReq.m_axi.i512P1A, i512 %gmem_addr, i32 2" [/home/centos/Vitis_Libraries/dsp/L2/include/hw/vitis_2dfft/fixed/vitis_fft/fft_kernel.hpp:48]   --->   Operation 166 'readreq' 'gmem_addr_2_rd_req' <Predicate = (empty_236)> <Delay = 2.92> <CoreInst = "m_axi">   --->   Core 121 'm_axi' <Latency = 5> <II = 1> <Delay = 1.00> <Adapter> <Opcode : 'read' 'write' 'readreq' 'writereq' 'writeresp'>

State 26 <SV = 25> <Delay = 2.92>
ST_26 : Operation 167 [47/70] (2.92ns)   --->   "%gmem_addr_2_rd_req = readreq i1 @_ssdm_op_ReadReq.m_axi.i512P1A, i512 %gmem_addr, i32 2" [/home/centos/Vitis_Libraries/dsp/L2/include/hw/vitis_2dfft/fixed/vitis_fft/fft_kernel.hpp:48]   --->   Operation 167 'readreq' 'gmem_addr_2_rd_req' <Predicate = (empty_236)> <Delay = 2.92> <CoreInst = "m_axi">   --->   Core 121 'm_axi' <Latency = 5> <II = 1> <Delay = 1.00> <Adapter> <Opcode : 'read' 'write' 'readreq' 'writereq' 'writeresp'>

State 27 <SV = 26> <Delay = 2.92>
ST_27 : Operation 168 [46/70] (2.92ns)   --->   "%gmem_addr_2_rd_req = readreq i1 @_ssdm_op_ReadReq.m_axi.i512P1A, i512 %gmem_addr, i32 2" [/home/centos/Vitis_Libraries/dsp/L2/include/hw/vitis_2dfft/fixed/vitis_fft/fft_kernel.hpp:48]   --->   Operation 168 'readreq' 'gmem_addr_2_rd_req' <Predicate = (empty_236)> <Delay = 2.92> <CoreInst = "m_axi">   --->   Core 121 'm_axi' <Latency = 5> <II = 1> <Delay = 1.00> <Adapter> <Opcode : 'read' 'write' 'readreq' 'writereq' 'writeresp'>

State 28 <SV = 27> <Delay = 2.92>
ST_28 : Operation 169 [45/70] (2.92ns)   --->   "%gmem_addr_2_rd_req = readreq i1 @_ssdm_op_ReadReq.m_axi.i512P1A, i512 %gmem_addr, i32 2" [/home/centos/Vitis_Libraries/dsp/L2/include/hw/vitis_2dfft/fixed/vitis_fft/fft_kernel.hpp:48]   --->   Operation 169 'readreq' 'gmem_addr_2_rd_req' <Predicate = (empty_236)> <Delay = 2.92> <CoreInst = "m_axi">   --->   Core 121 'm_axi' <Latency = 5> <II = 1> <Delay = 1.00> <Adapter> <Opcode : 'read' 'write' 'readreq' 'writereq' 'writeresp'>

State 29 <SV = 28> <Delay = 2.92>
ST_29 : Operation 170 [44/70] (2.92ns)   --->   "%gmem_addr_2_rd_req = readreq i1 @_ssdm_op_ReadReq.m_axi.i512P1A, i512 %gmem_addr, i32 2" [/home/centos/Vitis_Libraries/dsp/L2/include/hw/vitis_2dfft/fixed/vitis_fft/fft_kernel.hpp:48]   --->   Operation 170 'readreq' 'gmem_addr_2_rd_req' <Predicate = (empty_236)> <Delay = 2.92> <CoreInst = "m_axi">   --->   Core 121 'm_axi' <Latency = 5> <II = 1> <Delay = 1.00> <Adapter> <Opcode : 'read' 'write' 'readreq' 'writereq' 'writeresp'>

State 30 <SV = 29> <Delay = 2.92>
ST_30 : Operation 171 [43/70] (2.92ns)   --->   "%gmem_addr_2_rd_req = readreq i1 @_ssdm_op_ReadReq.m_axi.i512P1A, i512 %gmem_addr, i32 2" [/home/centos/Vitis_Libraries/dsp/L2/include/hw/vitis_2dfft/fixed/vitis_fft/fft_kernel.hpp:48]   --->   Operation 171 'readreq' 'gmem_addr_2_rd_req' <Predicate = (empty_236)> <Delay = 2.92> <CoreInst = "m_axi">   --->   Core 121 'm_axi' <Latency = 5> <II = 1> <Delay = 1.00> <Adapter> <Opcode : 'read' 'write' 'readreq' 'writereq' 'writeresp'>

State 31 <SV = 30> <Delay = 2.92>
ST_31 : Operation 172 [42/70] (2.92ns)   --->   "%gmem_addr_2_rd_req = readreq i1 @_ssdm_op_ReadReq.m_axi.i512P1A, i512 %gmem_addr, i32 2" [/home/centos/Vitis_Libraries/dsp/L2/include/hw/vitis_2dfft/fixed/vitis_fft/fft_kernel.hpp:48]   --->   Operation 172 'readreq' 'gmem_addr_2_rd_req' <Predicate = (empty_236)> <Delay = 2.92> <CoreInst = "m_axi">   --->   Core 121 'm_axi' <Latency = 5> <II = 1> <Delay = 1.00> <Adapter> <Opcode : 'read' 'write' 'readreq' 'writereq' 'writeresp'>

State 32 <SV = 31> <Delay = 2.92>
ST_32 : Operation 173 [41/70] (2.92ns)   --->   "%gmem_addr_2_rd_req = readreq i1 @_ssdm_op_ReadReq.m_axi.i512P1A, i512 %gmem_addr, i32 2" [/home/centos/Vitis_Libraries/dsp/L2/include/hw/vitis_2dfft/fixed/vitis_fft/fft_kernel.hpp:48]   --->   Operation 173 'readreq' 'gmem_addr_2_rd_req' <Predicate = (empty_236)> <Delay = 2.92> <CoreInst = "m_axi">   --->   Core 121 'm_axi' <Latency = 5> <II = 1> <Delay = 1.00> <Adapter> <Opcode : 'read' 'write' 'readreq' 'writereq' 'writeresp'>

State 33 <SV = 32> <Delay = 2.92>
ST_33 : Operation 174 [40/70] (2.92ns)   --->   "%gmem_addr_2_rd_req = readreq i1 @_ssdm_op_ReadReq.m_axi.i512P1A, i512 %gmem_addr, i32 2" [/home/centos/Vitis_Libraries/dsp/L2/include/hw/vitis_2dfft/fixed/vitis_fft/fft_kernel.hpp:48]   --->   Operation 174 'readreq' 'gmem_addr_2_rd_req' <Predicate = (empty_236)> <Delay = 2.92> <CoreInst = "m_axi">   --->   Core 121 'm_axi' <Latency = 5> <II = 1> <Delay = 1.00> <Adapter> <Opcode : 'read' 'write' 'readreq' 'writereq' 'writeresp'>

State 34 <SV = 33> <Delay = 2.92>
ST_34 : Operation 175 [39/70] (2.92ns)   --->   "%gmem_addr_2_rd_req = readreq i1 @_ssdm_op_ReadReq.m_axi.i512P1A, i512 %gmem_addr, i32 2" [/home/centos/Vitis_Libraries/dsp/L2/include/hw/vitis_2dfft/fixed/vitis_fft/fft_kernel.hpp:48]   --->   Operation 175 'readreq' 'gmem_addr_2_rd_req' <Predicate = (empty_236)> <Delay = 2.92> <CoreInst = "m_axi">   --->   Core 121 'm_axi' <Latency = 5> <II = 1> <Delay = 1.00> <Adapter> <Opcode : 'read' 'write' 'readreq' 'writereq' 'writeresp'>

State 35 <SV = 34> <Delay = 2.92>
ST_35 : Operation 176 [38/70] (2.92ns)   --->   "%gmem_addr_2_rd_req = readreq i1 @_ssdm_op_ReadReq.m_axi.i512P1A, i512 %gmem_addr, i32 2" [/home/centos/Vitis_Libraries/dsp/L2/include/hw/vitis_2dfft/fixed/vitis_fft/fft_kernel.hpp:48]   --->   Operation 176 'readreq' 'gmem_addr_2_rd_req' <Predicate = (empty_236)> <Delay = 2.92> <CoreInst = "m_axi">   --->   Core 121 'm_axi' <Latency = 5> <II = 1> <Delay = 1.00> <Adapter> <Opcode : 'read' 'write' 'readreq' 'writereq' 'writeresp'>

State 36 <SV = 35> <Delay = 2.92>
ST_36 : Operation 177 [37/70] (2.92ns)   --->   "%gmem_addr_2_rd_req = readreq i1 @_ssdm_op_ReadReq.m_axi.i512P1A, i512 %gmem_addr, i32 2" [/home/centos/Vitis_Libraries/dsp/L2/include/hw/vitis_2dfft/fixed/vitis_fft/fft_kernel.hpp:48]   --->   Operation 177 'readreq' 'gmem_addr_2_rd_req' <Predicate = (empty_236)> <Delay = 2.92> <CoreInst = "m_axi">   --->   Core 121 'm_axi' <Latency = 5> <II = 1> <Delay = 1.00> <Adapter> <Opcode : 'read' 'write' 'readreq' 'writereq' 'writeresp'>

State 37 <SV = 36> <Delay = 2.92>
ST_37 : Operation 178 [36/70] (2.92ns)   --->   "%gmem_addr_2_rd_req = readreq i1 @_ssdm_op_ReadReq.m_axi.i512P1A, i512 %gmem_addr, i32 2" [/home/centos/Vitis_Libraries/dsp/L2/include/hw/vitis_2dfft/fixed/vitis_fft/fft_kernel.hpp:48]   --->   Operation 178 'readreq' 'gmem_addr_2_rd_req' <Predicate = (empty_236)> <Delay = 2.92> <CoreInst = "m_axi">   --->   Core 121 'm_axi' <Latency = 5> <II = 1> <Delay = 1.00> <Adapter> <Opcode : 'read' 'write' 'readreq' 'writereq' 'writeresp'>

State 38 <SV = 37> <Delay = 2.92>
ST_38 : Operation 179 [35/70] (2.92ns)   --->   "%gmem_addr_2_rd_req = readreq i1 @_ssdm_op_ReadReq.m_axi.i512P1A, i512 %gmem_addr, i32 2" [/home/centos/Vitis_Libraries/dsp/L2/include/hw/vitis_2dfft/fixed/vitis_fft/fft_kernel.hpp:48]   --->   Operation 179 'readreq' 'gmem_addr_2_rd_req' <Predicate = (empty_236)> <Delay = 2.92> <CoreInst = "m_axi">   --->   Core 121 'm_axi' <Latency = 5> <II = 1> <Delay = 1.00> <Adapter> <Opcode : 'read' 'write' 'readreq' 'writereq' 'writeresp'>

State 39 <SV = 38> <Delay = 2.92>
ST_39 : Operation 180 [34/70] (2.92ns)   --->   "%gmem_addr_2_rd_req = readreq i1 @_ssdm_op_ReadReq.m_axi.i512P1A, i512 %gmem_addr, i32 2" [/home/centos/Vitis_Libraries/dsp/L2/include/hw/vitis_2dfft/fixed/vitis_fft/fft_kernel.hpp:48]   --->   Operation 180 'readreq' 'gmem_addr_2_rd_req' <Predicate = (empty_236)> <Delay = 2.92> <CoreInst = "m_axi">   --->   Core 121 'm_axi' <Latency = 5> <II = 1> <Delay = 1.00> <Adapter> <Opcode : 'read' 'write' 'readreq' 'writereq' 'writeresp'>

State 40 <SV = 39> <Delay = 2.92>
ST_40 : Operation 181 [33/70] (2.92ns)   --->   "%gmem_addr_2_rd_req = readreq i1 @_ssdm_op_ReadReq.m_axi.i512P1A, i512 %gmem_addr, i32 2" [/home/centos/Vitis_Libraries/dsp/L2/include/hw/vitis_2dfft/fixed/vitis_fft/fft_kernel.hpp:48]   --->   Operation 181 'readreq' 'gmem_addr_2_rd_req' <Predicate = (empty_236)> <Delay = 2.92> <CoreInst = "m_axi">   --->   Core 121 'm_axi' <Latency = 5> <II = 1> <Delay = 1.00> <Adapter> <Opcode : 'read' 'write' 'readreq' 'writereq' 'writeresp'>

State 41 <SV = 40> <Delay = 2.92>
ST_41 : Operation 182 [32/70] (2.92ns)   --->   "%gmem_addr_2_rd_req = readreq i1 @_ssdm_op_ReadReq.m_axi.i512P1A, i512 %gmem_addr, i32 2" [/home/centos/Vitis_Libraries/dsp/L2/include/hw/vitis_2dfft/fixed/vitis_fft/fft_kernel.hpp:48]   --->   Operation 182 'readreq' 'gmem_addr_2_rd_req' <Predicate = (empty_236)> <Delay = 2.92> <CoreInst = "m_axi">   --->   Core 121 'm_axi' <Latency = 5> <II = 1> <Delay = 1.00> <Adapter> <Opcode : 'read' 'write' 'readreq' 'writereq' 'writeresp'>

State 42 <SV = 41> <Delay = 2.92>
ST_42 : Operation 183 [31/70] (2.92ns)   --->   "%gmem_addr_2_rd_req = readreq i1 @_ssdm_op_ReadReq.m_axi.i512P1A, i512 %gmem_addr, i32 2" [/home/centos/Vitis_Libraries/dsp/L2/include/hw/vitis_2dfft/fixed/vitis_fft/fft_kernel.hpp:48]   --->   Operation 183 'readreq' 'gmem_addr_2_rd_req' <Predicate = (empty_236)> <Delay = 2.92> <CoreInst = "m_axi">   --->   Core 121 'm_axi' <Latency = 5> <II = 1> <Delay = 1.00> <Adapter> <Opcode : 'read' 'write' 'readreq' 'writereq' 'writeresp'>

State 43 <SV = 42> <Delay = 2.92>
ST_43 : Operation 184 [30/70] (2.92ns)   --->   "%gmem_addr_2_rd_req = readreq i1 @_ssdm_op_ReadReq.m_axi.i512P1A, i512 %gmem_addr, i32 2" [/home/centos/Vitis_Libraries/dsp/L2/include/hw/vitis_2dfft/fixed/vitis_fft/fft_kernel.hpp:48]   --->   Operation 184 'readreq' 'gmem_addr_2_rd_req' <Predicate = (empty_236)> <Delay = 2.92> <CoreInst = "m_axi">   --->   Core 121 'm_axi' <Latency = 5> <II = 1> <Delay = 1.00> <Adapter> <Opcode : 'read' 'write' 'readreq' 'writereq' 'writeresp'>

State 44 <SV = 43> <Delay = 2.92>
ST_44 : Operation 185 [29/70] (2.92ns)   --->   "%gmem_addr_2_rd_req = readreq i1 @_ssdm_op_ReadReq.m_axi.i512P1A, i512 %gmem_addr, i32 2" [/home/centos/Vitis_Libraries/dsp/L2/include/hw/vitis_2dfft/fixed/vitis_fft/fft_kernel.hpp:48]   --->   Operation 185 'readreq' 'gmem_addr_2_rd_req' <Predicate = (empty_236)> <Delay = 2.92> <CoreInst = "m_axi">   --->   Core 121 'm_axi' <Latency = 5> <II = 1> <Delay = 1.00> <Adapter> <Opcode : 'read' 'write' 'readreq' 'writereq' 'writeresp'>

State 45 <SV = 44> <Delay = 2.92>
ST_45 : Operation 186 [28/70] (2.92ns)   --->   "%gmem_addr_2_rd_req = readreq i1 @_ssdm_op_ReadReq.m_axi.i512P1A, i512 %gmem_addr, i32 2" [/home/centos/Vitis_Libraries/dsp/L2/include/hw/vitis_2dfft/fixed/vitis_fft/fft_kernel.hpp:48]   --->   Operation 186 'readreq' 'gmem_addr_2_rd_req' <Predicate = (empty_236)> <Delay = 2.92> <CoreInst = "m_axi">   --->   Core 121 'm_axi' <Latency = 5> <II = 1> <Delay = 1.00> <Adapter> <Opcode : 'read' 'write' 'readreq' 'writereq' 'writeresp'>

State 46 <SV = 45> <Delay = 2.92>
ST_46 : Operation 187 [27/70] (2.92ns)   --->   "%gmem_addr_2_rd_req = readreq i1 @_ssdm_op_ReadReq.m_axi.i512P1A, i512 %gmem_addr, i32 2" [/home/centos/Vitis_Libraries/dsp/L2/include/hw/vitis_2dfft/fixed/vitis_fft/fft_kernel.hpp:48]   --->   Operation 187 'readreq' 'gmem_addr_2_rd_req' <Predicate = (empty_236)> <Delay = 2.92> <CoreInst = "m_axi">   --->   Core 121 'm_axi' <Latency = 5> <II = 1> <Delay = 1.00> <Adapter> <Opcode : 'read' 'write' 'readreq' 'writereq' 'writeresp'>

State 47 <SV = 46> <Delay = 2.92>
ST_47 : Operation 188 [26/70] (2.92ns)   --->   "%gmem_addr_2_rd_req = readreq i1 @_ssdm_op_ReadReq.m_axi.i512P1A, i512 %gmem_addr, i32 2" [/home/centos/Vitis_Libraries/dsp/L2/include/hw/vitis_2dfft/fixed/vitis_fft/fft_kernel.hpp:48]   --->   Operation 188 'readreq' 'gmem_addr_2_rd_req' <Predicate = (empty_236)> <Delay = 2.92> <CoreInst = "m_axi">   --->   Core 121 'm_axi' <Latency = 5> <II = 1> <Delay = 1.00> <Adapter> <Opcode : 'read' 'write' 'readreq' 'writereq' 'writeresp'>

State 48 <SV = 47> <Delay = 2.92>
ST_48 : Operation 189 [25/70] (2.92ns)   --->   "%gmem_addr_2_rd_req = readreq i1 @_ssdm_op_ReadReq.m_axi.i512P1A, i512 %gmem_addr, i32 2" [/home/centos/Vitis_Libraries/dsp/L2/include/hw/vitis_2dfft/fixed/vitis_fft/fft_kernel.hpp:48]   --->   Operation 189 'readreq' 'gmem_addr_2_rd_req' <Predicate = (empty_236)> <Delay = 2.92> <CoreInst = "m_axi">   --->   Core 121 'm_axi' <Latency = 5> <II = 1> <Delay = 1.00> <Adapter> <Opcode : 'read' 'write' 'readreq' 'writereq' 'writeresp'>

State 49 <SV = 48> <Delay = 2.92>
ST_49 : Operation 190 [24/70] (2.92ns)   --->   "%gmem_addr_2_rd_req = readreq i1 @_ssdm_op_ReadReq.m_axi.i512P1A, i512 %gmem_addr, i32 2" [/home/centos/Vitis_Libraries/dsp/L2/include/hw/vitis_2dfft/fixed/vitis_fft/fft_kernel.hpp:48]   --->   Operation 190 'readreq' 'gmem_addr_2_rd_req' <Predicate = (empty_236)> <Delay = 2.92> <CoreInst = "m_axi">   --->   Core 121 'm_axi' <Latency = 5> <II = 1> <Delay = 1.00> <Adapter> <Opcode : 'read' 'write' 'readreq' 'writereq' 'writeresp'>

State 50 <SV = 49> <Delay = 2.92>
ST_50 : Operation 191 [23/70] (2.92ns)   --->   "%gmem_addr_2_rd_req = readreq i1 @_ssdm_op_ReadReq.m_axi.i512P1A, i512 %gmem_addr, i32 2" [/home/centos/Vitis_Libraries/dsp/L2/include/hw/vitis_2dfft/fixed/vitis_fft/fft_kernel.hpp:48]   --->   Operation 191 'readreq' 'gmem_addr_2_rd_req' <Predicate = (empty_236)> <Delay = 2.92> <CoreInst = "m_axi">   --->   Core 121 'm_axi' <Latency = 5> <II = 1> <Delay = 1.00> <Adapter> <Opcode : 'read' 'write' 'readreq' 'writereq' 'writeresp'>

State 51 <SV = 50> <Delay = 2.92>
ST_51 : Operation 192 [22/70] (2.92ns)   --->   "%gmem_addr_2_rd_req = readreq i1 @_ssdm_op_ReadReq.m_axi.i512P1A, i512 %gmem_addr, i32 2" [/home/centos/Vitis_Libraries/dsp/L2/include/hw/vitis_2dfft/fixed/vitis_fft/fft_kernel.hpp:48]   --->   Operation 192 'readreq' 'gmem_addr_2_rd_req' <Predicate = (empty_236)> <Delay = 2.92> <CoreInst = "m_axi">   --->   Core 121 'm_axi' <Latency = 5> <II = 1> <Delay = 1.00> <Adapter> <Opcode : 'read' 'write' 'readreq' 'writereq' 'writeresp'>

State 52 <SV = 51> <Delay = 2.92>
ST_52 : Operation 193 [21/70] (2.92ns)   --->   "%gmem_addr_2_rd_req = readreq i1 @_ssdm_op_ReadReq.m_axi.i512P1A, i512 %gmem_addr, i32 2" [/home/centos/Vitis_Libraries/dsp/L2/include/hw/vitis_2dfft/fixed/vitis_fft/fft_kernel.hpp:48]   --->   Operation 193 'readreq' 'gmem_addr_2_rd_req' <Predicate = (empty_236)> <Delay = 2.92> <CoreInst = "m_axi">   --->   Core 121 'm_axi' <Latency = 5> <II = 1> <Delay = 1.00> <Adapter> <Opcode : 'read' 'write' 'readreq' 'writereq' 'writeresp'>

State 53 <SV = 52> <Delay = 2.92>
ST_53 : Operation 194 [20/70] (2.92ns)   --->   "%gmem_addr_2_rd_req = readreq i1 @_ssdm_op_ReadReq.m_axi.i512P1A, i512 %gmem_addr, i32 2" [/home/centos/Vitis_Libraries/dsp/L2/include/hw/vitis_2dfft/fixed/vitis_fft/fft_kernel.hpp:48]   --->   Operation 194 'readreq' 'gmem_addr_2_rd_req' <Predicate = (empty_236)> <Delay = 2.92> <CoreInst = "m_axi">   --->   Core 121 'm_axi' <Latency = 5> <II = 1> <Delay = 1.00> <Adapter> <Opcode : 'read' 'write' 'readreq' 'writereq' 'writeresp'>

State 54 <SV = 53> <Delay = 2.92>
ST_54 : Operation 195 [19/70] (2.92ns)   --->   "%gmem_addr_2_rd_req = readreq i1 @_ssdm_op_ReadReq.m_axi.i512P1A, i512 %gmem_addr, i32 2" [/home/centos/Vitis_Libraries/dsp/L2/include/hw/vitis_2dfft/fixed/vitis_fft/fft_kernel.hpp:48]   --->   Operation 195 'readreq' 'gmem_addr_2_rd_req' <Predicate = (empty_236)> <Delay = 2.92> <CoreInst = "m_axi">   --->   Core 121 'm_axi' <Latency = 5> <II = 1> <Delay = 1.00> <Adapter> <Opcode : 'read' 'write' 'readreq' 'writereq' 'writeresp'>

State 55 <SV = 54> <Delay = 2.92>
ST_55 : Operation 196 [18/70] (2.92ns)   --->   "%gmem_addr_2_rd_req = readreq i1 @_ssdm_op_ReadReq.m_axi.i512P1A, i512 %gmem_addr, i32 2" [/home/centos/Vitis_Libraries/dsp/L2/include/hw/vitis_2dfft/fixed/vitis_fft/fft_kernel.hpp:48]   --->   Operation 196 'readreq' 'gmem_addr_2_rd_req' <Predicate = (empty_236)> <Delay = 2.92> <CoreInst = "m_axi">   --->   Core 121 'm_axi' <Latency = 5> <II = 1> <Delay = 1.00> <Adapter> <Opcode : 'read' 'write' 'readreq' 'writereq' 'writeresp'>

State 56 <SV = 55> <Delay = 2.92>
ST_56 : Operation 197 [17/70] (2.92ns)   --->   "%gmem_addr_2_rd_req = readreq i1 @_ssdm_op_ReadReq.m_axi.i512P1A, i512 %gmem_addr, i32 2" [/home/centos/Vitis_Libraries/dsp/L2/include/hw/vitis_2dfft/fixed/vitis_fft/fft_kernel.hpp:48]   --->   Operation 197 'readreq' 'gmem_addr_2_rd_req' <Predicate = (empty_236)> <Delay = 2.92> <CoreInst = "m_axi">   --->   Core 121 'm_axi' <Latency = 5> <II = 1> <Delay = 1.00> <Adapter> <Opcode : 'read' 'write' 'readreq' 'writereq' 'writeresp'>

State 57 <SV = 56> <Delay = 2.92>
ST_57 : Operation 198 [16/70] (2.92ns)   --->   "%gmem_addr_2_rd_req = readreq i1 @_ssdm_op_ReadReq.m_axi.i512P1A, i512 %gmem_addr, i32 2" [/home/centos/Vitis_Libraries/dsp/L2/include/hw/vitis_2dfft/fixed/vitis_fft/fft_kernel.hpp:48]   --->   Operation 198 'readreq' 'gmem_addr_2_rd_req' <Predicate = (empty_236)> <Delay = 2.92> <CoreInst = "m_axi">   --->   Core 121 'm_axi' <Latency = 5> <II = 1> <Delay = 1.00> <Adapter> <Opcode : 'read' 'write' 'readreq' 'writereq' 'writeresp'>

State 58 <SV = 57> <Delay = 2.92>
ST_58 : Operation 199 [15/70] (2.92ns)   --->   "%gmem_addr_2_rd_req = readreq i1 @_ssdm_op_ReadReq.m_axi.i512P1A, i512 %gmem_addr, i32 2" [/home/centos/Vitis_Libraries/dsp/L2/include/hw/vitis_2dfft/fixed/vitis_fft/fft_kernel.hpp:48]   --->   Operation 199 'readreq' 'gmem_addr_2_rd_req' <Predicate = (empty_236)> <Delay = 2.92> <CoreInst = "m_axi">   --->   Core 121 'm_axi' <Latency = 5> <II = 1> <Delay = 1.00> <Adapter> <Opcode : 'read' 'write' 'readreq' 'writereq' 'writeresp'>

State 59 <SV = 58> <Delay = 2.92>
ST_59 : Operation 200 [14/70] (2.92ns)   --->   "%gmem_addr_2_rd_req = readreq i1 @_ssdm_op_ReadReq.m_axi.i512P1A, i512 %gmem_addr, i32 2" [/home/centos/Vitis_Libraries/dsp/L2/include/hw/vitis_2dfft/fixed/vitis_fft/fft_kernel.hpp:48]   --->   Operation 200 'readreq' 'gmem_addr_2_rd_req' <Predicate = (empty_236)> <Delay = 2.92> <CoreInst = "m_axi">   --->   Core 121 'm_axi' <Latency = 5> <II = 1> <Delay = 1.00> <Adapter> <Opcode : 'read' 'write' 'readreq' 'writereq' 'writeresp'>

State 60 <SV = 59> <Delay = 2.92>
ST_60 : Operation 201 [13/70] (2.92ns)   --->   "%gmem_addr_2_rd_req = readreq i1 @_ssdm_op_ReadReq.m_axi.i512P1A, i512 %gmem_addr, i32 2" [/home/centos/Vitis_Libraries/dsp/L2/include/hw/vitis_2dfft/fixed/vitis_fft/fft_kernel.hpp:48]   --->   Operation 201 'readreq' 'gmem_addr_2_rd_req' <Predicate = (empty_236)> <Delay = 2.92> <CoreInst = "m_axi">   --->   Core 121 'm_axi' <Latency = 5> <II = 1> <Delay = 1.00> <Adapter> <Opcode : 'read' 'write' 'readreq' 'writereq' 'writeresp'>

State 61 <SV = 60> <Delay = 2.92>
ST_61 : Operation 202 [12/70] (2.92ns)   --->   "%gmem_addr_2_rd_req = readreq i1 @_ssdm_op_ReadReq.m_axi.i512P1A, i512 %gmem_addr, i32 2" [/home/centos/Vitis_Libraries/dsp/L2/include/hw/vitis_2dfft/fixed/vitis_fft/fft_kernel.hpp:48]   --->   Operation 202 'readreq' 'gmem_addr_2_rd_req' <Predicate = (empty_236)> <Delay = 2.92> <CoreInst = "m_axi">   --->   Core 121 'm_axi' <Latency = 5> <II = 1> <Delay = 1.00> <Adapter> <Opcode : 'read' 'write' 'readreq' 'writereq' 'writeresp'>

State 62 <SV = 61> <Delay = 2.92>
ST_62 : Operation 203 [11/70] (2.92ns)   --->   "%gmem_addr_2_rd_req = readreq i1 @_ssdm_op_ReadReq.m_axi.i512P1A, i512 %gmem_addr, i32 2" [/home/centos/Vitis_Libraries/dsp/L2/include/hw/vitis_2dfft/fixed/vitis_fft/fft_kernel.hpp:48]   --->   Operation 203 'readreq' 'gmem_addr_2_rd_req' <Predicate = (empty_236)> <Delay = 2.92> <CoreInst = "m_axi">   --->   Core 121 'm_axi' <Latency = 5> <II = 1> <Delay = 1.00> <Adapter> <Opcode : 'read' 'write' 'readreq' 'writereq' 'writeresp'>

State 63 <SV = 62> <Delay = 2.92>
ST_63 : Operation 204 [10/70] (2.92ns)   --->   "%gmem_addr_2_rd_req = readreq i1 @_ssdm_op_ReadReq.m_axi.i512P1A, i512 %gmem_addr, i32 2" [/home/centos/Vitis_Libraries/dsp/L2/include/hw/vitis_2dfft/fixed/vitis_fft/fft_kernel.hpp:48]   --->   Operation 204 'readreq' 'gmem_addr_2_rd_req' <Predicate = (empty_236)> <Delay = 2.92> <CoreInst = "m_axi">   --->   Core 121 'm_axi' <Latency = 5> <II = 1> <Delay = 1.00> <Adapter> <Opcode : 'read' 'write' 'readreq' 'writereq' 'writeresp'>

State 64 <SV = 63> <Delay = 2.92>
ST_64 : Operation 205 [9/70] (2.92ns)   --->   "%gmem_addr_2_rd_req = readreq i1 @_ssdm_op_ReadReq.m_axi.i512P1A, i512 %gmem_addr, i32 2" [/home/centos/Vitis_Libraries/dsp/L2/include/hw/vitis_2dfft/fixed/vitis_fft/fft_kernel.hpp:48]   --->   Operation 205 'readreq' 'gmem_addr_2_rd_req' <Predicate = (empty_236)> <Delay = 2.92> <CoreInst = "m_axi">   --->   Core 121 'm_axi' <Latency = 5> <II = 1> <Delay = 1.00> <Adapter> <Opcode : 'read' 'write' 'readreq' 'writereq' 'writeresp'>

State 65 <SV = 64> <Delay = 2.92>
ST_65 : Operation 206 [8/70] (2.92ns)   --->   "%gmem_addr_2_rd_req = readreq i1 @_ssdm_op_ReadReq.m_axi.i512P1A, i512 %gmem_addr, i32 2" [/home/centos/Vitis_Libraries/dsp/L2/include/hw/vitis_2dfft/fixed/vitis_fft/fft_kernel.hpp:48]   --->   Operation 206 'readreq' 'gmem_addr_2_rd_req' <Predicate = (empty_236)> <Delay = 2.92> <CoreInst = "m_axi">   --->   Core 121 'm_axi' <Latency = 5> <II = 1> <Delay = 1.00> <Adapter> <Opcode : 'read' 'write' 'readreq' 'writereq' 'writeresp'>

State 66 <SV = 65> <Delay = 2.92>
ST_66 : Operation 207 [7/70] (2.92ns)   --->   "%gmem_addr_2_rd_req = readreq i1 @_ssdm_op_ReadReq.m_axi.i512P1A, i512 %gmem_addr, i32 2" [/home/centos/Vitis_Libraries/dsp/L2/include/hw/vitis_2dfft/fixed/vitis_fft/fft_kernel.hpp:48]   --->   Operation 207 'readreq' 'gmem_addr_2_rd_req' <Predicate = (empty_236)> <Delay = 2.92> <CoreInst = "m_axi">   --->   Core 121 'm_axi' <Latency = 5> <II = 1> <Delay = 1.00> <Adapter> <Opcode : 'read' 'write' 'readreq' 'writereq' 'writeresp'>

State 67 <SV = 66> <Delay = 2.92>
ST_67 : Operation 208 [6/70] (2.92ns)   --->   "%gmem_addr_2_rd_req = readreq i1 @_ssdm_op_ReadReq.m_axi.i512P1A, i512 %gmem_addr, i32 2" [/home/centos/Vitis_Libraries/dsp/L2/include/hw/vitis_2dfft/fixed/vitis_fft/fft_kernel.hpp:48]   --->   Operation 208 'readreq' 'gmem_addr_2_rd_req' <Predicate = (empty_236)> <Delay = 2.92> <CoreInst = "m_axi">   --->   Core 121 'm_axi' <Latency = 5> <II = 1> <Delay = 1.00> <Adapter> <Opcode : 'read' 'write' 'readreq' 'writereq' 'writeresp'>

State 68 <SV = 67> <Delay = 2.92>
ST_68 : Operation 209 [5/70] (2.92ns)   --->   "%gmem_addr_2_rd_req = readreq i1 @_ssdm_op_ReadReq.m_axi.i512P1A, i512 %gmem_addr, i32 2" [/home/centos/Vitis_Libraries/dsp/L2/include/hw/vitis_2dfft/fixed/vitis_fft/fft_kernel.hpp:48]   --->   Operation 209 'readreq' 'gmem_addr_2_rd_req' <Predicate = (empty_236)> <Delay = 2.92> <CoreInst = "m_axi">   --->   Core 121 'm_axi' <Latency = 5> <II = 1> <Delay = 1.00> <Adapter> <Opcode : 'read' 'write' 'readreq' 'writereq' 'writeresp'>

State 69 <SV = 68> <Delay = 2.92>
ST_69 : Operation 210 [4/70] (2.92ns)   --->   "%gmem_addr_2_rd_req = readreq i1 @_ssdm_op_ReadReq.m_axi.i512P1A, i512 %gmem_addr, i32 2" [/home/centos/Vitis_Libraries/dsp/L2/include/hw/vitis_2dfft/fixed/vitis_fft/fft_kernel.hpp:48]   --->   Operation 210 'readreq' 'gmem_addr_2_rd_req' <Predicate = (empty_236)> <Delay = 2.92> <CoreInst = "m_axi">   --->   Core 121 'm_axi' <Latency = 5> <II = 1> <Delay = 1.00> <Adapter> <Opcode : 'read' 'write' 'readreq' 'writereq' 'writeresp'>

State 70 <SV = 69> <Delay = 2.92>
ST_70 : Operation 211 [3/70] (2.92ns)   --->   "%gmem_addr_2_rd_req = readreq i1 @_ssdm_op_ReadReq.m_axi.i512P1A, i512 %gmem_addr, i32 2" [/home/centos/Vitis_Libraries/dsp/L2/include/hw/vitis_2dfft/fixed/vitis_fft/fft_kernel.hpp:48]   --->   Operation 211 'readreq' 'gmem_addr_2_rd_req' <Predicate = (empty_236)> <Delay = 2.92> <CoreInst = "m_axi">   --->   Core 121 'm_axi' <Latency = 5> <II = 1> <Delay = 1.00> <Adapter> <Opcode : 'read' 'write' 'readreq' 'writereq' 'writeresp'>

State 71 <SV = 70> <Delay = 2.92>
ST_71 : Operation 212 [2/70] (2.92ns)   --->   "%gmem_addr_2_rd_req = readreq i1 @_ssdm_op_ReadReq.m_axi.i512P1A, i512 %gmem_addr, i32 2" [/home/centos/Vitis_Libraries/dsp/L2/include/hw/vitis_2dfft/fixed/vitis_fft/fft_kernel.hpp:48]   --->   Operation 212 'readreq' 'gmem_addr_2_rd_req' <Predicate = (empty_236)> <Delay = 2.92> <CoreInst = "m_axi">   --->   Core 121 'm_axi' <Latency = 5> <II = 1> <Delay = 1.00> <Adapter> <Opcode : 'read' 'write' 'readreq' 'writereq' 'writeresp'>

State 72 <SV = 71> <Delay = 2.92>
ST_72 : Operation 213 [1/70] (2.92ns)   --->   "%gmem_addr_2_rd_req = readreq i1 @_ssdm_op_ReadReq.m_axi.i512P1A, i512 %gmem_addr, i32 2" [/home/centos/Vitis_Libraries/dsp/L2/include/hw/vitis_2dfft/fixed/vitis_fft/fft_kernel.hpp:48]   --->   Operation 213 'readreq' 'gmem_addr_2_rd_req' <Predicate = (empty_236)> <Delay = 2.92> <CoreInst = "m_axi">   --->   Core 121 'm_axi' <Latency = 5> <II = 1> <Delay = 1.00> <Adapter> <Opcode : 'read' 'write' 'readreq' 'writereq' 'writeresp'>
ST_72 : Operation 214 [1/1] (0.00ns)   --->   "%br_ln0 = br void %BurstBB"   --->   Operation 214 'br' 'br_ln0' <Predicate = (empty_236)> <Delay = 0.00>

State 73 <SV = 72> <Delay = 2.92>
ST_73 : Operation 215 [1/1] (2.92ns)   --->   "%superSample_V = read i512 @_ssdm_op_Read.m_axi.i512P1A, i512 %gmem_addr" [/home/centos/Vitis_Libraries/dsp/L2/include/hw/vitis_2dfft/fixed/vitis_fft/fft_kernel.hpp:48]   --->   Operation 215 'read' 'superSample_V' <Predicate = true> <Delay = 2.92> <CoreInst = "m_axi">   --->   Core 121 'm_axi' <Latency = 6> <II = 1> <Delay = 1.00> <Adapter> <Opcode : 'read' 'write' 'readreq' 'writereq' 'writeresp'>
ST_73 : Operation 216 [1/1] (0.00ns)   --->   "%trunc_ln740 = trunc i512 %superSample_V"   --->   Operation 216 'trunc' 'trunc_ln740' <Predicate = true> <Delay = 0.00>
ST_73 : Operation 217 [1/1] (0.00ns)   --->   "%tmp_63 = partselect i8 @_ssdm_op_PartSelect.i8.i512.i32.i32, i512 %superSample_V, i32 32, i32 39"   --->   Operation 217 'partselect' 'tmp_63' <Predicate = true> <Delay = 0.00>
ST_73 : Operation 218 [1/1] (0.00ns)   --->   "%tmp_64 = partselect i8 @_ssdm_op_PartSelect.i8.i512.i32.i32, i512 %superSample_V, i32 64, i32 71"   --->   Operation 218 'partselect' 'tmp_64' <Predicate = true> <Delay = 0.00>
ST_73 : Operation 219 [1/1] (0.00ns)   --->   "%tmp_65 = partselect i8 @_ssdm_op_PartSelect.i8.i512.i32.i32, i512 %superSample_V, i32 96, i32 103"   --->   Operation 219 'partselect' 'tmp_65' <Predicate = true> <Delay = 0.00>
ST_73 : Operation 220 [1/1] (0.00ns)   --->   "%tmp_66 = partselect i8 @_ssdm_op_PartSelect.i8.i512.i32.i32, i512 %superSample_V, i32 128, i32 135"   --->   Operation 220 'partselect' 'tmp_66' <Predicate = true> <Delay = 0.00>
ST_73 : Operation 221 [1/1] (0.00ns)   --->   "%tmp_67 = partselect i8 @_ssdm_op_PartSelect.i8.i512.i32.i32, i512 %superSample_V, i32 160, i32 167"   --->   Operation 221 'partselect' 'tmp_67' <Predicate = true> <Delay = 0.00>
ST_73 : Operation 222 [1/1] (0.00ns)   --->   "%tmp_68 = partselect i8 @_ssdm_op_PartSelect.i8.i512.i32.i32, i512 %superSample_V, i32 192, i32 199"   --->   Operation 222 'partselect' 'tmp_68' <Predicate = true> <Delay = 0.00>
ST_73 : Operation 223 [1/1] (0.00ns)   --->   "%tmp_69 = partselect i8 @_ssdm_op_PartSelect.i8.i512.i32.i32, i512 %superSample_V, i32 224, i32 231"   --->   Operation 223 'partselect' 'tmp_69' <Predicate = true> <Delay = 0.00>
ST_73 : Operation 224 [1/1] (0.00ns)   --->   "%tmp_70 = partselect i8 @_ssdm_op_PartSelect.i8.i512.i32.i32, i512 %superSample_V, i32 256, i32 263"   --->   Operation 224 'partselect' 'tmp_70' <Predicate = true> <Delay = 0.00>
ST_73 : Operation 225 [1/1] (0.00ns)   --->   "%tmp_71 = partselect i8 @_ssdm_op_PartSelect.i8.i512.i32.i32, i512 %superSample_V, i32 288, i32 295"   --->   Operation 225 'partselect' 'tmp_71' <Predicate = true> <Delay = 0.00>
ST_73 : Operation 226 [1/1] (0.00ns)   --->   "%tmp_72 = partselect i8 @_ssdm_op_PartSelect.i8.i512.i32.i32, i512 %superSample_V, i32 320, i32 327"   --->   Operation 226 'partselect' 'tmp_72' <Predicate = true> <Delay = 0.00>
ST_73 : Operation 227 [1/1] (0.00ns)   --->   "%tmp_73 = partselect i8 @_ssdm_op_PartSelect.i8.i512.i32.i32, i512 %superSample_V, i32 352, i32 359"   --->   Operation 227 'partselect' 'tmp_73' <Predicate = true> <Delay = 0.00>
ST_73 : Operation 228 [1/1] (0.00ns)   --->   "%tmp_74 = partselect i8 @_ssdm_op_PartSelect.i8.i512.i32.i32, i512 %superSample_V, i32 384, i32 391"   --->   Operation 228 'partselect' 'tmp_74' <Predicate = true> <Delay = 0.00>
ST_73 : Operation 229 [1/1] (0.00ns)   --->   "%tmp_75 = partselect i8 @_ssdm_op_PartSelect.i8.i512.i32.i32, i512 %superSample_V, i32 416, i32 423"   --->   Operation 229 'partselect' 'tmp_75' <Predicate = true> <Delay = 0.00>
ST_73 : Operation 230 [1/1] (0.00ns)   --->   "%tmp_76 = partselect i8 @_ssdm_op_PartSelect.i8.i512.i32.i32, i512 %superSample_V, i32 448, i32 455"   --->   Operation 230 'partselect' 'tmp_76' <Predicate = true> <Delay = 0.00>
ST_73 : Operation 231 [1/1] (0.00ns)   --->   "%tmp_77 = partselect i8 @_ssdm_op_PartSelect.i8.i512.i32.i32, i512 %superSample_V, i32 480, i32 487"   --->   Operation 231 'partselect' 'tmp_77' <Predicate = true> <Delay = 0.00>
ST_73 : Operation 236 [1/1] (0.00ns)   --->   "%ret_ln0 = ret"   --->   Operation 236 'ret' 'ret_ln0' <Predicate = (icmp_ln43)> <Delay = 0.00>

State 74 <SV = 73> <Delay = 1.23>
ST_74 : Operation 232 [1/1] (0.00ns)   --->   "%tmp = bitconcatenate i502 @_ssdm_op_BitConcatenate.i502.i8.i24.i8.i24.i8.i24.i8.i24.i8.i24.i8.i24.i8.i24.i8.i24.i8.i24.i8.i24.i8.i24.i8.i24.i8.i24.i8.i24.i8.i24.i8.i14, i8 %tmp_77, i24 0, i8 %tmp_76, i24 0, i8 %tmp_75, i24 0, i8 %tmp_74, i24 0, i8 %tmp_73, i24 0, i8 %tmp_72, i24 0, i8 %tmp_71, i24 0, i8 %tmp_70, i24 0, i8 %tmp_69, i24 0, i8 %tmp_68, i24 0, i8 %tmp_67, i24 0, i8 %tmp_66, i24 0, i8 %tmp_65, i24 0, i8 %tmp_64, i24 0, i8 %tmp_63, i24 0, i8 %trunc_ln740, i14 0" [/opt/Xilinx/Vitis_HLS/2021.1/common/technology/autopilot/hls_stream_39.h:174]   --->   Operation 232 'bitconcatenate' 'tmp' <Predicate = true> <Delay = 0.00>
ST_74 : Operation 233 [1/1] (0.00ns)   --->   "%zext_ln174 = zext i502 %tmp" [/opt/Xilinx/Vitis_HLS/2021.1/common/technology/autopilot/hls_stream_39.h:174]   --->   Operation 233 'zext' 'zext_ln174' <Predicate = true> <Delay = 0.00>
ST_74 : Operation 234 [1/1] (1.23ns)   --->   "%write_ln174 = write void @_ssdm_op_Write.ap_fifo.volatile.i512P0A, i512 %fftInStrm, i512 %zext_ln174" [/opt/Xilinx/Vitis_HLS/2021.1/common/technology/autopilot/hls_stream_39.h:174]   --->   Operation 234 'write' 'write_ln174' <Predicate = true> <Delay = 1.23> <CoreInst = "FIFO">   --->   Core 78 'FIFO' <Latency = 0> <II = 1> <Delay = 1.23> <Storage> <Opcode : 'read' 'write' 'nbread' 'nbwrite'> <Ports = 0> <Width = 512> <Depth = 16> <FIFO>
ST_74 : Operation 235 [1/1] (0.00ns)   --->   "%br_ln0 = br void %_ZN8ap_fixedILi22ELi8EL9ap_q_mode5EL9ap_o_mode3ELi0EEC2ILi512ELb0EEERK12ap_range_refIXT_EXT0_EE.exit"   --->   Operation 235 'br' 'br_ln0' <Predicate = true> <Delay = 0.00>


============================================================
+ Verbose Summary: Timing violations
============================================================
Target clock period: 4ns, clock uncertainty: 1.08ns.

 <State 1>: 0.387ns
The critical path consists of the following:
	'alloca' operation ('indvar_flatten30') [9]  (0 ns)
	'store' operation ('store_ln0') of constant 0 on local variable 'indvar_flatten30' [14]  (0.387 ns)

 <State 2>: 2.73ns
The critical path consists of the following:
	'load' operation ('indvar_flatten_load_2', /home/centos/Vitis_Libraries/dsp/L2/include/hw/vitis_2dfft/fixed/vitis_fft/fft_kernel.hpp:44) on local variable 'indvar_flatten' [32]  (0 ns)
	'icmp' operation ('icmp_ln44', /home/centos/Vitis_Libraries/dsp/L2/include/hw/vitis_2dfft/fixed/vitis_fft/fft_kernel.hpp:44) [34]  (0.6 ns)
	'select' operation ('select_ln43', /home/centos/Vitis_Libraries/dsp/L2/include/hw/vitis_2dfft/fixed/vitis_fft/fft_kernel.hpp:43) [35]  (0.278 ns)
	'add' operation ('add_ln44', /home/centos/Vitis_Libraries/dsp/L2/include/hw/vitis_2dfft/fixed/vitis_fft/fft_kernel.hpp:44) [44]  (0.707 ns)
	'select' operation ('select_ln44', /home/centos/Vitis_Libraries/dsp/L2/include/hw/vitis_2dfft/fixed/vitis_fft/fft_kernel.hpp:44) [50]  (0 ns)
	'add' operation ('add_ln44_1', /home/centos/Vitis_Libraries/dsp/L2/include/hw/vitis_2dfft/fixed/vitis_fft/fft_kernel.hpp:44) [53]  (1.15 ns)

 <State 3>: 2.92ns
The critical path consists of the following:
	'getelementptr' operation ('gmem_addr', /home/centos/Vitis_Libraries/dsp/L2/include/hw/vitis_2dfft/fixed/vitis_fft/fft_kernel.hpp:48) [59]  (0 ns)
	bus request operation ('gmem_addr_2_rd_req', /home/centos/Vitis_Libraries/dsp/L2/include/hw/vitis_2dfft/fixed/vitis_fft/fft_kernel.hpp:48) on port 'gmem' (/home/centos/Vitis_Libraries/dsp/L2/include/hw/vitis_2dfft/fixed/vitis_fft/fft_kernel.hpp:48) [65]  (2.92 ns)

 <State 4>: 2.92ns
The critical path consists of the following:
	bus request operation ('gmem_addr_2_rd_req', /home/centos/Vitis_Libraries/dsp/L2/include/hw/vitis_2dfft/fixed/vitis_fft/fft_kernel.hpp:48) on port 'gmem' (/home/centos/Vitis_Libraries/dsp/L2/include/hw/vitis_2dfft/fixed/vitis_fft/fft_kernel.hpp:48) [65]  (2.92 ns)

 <State 5>: 2.92ns
The critical path consists of the following:
	bus request operation ('gmem_addr_2_rd_req', /home/centos/Vitis_Libraries/dsp/L2/include/hw/vitis_2dfft/fixed/vitis_fft/fft_kernel.hpp:48) on port 'gmem' (/home/centos/Vitis_Libraries/dsp/L2/include/hw/vitis_2dfft/fixed/vitis_fft/fft_kernel.hpp:48) [65]  (2.92 ns)

 <State 6>: 2.92ns
The critical path consists of the following:
	bus request operation ('gmem_addr_2_rd_req', /home/centos/Vitis_Libraries/dsp/L2/include/hw/vitis_2dfft/fixed/vitis_fft/fft_kernel.hpp:48) on port 'gmem' (/home/centos/Vitis_Libraries/dsp/L2/include/hw/vitis_2dfft/fixed/vitis_fft/fft_kernel.hpp:48) [65]  (2.92 ns)

 <State 7>: 2.92ns
The critical path consists of the following:
	bus request operation ('gmem_addr_2_rd_req', /home/centos/Vitis_Libraries/dsp/L2/include/hw/vitis_2dfft/fixed/vitis_fft/fft_kernel.hpp:48) on port 'gmem' (/home/centos/Vitis_Libraries/dsp/L2/include/hw/vitis_2dfft/fixed/vitis_fft/fft_kernel.hpp:48) [65]  (2.92 ns)

 <State 8>: 2.92ns
The critical path consists of the following:
	bus request operation ('gmem_addr_2_rd_req', /home/centos/Vitis_Libraries/dsp/L2/include/hw/vitis_2dfft/fixed/vitis_fft/fft_kernel.hpp:48) on port 'gmem' (/home/centos/Vitis_Libraries/dsp/L2/include/hw/vitis_2dfft/fixed/vitis_fft/fft_kernel.hpp:48) [65]  (2.92 ns)

 <State 9>: 2.92ns
The critical path consists of the following:
	bus request operation ('gmem_addr_2_rd_req', /home/centos/Vitis_Libraries/dsp/L2/include/hw/vitis_2dfft/fixed/vitis_fft/fft_kernel.hpp:48) on port 'gmem' (/home/centos/Vitis_Libraries/dsp/L2/include/hw/vitis_2dfft/fixed/vitis_fft/fft_kernel.hpp:48) [65]  (2.92 ns)

 <State 10>: 2.92ns
The critical path consists of the following:
	bus request operation ('gmem_addr_2_rd_req', /home/centos/Vitis_Libraries/dsp/L2/include/hw/vitis_2dfft/fixed/vitis_fft/fft_kernel.hpp:48) on port 'gmem' (/home/centos/Vitis_Libraries/dsp/L2/include/hw/vitis_2dfft/fixed/vitis_fft/fft_kernel.hpp:48) [65]  (2.92 ns)

 <State 11>: 2.92ns
The critical path consists of the following:
	bus request operation ('gmem_addr_2_rd_req', /home/centos/Vitis_Libraries/dsp/L2/include/hw/vitis_2dfft/fixed/vitis_fft/fft_kernel.hpp:48) on port 'gmem' (/home/centos/Vitis_Libraries/dsp/L2/include/hw/vitis_2dfft/fixed/vitis_fft/fft_kernel.hpp:48) [65]  (2.92 ns)

 <State 12>: 2.92ns
The critical path consists of the following:
	bus request operation ('gmem_addr_2_rd_req', /home/centos/Vitis_Libraries/dsp/L2/include/hw/vitis_2dfft/fixed/vitis_fft/fft_kernel.hpp:48) on port 'gmem' (/home/centos/Vitis_Libraries/dsp/L2/include/hw/vitis_2dfft/fixed/vitis_fft/fft_kernel.hpp:48) [65]  (2.92 ns)

 <State 13>: 2.92ns
The critical path consists of the following:
	bus request operation ('gmem_addr_2_rd_req', /home/centos/Vitis_Libraries/dsp/L2/include/hw/vitis_2dfft/fixed/vitis_fft/fft_kernel.hpp:48) on port 'gmem' (/home/centos/Vitis_Libraries/dsp/L2/include/hw/vitis_2dfft/fixed/vitis_fft/fft_kernel.hpp:48) [65]  (2.92 ns)

 <State 14>: 2.92ns
The critical path consists of the following:
	bus request operation ('gmem_addr_2_rd_req', /home/centos/Vitis_Libraries/dsp/L2/include/hw/vitis_2dfft/fixed/vitis_fft/fft_kernel.hpp:48) on port 'gmem' (/home/centos/Vitis_Libraries/dsp/L2/include/hw/vitis_2dfft/fixed/vitis_fft/fft_kernel.hpp:48) [65]  (2.92 ns)

 <State 15>: 2.92ns
The critical path consists of the following:
	bus request operation ('gmem_addr_2_rd_req', /home/centos/Vitis_Libraries/dsp/L2/include/hw/vitis_2dfft/fixed/vitis_fft/fft_kernel.hpp:48) on port 'gmem' (/home/centos/Vitis_Libraries/dsp/L2/include/hw/vitis_2dfft/fixed/vitis_fft/fft_kernel.hpp:48) [65]  (2.92 ns)

 <State 16>: 2.92ns
The critical path consists of the following:
	bus request operation ('gmem_addr_2_rd_req', /home/centos/Vitis_Libraries/dsp/L2/include/hw/vitis_2dfft/fixed/vitis_fft/fft_kernel.hpp:48) on port 'gmem' (/home/centos/Vitis_Libraries/dsp/L2/include/hw/vitis_2dfft/fixed/vitis_fft/fft_kernel.hpp:48) [65]  (2.92 ns)

 <State 17>: 2.92ns
The critical path consists of the following:
	bus request operation ('gmem_addr_2_rd_req', /home/centos/Vitis_Libraries/dsp/L2/include/hw/vitis_2dfft/fixed/vitis_fft/fft_kernel.hpp:48) on port 'gmem' (/home/centos/Vitis_Libraries/dsp/L2/include/hw/vitis_2dfft/fixed/vitis_fft/fft_kernel.hpp:48) [65]  (2.92 ns)

 <State 18>: 2.92ns
The critical path consists of the following:
	bus request operation ('gmem_addr_2_rd_req', /home/centos/Vitis_Libraries/dsp/L2/include/hw/vitis_2dfft/fixed/vitis_fft/fft_kernel.hpp:48) on port 'gmem' (/home/centos/Vitis_Libraries/dsp/L2/include/hw/vitis_2dfft/fixed/vitis_fft/fft_kernel.hpp:48) [65]  (2.92 ns)

 <State 19>: 2.92ns
The critical path consists of the following:
	bus request operation ('gmem_addr_2_rd_req', /home/centos/Vitis_Libraries/dsp/L2/include/hw/vitis_2dfft/fixed/vitis_fft/fft_kernel.hpp:48) on port 'gmem' (/home/centos/Vitis_Libraries/dsp/L2/include/hw/vitis_2dfft/fixed/vitis_fft/fft_kernel.hpp:48) [65]  (2.92 ns)

 <State 20>: 2.92ns
The critical path consists of the following:
	bus request operation ('gmem_addr_2_rd_req', /home/centos/Vitis_Libraries/dsp/L2/include/hw/vitis_2dfft/fixed/vitis_fft/fft_kernel.hpp:48) on port 'gmem' (/home/centos/Vitis_Libraries/dsp/L2/include/hw/vitis_2dfft/fixed/vitis_fft/fft_kernel.hpp:48) [65]  (2.92 ns)

 <State 21>: 2.92ns
The critical path consists of the following:
	bus request operation ('gmem_addr_2_rd_req', /home/centos/Vitis_Libraries/dsp/L2/include/hw/vitis_2dfft/fixed/vitis_fft/fft_kernel.hpp:48) on port 'gmem' (/home/centos/Vitis_Libraries/dsp/L2/include/hw/vitis_2dfft/fixed/vitis_fft/fft_kernel.hpp:48) [65]  (2.92 ns)

 <State 22>: 2.92ns
The critical path consists of the following:
	bus request operation ('gmem_addr_2_rd_req', /home/centos/Vitis_Libraries/dsp/L2/include/hw/vitis_2dfft/fixed/vitis_fft/fft_kernel.hpp:48) on port 'gmem' (/home/centos/Vitis_Libraries/dsp/L2/include/hw/vitis_2dfft/fixed/vitis_fft/fft_kernel.hpp:48) [65]  (2.92 ns)

 <State 23>: 2.92ns
The critical path consists of the following:
	bus request operation ('gmem_addr_2_rd_req', /home/centos/Vitis_Libraries/dsp/L2/include/hw/vitis_2dfft/fixed/vitis_fft/fft_kernel.hpp:48) on port 'gmem' (/home/centos/Vitis_Libraries/dsp/L2/include/hw/vitis_2dfft/fixed/vitis_fft/fft_kernel.hpp:48) [65]  (2.92 ns)

 <State 24>: 2.92ns
The critical path consists of the following:
	bus request operation ('gmem_addr_2_rd_req', /home/centos/Vitis_Libraries/dsp/L2/include/hw/vitis_2dfft/fixed/vitis_fft/fft_kernel.hpp:48) on port 'gmem' (/home/centos/Vitis_Libraries/dsp/L2/include/hw/vitis_2dfft/fixed/vitis_fft/fft_kernel.hpp:48) [65]  (2.92 ns)

 <State 25>: 2.92ns
The critical path consists of the following:
	bus request operation ('gmem_addr_2_rd_req', /home/centos/Vitis_Libraries/dsp/L2/include/hw/vitis_2dfft/fixed/vitis_fft/fft_kernel.hpp:48) on port 'gmem' (/home/centos/Vitis_Libraries/dsp/L2/include/hw/vitis_2dfft/fixed/vitis_fft/fft_kernel.hpp:48) [65]  (2.92 ns)

 <State 26>: 2.92ns
The critical path consists of the following:
	bus request operation ('gmem_addr_2_rd_req', /home/centos/Vitis_Libraries/dsp/L2/include/hw/vitis_2dfft/fixed/vitis_fft/fft_kernel.hpp:48) on port 'gmem' (/home/centos/Vitis_Libraries/dsp/L2/include/hw/vitis_2dfft/fixed/vitis_fft/fft_kernel.hpp:48) [65]  (2.92 ns)

 <State 27>: 2.92ns
The critical path consists of the following:
	bus request operation ('gmem_addr_2_rd_req', /home/centos/Vitis_Libraries/dsp/L2/include/hw/vitis_2dfft/fixed/vitis_fft/fft_kernel.hpp:48) on port 'gmem' (/home/centos/Vitis_Libraries/dsp/L2/include/hw/vitis_2dfft/fixed/vitis_fft/fft_kernel.hpp:48) [65]  (2.92 ns)

 <State 28>: 2.92ns
The critical path consists of the following:
	bus request operation ('gmem_addr_2_rd_req', /home/centos/Vitis_Libraries/dsp/L2/include/hw/vitis_2dfft/fixed/vitis_fft/fft_kernel.hpp:48) on port 'gmem' (/home/centos/Vitis_Libraries/dsp/L2/include/hw/vitis_2dfft/fixed/vitis_fft/fft_kernel.hpp:48) [65]  (2.92 ns)

 <State 29>: 2.92ns
The critical path consists of the following:
	bus request operation ('gmem_addr_2_rd_req', /home/centos/Vitis_Libraries/dsp/L2/include/hw/vitis_2dfft/fixed/vitis_fft/fft_kernel.hpp:48) on port 'gmem' (/home/centos/Vitis_Libraries/dsp/L2/include/hw/vitis_2dfft/fixed/vitis_fft/fft_kernel.hpp:48) [65]  (2.92 ns)

 <State 30>: 2.92ns
The critical path consists of the following:
	bus request operation ('gmem_addr_2_rd_req', /home/centos/Vitis_Libraries/dsp/L2/include/hw/vitis_2dfft/fixed/vitis_fft/fft_kernel.hpp:48) on port 'gmem' (/home/centos/Vitis_Libraries/dsp/L2/include/hw/vitis_2dfft/fixed/vitis_fft/fft_kernel.hpp:48) [65]  (2.92 ns)

 <State 31>: 2.92ns
The critical path consists of the following:
	bus request operation ('gmem_addr_2_rd_req', /home/centos/Vitis_Libraries/dsp/L2/include/hw/vitis_2dfft/fixed/vitis_fft/fft_kernel.hpp:48) on port 'gmem' (/home/centos/Vitis_Libraries/dsp/L2/include/hw/vitis_2dfft/fixed/vitis_fft/fft_kernel.hpp:48) [65]  (2.92 ns)

 <State 32>: 2.92ns
The critical path consists of the following:
	bus request operation ('gmem_addr_2_rd_req', /home/centos/Vitis_Libraries/dsp/L2/include/hw/vitis_2dfft/fixed/vitis_fft/fft_kernel.hpp:48) on port 'gmem' (/home/centos/Vitis_Libraries/dsp/L2/include/hw/vitis_2dfft/fixed/vitis_fft/fft_kernel.hpp:48) [65]  (2.92 ns)

 <State 33>: 2.92ns
The critical path consists of the following:
	bus request operation ('gmem_addr_2_rd_req', /home/centos/Vitis_Libraries/dsp/L2/include/hw/vitis_2dfft/fixed/vitis_fft/fft_kernel.hpp:48) on port 'gmem' (/home/centos/Vitis_Libraries/dsp/L2/include/hw/vitis_2dfft/fixed/vitis_fft/fft_kernel.hpp:48) [65]  (2.92 ns)

 <State 34>: 2.92ns
The critical path consists of the following:
	bus request operation ('gmem_addr_2_rd_req', /home/centos/Vitis_Libraries/dsp/L2/include/hw/vitis_2dfft/fixed/vitis_fft/fft_kernel.hpp:48) on port 'gmem' (/home/centos/Vitis_Libraries/dsp/L2/include/hw/vitis_2dfft/fixed/vitis_fft/fft_kernel.hpp:48) [65]  (2.92 ns)

 <State 35>: 2.92ns
The critical path consists of the following:
	bus request operation ('gmem_addr_2_rd_req', /home/centos/Vitis_Libraries/dsp/L2/include/hw/vitis_2dfft/fixed/vitis_fft/fft_kernel.hpp:48) on port 'gmem' (/home/centos/Vitis_Libraries/dsp/L2/include/hw/vitis_2dfft/fixed/vitis_fft/fft_kernel.hpp:48) [65]  (2.92 ns)

 <State 36>: 2.92ns
The critical path consists of the following:
	bus request operation ('gmem_addr_2_rd_req', /home/centos/Vitis_Libraries/dsp/L2/include/hw/vitis_2dfft/fixed/vitis_fft/fft_kernel.hpp:48) on port 'gmem' (/home/centos/Vitis_Libraries/dsp/L2/include/hw/vitis_2dfft/fixed/vitis_fft/fft_kernel.hpp:48) [65]  (2.92 ns)

 <State 37>: 2.92ns
The critical path consists of the following:
	bus request operation ('gmem_addr_2_rd_req', /home/centos/Vitis_Libraries/dsp/L2/include/hw/vitis_2dfft/fixed/vitis_fft/fft_kernel.hpp:48) on port 'gmem' (/home/centos/Vitis_Libraries/dsp/L2/include/hw/vitis_2dfft/fixed/vitis_fft/fft_kernel.hpp:48) [65]  (2.92 ns)

 <State 38>: 2.92ns
The critical path consists of the following:
	bus request operation ('gmem_addr_2_rd_req', /home/centos/Vitis_Libraries/dsp/L2/include/hw/vitis_2dfft/fixed/vitis_fft/fft_kernel.hpp:48) on port 'gmem' (/home/centos/Vitis_Libraries/dsp/L2/include/hw/vitis_2dfft/fixed/vitis_fft/fft_kernel.hpp:48) [65]  (2.92 ns)

 <State 39>: 2.92ns
The critical path consists of the following:
	bus request operation ('gmem_addr_2_rd_req', /home/centos/Vitis_Libraries/dsp/L2/include/hw/vitis_2dfft/fixed/vitis_fft/fft_kernel.hpp:48) on port 'gmem' (/home/centos/Vitis_Libraries/dsp/L2/include/hw/vitis_2dfft/fixed/vitis_fft/fft_kernel.hpp:48) [65]  (2.92 ns)

 <State 40>: 2.92ns
The critical path consists of the following:
	bus request operation ('gmem_addr_2_rd_req', /home/centos/Vitis_Libraries/dsp/L2/include/hw/vitis_2dfft/fixed/vitis_fft/fft_kernel.hpp:48) on port 'gmem' (/home/centos/Vitis_Libraries/dsp/L2/include/hw/vitis_2dfft/fixed/vitis_fft/fft_kernel.hpp:48) [65]  (2.92 ns)

 <State 41>: 2.92ns
The critical path consists of the following:
	bus request operation ('gmem_addr_2_rd_req', /home/centos/Vitis_Libraries/dsp/L2/include/hw/vitis_2dfft/fixed/vitis_fft/fft_kernel.hpp:48) on port 'gmem' (/home/centos/Vitis_Libraries/dsp/L2/include/hw/vitis_2dfft/fixed/vitis_fft/fft_kernel.hpp:48) [65]  (2.92 ns)

 <State 42>: 2.92ns
The critical path consists of the following:
	bus request operation ('gmem_addr_2_rd_req', /home/centos/Vitis_Libraries/dsp/L2/include/hw/vitis_2dfft/fixed/vitis_fft/fft_kernel.hpp:48) on port 'gmem' (/home/centos/Vitis_Libraries/dsp/L2/include/hw/vitis_2dfft/fixed/vitis_fft/fft_kernel.hpp:48) [65]  (2.92 ns)

 <State 43>: 2.92ns
The critical path consists of the following:
	bus request operation ('gmem_addr_2_rd_req', /home/centos/Vitis_Libraries/dsp/L2/include/hw/vitis_2dfft/fixed/vitis_fft/fft_kernel.hpp:48) on port 'gmem' (/home/centos/Vitis_Libraries/dsp/L2/include/hw/vitis_2dfft/fixed/vitis_fft/fft_kernel.hpp:48) [65]  (2.92 ns)

 <State 44>: 2.92ns
The critical path consists of the following:
	bus request operation ('gmem_addr_2_rd_req', /home/centos/Vitis_Libraries/dsp/L2/include/hw/vitis_2dfft/fixed/vitis_fft/fft_kernel.hpp:48) on port 'gmem' (/home/centos/Vitis_Libraries/dsp/L2/include/hw/vitis_2dfft/fixed/vitis_fft/fft_kernel.hpp:48) [65]  (2.92 ns)

 <State 45>: 2.92ns
The critical path consists of the following:
	bus request operation ('gmem_addr_2_rd_req', /home/centos/Vitis_Libraries/dsp/L2/include/hw/vitis_2dfft/fixed/vitis_fft/fft_kernel.hpp:48) on port 'gmem' (/home/centos/Vitis_Libraries/dsp/L2/include/hw/vitis_2dfft/fixed/vitis_fft/fft_kernel.hpp:48) [65]  (2.92 ns)

 <State 46>: 2.92ns
The critical path consists of the following:
	bus request operation ('gmem_addr_2_rd_req', /home/centos/Vitis_Libraries/dsp/L2/include/hw/vitis_2dfft/fixed/vitis_fft/fft_kernel.hpp:48) on port 'gmem' (/home/centos/Vitis_Libraries/dsp/L2/include/hw/vitis_2dfft/fixed/vitis_fft/fft_kernel.hpp:48) [65]  (2.92 ns)

 <State 47>: 2.92ns
The critical path consists of the following:
	bus request operation ('gmem_addr_2_rd_req', /home/centos/Vitis_Libraries/dsp/L2/include/hw/vitis_2dfft/fixed/vitis_fft/fft_kernel.hpp:48) on port 'gmem' (/home/centos/Vitis_Libraries/dsp/L2/include/hw/vitis_2dfft/fixed/vitis_fft/fft_kernel.hpp:48) [65]  (2.92 ns)

 <State 48>: 2.92ns
The critical path consists of the following:
	bus request operation ('gmem_addr_2_rd_req', /home/centos/Vitis_Libraries/dsp/L2/include/hw/vitis_2dfft/fixed/vitis_fft/fft_kernel.hpp:48) on port 'gmem' (/home/centos/Vitis_Libraries/dsp/L2/include/hw/vitis_2dfft/fixed/vitis_fft/fft_kernel.hpp:48) [65]  (2.92 ns)

 <State 49>: 2.92ns
The critical path consists of the following:
	bus request operation ('gmem_addr_2_rd_req', /home/centos/Vitis_Libraries/dsp/L2/include/hw/vitis_2dfft/fixed/vitis_fft/fft_kernel.hpp:48) on port 'gmem' (/home/centos/Vitis_Libraries/dsp/L2/include/hw/vitis_2dfft/fixed/vitis_fft/fft_kernel.hpp:48) [65]  (2.92 ns)

 <State 50>: 2.92ns
The critical path consists of the following:
	bus request operation ('gmem_addr_2_rd_req', /home/centos/Vitis_Libraries/dsp/L2/include/hw/vitis_2dfft/fixed/vitis_fft/fft_kernel.hpp:48) on port 'gmem' (/home/centos/Vitis_Libraries/dsp/L2/include/hw/vitis_2dfft/fixed/vitis_fft/fft_kernel.hpp:48) [65]  (2.92 ns)

 <State 51>: 2.92ns
The critical path consists of the following:
	bus request operation ('gmem_addr_2_rd_req', /home/centos/Vitis_Libraries/dsp/L2/include/hw/vitis_2dfft/fixed/vitis_fft/fft_kernel.hpp:48) on port 'gmem' (/home/centos/Vitis_Libraries/dsp/L2/include/hw/vitis_2dfft/fixed/vitis_fft/fft_kernel.hpp:48) [65]  (2.92 ns)

 <State 52>: 2.92ns
The critical path consists of the following:
	bus request operation ('gmem_addr_2_rd_req', /home/centos/Vitis_Libraries/dsp/L2/include/hw/vitis_2dfft/fixed/vitis_fft/fft_kernel.hpp:48) on port 'gmem' (/home/centos/Vitis_Libraries/dsp/L2/include/hw/vitis_2dfft/fixed/vitis_fft/fft_kernel.hpp:48) [65]  (2.92 ns)

 <State 53>: 2.92ns
The critical path consists of the following:
	bus request operation ('gmem_addr_2_rd_req', /home/centos/Vitis_Libraries/dsp/L2/include/hw/vitis_2dfft/fixed/vitis_fft/fft_kernel.hpp:48) on port 'gmem' (/home/centos/Vitis_Libraries/dsp/L2/include/hw/vitis_2dfft/fixed/vitis_fft/fft_kernel.hpp:48) [65]  (2.92 ns)

 <State 54>: 2.92ns
The critical path consists of the following:
	bus request operation ('gmem_addr_2_rd_req', /home/centos/Vitis_Libraries/dsp/L2/include/hw/vitis_2dfft/fixed/vitis_fft/fft_kernel.hpp:48) on port 'gmem' (/home/centos/Vitis_Libraries/dsp/L2/include/hw/vitis_2dfft/fixed/vitis_fft/fft_kernel.hpp:48) [65]  (2.92 ns)

 <State 55>: 2.92ns
The critical path consists of the following:
	bus request operation ('gmem_addr_2_rd_req', /home/centos/Vitis_Libraries/dsp/L2/include/hw/vitis_2dfft/fixed/vitis_fft/fft_kernel.hpp:48) on port 'gmem' (/home/centos/Vitis_Libraries/dsp/L2/include/hw/vitis_2dfft/fixed/vitis_fft/fft_kernel.hpp:48) [65]  (2.92 ns)

 <State 56>: 2.92ns
The critical path consists of the following:
	bus request operation ('gmem_addr_2_rd_req', /home/centos/Vitis_Libraries/dsp/L2/include/hw/vitis_2dfft/fixed/vitis_fft/fft_kernel.hpp:48) on port 'gmem' (/home/centos/Vitis_Libraries/dsp/L2/include/hw/vitis_2dfft/fixed/vitis_fft/fft_kernel.hpp:48) [65]  (2.92 ns)

 <State 57>: 2.92ns
The critical path consists of the following:
	bus request operation ('gmem_addr_2_rd_req', /home/centos/Vitis_Libraries/dsp/L2/include/hw/vitis_2dfft/fixed/vitis_fft/fft_kernel.hpp:48) on port 'gmem' (/home/centos/Vitis_Libraries/dsp/L2/include/hw/vitis_2dfft/fixed/vitis_fft/fft_kernel.hpp:48) [65]  (2.92 ns)

 <State 58>: 2.92ns
The critical path consists of the following:
	bus request operation ('gmem_addr_2_rd_req', /home/centos/Vitis_Libraries/dsp/L2/include/hw/vitis_2dfft/fixed/vitis_fft/fft_kernel.hpp:48) on port 'gmem' (/home/centos/Vitis_Libraries/dsp/L2/include/hw/vitis_2dfft/fixed/vitis_fft/fft_kernel.hpp:48) [65]  (2.92 ns)

 <State 59>: 2.92ns
The critical path consists of the following:
	bus request operation ('gmem_addr_2_rd_req', /home/centos/Vitis_Libraries/dsp/L2/include/hw/vitis_2dfft/fixed/vitis_fft/fft_kernel.hpp:48) on port 'gmem' (/home/centos/Vitis_Libraries/dsp/L2/include/hw/vitis_2dfft/fixed/vitis_fft/fft_kernel.hpp:48) [65]  (2.92 ns)

 <State 60>: 2.92ns
The critical path consists of the following:
	bus request operation ('gmem_addr_2_rd_req', /home/centos/Vitis_Libraries/dsp/L2/include/hw/vitis_2dfft/fixed/vitis_fft/fft_kernel.hpp:48) on port 'gmem' (/home/centos/Vitis_Libraries/dsp/L2/include/hw/vitis_2dfft/fixed/vitis_fft/fft_kernel.hpp:48) [65]  (2.92 ns)

 <State 61>: 2.92ns
The critical path consists of the following:
	bus request operation ('gmem_addr_2_rd_req', /home/centos/Vitis_Libraries/dsp/L2/include/hw/vitis_2dfft/fixed/vitis_fft/fft_kernel.hpp:48) on port 'gmem' (/home/centos/Vitis_Libraries/dsp/L2/include/hw/vitis_2dfft/fixed/vitis_fft/fft_kernel.hpp:48) [65]  (2.92 ns)

 <State 62>: 2.92ns
The critical path consists of the following:
	bus request operation ('gmem_addr_2_rd_req', /home/centos/Vitis_Libraries/dsp/L2/include/hw/vitis_2dfft/fixed/vitis_fft/fft_kernel.hpp:48) on port 'gmem' (/home/centos/Vitis_Libraries/dsp/L2/include/hw/vitis_2dfft/fixed/vitis_fft/fft_kernel.hpp:48) [65]  (2.92 ns)

 <State 63>: 2.92ns
The critical path consists of the following:
	bus request operation ('gmem_addr_2_rd_req', /home/centos/Vitis_Libraries/dsp/L2/include/hw/vitis_2dfft/fixed/vitis_fft/fft_kernel.hpp:48) on port 'gmem' (/home/centos/Vitis_Libraries/dsp/L2/include/hw/vitis_2dfft/fixed/vitis_fft/fft_kernel.hpp:48) [65]  (2.92 ns)

 <State 64>: 2.92ns
The critical path consists of the following:
	bus request operation ('gmem_addr_2_rd_req', /home/centos/Vitis_Libraries/dsp/L2/include/hw/vitis_2dfft/fixed/vitis_fft/fft_kernel.hpp:48) on port 'gmem' (/home/centos/Vitis_Libraries/dsp/L2/include/hw/vitis_2dfft/fixed/vitis_fft/fft_kernel.hpp:48) [65]  (2.92 ns)

 <State 65>: 2.92ns
The critical path consists of the following:
	bus request operation ('gmem_addr_2_rd_req', /home/centos/Vitis_Libraries/dsp/L2/include/hw/vitis_2dfft/fixed/vitis_fft/fft_kernel.hpp:48) on port 'gmem' (/home/centos/Vitis_Libraries/dsp/L2/include/hw/vitis_2dfft/fixed/vitis_fft/fft_kernel.hpp:48) [65]  (2.92 ns)

 <State 66>: 2.92ns
The critical path consists of the following:
	bus request operation ('gmem_addr_2_rd_req', /home/centos/Vitis_Libraries/dsp/L2/include/hw/vitis_2dfft/fixed/vitis_fft/fft_kernel.hpp:48) on port 'gmem' (/home/centos/Vitis_Libraries/dsp/L2/include/hw/vitis_2dfft/fixed/vitis_fft/fft_kernel.hpp:48) [65]  (2.92 ns)

 <State 67>: 2.92ns
The critical path consists of the following:
	bus request operation ('gmem_addr_2_rd_req', /home/centos/Vitis_Libraries/dsp/L2/include/hw/vitis_2dfft/fixed/vitis_fft/fft_kernel.hpp:48) on port 'gmem' (/home/centos/Vitis_Libraries/dsp/L2/include/hw/vitis_2dfft/fixed/vitis_fft/fft_kernel.hpp:48) [65]  (2.92 ns)

 <State 68>: 2.92ns
The critical path consists of the following:
	bus request operation ('gmem_addr_2_rd_req', /home/centos/Vitis_Libraries/dsp/L2/include/hw/vitis_2dfft/fixed/vitis_fft/fft_kernel.hpp:48) on port 'gmem' (/home/centos/Vitis_Libraries/dsp/L2/include/hw/vitis_2dfft/fixed/vitis_fft/fft_kernel.hpp:48) [65]  (2.92 ns)

 <State 69>: 2.92ns
The critical path consists of the following:
	bus request operation ('gmem_addr_2_rd_req', /home/centos/Vitis_Libraries/dsp/L2/include/hw/vitis_2dfft/fixed/vitis_fft/fft_kernel.hpp:48) on port 'gmem' (/home/centos/Vitis_Libraries/dsp/L2/include/hw/vitis_2dfft/fixed/vitis_fft/fft_kernel.hpp:48) [65]  (2.92 ns)

 <State 70>: 2.92ns
The critical path consists of the following:
	bus request operation ('gmem_addr_2_rd_req', /home/centos/Vitis_Libraries/dsp/L2/include/hw/vitis_2dfft/fixed/vitis_fft/fft_kernel.hpp:48) on port 'gmem' (/home/centos/Vitis_Libraries/dsp/L2/include/hw/vitis_2dfft/fixed/vitis_fft/fft_kernel.hpp:48) [65]  (2.92 ns)

 <State 71>: 2.92ns
The critical path consists of the following:
	bus request operation ('gmem_addr_2_rd_req', /home/centos/Vitis_Libraries/dsp/L2/include/hw/vitis_2dfft/fixed/vitis_fft/fft_kernel.hpp:48) on port 'gmem' (/home/centos/Vitis_Libraries/dsp/L2/include/hw/vitis_2dfft/fixed/vitis_fft/fft_kernel.hpp:48) [65]  (2.92 ns)

 <State 72>: 2.92ns
The critical path consists of the following:
	bus request operation ('gmem_addr_2_rd_req', /home/centos/Vitis_Libraries/dsp/L2/include/hw/vitis_2dfft/fixed/vitis_fft/fft_kernel.hpp:48) on port 'gmem' (/home/centos/Vitis_Libraries/dsp/L2/include/hw/vitis_2dfft/fixed/vitis_fft/fft_kernel.hpp:48) [65]  (2.92 ns)

 <State 73>: 2.92ns
The critical path consists of the following:
	bus read operation ('superSample.V', /home/centos/Vitis_Libraries/dsp/L2/include/hw/vitis_2dfft/fixed/vitis_fft/fft_kernel.hpp:48) on port 'gmem' (/home/centos/Vitis_Libraries/dsp/L2/include/hw/vitis_2dfft/fixed/vitis_fft/fft_kernel.hpp:48) [70]  (2.92 ns)

 <State 74>: 1.23ns
The critical path consists of the following:
	fifo write operation ('write_ln174', /opt/Xilinx/Vitis_HLS/2021.1/common/technology/autopilot/hls_stream_39.h:174) on port 'fftInStrm' (/opt/Xilinx/Vitis_HLS/2021.1/common/technology/autopilot/hls_stream_39.h:174) [89]  (1.23 ns)


============================================================
+ Verbose Summary: Binding
============================================================
N/A
* FSMD analyzer results:
  - Output states:
 - Input state : 
  - Chain level:
	State 1
	State 2
	State 3
	State 4
	State 5
	State 6
	State 7
	State 8
	State 9
	State 10
	State 11
	State 12
	State 13
	State 14
	State 15
	State 16
	State 17
	State 18
	State 19
	State 20
	State 21
	State 22
	State 23
	State 24
	State 25
	State 26
	State 27
	State 28
	State 29
	State 30
	State 31
	State 32
	State 33
	State 34
	State 35
	State 36
	State 37
	State 38
	State 39
	State 40
	State 41
	State 42
	State 43
	State 44
	State 45
	State 46
	State 47
	State 48
	State 49
	State 50
	State 51
	State 52
	State 53
	State 54
	State 55
	State 56
	State 57
	State 58
	State 59
	State 60
	State 61
	State 62
	State 63
	State 64
	State 65
	State 66
	State 67
	State 68
	State 69
	State 70
	State 71
	State 72
	State 73
	State 74


============================================================
+ Verbose Summary: Datapath Resource usage 
============================================================
N/A
