INFO: [v++ 60-897] Reading --xp value from platform: param:compiler.lockFlowCritSlackThreshold=0
INFO: [v++ 60-897] Reading --xp value from platform: vivado_param:hd.routingContainmentAreaExpansion=true
INFO: [v++ 60-897] Reading --xp value from platform: vivado_param:hd.supportClockNetCrossDiffReconfigurablePartitions=1
INFO: [v++ 60-897] Reading --xp value from platform: vivado_param:bitstream.enablePR=4123
INFO: [v++ 60-897] Reading --xp value from platform: vivado_param:physynth.ultraRAMOptOutput=false
INFO: [v++ 60-897] Reading --xp value from platform: vivado_prop:run.__KERNEL__.{STEPS.SYNTH_DESIGN.ARGS.MAX_URAM_CASCADE_HEIGHT}={1}
INFO: [v++ 60-897] Reading --xp value from platform: vivado_param:synth.elaboration.rodinMoreOptions={rt::set_parameter disableOregPackingUram true}
WARNING: [v++ 60-642] Invalid or deprecated parameter name: compiler.lockFlowCritSlackThreshold
INFO: [v++ 60-1306] Additional information associated with this v++ link can be found at:
	Reports: /home/centos/workspace/project_fft_system_hw_link/Emulation-HW/binary_container_1.build/reports/link
	Log files: /home/centos/workspace/project_fft_system_hw_link/Emulation-HW/binary_container_1.build/logs/link
INFO: [v++ 60-1548] Creating build summary session with primary output /home/centos/workspace/project_fft_system_hw_link/Emulation-HW/binary_container_1.xclbin.link_summary, at Thu Jan 27 12:53:22 2022
INFO: [v++ 60-1316] Initiating connection to rulecheck server, at Thu Jan 27 12:53:22 2022
INFO: [v++ 60-895]   Target platform: /home/centos/aws-fpga/Vitis/aws_platform/xilinx_aws-vu9p-f1_shell-v04261818_201920_2/xilinx_aws-vu9p-f1_shell-v04261818_201920_2.xpfm
INFO: [v++ 60-1578]   This platform contains Xilinx Shell Archive '/home/centos/aws-fpga/Vitis/aws_platform/xilinx_aws-vu9p-f1_shell-v04261818_201920_2/hw/xilinx_aws-vu9p-f1_shell-v04261818_201920_2.xsa'
INFO: [v++ 74-78] Compiler Version string: 2021.1
INFO: [v++ 60-1302] Platform 'xilinx_aws-vu9p-f1_shell-v04261818_201920_2.xpfm' has been explicitly enabled for this release.
INFO: [v++ 60-629] Linking for hardware emulation target
INFO: [v++ 60-423]   Target device: xilinx_aws-vu9p-f1_shell-v04261818_201920_2
INFO: [v++ 60-1332] Run 'run_link' status: Not started
INFO: [v++ 60-1443] [12:53:29] Run run_link: Step system_link: Started
INFO: [v++ 60-1453] Command Line: system_link --xo /home/centos/workspace/project_fft_kernels/Emulation-HW/build/fft2DKernel.xo -keep --config /home/centos/workspace/project_fft_system_hw_link/Emulation-HW/binary_container_1.build/link/int/syslinkConfig.ini --xpfm /home/centos/aws-fpga/Vitis/aws_platform/xilinx_aws-vu9p-f1_shell-v04261818_201920_2/xilinx_aws-vu9p-f1_shell-v04261818_201920_2.xpfm --target emu --output_dir /home/centos/workspace/project_fft_system_hw_link/Emulation-HW/binary_container_1.build/link/int --temp_dir /home/centos/workspace/project_fft_system_hw_link/Emulation-HW/binary_container_1.build/link/sys_link
INFO: [v++ 60-1454] Run Directory: /home/centos/workspace/project_fft_system_hw_link/Emulation-HW/binary_container_1.build/link/run_link
INFO: [SYSTEM_LINK 60-1316] Initiating connection to rulecheck server, at Thu Jan 27 12:53:32 2022
INFO: [SYSTEM_LINK 82-70] Extracting xo v3 file /home/centos/workspace/project_fft_kernels/Emulation-HW/build/fft2DKernel.xo
INFO: [SYSTEM_LINK 82-53] Creating IP database /home/centos/workspace/project_fft_system_hw_link/Emulation-HW/binary_container_1.build/link/sys_link/_sysl/.cdb/xd_ip_db.xml
INFO: [SYSTEM_LINK 82-38] [12:53:32] build_xd_ip_db started: /opt/Xilinx/Vitis/2021.1/bin/build_xd_ip_db -ip_search 0  -sds-pf /home/centos/workspace/project_fft_system_hw_link/Emulation-HW/binary_container_1.build/link/sys_link/emu/xilinx_aws-vu9p-f1_shell-v04261818_201920_1_emu.hpfm -clkid 0 -ip /home/centos/workspace/project_fft_system_hw_link/Emulation-HW/binary_container_1.build/link/sys_link/iprepo/xilinx_com_hls_fft2DKernel_1_0,fft2DKernel -o /home/centos/workspace/project_fft_system_hw_link/Emulation-HW/binary_container_1.build/link/sys_link/_sysl/.cdb/xd_ip_db.xml
INFO: [SYSTEM_LINK 82-37] [12:53:42] build_xd_ip_db finished successfully
Time (s): cpu = 00:00:11 ; elapsed = 00:00:09 . Memory (MB): peak = 1986.766 ; gain = 0.000 ; free physical = 113475 ; free virtual = 128445
INFO: [SYSTEM_LINK 82-51] Create system connectivity graph
INFO: [SYSTEM_LINK 82-102] Applying explicit connections to the system connectivity graph: /home/centos/workspace/project_fft_system_hw_link/Emulation-HW/binary_container_1.build/link/sys_link/cfgraph/cfgen_cfgraph.xml
INFO: [SYSTEM_LINK 82-38] [12:53:42] cfgen started: /opt/Xilinx/Vitis/2021.1/bin/cfgen  -nk fft2DKernel:1:fft2DKernel_1 -dmclkid 0 -r /home/centos/workspace/project_fft_system_hw_link/Emulation-HW/binary_container_1.build/link/sys_link/_sysl/.cdb/xd_ip_db.xml -o /home/centos/workspace/project_fft_system_hw_link/Emulation-HW/binary_container_1.build/link/sys_link/cfgraph/cfgen_cfgraph.xml
INFO: [CFGEN 83-0] Kernel Specs: 
INFO: [CFGEN 83-0]   kernel: fft2DKernel, num: 1  {fft2DKernel_1}
INFO: [CFGEN 83-2226] Inferring mapping for argument fft2DKernel_1.p_fftInData to DDR[1]
INFO: [CFGEN 83-2226] Inferring mapping for argument fft2DKernel_1.p_fftOutData to DDR[1]
INFO: [SYSTEM_LINK 82-37] [12:53:48] cfgen finished successfully
Time (s): cpu = 00:00:06 ; elapsed = 00:00:06 . Memory (MB): peak = 1986.766 ; gain = 0.000 ; free physical = 113474 ; free virtual = 128444
INFO: [SYSTEM_LINK 82-52] Create top-level block diagram
INFO: [SYSTEM_LINK 82-38] [12:53:48] cf2bd started: /opt/Xilinx/Vitis/2021.1/bin/cf2bd  --linux --trace_buffer 1024 --input_file /home/centos/workspace/project_fft_system_hw_link/Emulation-HW/binary_container_1.build/link/sys_link/cfgraph/cfgen_cfgraph.xml --ip_db /home/centos/workspace/project_fft_system_hw_link/Emulation-HW/binary_container_1.build/link/sys_link/_sysl/.cdb/xd_ip_db.xml --cf_name dr --working_dir /home/centos/workspace/project_fft_system_hw_link/Emulation-HW/binary_container_1.build/link/sys_link/_sysl/.xsd --temp_dir /home/centos/workspace/project_fft_system_hw_link/Emulation-HW/binary_container_1.build/link/sys_link --output_dir /home/centos/workspace/project_fft_system_hw_link/Emulation-HW/binary_container_1.build/link/int --target_bd emu/pfm_dynamic/pfm_dynamic.bd
INFO: [CF2BD 82-31] Launching cf2xd: cf2xd -linux -trace-buffer 1024 -i /home/centos/workspace/project_fft_system_hw_link/Emulation-HW/binary_container_1.build/link/sys_link/cfgraph/cfgen_cfgraph.xml -r /home/centos/workspace/project_fft_system_hw_link/Emulation-HW/binary_container_1.build/link/sys_link/_sysl/.cdb/xd_ip_db.xml -o dr.xml
INFO: [CF2BD 82-28] cf2xd finished successfully
INFO: [CF2BD 82-31] Launching cf_xsd: cf_xsd -disable-address-gen -bd emu/pfm_dynamic/pfm_dynamic.bd -dn dr -dp /home/centos/workspace/project_fft_system_hw_link/Emulation-HW/binary_container_1.build/link/sys_link/_sysl/.xsd
INFO: [CF2BD 82-28] cf_xsd finished successfully
INFO: [SYSTEM_LINK 82-37] [12:53:51] cf2bd finished successfully
Time (s): cpu = 00:00:03 ; elapsed = 00:00:03 . Memory (MB): peak = 1986.766 ; gain = 0.000 ; free physical = 113467 ; free virtual = 128443
INFO: [v++ 60-1441] [12:53:51] Run run_link: Step system_link: Completed
Time (s): cpu = 00:00:23 ; elapsed = 00:00:21 . Memory (MB): peak = 2006.004 ; gain = 0.000 ; free physical = 113520 ; free virtual = 128497
INFO: [v++ 60-1443] [12:53:51] Run run_link: Step cf2sw: Started
INFO: [v++ 60-1453] Command Line: cf2sw -sdsl /home/centos/workspace/project_fft_system_hw_link/Emulation-HW/binary_container_1.build/link/int/sdsl.dat -rtd /home/centos/workspace/project_fft_system_hw_link/Emulation-HW/binary_container_1.build/link/int/cf2sw.rtd -nofilter /home/centos/workspace/project_fft_system_hw_link/Emulation-HW/binary_container_1.build/link/int/cf2sw_full.rtd -xclbin /home/centos/workspace/project_fft_system_hw_link/Emulation-HW/binary_container_1.build/link/int/xclbin_orig.xml -o /home/centos/workspace/project_fft_system_hw_link/Emulation-HW/binary_container_1.build/link/int/xclbin_orig.1.xml
INFO: [v++ 60-1454] Run Directory: /home/centos/workspace/project_fft_system_hw_link/Emulation-HW/binary_container_1.build/link/run_link
INFO: [v++ 60-1441] [12:53:54] Run run_link: Step cf2sw: Completed
Time (s): cpu = 00:00:03 ; elapsed = 00:00:04 . Memory (MB): peak = 2006.004 ; gain = 0.000 ; free physical = 113517 ; free virtual = 128496
INFO: [v++ 60-1443] [12:53:54] Run run_link: Step rtd2_system_diagram: Started
INFO: [v++ 60-1453] Command Line: rtd2SystemDiagram
INFO: [v++ 60-1454] Run Directory: /home/centos/workspace/project_fft_system_hw_link/Emulation-HW/binary_container_1.build/link/run_link
INFO: [v++ 60-1441] [12:53:55] Run run_link: Step rtd2_system_diagram: Completed
Time (s): cpu = 00:00:00.01 ; elapsed = 00:00:00.54 . Memory (MB): peak = 2006.004 ; gain = 0.000 ; free physical = 113503 ; free virtual = 128482
INFO: [v++ 60-1443] [12:53:55] Run run_link: Step vpl: Started
INFO: [v++ 60-1453] Command Line: vpl -t hw_emu -f /home/centos/aws-fpga/Vitis/aws_platform/xilinx_aws-vu9p-f1_shell-v04261818_201920_2/xilinx_aws-vu9p-f1_shell-v04261818_201920_2.xpfm -g --remote_ip_cache /home/centos/workspace/project_fft_system_hw_link/Emulation-HW/.ipcache -s --output_dir /home/centos/workspace/project_fft_system_hw_link/Emulation-HW/binary_container_1.build/link/int --log_dir /home/centos/workspace/project_fft_system_hw_link/Emulation-HW/binary_container_1.build/logs/link --report_dir /home/centos/workspace/project_fft_system_hw_link/Emulation-HW/binary_container_1.build/reports/link --config /home/centos/workspace/project_fft_system_hw_link/Emulation-HW/binary_container_1.build/link/int/vplConfig.ini -k /home/centos/workspace/project_fft_system_hw_link/Emulation-HW/binary_container_1.build/link/int/kernel_info.dat --webtalk_flag Vitis --temp_dir /home/centos/workspace/project_fft_system_hw_link/Emulation-HW/binary_container_1.build/link --emulation_mode debug_waveform --no-info --iprepo /home/centos/workspace/project_fft_system_hw_link/Emulation-HW/binary_container_1.build/link/int/xo/ip_repo/xilinx_com_hls_fft2DKernel_1_0 --messageDb /home/centos/workspace/project_fft_system_hw_link/Emulation-HW/binary_container_1.build/link/run_link/vpl.pb /home/centos/workspace/project_fft_system_hw_link/Emulation-HW/binary_container_1.build/link/int/dr.bd.tcl
INFO: [v++ 60-1454] Run Directory: /home/centos/workspace/project_fft_system_hw_link/Emulation-HW/binary_container_1.build/link/run_link

****** vpl v2021.1 (64-bit)
  **** SW Build 3246112 on 2021-06-09-14:19:56
    ** Copyright 1986-2020 Xilinx, Inc. All Rights Reserved.

INFO: [VPL 60-839] Read in kernel information from file '/home/centos/workspace/project_fft_system_hw_link/Emulation-HW/binary_container_1.build/link/int/kernel_info.dat'.
WARNING: [VPL 60-642] Invalid or deprecated parameter name: compiler.lockFlowCritSlackThreshold
INFO: [VPL 74-78] Compiler Version string: 2021.1
INFO: [VPL 60-423]   Target device: xilinx_aws-vu9p-f1_shell-v04261818_201920_2
INFO: [VPL 60-1032] Extracting hardware platform to /home/centos/workspace/project_fft_system_hw_link/Emulation-HW/binary_container_1.build/link/vivado/vpl/.local/hw_platform
[12:54:15] Run vpl: Step create_project: Started
Creating Vivado project.
[12:54:17] Run vpl: Step create_project: Completed
[12:54:17] Run vpl: Step create_bd: Started
[12:54:39] Run vpl: Step create_bd: Completed
[12:54:39] Run vpl: Step update_bd: Started
[12:54:46] Run vpl: Step update_bd: Completed
[12:54:46] Run vpl: Step generate_target: Started
[12:56:01] Run vpl: Step generate_target: RUNNING...
[12:56:05] Run vpl: Step generate_target: Completed
[12:56:05] Run vpl: Step config_hw_emu.gen_scripts: Started
[12:56:32] Run vpl: Step config_hw_emu.gen_scripts: Completed
[12:56:32] Run vpl: Step config_hw_emu.compile: Started
[12:57:47] Run vpl: Step config_hw_emu.compile: RUNNING...
[12:58:00] Run vpl: Step config_hw_emu.compile: Completed
[12:58:00] Run vpl: Step config_hw_emu.elaborate: Started
[12:59:16] Run vpl: Step config_hw_emu.elaborate: RUNNING...
[12:59:17] Run vpl: Step config_hw_emu.elaborate: Completed
[12:59:18] Run vpl: FINISHED. Run Status: config_hw_emu.elaborate Complete!
INFO: [v++ 60-1441] [12:59:18] Run run_link: Step vpl: Completed
Time (s): cpu = 00:00:13 ; elapsed = 00:05:23 . Memory (MB): peak = 2006.004 ; gain = 0.000 ; free physical = 112203 ; free virtual = 128421
INFO: [v++ 60-1443] [12:59:18] Run run_link: Step rtdgen: Started
INFO: [v++ 60-1453] Command Line: rtdgen
INFO: [v++ 60-1454] Run Directory: /home/centos/workspace/project_fft_system_hw_link/Emulation-HW/binary_container_1.build/link/run_link
INFO: [v++ 60-991] clock name 'kernel2_clk/clk' (clock ID '1') is being mapped to clock name 'KERNEL_CLK' in the xclbin
INFO: [v++ 60-991] clock name 'kernel_clk/clk' (clock ID '0') is being mapped to clock name 'DATA_CLK' in the xclbin
INFO: [v++ 60-991] clock name 'clk_main_a0' (clock ID '') is being mapped to clock name 'clk_main_a0' in the xclbin
INFO: [v++ 60-1230] The compiler selected the following frequencies for the runtime controllable kernel clock(s) and scalable system clock(s): System (SYSTEM) clock: clk_main_a0 = 250, Kernel (KERNEL) clock: kernel2_clk/clk = 500, Kernel (DATA) clock: kernel_clk/clk = 300
INFO: [v++ 60-1453] Command Line: cf2sw -a /home/centos/workspace/project_fft_system_hw_link/Emulation-HW/binary_container_1.build/link/int/address_map.xml -sdsl /home/centos/workspace/project_fft_system_hw_link/Emulation-HW/binary_container_1.build/link/int/sdsl.dat -xclbin /home/centos/workspace/project_fft_system_hw_link/Emulation-HW/binary_container_1.build/link/int/xclbin_orig.xml -rtd /home/centos/workspace/project_fft_system_hw_link/Emulation-HW/binary_container_1.build/link/int/binary_container_1.rtd -o /home/centos/workspace/project_fft_system_hw_link/Emulation-HW/binary_container_1.build/link/int/binary_container_1.xml
INFO: [v++ 60-1652] Cf2sw returned exit code: 0
WARNING: [v++ 60-1455] Debuggable symbols are not generated successfully, clean up /home/centos/workspace/project_fft_system_hw_link/Emulation-HW/binary_container_1.build/link/int/consolidated.cf
INFO: [v++ 60-1441] [12:59:24] Run run_link: Step rtdgen: Completed
Time (s): cpu = 00:00:06 ; elapsed = 00:00:07 . Memory (MB): peak = 2006.004 ; gain = 0.000 ; free physical = 112173 ; free virtual = 128428
INFO: [v++ 60-1443] [12:59:24] Run run_link: Step xclbinutil: Started
INFO: [v++ 60-1453] Command Line: xclbinutil --add-section DEBUG_IP_LAYOUT:JSON:/home/centos/workspace/project_fft_system_hw_link/Emulation-HW/binary_container_1.build/link/int/debug_ip_layout.rtd --add-section BITSTREAM:RAW:/home/centos/workspace/project_fft_system_hw_link/Emulation-HW/binary_container_1.build/link/int/behav.xse --force --target hw_emu --key-value SYS:dfx_enable:false --add-section :JSON:/home/centos/workspace/project_fft_system_hw_link/Emulation-HW/binary_container_1.build/link/int/binary_container_1.rtd --append-section :JSON:/home/centos/workspace/project_fft_system_hw_link/Emulation-HW/binary_container_1.build/link/int/appendSection.rtd --add-section CLOCK_FREQ_TOPOLOGY:JSON:/home/centos/workspace/project_fft_system_hw_link/Emulation-HW/binary_container_1.build/link/int/binary_container_1_xml.rtd --add-section BUILD_METADATA:JSON:/home/centos/workspace/project_fft_system_hw_link/Emulation-HW/binary_container_1.build/link/int/binary_container_1_build.rtd --add-section EMBEDDED_METADATA:RAW:/home/centos/workspace/project_fft_system_hw_link/Emulation-HW/binary_container_1.build/link/int/binary_container_1.xml --add-section SYSTEM_METADATA:RAW:/home/centos/workspace/project_fft_system_hw_link/Emulation-HW/binary_container_1.build/link/int/systemDiagramModelSlrBaseAddress.json --key-value SYS:PlatformVBNV:xilinx_aws-vu9p-f1_shell-v04261818_201920_2 --output /home/centos/workspace/project_fft_system_hw_link/Emulation-HW/binary_container_1.xclbin
INFO: [v++ 60-1454] Run Directory: /home/centos/workspace/project_fft_system_hw_link/Emulation-HW/binary_container_1.build/link/run_link
XRT Build Version: 2.11.0 (heads/202110.2.11.634)
       Build Date: 2021-07-08 14:01:11
          Hash ID: 5ad5998d67080f00bca5bf15b3838cf35e0a7b26
Creating a default 'in-memory' xclbin image.

Section: 'DEBUG_IP_LAYOUT'(9) was successfully added.
Size   : 728 bytes
Format : JSON
File   : '/home/centos/workspace/project_fft_system_hw_link/Emulation-HW/binary_container_1.build/link/int/debug_ip_layout.rtd'

Section: 'BITSTREAM'(0) was successfully added.
Size   : 36046647 bytes
Format : RAW
File   : '/home/centos/workspace/project_fft_system_hw_link/Emulation-HW/binary_container_1.build/link/int/behav.xse'

Section: 'MEM_TOPOLOGY'(6) was successfully added.
Format : JSON
File   : 'mem_topology'

Section: 'IP_LAYOUT'(8) was successfully added.
Format : JSON
File   : 'ip_layout'

Section: 'CONNECTIVITY'(7) was successfully added.
Format : JSON
File   : 'connectivity'

Section: 'CLOCK_FREQ_TOPOLOGY'(11) was successfully added.
Size   : 410 bytes
Format : JSON
File   : '/home/centos/workspace/project_fft_system_hw_link/Emulation-HW/binary_container_1.build/link/int/binary_container_1_xml.rtd'

Section: 'BUILD_METADATA'(14) was successfully added.
Size   : 2540 bytes
Format : JSON
File   : '/home/centos/workspace/project_fft_system_hw_link/Emulation-HW/binary_container_1.build/link/int/binary_container_1_build.rtd'

Section: 'EMBEDDED_METADATA'(2) was successfully added.
Size   : 238119 bytes
Format : RAW
File   : '/home/centos/workspace/project_fft_system_hw_link/Emulation-HW/binary_container_1.build/link/int/binary_container_1.xml'

Section: 'SYSTEM_METADATA'(22) was successfully added.
Size   : 5518 bytes
Format : RAW
File   : '/home/centos/workspace/project_fft_system_hw_link/Emulation-HW/binary_container_1.build/link/int/systemDiagramModelSlrBaseAddress.json'

Section: 'PARTITION_METADATA'(20) was successfully appended to.
Format : JSON
File   : 'partition_metadata'
Successfully wrote (36304219 bytes) to the output file: /home/centos/workspace/project_fft_system_hw_link/Emulation-HW/binary_container_1.xclbin
Leaving xclbinutil.
INFO: [v++ 60-1441] [12:59:24] Run run_link: Step xclbinutil: Completed
Time (s): cpu = 00:00:00.05 ; elapsed = 00:00:00.14 . Memory (MB): peak = 2006.004 ; gain = 0.000 ; free physical = 112136 ; free virtual = 128425
INFO: [v++ 60-1443] [12:59:24] Run run_link: Step xclbinutilinfo: Started
INFO: [v++ 60-1453] Command Line: xclbinutil --quiet --force --info /home/centos/workspace/project_fft_system_hw_link/Emulation-HW/binary_container_1.xclbin.info --input /home/centos/workspace/project_fft_system_hw_link/Emulation-HW/binary_container_1.xclbin
INFO: [v++ 60-1454] Run Directory: /home/centos/workspace/project_fft_system_hw_link/Emulation-HW/binary_container_1.build/link/run_link
INFO: [v++ 60-1441] [12:59:25] Run run_link: Step xclbinutilinfo: Completed
Time (s): cpu = 00:00:00.43 ; elapsed = 00:00:00.50 . Memory (MB): peak = 2006.004 ; gain = 0.000 ; free physical = 112136 ; free virtual = 128426
INFO: [v++ 60-1443] [12:59:25] Run run_link: Step generate_sc_driver: Started
INFO: [v++ 60-1453] Command Line: 
INFO: [v++ 60-1454] Run Directory: /home/centos/workspace/project_fft_system_hw_link/Emulation-HW/binary_container_1.build/link/run_link
INFO: [v++ 60-1441] [12:59:25] Run run_link: Step generate_sc_driver: Completed
Time (s): cpu = 00:00:00 ; elapsed = 00:00:00 . Memory (MB): peak = 2006.004 ; gain = 0.000 ; free physical = 112136 ; free virtual = 128426
WARNING: [v++ 60-2336] Parameter compiler.enableSlrComputeUnitDrc was set to true, but no SLRs were specified via the command line.
INFO: [v++ 60-244] Generating system estimate report...
INFO: [v++ 60-1092] Generated system estimate report: /home/centos/workspace/project_fft_system_hw_link/Emulation-HW/binary_container_1.build/reports/link/system_estimate_binary_container_1.xtxt
INFO: [v++ 60-586] Created binary_container_1.xclbin
INFO: [v++ 60-1307] Run completed. Additional information can be found in:
	Steps Log File: /home/centos/workspace/project_fft_system_hw_link/Emulation-HW/binary_container_1.build/logs/link/link.steps.log

INFO: [v++ 60-2343] Use the vitis_analyzer tool to visualize and navigate the relevant reports. Run the following command. 
    vitis_analyzer /home/centos/workspace/project_fft_system_hw_link/Emulation-HW/binary_container_1.xclbin.link_summary 
INFO: [v++ 60-791] Total elapsed time: 0h 6m 14s
