Thu Jan 27 13:20:33 2022: Running xcd server. This server was built by gradle.
Thu Jan 27 13:20:33 2022: Server was asked to start on port: '46806'
Thu Jan 27 13:20:33 2022: Server is using token UUID: 'd2bd99a9-6587-4491-a7b3-1b9bf79734a3'
Thu Jan 27 13:20:33 2022: SESSION_MGR: creating session with session uuid: '6d04a3e9-ade5-4ab9-8d63-1f78fcd2ec76' and name 'default'
Thu Jan 27 13:20:33 2022: Attempting to start server on port '46806'
Thu Jan 27 13:20:33 2022: XCD main fifo: created main fifo '/tmp/xcdmaind2bd99a9-6587-4491-a7b3-1b9bf79734a3', fd read = 14
Thu Jan 27 13:20:33 2022: Running Dispatch Server
Thu Jan 27 13:20:33 2022: Version 2.2.0
Thu Jan 27 13:20:42 2022: Dispatch Server: Accepted socket connection from client
Thu Jan 27 13:20:42 2022: Starting Socket connection
Thu Jan 27 13:20:42 2022: EXCHANGE_TOKEN received, server token: d2bd99a9-6587-4491-a7b3-1b9bf79734a3, passed token: d2bd99a9-6587-4491-a7b3-1b9bf79734a3
Thu Jan 27 13:20:43 2022: DISPATCH_HANDLER: Adding handler from function makeHandler in library libxv_system_diagram
Thu Jan 27 13:20:43 2022: SESSION_MGR: creating session with session uuid: '82ca201c-7de8-4f50-ae81-1b38f8c7585e' and name 'fft2DKernel'
Thu Jan 27 13:20:43 2022: KERNEL_SVC: creating session with uuid: '82ca201c-7de8-4f50-ae81-1b38f8c7585e' and name 'fft2DKernel'
Thu Jan 27 13:20:43 2022: GUIDANCE_SMGR: creating guidance session with uuid: '82ca201c-7de8-4f50-ae81-1b38f8c7585e' and name 'fft2DKernel'
Thu Jan 27 13:20:43 2022: SYSTEM_DIAGRAM_SMGR: creating diagram session with uuid: '82ca201c-7de8-4f50-ae81-1b38f8c7585e' and name 'fft2DKernel'
Thu Jan 27 13:21:46 2022: SESSION_MGR: closing session for UUID '82ca201c-7de8-4f50-ae81-1b38f8c7585e' with name 'fft2DKernel'
Thu Jan 27 13:21:46 2022: KERNEL_SVC: closing session for UUID '82ca201c-7de8-4f50-ae81-1b38f8c7585e' with name 'fft2DKernel'
Thu Jan 27 13:21:46 2022: GUIDANCE_SMGR: closing session for UUID '82ca201c-7de8-4f50-ae81-1b38f8c7585e' with name 'fft2DKernel'
Thu Jan 27 13:21:46 2022: SYSTEM_DIAGRAM_SMGR: closing session for UUID '82ca201c-7de8-4f50-ae81-1b38f8c7585e' with name 'fft2DKernel'
