INFO: [v++ 60-1306] Additional information associated with this v++ compile can be found at:
	Reports: /home/centos/workspace/project_fft_kernels/Emulation-HW/build/reports/fft2DKernel
	Log files: /home/centos/workspace/project_fft_kernels/Emulation-HW/build/logs/fft2DKernel
INFO: [v++ 60-1548] Creating build summary session with primary output /home/centos/workspace/project_fft_kernels/Emulation-HW/build/fft2DKernel.xo.compile_summary, at Thu Jan 27 12:40:50 2022
INFO: [v++ 60-1316] Initiating connection to rulecheck server, at Thu Jan 27 12:40:50 2022
INFO: [v++ 60-895]   Target platform: /home/centos/aws-fpga/Vitis/aws_platform/xilinx_aws-vu9p-f1_shell-v04261818_201920_2/xilinx_aws-vu9p-f1_shell-v04261818_201920_2.xpfm
INFO: [v++ 60-1578]   This platform contains Xilinx Shell Archive '/home/centos/aws-fpga/Vitis/aws_platform/xilinx_aws-vu9p-f1_shell-v04261818_201920_2/hw/xilinx_aws-vu9p-f1_shell-v04261818_201920_2.xsa'
INFO: [v++ 74-78] Compiler Version string: 2021.1
INFO: [v++ 60-1302] Platform 'xilinx_aws-vu9p-f1_shell-v04261818_201920_2.xpfm' has been explicitly enabled for this release.
INFO: [v++ 60-585] Compiling for hardware emulation target
INFO: [v++ 60-423]   Target device: xilinx_aws-vu9p-f1_shell-v04261818_201920_2
INFO: [v++ 60-242] Creating kernel: 'fft2DKernel'

===>The following messages were generated while  performing high-level synthesis for kernel: fft2DKernel Log file: /home/centos/workspace/project_fft_kernels/Emulation-HW/build/fft2DKernel/fft2DKernel/vitis_hls.log :
INFO: [v++ 204-61] Pipelining loop 'VITIS_LOOP_43_1_VITIS_LOOP_44_2_VITIS_LOOP_45_3'.
INFO: [v++ 200-1470] Pipelining result : Target II = 1, Final II = 1, Depth = 74, loop 'VITIS_LOOP_43_1_VITIS_LOOP_44_2_VITIS_LOOP_45_3'
INFO: [v++ 204-61] Pipelining loop 'transpWideBlksInMatrix_writePIPO_VITIS_LOOP_77_2'.
INFO: [v++ 204-61] Pipelining loop 'transpWideBlksInMatrix_readPIPO_VITIS_LOOP_90_3'.
INFO: [v++ 200-1470] Pipelining result : Target II = 1, Final II = 1, Depth = 1, loop 'transpWideBlksInMatrix_writePIPO_VITIS_LOOP_77_2'
INFO: [v++ 200-1470] Pipelining result : Target II = 1, Final II = 1, Depth = 3, loop 'transpWideBlksInMatrix_readPIPO_VITIS_LOOP_90_3'
INFO: [v++ 204-61] Pipelining loop 'DEMUX_STREAMING_LOOP'.
INFO: [v++ 200-1470] Pipelining result : Target II = 1, Final II = 1, Depth = 2, loop 'DEMUX_STREAMING_LOOP'
INFO: [v++ 204-61] Pipelining loop 'wideToNarrowConverter_LOOP'.
INFO: [v++ 200-1470] Pipelining result : Target II = 1, Final II = 1, Depth = 2, loop 'wideToNarrowConverter_LOOP'
INFO: [v++ 204-61] Pipelining loop 'VITIS_LOOP_165_1'.
INFO: [v++ 200-1470] Pipelining result : Target II = 1, Final II = 1, Depth = 1, loop 'VITIS_LOOP_165_1'
INFO: [v++ 204-61] Pipelining loop 'VITIS_LOOP_3267_1_VITIS_LOOP_3268_2'.
INFO: [v++ 200-1470] Pipelining result : Target II = 1, Final II = 1, Depth = 2, loop 'VITIS_LOOP_3267_1_VITIS_LOOP_3268_2'
INFO: [v++ 204-61] Pipelining loop 'CONVERT_ARRAY_TO_STREAM_LOOP'.
INFO: [v++ 200-1470] Pipelining result : Target II = 1, Final II = 1, Depth = 1, loop 'CONVERT_ARRAY_TO_STREAM_LOOP'
INFO: [v++ 204-61] Pipelining loop 'VITIS_LOOP_231_1'.
INFO: [v++ 200-1470] Pipelining result : Target II = 1, Final II = 1, Depth = 3, loop 'VITIS_LOOP_231_1'
INFO: [v++ 204-61] Pipelining function 'twiddleFactorMulS2S<16, 4, 0, 0, complex<ap_fixed<18, 2, 5, 3, 0> >, complex<ap_fixed<25, 11, 5, 3, 0> >, complex<ap_fixed<25, 11, 5, 3, 0> > >'.
INFO: [v++ 200-1470] Pipelining result : Target II = 1, Final II = 1, Depth = 6, function 'twiddleFactorMulS2S<16, 4, 0, 0, complex<ap_fixed<18, 2, 5, 3, 0> >, complex<ap_fixed<25, 11, 5, 3, 0> >, complex<ap_fixed<25, 11, 5, 3, 0> > >'
INFO: [v++ 204-61] Pipelining loop 'L_BFLYs_LOOP'.
INFO: [v++ 200-1470] Pipelining result : Target II = 1, Final II = 1, Depth = 8, loop 'L_BFLYs_LOOP'
INFO: [v++ 204-61] Pipelining loop 'VITIS_LOOP_231_1'.
INFO: [v++ 200-1470] Pipelining result : Target II = 1, Final II = 1, Depth = 3, loop 'VITIS_LOOP_231_1'
INFO: [v++ 204-61] Pipelining loop 'L_FFTs_LOOP'.
INFO: [v++ 200-1470] Pipelining result : Target II = 1, Final II = 1, Depth = 2, loop 'L_FFTs_LOOP'
INFO: [v++ 204-61] Pipelining loop 'VITIS_LOOP_222_1'.
INFO: [v++ 200-1470] Pipelining result : Target II = 1, Final II = 1, Depth = 1, loop 'VITIS_LOOP_222_1'
INFO: [v++ 204-61] Pipelining loop 'cacheDataDR_LOverRLooP'.
INFO: [v++ 200-1470] Pipelining result : Target II = 1, Final II = 1, Depth = 3, loop 'cacheDataDR_LOverRLooP'
INFO: [v++ 204-61] Pipelining loop 'writeBackCacheDataDR_LOverRLoop'.
INFO: [v++ 200-1470] Pipelining result : Target II = 1, Final II = 1, Depth = 4, loop 'writeBackCacheDataDR_LOverRLoop'
INFO: [v++ 204-61] Pipelining loop 'VITIS_LOOP_3276_1_VITIS_LOOP_3277_2'.
INFO: [v++ 200-1470] Pipelining result : Target II = 1, Final II = 1, Depth = 2, loop 'VITIS_LOOP_3276_1_VITIS_LOOP_3277_2'
INFO: [v++ 204-61] Pipelining loop 'VITIS_LOOP_127_1'.
INFO: [v++ 200-1470] Pipelining result : Target II = 1, Final II = 1, Depth = 2, loop 'VITIS_LOOP_127_1'
INFO: [v++ 204-61] Pipelining loop 'narroToWideConverter_LOOP'.
INFO: [v++ 200-1470] Pipelining result : Target II = 1, Final II = 1, Depth = 3, loop 'narroToWideConverter_LOOP'
INFO: [v++ 204-61] Pipelining loop 'wideToNarrowConverter_LOOP'.
INFO: [v++ 200-1470] Pipelining result : Target II = 1, Final II = 1, Depth = 2, loop 'wideToNarrowConverter_LOOP'
INFO: [v++ 204-61] Pipelining loop 'VITIS_LOOP_165_1'.
INFO: [v++ 200-1470] Pipelining result : Target II = 1, Final II = 1, Depth = 1, loop 'VITIS_LOOP_165_1'
INFO: [v++ 204-61] Pipelining loop 'VITIS_LOOP_3267_1_VITIS_LOOP_3268_2'.
INFO: [v++ 200-1470] Pipelining result : Target II = 1, Final II = 1, Depth = 2, loop 'VITIS_LOOP_3267_1_VITIS_LOOP_3268_2'
INFO: [v++ 204-61] Pipelining loop 'CONVERT_ARRAY_TO_STREAM_LOOP'.
INFO: [v++ 200-1470] Pipelining result : Target II = 1, Final II = 1, Depth = 1, loop 'CONVERT_ARRAY_TO_STREAM_LOOP'
INFO: [v++ 204-61] Pipelining loop 'VITIS_LOOP_231_1'.
INFO: [v++ 200-1470] Pipelining result : Target II = 1, Final II = 1, Depth = 3, loop 'VITIS_LOOP_231_1'
INFO: [v++ 204-61] Pipelining loop 'L_BFLYs_LOOP'.
INFO: [v++ 200-1470] Pipelining result : Target II = 1, Final II = 1, Depth = 8, loop 'L_BFLYs_LOOP'
INFO: [v++ 204-61] Pipelining loop 'VITIS_LOOP_231_1'.
INFO: [v++ 200-1470] Pipelining result : Target II = 1, Final II = 1, Depth = 3, loop 'VITIS_LOOP_231_1'
INFO: [v++ 204-61] Pipelining loop 'L_FFTs_LOOP'.
INFO: [v++ 200-1470] Pipelining result : Target II = 1, Final II = 1, Depth = 2, loop 'L_FFTs_LOOP'
INFO: [v++ 204-61] Pipelining loop 'VITIS_LOOP_222_1'.
INFO: [v++ 200-1470] Pipelining result : Target II = 1, Final II = 1, Depth = 1, loop 'VITIS_LOOP_222_1'
INFO: [v++ 204-61] Pipelining loop 'VITIS_LOOP_3276_1_VITIS_LOOP_3277_2'.
INFO: [v++ 200-1470] Pipelining result : Target II = 1, Final II = 1, Depth = 2, loop 'VITIS_LOOP_3276_1_VITIS_LOOP_3277_2'
INFO: [v++ 204-61] Pipelining loop 'VITIS_LOOP_127_1'.
INFO: [v++ 200-1470] Pipelining result : Target II = 1, Final II = 1, Depth = 2, loop 'VITIS_LOOP_127_1'
INFO: [v++ 204-61] Pipelining loop 'narroToWideConverter_LOOP'.
INFO: [v++ 200-1470] Pipelining result : Target II = 1, Final II = 1, Depth = 3, loop 'narroToWideConverter_LOOP'
INFO: [v++ 204-61] Pipelining loop 'MUX_STREAMING_LOOP'.
INFO: [v++ 200-1470] Pipelining result : Target II = 1, Final II = 1, Depth = 2, loop 'MUX_STREAMING_LOOP'
INFO: [v++ 204-61] Pipelining loop 'invTranspWideBlksInMatrix_writePIPO_VITIS_LOOP_145_2'.
INFO: [v++ 204-61] Pipelining loop 'invTranspWideBlksInMatrix_readPIPO_VITIS_LOOP_155_3'.
INFO: [v++ 200-1470] Pipelining result : Target II = 1, Final II = 1, Depth = 1, loop 'invTranspWideBlksInMatrix_writePIPO_VITIS_LOOP_145_2'
INFO: [v++ 200-1470] Pipelining result : Target II = 1, Final II = 1, Depth = 3, loop 'invTranspWideBlksInMatrix_readPIPO_VITIS_LOOP_155_3'
INFO: [v++ 204-61] Pipelining loop 'transpMemBlocks_writePIPO_VITIS_LOOP_269_2'.
INFO: [v++ 204-61] Pipelining loop 'transpMemBlocks_readPIPO_VITIS_LOOP_280_4'.
INFO: [v++ 200-1470] Pipelining result : Target II = 1, Final II = 1, Depth = 2, loop 'transpMemBlocks_writePIPO_VITIS_LOOP_269_2'
INFO: [v++ 200-1470] Pipelining result : Target II = 1, Final II = 1, Depth = 4, loop 'transpMemBlocks_readPIPO_VITIS_LOOP_280_4'
INFO: [v++ 204-61] Pipelining loop 'transpWideBlksInMatrix_writePIPO_VITIS_LOOP_77_2'.
INFO: [v++ 204-61] Pipelining loop 'transpWideBlksInMatrix_readPIPO_VITIS_LOOP_90_3'.
INFO: [v++ 200-1470] Pipelining result : Target II = 1, Final II = 1, Depth = 1, loop 'transpWideBlksInMatrix_writePIPO_VITIS_LOOP_77_2'
INFO: [v++ 200-1470] Pipelining result : Target II = 1, Final II = 1, Depth = 3, loop 'transpWideBlksInMatrix_readPIPO_VITIS_LOOP_90_3'
INFO: [v++ 204-61] Pipelining loop 'DEMUX_STREAMING_LOOP'.
INFO: [v++ 200-1470] Pipelining result : Target II = 1, Final II = 1, Depth = 2, loop 'DEMUX_STREAMING_LOOP'
INFO: [v++ 204-61] Pipelining loop 'wideToNarrowConverter_LOOP'.
INFO: [v++ 200-1470] Pipelining result : Target II = 1, Final II = 1, Depth = 2, loop 'wideToNarrowConverter_LOOP'
INFO: [v++ 204-61] Pipelining loop 'VITIS_LOOP_165_1'.
INFO: [v++ 200-1470] Pipelining result : Target II = 1, Final II = 1, Depth = 1, loop 'VITIS_LOOP_165_1'
INFO: [v++ 204-61] Pipelining loop 'VITIS_LOOP_3267_1_VITIS_LOOP_3268_2'.
INFO: [v++ 200-1470] Pipelining result : Target II = 1, Final II = 1, Depth = 2, loop 'VITIS_LOOP_3267_1_VITIS_LOOP_3268_2'
INFO: [v++ 204-61] Pipelining loop 'CONVERT_ARRAY_TO_STREAM_LOOP'.
INFO: [v++ 200-1470] Pipelining result : Target II = 1, Final II = 1, Depth = 1, loop 'CONVERT_ARRAY_TO_STREAM_LOOP'
INFO: [v++ 204-61] Pipelining loop 'VITIS_LOOP_231_1'.
INFO: [v++ 200-1470] Pipelining result : Target II = 1, Final II = 1, Depth = 3, loop 'VITIS_LOOP_231_1'
INFO: [v++ 204-61] Pipelining function 'twiddleFactorMulS2S<16, 4, 0, 0, complex<ap_fixed<18, 2, 5, 3, 0> >, complex<ap_fixed<30, 16, 5, 3, 0> >, complex<ap_fixed<30, 16, 5, 3, 0> > >'.
INFO: [v++ 200-1470] Pipelining result : Target II = 1, Final II = 1, Depth = 5, function 'twiddleFactorMulS2S<16, 4, 0, 0, complex<ap_fixed<18, 2, 5, 3, 0> >, complex<ap_fixed<30, 16, 5, 3, 0> >, complex<ap_fixed<30, 16, 5, 3, 0> > >'
INFO: [v++ 204-61] Pipelining loop 'L_BFLYs_LOOP'.
INFO: [v++ 200-1470] Pipelining result : Target II = 1, Final II = 1, Depth = 7, loop 'L_BFLYs_LOOP'
INFO: [v++ 204-61] Pipelining loop 'VITIS_LOOP_231_1'.
INFO: [v++ 200-1470] Pipelining result : Target II = 1, Final II = 1, Depth = 3, loop 'VITIS_LOOP_231_1'
INFO: [v++ 204-61] Pipelining loop 'L_FFTs_LOOP'.
INFO: [v++ 200-1470] Pipelining result : Target II = 1, Final II = 1, Depth = 2, loop 'L_FFTs_LOOP'
INFO: [v++ 204-61] Pipelining loop 'VITIS_LOOP_222_1'.
INFO: [v++ 200-1470] Pipelining result : Target II = 1, Final II = 1, Depth = 1, loop 'VITIS_LOOP_222_1'
INFO: [v++ 204-61] Pipelining loop 'cacheDataDR_LOverRLooP'.
INFO: [v++ 200-1470] Pipelining result : Target II = 1, Final II = 1, Depth = 3, loop 'cacheDataDR_LOverRLooP'
INFO: [v++ 204-61] Pipelining loop 'writeBackCacheDataDR_LOverRLoop'.
INFO: [v++ 200-1470] Pipelining result : Target II = 1, Final II = 1, Depth = 4, loop 'writeBackCacheDataDR_LOverRLoop'
INFO: [v++ 204-61] Pipelining loop 'VITIS_LOOP_3276_1_VITIS_LOOP_3277_2'.
INFO: [v++ 200-1470] Pipelining result : Target II = 1, Final II = 1, Depth = 2, loop 'VITIS_LOOP_3276_1_VITIS_LOOP_3277_2'
INFO: [v++ 204-61] Pipelining loop 'VITIS_LOOP_127_1'.
INFO: [v++ 200-1470] Pipelining result : Target II = 1, Final II = 1, Depth = 2, loop 'VITIS_LOOP_127_1'
INFO: [v++ 204-61] Pipelining loop 'narroToWideConverter_LOOP'.
INFO: [v++ 200-1470] Pipelining result : Target II = 1, Final II = 1, Depth = 3, loop 'narroToWideConverter_LOOP'
INFO: [v++ 204-61] Pipelining loop 'wideToNarrowConverter_LOOP'.
INFO: [v++ 200-1470] Pipelining result : Target II = 1, Final II = 1, Depth = 2, loop 'wideToNarrowConverter_LOOP'
INFO: [v++ 204-61] Pipelining loop 'VITIS_LOOP_165_1'.
INFO: [v++ 200-1470] Pipelining result : Target II = 1, Final II = 1, Depth = 1, loop 'VITIS_LOOP_165_1'
INFO: [v++ 204-61] Pipelining loop 'VITIS_LOOP_3267_1_VITIS_LOOP_3268_2'.
INFO: [v++ 200-1470] Pipelining result : Target II = 1, Final II = 1, Depth = 2, loop 'VITIS_LOOP_3267_1_VITIS_LOOP_3268_2'
INFO: [v++ 204-61] Pipelining loop 'CONVERT_ARRAY_TO_STREAM_LOOP'.
INFO: [v++ 200-1470] Pipelining result : Target II = 1, Final II = 1, Depth = 1, loop 'CONVERT_ARRAY_TO_STREAM_LOOP'
INFO: [v++ 204-61] Pipelining loop 'VITIS_LOOP_231_1'.
INFO: [v++ 200-1470] Pipelining result : Target II = 1, Final II = 1, Depth = 3, loop 'VITIS_LOOP_231_1'
INFO: [v++ 204-61] Pipelining loop 'L_BFLYs_LOOP'.
INFO: [v++ 200-1470] Pipelining result : Target II = 1, Final II = 1, Depth = 7, loop 'L_BFLYs_LOOP'
INFO: [v++ 204-61] Pipelining loop 'VITIS_LOOP_231_1'.
INFO: [v++ 200-1470] Pipelining result : Target II = 1, Final II = 1, Depth = 3, loop 'VITIS_LOOP_231_1'
INFO: [v++ 204-61] Pipelining loop 'L_FFTs_LOOP'.
INFO: [v++ 200-1470] Pipelining result : Target II = 1, Final II = 1, Depth = 2, loop 'L_FFTs_LOOP'
INFO: [v++ 204-61] Pipelining loop 'VITIS_LOOP_222_1'.
INFO: [v++ 200-1470] Pipelining result : Target II = 1, Final II = 1, Depth = 1, loop 'VITIS_LOOP_222_1'
INFO: [v++ 204-61] Pipelining loop 'VITIS_LOOP_3276_1_VITIS_LOOP_3277_2'.
INFO: [v++ 200-1470] Pipelining result : Target II = 1, Final II = 1, Depth = 2, loop 'VITIS_LOOP_3276_1_VITIS_LOOP_3277_2'
INFO: [v++ 204-61] Pipelining loop 'VITIS_LOOP_127_1'.
INFO: [v++ 200-1470] Pipelining result : Target II = 1, Final II = 1, Depth = 2, loop 'VITIS_LOOP_127_1'
INFO: [v++ 204-61] Pipelining loop 'narroToWideConverter_LOOP'.
INFO: [v++ 200-1470] Pipelining result : Target II = 1, Final II = 1, Depth = 3, loop 'narroToWideConverter_LOOP'
INFO: [v++ 204-61] Pipelining loop 'MUX_STREAMING_LOOP'.
INFO: [v++ 200-1470] Pipelining result : Target II = 1, Final II = 1, Depth = 2, loop 'MUX_STREAMING_LOOP'
INFO: [v++ 204-61] Pipelining loop 'invTranspWideBlksInMatrix_writePIPO_VITIS_LOOP_145_2'.
INFO: [v++ 204-61] Pipelining loop 'invTranspWideBlksInMatrix_readPIPO_VITIS_LOOP_155_3'.
INFO: [v++ 200-1470] Pipelining result : Target II = 1, Final II = 1, Depth = 1, loop 'invTranspWideBlksInMatrix_writePIPO_VITIS_LOOP_145_2'
INFO: [v++ 200-1470] Pipelining result : Target II = 1, Final II = 1, Depth = 3, loop 'invTranspWideBlksInMatrix_readPIPO_VITIS_LOOP_155_3'
INFO: [v++ 204-61] Pipelining loop 'transpMemBlocks_writePIPO_VITIS_LOOP_269_2'.
INFO: [v++ 204-61] Pipelining loop 'transpMemBlocks_readPIPO_VITIS_LOOP_280_4'.
INFO: [v++ 200-1470] Pipelining result : Target II = 1, Final II = 1, Depth = 2, loop 'transpMemBlocks_writePIPO_VITIS_LOOP_269_2'
INFO: [v++ 200-1470] Pipelining result : Target II = 1, Final II = 1, Depth = 4, loop 'transpMemBlocks_readPIPO_VITIS_LOOP_280_4'
INFO: [v++ 204-61] Pipelining loop 'VITIS_LOOP_74_1_VITIS_LOOP_75_2_VITIS_LOOP_76_3'.
INFO: [v++ 200-1470] Pipelining result : Target II = 1, Final II = 1, Depth = 72, loop 'VITIS_LOOP_74_1_VITIS_LOOP_75_2_VITIS_LOOP_76_3'
INFO: [v++ 200-789] **** Estimated Fmax: 324.00 MHz
INFO: [v++ 60-594] Finished kernel compilation
INFO: [v++ 60-244] Generating system estimate report...
INFO: [v++ 60-1092] Generated system estimate report: /home/centos/workspace/project_fft_kernels/Emulation-HW/build/reports/fft2DKernel/system_estimate_fft2DKernel.xtxt
INFO: [v++ 60-586] Created build/fft2DKernel.xo
INFO: [v++ 60-2343] Use the vitis_analyzer tool to visualize and navigate the relevant reports. Run the following command. 
    vitis_analyzer /home/centos/workspace/project_fft_kernels/Emulation-HW/build/fft2DKernel.xo.compile_summary 
INFO: [v++ 60-791] Total elapsed time: 0h 12m 27s
INFO: [v++ 60-1653] Closing dispatch client.
