

================================================================
== Vitis HLS Report for 'convertSuperStreamToArrayNScale_1_0_50000_16_4_complex_ap_fixed_27_13_5_3_0_complex_ap_fixed_27_13_5_3_0_78'
================================================================
* Date:           Thu Jan 27 12:46:15 2022

* Version:        2021.1 (Build 3247384 on Thu Jun 10 19:36:07 MDT 2021)
* Project:        fft2DKernel
* Solution:       solution (Vitis Kernel Flow Target)
* Product family: virtexuplus
* Target device:  xcvu9p-flgb2104-2-i


================================================================
== Performance Estimates
================================================================
+ Timing: 
    * Summary: 
    +--------+---------+----------+------------+
    |  Clock |  Target | Estimated| Uncertainty|
    +--------+---------+----------+------------+
    |ap_clk  |  4.00 ns|  2.525 ns|     1.08 ns|
    +--------+---------+----------+------------+

+ Latency: 
    * Summary: 
    +---------+---------+-----------+-----------+-----+-----+---------+
    |  Latency (cycles) |   Latency (absolute)  |  Interval | Pipeline|
    |   min   |   max   |    min    |    max    | min | max |   Type  |
    +---------+---------+-----------+-----------+-----+-----+---------+
    |        3|        4|  12.000 ns|  16.000 ns|    3|    4|       no|
    +---------+---------+-----------+-----------+-----+-----+---------+

    + Detail: 
        * Instance: 
        N/A

        * Loop: 
        +--------------------+---------+---------+----------+-----------+-----------+------+----------+
        |                    |  Latency (cycles) | Iteration|  Initiation Interval  | Trip |          |
        |      Loop Name     |   min   |   max   |  Latency |  achieved |   target  | Count| Pipelined|
        +--------------------+---------+---------+----------+-----------+-----------+------+----------+
        |- VITIS_LOOP_222_1  |        3|        3|         1|          1|          1|     4|       yes|
        +--------------------+---------+---------+----------+-----------+-----------+------+----------+



================================================================
== Utilization Estimates
================================================================
* Summary: 
+---------------------+---------+------+---------+---------+-----+
|         Name        | BRAM_18K|  DSP |    FF   |   LUT   | URAM|
+---------------------+---------+------+---------+---------+-----+
|DSP                  |        -|     -|        -|        -|    -|
|Expression           |        -|     -|        0|       37|    -|
|FIFO                 |        -|     -|        -|        -|    -|
|Instance             |        -|     -|        -|        -|    -|
|Memory               |        -|     -|        -|        -|    -|
|Multiplexer          |        -|     -|        -|      122|    -|
|Register             |        -|     -|        6|        -|    -|
+---------------------+---------+------+---------+---------+-----+
|Total                |        0|     0|        6|      159|    0|
+---------------------+---------+------+---------+---------+-----+
|Available SLR        |     1440|  2280|   788160|   394080|  320|
+---------------------+---------+------+---------+---------+-----+
|Utilization SLR (%)  |        0|     0|       ~0|       ~0|    0|
+---------------------+---------+------+---------+---------+-----+
|Available            |     4320|  6840|  2364480|  1182240|  960|
+---------------------+---------+------+---------+---------+-----+
|Utilization (%)      |        0|     0|       ~0|       ~0|    0|
+---------------------+---------+------+---------+---------+-----+

+ Detail: 
    * Instance: 
    N/A

    * DSP: 
    N/A

    * Memory: 
    N/A

    * FIFO: 
    N/A

    * Expression: 
    +--------------------------+----------+----+---+----+------------+------------+
    |       Variable Name      | Operation| DSP| FF| LUT| Bitwidth P0| Bitwidth P1|
    +--------------------------+----------+----+---+----+------------+------------+
    |i_fu_255_p2               |         +|   0|  0|   9|           2|           1|
    |ap_ext_blocking_n         |       and|   0|  0|   2|           2|           2|
    |ap_int_blocking_cur_n     |       and|   0|  0|   2|           1|           1|
    |ap_int_blocking_n         |       and|   0|  0|   2|           1|           2|
    |ap_str_blocking_n         |       and|   0|  0|   2|           2|           2|
    |io_acc_block_signal_op32  |       and|   0|  0|   2|           1|           1|
    |io_acc_block_signal_op33  |       and|   0|  0|   2|           1|           1|
    |io_acc_block_signal_op34  |       and|   0|  0|   2|           1|           1|
    |io_acc_block_signal_op35  |       and|   0|  0|   2|           1|           1|
    |icmp_ln222_fu_261_p2      |      icmp|   0|  0|   8|           2|           2|
    |ap_block_state1           |        or|   0|  0|   2|           1|           1|
    |ap_block_state2           |        or|   0|  0|   2|           1|           1|
    +--------------------------+----------+----+---+----+------------+------------+
    |Total                     |          |   0|  0|  37|          16|          16|
    +--------------------------+----------+----+---+----+------------+------------+

    * Multiplexer: 
    +---------------------------------+----+-----------+-----+-----------+
    |               Name              | LUT| Input Size| Bits| Total Bits|
    +---------------------------------+----+-----------+-----+-----------+
    |ap_NS_fsm                        |  14|          3|    1|          3|
    |ap_done                          |   9|          2|    1|          2|
    |fftOutData_local_blk_n           |   9|          2|    1|          2|
    |i1_reg_159                       |   9|          2|    2|          4|
    |p_outDataArray_0_0_0_0_01_blk_n  |   9|          2|    1|          2|
    |p_outDataArray_0_0_0_0_02_blk_n  |   9|          2|    1|          2|
    |p_outDataArray_0_0_0_0_03_blk_n  |   9|          2|    1|          2|
    |p_outDataArray_0_0_0_0_0_blk_n   |   9|          2|    1|          2|
    |p_outDataArray_0_1_0_0_04_blk_n  |   9|          2|    1|          2|
    |p_outDataArray_0_1_0_0_05_blk_n  |   9|          2|    1|          2|
    |p_outDataArray_0_1_0_0_06_blk_n  |   9|          2|    1|          2|
    |p_outDataArray_0_1_0_0_0_blk_n   |   9|          2|    1|          2|
    |real_start                       |   9|          2|    1|          2|
    +---------------------------------+----+-----------+-----+-----------+
    |Total                            | 122|         27|   14|         29|
    +---------------------------------+----+-----------+-----+-----------+

    * Register: 
    +----------------+---+----+-----+-----------+
    |      Name      | FF| LUT| Bits| Const Bits|
    +----------------+---+----+-----+-----------+
    |ap_CS_fsm       |  2|   0|    2|          0|
    |ap_done_reg     |  1|   0|    1|          0|
    |i1_reg_159      |  2|   0|    2|          0|
    |start_once_reg  |  1|   0|    1|          0|
    +----------------+---+----+-----+-----------+
    |Total           |  6|   0|    6|          0|
    +----------------+---+----+-----+-----------+



================================================================
== Interface
================================================================
* Summary: 
+----------------------------------+-----+-----+------------+----------------------------------------------------------------------------------------------------------------------------------+--------------+
|             RTL Ports            | Dir | Bits|  Protocol  |                                                           Source Object                                                          |    C Type    |
+----------------------------------+-----+-----+------------+----------------------------------------------------------------------------------------------------------------------------------+--------------+
|ap_clk                            |   in|    1|  ap_ctrl_hs|  convertSuperStreamToArrayNScale<1, 0, 50000, 16, 4, complex<ap_fixed<27, 13, 5, 3, 0> >, complex<ap_fixed<27, 13, 5, 3, 0> > >78|  return value|
|ap_rst                            |   in|    1|  ap_ctrl_hs|  convertSuperStreamToArrayNScale<1, 0, 50000, 16, 4, complex<ap_fixed<27, 13, 5, 3, 0> >, complex<ap_fixed<27, 13, 5, 3, 0> > >78|  return value|
|ap_start                          |   in|    1|  ap_ctrl_hs|  convertSuperStreamToArrayNScale<1, 0, 50000, 16, 4, complex<ap_fixed<27, 13, 5, 3, 0> >, complex<ap_fixed<27, 13, 5, 3, 0> > >78|  return value|
|start_full_n                      |   in|    1|  ap_ctrl_hs|  convertSuperStreamToArrayNScale<1, 0, 50000, 16, 4, complex<ap_fixed<27, 13, 5, 3, 0> >, complex<ap_fixed<27, 13, 5, 3, 0> > >78|  return value|
|ap_done                           |  out|    1|  ap_ctrl_hs|  convertSuperStreamToArrayNScale<1, 0, 50000, 16, 4, complex<ap_fixed<27, 13, 5, 3, 0> >, complex<ap_fixed<27, 13, 5, 3, 0> > >78|  return value|
|ap_continue                       |   in|    1|  ap_ctrl_hs|  convertSuperStreamToArrayNScale<1, 0, 50000, 16, 4, complex<ap_fixed<27, 13, 5, 3, 0> >, complex<ap_fixed<27, 13, 5, 3, 0> > >78|  return value|
|ap_idle                           |  out|    1|  ap_ctrl_hs|  convertSuperStreamToArrayNScale<1, 0, 50000, 16, 4, complex<ap_fixed<27, 13, 5, 3, 0> >, complex<ap_fixed<27, 13, 5, 3, 0> > >78|  return value|
|ap_ready                          |  out|    1|  ap_ctrl_hs|  convertSuperStreamToArrayNScale<1, 0, 50000, 16, 4, complex<ap_fixed<27, 13, 5, 3, 0> >, complex<ap_fixed<27, 13, 5, 3, 0> > >78|  return value|
|start_out                         |  out|    1|  ap_ctrl_hs|  convertSuperStreamToArrayNScale<1, 0, 50000, 16, 4, complex<ap_fixed<27, 13, 5, 3, 0> >, complex<ap_fixed<27, 13, 5, 3, 0> > >78|  return value|
|start_write                       |  out|    1|  ap_ctrl_hs|  convertSuperStreamToArrayNScale<1, 0, 50000, 16, 4, complex<ap_fixed<27, 13, 5, 3, 0> >, complex<ap_fixed<27, 13, 5, 3, 0> > >78|  return value|
|ap_ext_blocking_n                 |  out|    1|  ap_ctrl_hs|  convertSuperStreamToArrayNScale<1, 0, 50000, 16, 4, complex<ap_fixed<27, 13, 5, 3, 0> >, complex<ap_fixed<27, 13, 5, 3, 0> > >78|  return value|
|ap_str_blocking_n                 |  out|    1|  ap_ctrl_hs|  convertSuperStreamToArrayNScale<1, 0, 50000, 16, 4, complex<ap_fixed<27, 13, 5, 3, 0> >, complex<ap_fixed<27, 13, 5, 3, 0> > >78|  return value|
|ap_int_blocking_n                 |  out|    1|  ap_ctrl_hs|  convertSuperStreamToArrayNScale<1, 0, 50000, 16, 4, complex<ap_fixed<27, 13, 5, 3, 0> >, complex<ap_fixed<27, 13, 5, 3, 0> > >78|  return value|
|fftOutData_local_dout             |   in|  256|     ap_fifo|                                                                                                                  fftOutData_local|       pointer|
|fftOutData_local_empty_n          |   in|    1|     ap_fifo|                                                                                                                  fftOutData_local|       pointer|
|fftOutData_local_read             |  out|    1|     ap_fifo|                                                                                                                  fftOutData_local|       pointer|
|p_outDataArray_0_0_0_0_0_din      |  out|   27|     ap_fifo|                                                                                                          p_outDataArray_0_0_0_0_0|       pointer|
|p_outDataArray_0_0_0_0_0_full_n   |   in|    1|     ap_fifo|                                                                                                          p_outDataArray_0_0_0_0_0|       pointer|
|p_outDataArray_0_0_0_0_0_write    |  out|    1|     ap_fifo|                                                                                                          p_outDataArray_0_0_0_0_0|       pointer|
|p_outDataArray_0_0_0_0_01_din     |  out|   27|     ap_fifo|                                                                                                         p_outDataArray_0_0_0_0_01|       pointer|
|p_outDataArray_0_0_0_0_01_full_n  |   in|    1|     ap_fifo|                                                                                                         p_outDataArray_0_0_0_0_01|       pointer|
|p_outDataArray_0_0_0_0_01_write   |  out|    1|     ap_fifo|                                                                                                         p_outDataArray_0_0_0_0_01|       pointer|
|p_outDataArray_0_0_0_0_02_din     |  out|   27|     ap_fifo|                                                                                                         p_outDataArray_0_0_0_0_02|       pointer|
|p_outDataArray_0_0_0_0_02_full_n  |   in|    1|     ap_fifo|                                                                                                         p_outDataArray_0_0_0_0_02|       pointer|
|p_outDataArray_0_0_0_0_02_write   |  out|    1|     ap_fifo|                                                                                                         p_outDataArray_0_0_0_0_02|       pointer|
|p_outDataArray_0_0_0_0_03_din     |  out|   27|     ap_fifo|                                                                                                         p_outDataArray_0_0_0_0_03|       pointer|
|p_outDataArray_0_0_0_0_03_full_n  |   in|    1|     ap_fifo|                                                                                                         p_outDataArray_0_0_0_0_03|       pointer|
|p_outDataArray_0_0_0_0_03_write   |  out|    1|     ap_fifo|                                                                                                         p_outDataArray_0_0_0_0_03|       pointer|
|p_outDataArray_0_1_0_0_0_din      |  out|   27|     ap_fifo|                                                                                                          p_outDataArray_0_1_0_0_0|       pointer|
|p_outDataArray_0_1_0_0_0_full_n   |   in|    1|     ap_fifo|                                                                                                          p_outDataArray_0_1_0_0_0|       pointer|
|p_outDataArray_0_1_0_0_0_write    |  out|    1|     ap_fifo|                                                                                                          p_outDataArray_0_1_0_0_0|       pointer|
|p_outDataArray_0_1_0_0_04_din     |  out|   27|     ap_fifo|                                                                                                         p_outDataArray_0_1_0_0_04|       pointer|
|p_outDataArray_0_1_0_0_04_full_n  |   in|    1|     ap_fifo|                                                                                                         p_outDataArray_0_1_0_0_04|       pointer|
|p_outDataArray_0_1_0_0_04_write   |  out|    1|     ap_fifo|                                                                                                         p_outDataArray_0_1_0_0_04|       pointer|
|p_outDataArray_0_1_0_0_05_din     |  out|   27|     ap_fifo|                                                                                                         p_outDataArray_0_1_0_0_05|       pointer|
|p_outDataArray_0_1_0_0_05_full_n  |   in|    1|     ap_fifo|                                                                                                         p_outDataArray_0_1_0_0_05|       pointer|
|p_outDataArray_0_1_0_0_05_write   |  out|    1|     ap_fifo|                                                                                                         p_outDataArray_0_1_0_0_05|       pointer|
|p_outDataArray_0_1_0_0_06_din     |  out|   27|     ap_fifo|                                                                                                         p_outDataArray_0_1_0_0_06|       pointer|
|p_outDataArray_0_1_0_0_06_full_n  |   in|    1|     ap_fifo|                                                                                                         p_outDataArray_0_1_0_0_06|       pointer|
|p_outDataArray_0_1_0_0_06_write   |  out|    1|     ap_fifo|                                                                                                         p_outDataArray_0_1_0_0_06|       pointer|
+----------------------------------+-----+-----+------------+----------------------------------------------------------------------------------------------------------------------------------+--------------+

