

================================================================
== Vitis HLS Report for 'demuxWideStreaming_2u_16u_16u_8u_complex_ap_fixed_22_8_5_3_0_s'
================================================================
* Date:           Thu Jan 27 12:46:06 2022

* Version:        2021.1 (Build 3247384 on Thu Jun 10 19:36:07 MDT 2021)
* Project:        fft2DKernel
* Solution:       solution (Vitis Kernel Flow Target)
* Product family: virtexuplus
* Target device:  xcvu9p-flgb2104-2-i


================================================================
== Performance Estimates
================================================================
+ Timing: 
    * Summary: 
    +--------+---------+----------+------------+
    |  Clock |  Target | Estimated| Uncertainty|
    +--------+---------+----------+------------+
    |ap_clk  |  4.00 ns|  1.322 ns|     1.08 ns|
    +--------+---------+----------+------------+

+ Latency: 
    * Summary: 
    +---------+---------+----------+----------+-----+-----+------------------------------------------+
    |  Latency (cycles) |  Latency (absolute) |  Interval |                 Pipeline                 |
    |   min   |   max   |    min   |    max   | min | max |                   Type                   |
    +---------+---------+----------+----------+-----+-----+------------------------------------------+
    |       32|       33|  0.128 us|  0.132 us|   32|   32|  loop rewind stp(delay=0 clock cycles(s))|
    +---------+---------+----------+----------+-----+-----+------------------------------------------+

    + Detail: 
        * Instance: 
        N/A

        * Loop: 
        +------------------------+---------+---------+----------+-----------+-----------+------+----------+
        |                        |  Latency (cycles) | Iteration|  Initiation Interval  | Trip |          |
        |        Loop Name       |   min   |   max   |  Latency |  achieved |   target  | Count| Pipelined|
        +------------------------+---------+---------+----------+-----------+-----------+------+----------+
        |- DEMUX_STREAMING_LOOP  |       32|       32|         2|          1|          1|    32|       yes|
        +------------------------+---------+---------+----------+-----------+-----------+------+----------+



================================================================
== Utilization Estimates
================================================================
* Summary: 
+---------------------+---------+------+---------+---------+-----+
|         Name        | BRAM_18K|  DSP |    FF   |   LUT   | URAM|
+---------------------+---------+------+---------+---------+-----+
|DSP                  |        -|     -|        -|        -|    -|
|Expression           |        -|     -|        0|       45|    -|
|FIFO                 |        -|     -|        -|        -|    -|
|Instance             |        -|     -|        -|        -|    -|
|Memory               |        -|     -|        -|        -|    -|
|Multiplexer          |        -|     -|        -|      384|    -|
|Register             |        -|     -|      370|        -|    -|
+---------------------+---------+------+---------+---------+-----+
|Total                |        0|     0|      370|      429|    0|
+---------------------+---------+------+---------+---------+-----+
|Available SLR        |     1440|  2280|   788160|   394080|  320|
+---------------------+---------+------+---------+---------+-----+
|Utilization SLR (%)  |        0|     0|       ~0|       ~0|    0|
+---------------------+---------+------+---------+---------+-----+
|Available            |     4320|  6840|  2364480|  1182240|  960|
+---------------------+---------+------+---------+---------+-----+
|Utilization (%)      |        0|     0|       ~0|       ~0|    0|
+---------------------+---------+------+---------+---------+-----+

+ Detail: 
    * Instance: 
    N/A

    * DSP: 
    N/A

    * Memory: 
    N/A

    * FIFO: 
    N/A

    * Expression: 
    +----------------------------------+----------+----+---+----+------------+------------+
    |           Variable Name          | Operation| DSP| FF| LUT| Bitwidth P0| Bitwidth P1|
    +----------------------------------+----------+----+---+----+------------+------------+
    |iter_fu_486_p2                    |         +|   0|  0|  12|           5|           1|
    |ap_condition_217                  |       and|   0|  0|   2|           1|           1|
    |ap_ext_blocking_n                 |       and|   0|  0|   2|           2|           2|
    |ap_int_blocking_cur_n             |       and|   0|  0|   2|           1|           1|
    |ap_int_blocking_n                 |       and|   0|  0|   2|           1|           2|
    |ap_str_blocking_n                 |       and|   0|  0|   2|           2|           2|
    |io_acc_block_signal_op72          |       and|   0|  0|   2|           1|           1|
    |io_acc_block_signal_op74          |       and|   0|  0|   2|           1|           1|
    |icmp_ln52_fu_498_p2               |      icmp|   0|  0|   9|           5|           2|
    |ap_block_pp0_stage0_01001         |        or|   0|  0|   2|           1|           1|
    |ap_block_state1                   |        or|   0|  0|   2|           1|           1|
    |ap_block_state3_pp0_stage0_iter1  |        or|   0|  0|   2|           1|           1|
    |ap_enable_pp0                     |       xor|   0|  0|   2|           1|           2|
    |outStreamPtr_fu_492_p2            |       xor|   0|  0|   2|           1|           2|
    +----------------------------------+----------+----+---+----+------------+------------+
    |Total                             |          |   0|  0|  45|          24|          20|
    +----------------------------------+----------+----+---+----+------------+------------+

    * Multiplexer: 
    +----------------------------------------+----+-----------+-----+-----------+
    |                  Name                  | LUT| Input Size| Bits| Total Bits|
    +----------------------------------------+----+-----------+-----+-----------+
    |ap_NS_fsm                               |  14|          3|    1|          3|
    |ap_done                                 |   9|          2|    1|          2|
    |ap_enable_reg_pp0_iter1                 |   9|          2|    1|          2|
    |ap_phi_mux_iter1_phi_fu_322_p6          |  14|          3|    5|         15|
    |ap_phi_mux_outStreamPtr2_phi_fu_307_p6  |  14|          3|    1|          3|
    |iter1_reg_318                           |   9|          2|    5|         10|
    |l_transBlkMatrixStream_blk_n            |   9|          2|    1|          2|
    |outStreamPtr2_reg_303                   |   9|          2|    1|          2|
    |p_outWideStream_0_0_0_0_0_0110_blk_n    |   9|          2|    1|          2|
    |p_outWideStream_0_0_0_0_0_0111_blk_n    |   9|          2|    1|          2|
    |p_outWideStream_0_0_0_0_0_0112_blk_n    |   9|          2|    1|          2|
    |p_outWideStream_0_0_0_0_0_0113_blk_n    |   9|          2|    1|          2|
    |p_outWideStream_0_0_0_0_0_0114_blk_n    |   9|          2|    1|          2|
    |p_outWideStream_0_0_0_0_0_0115_blk_n    |   9|          2|    1|          2|
    |p_outWideStream_0_0_0_0_0_018_blk_n     |   9|          2|    1|          2|
    |p_outWideStream_0_0_0_0_0_019_blk_n     |   9|          2|    1|          2|
    |p_outWideStream_0_0_0_0_0_01_blk_n      |   9|          2|    1|          2|
    |p_outWideStream_0_0_0_0_0_02_blk_n      |   9|          2|    1|          2|
    |p_outWideStream_0_0_0_0_0_03_blk_n      |   9|          2|    1|          2|
    |p_outWideStream_0_0_0_0_0_04_blk_n      |   9|          2|    1|          2|
    |p_outWideStream_0_0_0_0_0_05_blk_n      |   9|          2|    1|          2|
    |p_outWideStream_0_0_0_0_0_06_blk_n      |   9|          2|    1|          2|
    |p_outWideStream_0_0_0_0_0_07_blk_n      |   9|          2|    1|          2|
    |p_outWideStream_0_0_0_0_0_0_blk_n       |   9|          2|    1|          2|
    |p_outWideStream_0_0_1_0_0_016_blk_n     |   9|          2|    1|          2|
    |p_outWideStream_0_0_1_0_0_017_blk_n     |   9|          2|    1|          2|
    |p_outWideStream_0_0_1_0_0_018_blk_n     |   9|          2|    1|          2|
    |p_outWideStream_0_0_1_0_0_019_blk_n     |   9|          2|    1|          2|
    |p_outWideStream_0_0_1_0_0_020_blk_n     |   9|          2|    1|          2|
    |p_outWideStream_0_0_1_0_0_021_blk_n     |   9|          2|    1|          2|
    |p_outWideStream_0_0_1_0_0_0223_blk_n    |   9|          2|    1|          2|
    |p_outWideStream_0_0_1_0_0_0224_blk_n    |   9|          2|    1|          2|
    |p_outWideStream_0_0_1_0_0_0225_blk_n    |   9|          2|    1|          2|
    |p_outWideStream_0_0_1_0_0_0226_blk_n    |   9|          2|    1|          2|
    |p_outWideStream_0_0_1_0_0_0227_blk_n    |   9|          2|    1|          2|
    |p_outWideStream_0_0_1_0_0_0228_blk_n    |   9|          2|    1|          2|
    |p_outWideStream_0_0_1_0_0_0229_blk_n    |   9|          2|    1|          2|
    |p_outWideStream_0_0_1_0_0_022_blk_n     |   9|          2|    1|          2|
    |p_outWideStream_0_0_1_0_0_02_blk_n      |   9|          2|    1|          2|
    |p_outWideStream_0_0_1_0_0_0_blk_n       |   9|          2|    1|          2|
    |real_start                              |   9|          2|    1|          2|
    +----------------------------------------+----+-----------+-----+-----------+
    |Total                                   | 384|         85|   49|        105|
    +----------------------------------------+----+-----------+-----+-----------+

    * Register: 
    +-------------------------+----+----+-----+-----------+
    |           Name          | FF | LUT| Bits| Const Bits|
    +-------------------------+----+----+-----+-----------+
    |ap_CS_fsm                |   2|   0|    2|          0|
    |ap_done_reg              |   1|   0|    1|          0|
    |ap_enable_reg_pp0_iter1  |   1|   0|    1|          0|
    |icmp_ln52_reg_612        |   1|   0|    1|          0|
    |iter1_reg_318            |   5|   0|    5|          0|
    |iter_reg_602             |   5|   0|    5|          0|
    |outStreamPtr2_reg_303    |   1|   0|    1|          0|
    |outStreamPtr_reg_607     |   1|   0|    1|          0|
    |start_once_reg           |   1|   0|    1|          0|
    |trunc_ln174_15_reg_518   |  22|   0|   22|          0|
    |trunc_ln174_16_reg_524   |  22|   0|   22|          0|
    |trunc_ln174_17_reg_530   |  22|   0|   22|          0|
    |trunc_ln174_18_reg_536   |  22|   0|   22|          0|
    |trunc_ln174_19_reg_542   |  22|   0|   22|          0|
    |trunc_ln174_20_reg_548   |  22|   0|   22|          0|
    |trunc_ln174_21_reg_554   |  22|   0|   22|          0|
    |trunc_ln174_22_reg_560   |  22|   0|   22|          0|
    |trunc_ln174_23_reg_566   |  22|   0|   22|          0|
    |trunc_ln174_24_reg_572   |  22|   0|   22|          0|
    |trunc_ln174_25_reg_578   |  22|   0|   22|          0|
    |trunc_ln174_26_reg_584   |  22|   0|   22|          0|
    |trunc_ln174_27_reg_590   |  22|   0|   22|          0|
    |trunc_ln174_28_reg_596   |  22|   0|   22|          0|
    |trunc_ln174_reg_506      |  22|   0|   22|          0|
    |trunc_ln174_s_reg_512    |  22|   0|   22|          0|
    +-------------------------+----+----+-----+-----------+
    |Total                    | 370|   0|  370|          0|
    +-------------------------+----+----+-----+-----------+



================================================================
== Interface
================================================================
* Summary: 
+---------------------------------------+-----+-----+------------+---------------------------------------------------------------------------+--------------+
|               RTL Ports               | Dir | Bits|  Protocol  |                               Source Object                               |    C Type    |
+---------------------------------------+-----+-----+------------+---------------------------------------------------------------------------+--------------+
|ap_clk                                 |   in|    1|  ap_ctrl_hs|  demuxWideStreaming<2u, 16u, 16u, 8u, complex<ap_fixed<22, 8, 5, 3, 0> > >|  return value|
|ap_rst                                 |   in|    1|  ap_ctrl_hs|  demuxWideStreaming<2u, 16u, 16u, 8u, complex<ap_fixed<22, 8, 5, 3, 0> > >|  return value|
|ap_start                               |   in|    1|  ap_ctrl_hs|  demuxWideStreaming<2u, 16u, 16u, 8u, complex<ap_fixed<22, 8, 5, 3, 0> > >|  return value|
|start_full_n                           |   in|    1|  ap_ctrl_hs|  demuxWideStreaming<2u, 16u, 16u, 8u, complex<ap_fixed<22, 8, 5, 3, 0> > >|  return value|
|ap_done                                |  out|    1|  ap_ctrl_hs|  demuxWideStreaming<2u, 16u, 16u, 8u, complex<ap_fixed<22, 8, 5, 3, 0> > >|  return value|
|ap_continue                            |   in|    1|  ap_ctrl_hs|  demuxWideStreaming<2u, 16u, 16u, 8u, complex<ap_fixed<22, 8, 5, 3, 0> > >|  return value|
|ap_idle                                |  out|    1|  ap_ctrl_hs|  demuxWideStreaming<2u, 16u, 16u, 8u, complex<ap_fixed<22, 8, 5, 3, 0> > >|  return value|
|ap_ready                               |  out|    1|  ap_ctrl_hs|  demuxWideStreaming<2u, 16u, 16u, 8u, complex<ap_fixed<22, 8, 5, 3, 0> > >|  return value|
|start_out                              |  out|    1|  ap_ctrl_hs|  demuxWideStreaming<2u, 16u, 16u, 8u, complex<ap_fixed<22, 8, 5, 3, 0> > >|  return value|
|start_write                            |  out|    1|  ap_ctrl_hs|  demuxWideStreaming<2u, 16u, 16u, 8u, complex<ap_fixed<22, 8, 5, 3, 0> > >|  return value|
|ap_ext_blocking_n                      |  out|    1|  ap_ctrl_hs|  demuxWideStreaming<2u, 16u, 16u, 8u, complex<ap_fixed<22, 8, 5, 3, 0> > >|  return value|
|ap_str_blocking_n                      |  out|    1|  ap_ctrl_hs|  demuxWideStreaming<2u, 16u, 16u, 8u, complex<ap_fixed<22, 8, 5, 3, 0> > >|  return value|
|ap_int_blocking_n                      |  out|    1|  ap_ctrl_hs|  demuxWideStreaming<2u, 16u, 16u, 8u, complex<ap_fixed<22, 8, 5, 3, 0> > >|  return value|
|l_transBlkMatrixStream_dout            |   in|  512|     ap_fifo|                                                     l_transBlkMatrixStream|       pointer|
|l_transBlkMatrixStream_empty_n         |   in|    1|     ap_fifo|                                                     l_transBlkMatrixStream|       pointer|
|l_transBlkMatrixStream_read            |  out|    1|     ap_fifo|                                                     l_transBlkMatrixStream|       pointer|
|p_outWideStream_0_0_0_0_0_0_din        |  out|   22|     ap_fifo|                                                p_outWideStream_0_0_0_0_0_0|       pointer|
|p_outWideStream_0_0_0_0_0_0_full_n     |   in|    1|     ap_fifo|                                                p_outWideStream_0_0_0_0_0_0|       pointer|
|p_outWideStream_0_0_0_0_0_0_write      |  out|    1|     ap_fifo|                                                p_outWideStream_0_0_0_0_0_0|       pointer|
|p_outWideStream_0_0_0_0_0_01_din       |  out|   22|     ap_fifo|                                               p_outWideStream_0_0_0_0_0_01|       pointer|
|p_outWideStream_0_0_0_0_0_01_full_n    |   in|    1|     ap_fifo|                                               p_outWideStream_0_0_0_0_0_01|       pointer|
|p_outWideStream_0_0_0_0_0_01_write     |  out|    1|     ap_fifo|                                               p_outWideStream_0_0_0_0_0_01|       pointer|
|p_outWideStream_0_0_0_0_0_02_din       |  out|   22|     ap_fifo|                                               p_outWideStream_0_0_0_0_0_02|       pointer|
|p_outWideStream_0_0_0_0_0_02_full_n    |   in|    1|     ap_fifo|                                               p_outWideStream_0_0_0_0_0_02|       pointer|
|p_outWideStream_0_0_0_0_0_02_write     |  out|    1|     ap_fifo|                                               p_outWideStream_0_0_0_0_0_02|       pointer|
|p_outWideStream_0_0_0_0_0_03_din       |  out|   22|     ap_fifo|                                               p_outWideStream_0_0_0_0_0_03|       pointer|
|p_outWideStream_0_0_0_0_0_03_full_n    |   in|    1|     ap_fifo|                                               p_outWideStream_0_0_0_0_0_03|       pointer|
|p_outWideStream_0_0_0_0_0_03_write     |  out|    1|     ap_fifo|                                               p_outWideStream_0_0_0_0_0_03|       pointer|
|p_outWideStream_0_0_0_0_0_04_din       |  out|   22|     ap_fifo|                                               p_outWideStream_0_0_0_0_0_04|       pointer|
|p_outWideStream_0_0_0_0_0_04_full_n    |   in|    1|     ap_fifo|                                               p_outWideStream_0_0_0_0_0_04|       pointer|
|p_outWideStream_0_0_0_0_0_04_write     |  out|    1|     ap_fifo|                                               p_outWideStream_0_0_0_0_0_04|       pointer|
|p_outWideStream_0_0_0_0_0_05_din       |  out|   22|     ap_fifo|                                               p_outWideStream_0_0_0_0_0_05|       pointer|
|p_outWideStream_0_0_0_0_0_05_full_n    |   in|    1|     ap_fifo|                                               p_outWideStream_0_0_0_0_0_05|       pointer|
|p_outWideStream_0_0_0_0_0_05_write     |  out|    1|     ap_fifo|                                               p_outWideStream_0_0_0_0_0_05|       pointer|
|p_outWideStream_0_0_0_0_0_06_din       |  out|   22|     ap_fifo|                                               p_outWideStream_0_0_0_0_0_06|       pointer|
|p_outWideStream_0_0_0_0_0_06_full_n    |   in|    1|     ap_fifo|                                               p_outWideStream_0_0_0_0_0_06|       pointer|
|p_outWideStream_0_0_0_0_0_06_write     |  out|    1|     ap_fifo|                                               p_outWideStream_0_0_0_0_0_06|       pointer|
|p_outWideStream_0_0_0_0_0_07_din       |  out|   22|     ap_fifo|                                               p_outWideStream_0_0_0_0_0_07|       pointer|
|p_outWideStream_0_0_0_0_0_07_full_n    |   in|    1|     ap_fifo|                                               p_outWideStream_0_0_0_0_0_07|       pointer|
|p_outWideStream_0_0_0_0_0_07_write     |  out|    1|     ap_fifo|                                               p_outWideStream_0_0_0_0_0_07|       pointer|
|p_outWideStream_0_0_1_0_0_0_din        |  out|   22|     ap_fifo|                                                p_outWideStream_0_0_1_0_0_0|       pointer|
|p_outWideStream_0_0_1_0_0_0_full_n     |   in|    1|     ap_fifo|                                                p_outWideStream_0_0_1_0_0_0|       pointer|
|p_outWideStream_0_0_1_0_0_0_write      |  out|    1|     ap_fifo|                                                p_outWideStream_0_0_1_0_0_0|       pointer|
|p_outWideStream_0_0_1_0_0_016_din      |  out|   22|     ap_fifo|                                              p_outWideStream_0_0_1_0_0_016|       pointer|
|p_outWideStream_0_0_1_0_0_016_full_n   |   in|    1|     ap_fifo|                                              p_outWideStream_0_0_1_0_0_016|       pointer|
|p_outWideStream_0_0_1_0_0_016_write    |  out|    1|     ap_fifo|                                              p_outWideStream_0_0_1_0_0_016|       pointer|
|p_outWideStream_0_0_1_0_0_017_din      |  out|   22|     ap_fifo|                                              p_outWideStream_0_0_1_0_0_017|       pointer|
|p_outWideStream_0_0_1_0_0_017_full_n   |   in|    1|     ap_fifo|                                              p_outWideStream_0_0_1_0_0_017|       pointer|
|p_outWideStream_0_0_1_0_0_017_write    |  out|    1|     ap_fifo|                                              p_outWideStream_0_0_1_0_0_017|       pointer|
|p_outWideStream_0_0_1_0_0_018_din      |  out|   22|     ap_fifo|                                              p_outWideStream_0_0_1_0_0_018|       pointer|
|p_outWideStream_0_0_1_0_0_018_full_n   |   in|    1|     ap_fifo|                                              p_outWideStream_0_0_1_0_0_018|       pointer|
|p_outWideStream_0_0_1_0_0_018_write    |  out|    1|     ap_fifo|                                              p_outWideStream_0_0_1_0_0_018|       pointer|
|p_outWideStream_0_0_1_0_0_019_din      |  out|   22|     ap_fifo|                                              p_outWideStream_0_0_1_0_0_019|       pointer|
|p_outWideStream_0_0_1_0_0_019_full_n   |   in|    1|     ap_fifo|                                              p_outWideStream_0_0_1_0_0_019|       pointer|
|p_outWideStream_0_0_1_0_0_019_write    |  out|    1|     ap_fifo|                                              p_outWideStream_0_0_1_0_0_019|       pointer|
|p_outWideStream_0_0_1_0_0_020_din      |  out|   22|     ap_fifo|                                              p_outWideStream_0_0_1_0_0_020|       pointer|
|p_outWideStream_0_0_1_0_0_020_full_n   |   in|    1|     ap_fifo|                                              p_outWideStream_0_0_1_0_0_020|       pointer|
|p_outWideStream_0_0_1_0_0_020_write    |  out|    1|     ap_fifo|                                              p_outWideStream_0_0_1_0_0_020|       pointer|
|p_outWideStream_0_0_1_0_0_021_din      |  out|   22|     ap_fifo|                                              p_outWideStream_0_0_1_0_0_021|       pointer|
|p_outWideStream_0_0_1_0_0_021_full_n   |   in|    1|     ap_fifo|                                              p_outWideStream_0_0_1_0_0_021|       pointer|
|p_outWideStream_0_0_1_0_0_021_write    |  out|    1|     ap_fifo|                                              p_outWideStream_0_0_1_0_0_021|       pointer|
|p_outWideStream_0_0_1_0_0_022_din      |  out|   22|     ap_fifo|                                              p_outWideStream_0_0_1_0_0_022|       pointer|
|p_outWideStream_0_0_1_0_0_022_full_n   |   in|    1|     ap_fifo|                                              p_outWideStream_0_0_1_0_0_022|       pointer|
|p_outWideStream_0_0_1_0_0_022_write    |  out|    1|     ap_fifo|                                              p_outWideStream_0_0_1_0_0_022|       pointer|
|p_outWideStream_0_0_0_0_0_018_din      |  out|   22|     ap_fifo|                                              p_outWideStream_0_0_0_0_0_018|       pointer|
|p_outWideStream_0_0_0_0_0_018_full_n   |   in|    1|     ap_fifo|                                              p_outWideStream_0_0_0_0_0_018|       pointer|
|p_outWideStream_0_0_0_0_0_018_write    |  out|    1|     ap_fifo|                                              p_outWideStream_0_0_0_0_0_018|       pointer|
|p_outWideStream_0_0_0_0_0_019_din      |  out|   22|     ap_fifo|                                              p_outWideStream_0_0_0_0_0_019|       pointer|
|p_outWideStream_0_0_0_0_0_019_full_n   |   in|    1|     ap_fifo|                                              p_outWideStream_0_0_0_0_0_019|       pointer|
|p_outWideStream_0_0_0_0_0_019_write    |  out|    1|     ap_fifo|                                              p_outWideStream_0_0_0_0_0_019|       pointer|
|p_outWideStream_0_0_0_0_0_0110_din     |  out|   22|     ap_fifo|                                             p_outWideStream_0_0_0_0_0_0110|       pointer|
|p_outWideStream_0_0_0_0_0_0110_full_n  |   in|    1|     ap_fifo|                                             p_outWideStream_0_0_0_0_0_0110|       pointer|
|p_outWideStream_0_0_0_0_0_0110_write   |  out|    1|     ap_fifo|                                             p_outWideStream_0_0_0_0_0_0110|       pointer|
|p_outWideStream_0_0_0_0_0_0111_din     |  out|   22|     ap_fifo|                                             p_outWideStream_0_0_0_0_0_0111|       pointer|
|p_outWideStream_0_0_0_0_0_0111_full_n  |   in|    1|     ap_fifo|                                             p_outWideStream_0_0_0_0_0_0111|       pointer|
|p_outWideStream_0_0_0_0_0_0111_write   |  out|    1|     ap_fifo|                                             p_outWideStream_0_0_0_0_0_0111|       pointer|
|p_outWideStream_0_0_0_0_0_0112_din     |  out|   22|     ap_fifo|                                             p_outWideStream_0_0_0_0_0_0112|       pointer|
|p_outWideStream_0_0_0_0_0_0112_full_n  |   in|    1|     ap_fifo|                                             p_outWideStream_0_0_0_0_0_0112|       pointer|
|p_outWideStream_0_0_0_0_0_0112_write   |  out|    1|     ap_fifo|                                             p_outWideStream_0_0_0_0_0_0112|       pointer|
|p_outWideStream_0_0_0_0_0_0113_din     |  out|   22|     ap_fifo|                                             p_outWideStream_0_0_0_0_0_0113|       pointer|
|p_outWideStream_0_0_0_0_0_0113_full_n  |   in|    1|     ap_fifo|                                             p_outWideStream_0_0_0_0_0_0113|       pointer|
|p_outWideStream_0_0_0_0_0_0113_write   |  out|    1|     ap_fifo|                                             p_outWideStream_0_0_0_0_0_0113|       pointer|
|p_outWideStream_0_0_0_0_0_0114_din     |  out|   22|     ap_fifo|                                             p_outWideStream_0_0_0_0_0_0114|       pointer|
|p_outWideStream_0_0_0_0_0_0114_full_n  |   in|    1|     ap_fifo|                                             p_outWideStream_0_0_0_0_0_0114|       pointer|
|p_outWideStream_0_0_0_0_0_0114_write   |  out|    1|     ap_fifo|                                             p_outWideStream_0_0_0_0_0_0114|       pointer|
|p_outWideStream_0_0_0_0_0_0115_din     |  out|   22|     ap_fifo|                                             p_outWideStream_0_0_0_0_0_0115|       pointer|
|p_outWideStream_0_0_0_0_0_0115_full_n  |   in|    1|     ap_fifo|                                             p_outWideStream_0_0_0_0_0_0115|       pointer|
|p_outWideStream_0_0_0_0_0_0115_write   |  out|    1|     ap_fifo|                                             p_outWideStream_0_0_0_0_0_0115|       pointer|
|p_outWideStream_0_0_1_0_0_02_din       |  out|   22|     ap_fifo|                                               p_outWideStream_0_0_1_0_0_02|       pointer|
|p_outWideStream_0_0_1_0_0_02_full_n    |   in|    1|     ap_fifo|                                               p_outWideStream_0_0_1_0_0_02|       pointer|
|p_outWideStream_0_0_1_0_0_02_write     |  out|    1|     ap_fifo|                                               p_outWideStream_0_0_1_0_0_02|       pointer|
|p_outWideStream_0_0_1_0_0_0223_din     |  out|   22|     ap_fifo|                                             p_outWideStream_0_0_1_0_0_0223|       pointer|
|p_outWideStream_0_0_1_0_0_0223_full_n  |   in|    1|     ap_fifo|                                             p_outWideStream_0_0_1_0_0_0223|       pointer|
|p_outWideStream_0_0_1_0_0_0223_write   |  out|    1|     ap_fifo|                                             p_outWideStream_0_0_1_0_0_0223|       pointer|
|p_outWideStream_0_0_1_0_0_0224_din     |  out|   22|     ap_fifo|                                             p_outWideStream_0_0_1_0_0_0224|       pointer|
|p_outWideStream_0_0_1_0_0_0224_full_n  |   in|    1|     ap_fifo|                                             p_outWideStream_0_0_1_0_0_0224|       pointer|
|p_outWideStream_0_0_1_0_0_0224_write   |  out|    1|     ap_fifo|                                             p_outWideStream_0_0_1_0_0_0224|       pointer|
|p_outWideStream_0_0_1_0_0_0225_din     |  out|   22|     ap_fifo|                                             p_outWideStream_0_0_1_0_0_0225|       pointer|
|p_outWideStream_0_0_1_0_0_0225_full_n  |   in|    1|     ap_fifo|                                             p_outWideStream_0_0_1_0_0_0225|       pointer|
|p_outWideStream_0_0_1_0_0_0225_write   |  out|    1|     ap_fifo|                                             p_outWideStream_0_0_1_0_0_0225|       pointer|
|p_outWideStream_0_0_1_0_0_0226_din     |  out|   22|     ap_fifo|                                             p_outWideStream_0_0_1_0_0_0226|       pointer|
|p_outWideStream_0_0_1_0_0_0226_full_n  |   in|    1|     ap_fifo|                                             p_outWideStream_0_0_1_0_0_0226|       pointer|
|p_outWideStream_0_0_1_0_0_0226_write   |  out|    1|     ap_fifo|                                             p_outWideStream_0_0_1_0_0_0226|       pointer|
|p_outWideStream_0_0_1_0_0_0227_din     |  out|   22|     ap_fifo|                                             p_outWideStream_0_0_1_0_0_0227|       pointer|
|p_outWideStream_0_0_1_0_0_0227_full_n  |   in|    1|     ap_fifo|                                             p_outWideStream_0_0_1_0_0_0227|       pointer|
|p_outWideStream_0_0_1_0_0_0227_write   |  out|    1|     ap_fifo|                                             p_outWideStream_0_0_1_0_0_0227|       pointer|
|p_outWideStream_0_0_1_0_0_0228_din     |  out|   22|     ap_fifo|                                             p_outWideStream_0_0_1_0_0_0228|       pointer|
|p_outWideStream_0_0_1_0_0_0228_full_n  |   in|    1|     ap_fifo|                                             p_outWideStream_0_0_1_0_0_0228|       pointer|
|p_outWideStream_0_0_1_0_0_0228_write   |  out|    1|     ap_fifo|                                             p_outWideStream_0_0_1_0_0_0228|       pointer|
|p_outWideStream_0_0_1_0_0_0229_din     |  out|   22|     ap_fifo|                                             p_outWideStream_0_0_1_0_0_0229|       pointer|
|p_outWideStream_0_0_1_0_0_0229_full_n  |   in|    1|     ap_fifo|                                             p_outWideStream_0_0_1_0_0_0229|       pointer|
|p_outWideStream_0_0_1_0_0_0229_write   |  out|    1|     ap_fifo|                                             p_outWideStream_0_0_1_0_0_0229|       pointer|
+---------------------------------------+-----+-----+------------+---------------------------------------------------------------------------+--------------+

