

================================================================
== Vitis HLS Report for 'fft2dKernel_512u_8u_16u_16u_4096u_22u_32u_2u_FFTParams_FFTParams2_40000u_80000u_complex_ap_fixed_22_8_5_3_0_complex_ap_fixed_32_18_5_3_0_s'
================================================================
* Date:           Thu Jan 27 12:48:27 2022

* Version:        2021.1 (Build 3247384 on Thu Jun 10 19:36:07 MDT 2021)
* Project:        fft2DKernel
* Solution:       solution (Vitis Kernel Flow Target)
* Product family: virtexuplus
* Target device:  xcvu9p-flgb2104-2-i


================================================================
== Performance Estimates
================================================================
+ Timing: 
    * Summary: 
    +--------+---------+----------+------------+
    |  Clock |  Target | Estimated| Uncertainty|
    +--------+---------+----------+------------+
    |ap_clk  |  4.00 ns|  3.086 ns|     1.08 ns|
    +--------+---------+----------+------------+

+ Latency: 
    * Summary: 
    +---------+---------+----------+----------+-----+-----+----------+
    |  Latency (cycles) |  Latency (absolute) |  Interval | Pipeline |
    |   min   |   max   |    min   |    max   | min | max |   Type   |
    +---------+---------+----------+----------+-----+-----+----------+
    |        ?|        ?|         ?|         ?|    ?|    ?|  dataflow|
    +---------+---------+----------+----------+-----+-----+----------+

    + Detail: 
        * Instance: 
        +------------------------------------------------------------------------------------------------------------------------------------------------------------------------+---------------------------------------------------------------------------------------------------------------------------------------------------------------------+---------+---------+----------+----------+-----+-----+---------+
        |                                                                                                                                                                        |                                                                                                                                                                     |  Latency (cycles) |  Latency (absolute) |  Interval | Pipeline|
        |                                                                                Instance                                                                                |                                                                                Module                                                                               |   min   |   max   |    min   |    max   | min | max |   Type  |
        +------------------------------------------------------------------------------------------------------------------------------------------------------------------------+---------------------------------------------------------------------------------------------------------------------------------------------------------------------+---------+---------+----------+----------+-----+-----+---------+
        |readImages_512u_16u_16u_4096u_22u_8u_complex_ap_fixed_22_8_5_3_0_SuperSampleContainer_8_complex_ap_fixed_22_8_5_3_0_U0                                                  |readImages_512u_16u_16u_4096u_22u_8u_complex_ap_fixed_22_8_5_3_0_SuperSampleContainer_8_complex_ap_fixed_22_8_5_3_0_s                                                |        ?|        ?|         ?|         ?|    ?|    ?|       no|
        |fft2dKernel_512u_8u_16u_16u_4096u_22u_32u_2u_FFTParams_FFTParams2_40000u_80000u_complex_ap_fixed_22_8_5_3_0_complex_ap_fixed_32_18_5_3_0_Loop_VITIS_LOOP_126_1_proc_U0  |fft2dKernel_512u_8u_16u_16u_4096u_22u_32u_2u_FFTParams_FFTParams2_40000u_80000u_complex_ap_fixed_22_8_5_3_0_complex_ap_fixed_32_18_5_3_0_Loop_VITIS_LOOP_126_1_proc  |        ?|        ?|         ?|         ?|    ?|    ?|       no|
        |entry_proc_U0                                                                                                                                                           |entry_proc                                                                                                                                                           |        0|        0|      0 ns|      0 ns|    0|    0|       no|
        |writeImages_512u_16u_16u_4096u_32u_8u_complex_ap_fixed_22_8_5_3_0_SuperSampleContainer_8_complex_ap_fixed_32_18_5_3_0_U0                                                |writeImages_512u_16u_16u_4096u_32u_8u_complex_ap_fixed_22_8_5_3_0_SuperSampleContainer_8_complex_ap_fixed_32_18_5_3_0_s                                              |        ?|        ?|         ?|         ?|    ?|    ?|       no|
        +------------------------------------------------------------------------------------------------------------------------------------------------------------------------+---------------------------------------------------------------------------------------------------------------------------------------------------------------------+---------+---------+----------+----------+-----+-----+---------+

        * Loop: 
        N/A



================================================================
== Utilization Estimates
================================================================
* Summary: 
+---------------------+---------+------+---------+---------+-----+
|         Name        | BRAM_18K|  DSP |    FF   |   LUT   | URAM|
+---------------------+---------+------+---------+---------+-----+
|DSP                  |        -|     -|        -|        -|    -|
|Expression           |        -|     -|        0|       24|    -|
|FIFO                 |        0|     -|     3245|     1786|    -|
|Instance             |        0|    84|    89972|    99836|   96|
|Memory               |        -|     -|        -|        -|    -|
|Multiplexer          |        -|     -|        -|       18|    -|
|Register             |        -|     -|        2|        -|    -|
+---------------------+---------+------+---------+---------+-----+
|Total                |        0|    84|    93219|   101664|   96|
+---------------------+---------+------+---------+---------+-----+
|Available SLR        |     1440|  2280|   788160|   394080|  320|
+---------------------+---------+------+---------+---------+-----+
|Utilization SLR (%)  |        0|     3|       11|       25|   30|
+---------------------+---------+------+---------+---------+-----+
|Available            |     4320|  6840|  2364480|  1182240|  960|
+---------------------+---------+------+---------+---------+-----+
|Utilization (%)      |        0|     1|        3|        8|   10|
+---------------------+---------+------+---------+---------+-----+

+ Detail: 
    * Instance: 
    +------------------------------------------------------------------------------------------------------------------------------------------------------------------------+---------------------------------------------------------------------------------------------------------------------------------------------------------------------+---------+----+-------+-------+-----+
    |                                                                                Instance                                                                                |                                                                                Module                                                                               | BRAM_18K| DSP|   FF  |  LUT  | URAM|
    +------------------------------------------------------------------------------------------------------------------------------------------------------------------------+---------------------------------------------------------------------------------------------------------------------------------------------------------------------+---------+----+-------+-------+-----+
    |entry_proc_U0                                                                                                                                                           |entry_proc                                                                                                                                                           |        0|   0|     66|     26|    0|
    |fft2dKernel_512u_8u_16u_16u_4096u_22u_32u_2u_FFTParams_FFTParams2_40000u_80000u_complex_ap_fixed_22_8_5_3_0_complex_ap_fixed_32_18_5_3_0_Loop_VITIS_LOOP_126_1_proc_U0  |fft2dKernel_512u_8u_16u_16u_4096u_22u_32u_2u_FFTParams_FFTParams2_40000u_80000u_complex_ap_fixed_22_8_5_3_0_complex_ap_fixed_32_18_5_3_0_Loop_VITIS_LOOP_126_1_proc  |        0|  84|  88748|  97409|   96|
    |readImages_512u_16u_16u_4096u_22u_8u_complex_ap_fixed_22_8_5_3_0_SuperSampleContainer_8_complex_ap_fixed_22_8_5_3_0_U0                                                  |readImages_512u_16u_16u_4096u_22u_8u_complex_ap_fixed_22_8_5_3_0_SuperSampleContainer_8_complex_ap_fixed_22_8_5_3_0_s                                                |        0|   0|    453|    585|    0|
    |writeImages_512u_16u_16u_4096u_32u_8u_complex_ap_fixed_22_8_5_3_0_SuperSampleContainer_8_complex_ap_fixed_32_18_5_3_0_U0                                                |writeImages_512u_16u_16u_4096u_32u_8u_complex_ap_fixed_22_8_5_3_0_SuperSampleContainer_8_complex_ap_fixed_32_18_5_3_0_s                                              |        0|   0|    705|   1816|    0|
    +------------------------------------------------------------------------------------------------------------------------------------------------------------------------+---------------------------------------------------------------------------------------------------------------------------------------------------------------------+---------+----+-------+-------+-----+
    |Total                                                                                                                                                                   |                                                                                                                                                                     |        0|  84|  89972|  99836|   96|
    +------------------------------------------------------------------------------------------------------------------------------------------------------------------------+---------------------------------------------------------------------------------------------------------------------------------------------------------------------+---------+----+-------+-------+-----+

    * DSP: 
    N/A

    * Memory: 
    N/A

    * FIFO: 
    +--------------------------+---------+------+----+-----+------+-----+---------+
    |           Name           | BRAM_18K|  FF  | LUT| URAM| Depth| Bits| Size:D*B|
    +--------------------------+---------+------+----+-----+------+-----+---------+
    |fftInStrm_U               |        0|  1552|   0|    -|    16|  512|     8192|
    |fftOutStrm_U              |        0|  1552|   0|    -|    16|  512|     8192|
    |n_images_c8_U             |        0|    68|   0|    -|     2|   32|       64|
    |n_images_c_U              |        0|    68|   0|    -|     2|   32|       64|
    |p_fftOutData_c_channel_U  |        0|     5|   0|    -|     3|   64|      192|
    +--------------------------+---------+------+----+-----+------+-----+---------+
    |Total                     |        0|  3245|   0|    0|    39| 1152|    16704|
    +--------------------------+---------+------+----+-----+------+-----+---------+

    * Expression: 
    +-----------------------------------------------------------------------------------------------------------------------------------------+----------+----+---+----+------------+------------+
    |                                                              Variable Name                                                              | Operation| DSP| FF| LUT| Bitwidth P0| Bitwidth P1|
    +-----------------------------------------------------------------------------------------------------------------------------------------+----------+----+---+----+------------+------------+
    |ap_ext_blocking_n                                                                                                                        |       and|   0|  0|   2|           1|           1|
    |ap_ext_blocking_sub_n                                                                                                                    |       and|   0|  0|   2|           1|           1|
    |ap_idle                                                                                                                                  |       and|   0|  0|   2|           1|           1|
    |ap_int_blocking_n                                                                                                                        |       and|   0|  0|   2|           1|           1|
    |ap_int_blocking_sub_n                                                                                                                    |       and|   0|  0|   2|           1|           1|
    |ap_str_blocking_n                                                                                                                        |       and|   0|  0|   2|           1|           1|
    |ap_str_blocking_sub_n                                                                                                                    |       and|   0|  0|   2|           1|           1|
    |ap_sync_ready                                                                                                                            |       and|   0|  0|   2|           1|           1|
    |entry_proc_U0_ap_start                                                                                                                   |       and|   0|  0|   2|           1|           1|
    |readImages_512u_16u_16u_4096u_22u_8u_complex_ap_fixed_22_8_5_3_0_SuperSampleContainer_8_complex_ap_fixed_22_8_5_3_0_U0_ap_start          |       and|   0|  0|   2|           1|           1|
    |ap_sync_entry_proc_U0_ap_ready                                                                                                           |        or|   0|  0|   2|           1|           1|
    |ap_sync_readImages_512u_16u_16u_4096u_22u_8u_complex_ap_fixed_22_8_5_3_0_SuperSampleContainer_8_complex_ap_fixed_22_8_5_3_0_U0_ap_ready  |        or|   0|  0|   2|           1|           1|
    +-----------------------------------------------------------------------------------------------------------------------------------------+----------+----+---+----+------------+------------+
    |Total                                                                                                                                    |          |   0|  0|  24|          12|          12|
    +-----------------------------------------------------------------------------------------------------------------------------------------+----------+----+---+----+------------+------------+

    * Multiplexer: 
    +---------------------------------------------------------------------------------------------------------------------------------------------+----+-----------+-----+-----------+
    |                                                                     Name                                                                    | LUT| Input Size| Bits| Total Bits|
    +---------------------------------------------------------------------------------------------------------------------------------------------+----+-----------+-----+-----------+
    |ap_sync_reg_entry_proc_U0_ap_ready                                                                                                           |   9|          2|    1|          2|
    |ap_sync_reg_readImages_512u_16u_16u_4096u_22u_8u_complex_ap_fixed_22_8_5_3_0_SuperSampleContainer_8_complex_ap_fixed_22_8_5_3_0_U0_ap_ready  |   9|          2|    1|          2|
    +---------------------------------------------------------------------------------------------------------------------------------------------+----+-----------+-----+-----------+
    |Total                                                                                                                                        |  18|          4|    2|          4|
    +---------------------------------------------------------------------------------------------------------------------------------------------+----+-----------+-----+-----------+

    * Register: 
    +---------------------------------------------------------------------------------------------------------------------------------------------+---+----+-----+-----------+
    |                                                                     Name                                                                    | FF| LUT| Bits| Const Bits|
    +---------------------------------------------------------------------------------------------------------------------------------------------+---+----+-----+-----------+
    |ap_sync_reg_entry_proc_U0_ap_ready                                                                                                           |  1|   0|    1|          0|
    |ap_sync_reg_readImages_512u_16u_16u_4096u_22u_8u_complex_ap_fixed_22_8_5_3_0_SuperSampleContainer_8_complex_ap_fixed_22_8_5_3_0_U0_ap_ready  |  1|   0|    1|          0|
    +---------------------------------------------------------------------------------------------------------------------------------------------+---+----+-----+-----------+
    |Total                                                                                                                                        |  2|   0|    2|          0|
    +---------------------------------------------------------------------------------------------------------------------------------------------+---+----+-----+-----------+



================================================================
== Interface
================================================================
* Summary: 
+---------------------+-----+-----+------------+-----------------------------------------------------------------------------------------------------------------------------------------------------------------------+--------------+
|      RTL Ports      | Dir | Bits|  Protocol  |                                                                             Source Object                                                                             |    C Type    |
+---------------------+-----+-----+------------+-----------------------------------------------------------------------------------------------------------------------------------------------------------------------+--------------+
|m_axi_gmem_AWVALID   |  out|    1|       m_axi|                                                                                                                                                                   gmem|       pointer|
|m_axi_gmem_AWREADY   |   in|    1|       m_axi|                                                                                                                                                                   gmem|       pointer|
|m_axi_gmem_AWADDR    |  out|   64|       m_axi|                                                                                                                                                                   gmem|       pointer|
|m_axi_gmem_AWID      |  out|    1|       m_axi|                                                                                                                                                                   gmem|       pointer|
|m_axi_gmem_AWLEN     |  out|   32|       m_axi|                                                                                                                                                                   gmem|       pointer|
|m_axi_gmem_AWSIZE    |  out|    3|       m_axi|                                                                                                                                                                   gmem|       pointer|
|m_axi_gmem_AWBURST   |  out|    2|       m_axi|                                                                                                                                                                   gmem|       pointer|
|m_axi_gmem_AWLOCK    |  out|    2|       m_axi|                                                                                                                                                                   gmem|       pointer|
|m_axi_gmem_AWCACHE   |  out|    4|       m_axi|                                                                                                                                                                   gmem|       pointer|
|m_axi_gmem_AWPROT    |  out|    3|       m_axi|                                                                                                                                                                   gmem|       pointer|
|m_axi_gmem_AWQOS     |  out|    4|       m_axi|                                                                                                                                                                   gmem|       pointer|
|m_axi_gmem_AWREGION  |  out|    4|       m_axi|                                                                                                                                                                   gmem|       pointer|
|m_axi_gmem_AWUSER    |  out|    1|       m_axi|                                                                                                                                                                   gmem|       pointer|
|m_axi_gmem_WVALID    |  out|    1|       m_axi|                                                                                                                                                                   gmem|       pointer|
|m_axi_gmem_WREADY    |   in|    1|       m_axi|                                                                                                                                                                   gmem|       pointer|
|m_axi_gmem_WDATA     |  out|  512|       m_axi|                                                                                                                                                                   gmem|       pointer|
|m_axi_gmem_WSTRB     |  out|   64|       m_axi|                                                                                                                                                                   gmem|       pointer|
|m_axi_gmem_WLAST     |  out|    1|       m_axi|                                                                                                                                                                   gmem|       pointer|
|m_axi_gmem_WID       |  out|    1|       m_axi|                                                                                                                                                                   gmem|       pointer|
|m_axi_gmem_WUSER     |  out|    1|       m_axi|                                                                                                                                                                   gmem|       pointer|
|m_axi_gmem_ARVALID   |  out|    1|       m_axi|                                                                                                                                                                   gmem|       pointer|
|m_axi_gmem_ARREADY   |   in|    1|       m_axi|                                                                                                                                                                   gmem|       pointer|
|m_axi_gmem_ARADDR    |  out|   64|       m_axi|                                                                                                                                                                   gmem|       pointer|
|m_axi_gmem_ARID      |  out|    1|       m_axi|                                                                                                                                                                   gmem|       pointer|
|m_axi_gmem_ARLEN     |  out|   32|       m_axi|                                                                                                                                                                   gmem|       pointer|
|m_axi_gmem_ARSIZE    |  out|    3|       m_axi|                                                                                                                                                                   gmem|       pointer|
|m_axi_gmem_ARBURST   |  out|    2|       m_axi|                                                                                                                                                                   gmem|       pointer|
|m_axi_gmem_ARLOCK    |  out|    2|       m_axi|                                                                                                                                                                   gmem|       pointer|
|m_axi_gmem_ARCACHE   |  out|    4|       m_axi|                                                                                                                                                                   gmem|       pointer|
|m_axi_gmem_ARPROT    |  out|    3|       m_axi|                                                                                                                                                                   gmem|       pointer|
|m_axi_gmem_ARQOS     |  out|    4|       m_axi|                                                                                                                                                                   gmem|       pointer|
|m_axi_gmem_ARREGION  |  out|    4|       m_axi|                                                                                                                                                                   gmem|       pointer|
|m_axi_gmem_ARUSER    |  out|    1|       m_axi|                                                                                                                                                                   gmem|       pointer|
|m_axi_gmem_RVALID    |   in|    1|       m_axi|                                                                                                                                                                   gmem|       pointer|
|m_axi_gmem_RREADY    |  out|    1|       m_axi|                                                                                                                                                                   gmem|       pointer|
|m_axi_gmem_RDATA     |   in|  512|       m_axi|                                                                                                                                                                   gmem|       pointer|
|m_axi_gmem_RLAST     |   in|    1|       m_axi|                                                                                                                                                                   gmem|       pointer|
|m_axi_gmem_RID       |   in|    1|       m_axi|                                                                                                                                                                   gmem|       pointer|
|m_axi_gmem_RUSER     |   in|    1|       m_axi|                                                                                                                                                                   gmem|       pointer|
|m_axi_gmem_RRESP     |   in|    2|       m_axi|                                                                                                                                                                   gmem|       pointer|
|m_axi_gmem_BVALID    |   in|    1|       m_axi|                                                                                                                                                                   gmem|       pointer|
|m_axi_gmem_BREADY    |  out|    1|       m_axi|                                                                                                                                                                   gmem|       pointer|
|m_axi_gmem_BRESP     |   in|    2|       m_axi|                                                                                                                                                                   gmem|       pointer|
|m_axi_gmem_BID       |   in|    1|       m_axi|                                                                                                                                                                   gmem|       pointer|
|m_axi_gmem_BUSER     |   in|    1|       m_axi|                                                                                                                                                                   gmem|       pointer|
|p_fftInData          |   in|   64|     ap_none|                                                                                                                                                            p_fftInData|        scalar|
|p_fftInData_ap_vld   |   in|    1|     ap_none|                                                                                                                                                            p_fftInData|        scalar|
|p_fftOutData         |   in|   64|     ap_none|                                                                                                                                                           p_fftOutData|        scalar|
|p_fftOutData_ap_vld  |   in|    1|     ap_none|                                                                                                                                                           p_fftOutData|        scalar|
|n_images             |   in|   32|     ap_none|                                                                                                                                                               n_images|        scalar|
|n_images_ap_vld      |   in|    1|     ap_none|                                                                                                                                                               n_images|        scalar|
|ap_clk               |   in|    1|  ap_ctrl_hs|  fft2dKernel<512u, 8u, 16u, 16u, 4096u, 22u, 32u, 2u, FFTParams, FFTParams2, 40000u, 80000u, complex<ap_fixed<22, 8, 5, 3, 0> >, complex<ap_fixed<32, 18, 5, 3, 0> > >|  return value|
|ap_rst               |   in|    1|  ap_ctrl_hs|  fft2dKernel<512u, 8u, 16u, 16u, 4096u, 22u, 32u, 2u, FFTParams, FFTParams2, 40000u, 80000u, complex<ap_fixed<22, 8, 5, 3, 0> >, complex<ap_fixed<32, 18, 5, 3, 0> > >|  return value|
|ap_start             |   in|    1|  ap_ctrl_hs|  fft2dKernel<512u, 8u, 16u, 16u, 4096u, 22u, 32u, 2u, FFTParams, FFTParams2, 40000u, 80000u, complex<ap_fixed<22, 8, 5, 3, 0> >, complex<ap_fixed<32, 18, 5, 3, 0> > >|  return value|
|ap_done              |  out|    1|  ap_ctrl_hs|  fft2dKernel<512u, 8u, 16u, 16u, 4096u, 22u, 32u, 2u, FFTParams, FFTParams2, 40000u, 80000u, complex<ap_fixed<22, 8, 5, 3, 0> >, complex<ap_fixed<32, 18, 5, 3, 0> > >|  return value|
|ap_ready             |  out|    1|  ap_ctrl_hs|  fft2dKernel<512u, 8u, 16u, 16u, 4096u, 22u, 32u, 2u, FFTParams, FFTParams2, 40000u, 80000u, complex<ap_fixed<22, 8, 5, 3, 0> >, complex<ap_fixed<32, 18, 5, 3, 0> > >|  return value|
|ap_idle              |  out|    1|  ap_ctrl_hs|  fft2dKernel<512u, 8u, 16u, 16u, 4096u, 22u, 32u, 2u, FFTParams, FFTParams2, 40000u, 80000u, complex<ap_fixed<22, 8, 5, 3, 0> >, complex<ap_fixed<32, 18, 5, 3, 0> > >|  return value|
|ap_continue          |   in|    1|  ap_ctrl_hs|  fft2dKernel<512u, 8u, 16u, 16u, 4096u, 22u, 32u, 2u, FFTParams, FFTParams2, 40000u, 80000u, complex<ap_fixed<22, 8, 5, 3, 0> >, complex<ap_fixed<32, 18, 5, 3, 0> > >|  return value|
|ap_ext_blocking_n    |  out|    1|  ap_ctrl_hs|  fft2dKernel<512u, 8u, 16u, 16u, 4096u, 22u, 32u, 2u, FFTParams, FFTParams2, 40000u, 80000u, complex<ap_fixed<22, 8, 5, 3, 0> >, complex<ap_fixed<32, 18, 5, 3, 0> > >|  return value|
|ap_str_blocking_n    |  out|    1|  ap_ctrl_hs|  fft2dKernel<512u, 8u, 16u, 16u, 4096u, 22u, 32u, 2u, FFTParams, FFTParams2, 40000u, 80000u, complex<ap_fixed<22, 8, 5, 3, 0> >, complex<ap_fixed<32, 18, 5, 3, 0> > >|  return value|
|ap_int_blocking_n    |  out|    1|  ap_ctrl_hs|  fft2dKernel<512u, 8u, 16u, 16u, 4096u, 22u, 32u, 2u, FFTParams, FFTParams2, 40000u, 80000u, complex<ap_fixed<22, 8, 5, 3, 0> >, complex<ap_fixed<32, 18, 5, 3, 0> > >|  return value|
+---------------------+-----+-----+------------+-----------------------------------------------------------------------------------------------------------------------------------------------------------------------+--------------+

