

================================================================
== Vitis HLS Report for 'fftStreamingKernelBody'
================================================================
* Date:           Thu Jan 27 12:47:22 2022

* Version:        2021.1 (Build 3247384 on Thu Jun 10 19:36:07 MDT 2021)
* Project:        fft2DKernel
* Solution:       solution (Vitis Kernel Flow Target)
* Product family: virtexuplus
* Target device:  xcvu9p-flgb2104-2-i


================================================================
== Performance Estimates
================================================================
+ Timing: 
    * Summary: 
    +--------+---------+----------+------------+
    |  Clock |  Target | Estimated| Uncertainty|
    +--------+---------+----------+------------+
    |ap_clk  |  4.00 ns|  2.983 ns|     1.08 ns|
    +--------+---------+----------+------------+

+ Latency: 
    * Summary: 
    +---------+---------+----------+----------+-----+-----+----------+
    |  Latency (cycles) |  Latency (absolute) |  Interval | Pipeline |
    |   min   |   max   |    min   |    max   | min | max |   Type   |
    +---------+---------+----------+----------+-----+-----+----------+
    |        ?|        ?|         ?|         ?|    ?|    ?|  dataflow|
    +---------+---------+----------+----------+-----+-----+----------+

    + Detail: 
        * Instance: 
        +--------------------------------------------------------------------------------------------------------------------------------------------------+-------------------------------------------------------------------------------------------------------------------------------------------------+---------+---------+-----------+-----------+-----+-----+------------------------------------------+
        |                                                                                                                                                  |                                                                                                                                                 |  Latency (cycles) |   Latency (absolute)  |  Interval |                 Pipeline                 |
        |                                                                     Instance                                                                     |                                                                      Module                                                                     |   min   |   max   |    min    |    max    | min | max |                   Type                   |
        +--------------------------------------------------------------------------------------------------------------------------------------------------+-------------------------------------------------------------------------------------------------------------------------------------------------+---------+---------+-----------+-----------+-----+-----+------------------------------------------+
        |convertSuperStreamToArray_1_80002_16_4_complex_ap_fixed_27_13_5_3_0_complex_ap_fixed_27_13_5_3_0_U0                                               |convertSuperStreamToArray_1_80002_16_4_complex_ap_fixed_27_13_5_3_0_complex_ap_fixed_27_13_5_3_0_s                                               |        3|        4|  12.000 ns|  16.000 ns|    3|    4|                                        no|
        |fftStreamingKernelBody_Loop_VITIS_LOOP_3267_1_proc263_U0                                                                                          |fftStreamingKernelBody_Loop_VITIS_LOOP_3267_1_proc263                                                                                            |       18|       18|  72.000 ns|  72.000 ns|   18|   18|                                        no|
        |innerFFT_16_4_80002_0_0_0_0_complex_ap_fixed_18_2_5_3_0_complex_ap_fixed_18_2_5_3_0_complex_ap_fixed_27_13_5_3_0_complex_ap_fixed_32_18_5_3_0_U0  |innerFFT_16_4_80002_0_0_0_0_complex_ap_fixed_18_2_5_3_0_complex_ap_fixed_18_2_5_3_0_complex_ap_fixed_27_13_5_3_0_complex_ap_fixed_32_18_5_3_0_s  |        ?|        ?|          ?|          ?|    ?|    ?|                                  dataflow|
        |fftStreamingKernelBody_Loop_VITIS_LOOP_3276_1_proc264_U0                                                                                          |fftStreamingKernelBody_Loop_VITIS_LOOP_3276_1_proc264                                                                                            |       18|       18|  72.000 ns|  72.000 ns|   18|   18|                                        no|
        |convertArrayToSuperStream_1_80002_16_4_complex_ap_fixed_32_18_5_3_0_U0                                                                            |convertArrayToSuperStream_1_80002_16_4_complex_ap_fixed_32_18_5_3_0_s                                                                            |        4|        5|  16.000 ns|  20.000 ns|    4|    4|  loop rewind stp(delay=0 clock cycles(s))|
        +--------------------------------------------------------------------------------------------------------------------------------------------------+-------------------------------------------------------------------------------------------------------------------------------------------------+---------+---------+-----------+-----------+-----+-----+------------------------------------------+

        * Loop: 
        N/A



================================================================
== Utilization Estimates
================================================================
* Summary: 
+---------------------+---------+------+---------+---------+-----+
|         Name        | BRAM_18K|  DSP |    FF   |   LUT   | URAM|
+---------------------+---------+------+---------+---------+-----+
|DSP                  |        -|     -|        -|        -|    -|
|Expression           |        -|     -|        0|       86|    -|
|FIFO                 |        -|     -|       80|      416|    -|
|Instance             |        0|    28|    13258|    12602|    0|
|Memory               |        0|     -|      512|      528|    0|
|Multiplexer          |        -|     -|        -|      144|    -|
|Register             |        -|     -|       16|        -|    -|
+---------------------+---------+------+---------+---------+-----+
|Total                |        0|    28|    13866|    13776|    0|
+---------------------+---------+------+---------+---------+-----+
|Available SLR        |     1440|  2280|   788160|   394080|  320|
+---------------------+---------+------+---------+---------+-----+
|Utilization SLR (%)  |        0|     1|        1|        3|    0|
+---------------------+---------+------+---------+---------+-----+
|Available            |     4320|  6840|  2364480|  1182240|  960|
+---------------------+---------+------+---------+---------+-----+
|Utilization (%)      |        0|    ~0|       ~0|        1|    0|
+---------------------+---------+------+---------+---------+-----+

+ Detail: 
    * Instance: 
    +--------------------------------------------------------------------------------------------------------------------------------------------------+-------------------------------------------------------------------------------------------------------------------------------------------------+---------+----+-------+-------+-----+
    |                                                                     Instance                                                                     |                                                                      Module                                                                     | BRAM_18K| DSP|   FF  |  LUT  | URAM|
    +--------------------------------------------------------------------------------------------------------------------------------------------------+-------------------------------------------------------------------------------------------------------------------------------------------------+---------+----+-------+-------+-----+
    |convertArrayToSuperStream_1_80002_16_4_complex_ap_fixed_32_18_5_3_0_U0                                                                            |convertArrayToSuperStream_1_80002_16_4_complex_ap_fixed_32_18_5_3_0_s                                                                            |        0|   0|      9|     97|    0|
    |convertSuperStreamToArray_1_80002_16_4_complex_ap_fixed_27_13_5_3_0_complex_ap_fixed_27_13_5_3_0_U0                                               |convertSuperStreamToArray_1_80002_16_4_complex_ap_fixed_27_13_5_3_0_complex_ap_fixed_27_13_5_3_0_s                                               |        0|   0|      5|     70|    0|
    |fftStreamingKernelBody_Loop_VITIS_LOOP_3267_1_proc263_U0                                                                                          |fftStreamingKernelBody_Loop_VITIS_LOOP_3267_1_proc263                                                                                            |        0|   0|     17|    274|    0|
    |fftStreamingKernelBody_Loop_VITIS_LOOP_3276_1_proc264_U0                                                                                          |fftStreamingKernelBody_Loop_VITIS_LOOP_3276_1_proc264                                                                                            |        0|   0|     19|    287|    0|
    |innerFFT_16_4_80002_0_0_0_0_complex_ap_fixed_18_2_5_3_0_complex_ap_fixed_18_2_5_3_0_complex_ap_fixed_27_13_5_3_0_complex_ap_fixed_32_18_5_3_0_U0  |innerFFT_16_4_80002_0_0_0_0_complex_ap_fixed_18_2_5_3_0_complex_ap_fixed_18_2_5_3_0_complex_ap_fixed_27_13_5_3_0_complex_ap_fixed_32_18_5_3_0_s  |        0|  28|  13208|  11874|    0|
    +--------------------------------------------------------------------------------------------------------------------------------------------------+-------------------------------------------------------------------------------------------------------------------------------------------------+---------+----+-------+-------+-----+
    |Total                                                                                                                                             |                                                                                                                                                 |        0|  28|  13258|  12602|    0|
    +--------------------------------------------------------------------------------------------------------------------------------------------------+-------------------------------------------------------------------------------------------------------------------------------------------------+---------+----+-------+-------+-----+

    * DSP: 
    N/A

    * Memory: 
    +-----------------------------+--------------------------------------------------+---------+----+----+-----+------+-----+------+-------------+
    |            Memory           |                      Module                      | BRAM_18K| FF | LUT| URAM| Words| Bits| Banks| W*Bits*Banks|
    +-----------------------------+--------------------------------------------------+---------+----+----+-----+------+-----+------+-------------+
    |p_inDataArray_M_real_V_0_U   |fftStreamingKernelBody_p_inDataArray_M_real_V_0   |        0|  32|  33|    0|     4|   27|     1|          108|
    |p_inDataArray_M_real_V_1_U   |fftStreamingKernelBody_p_inDataArray_M_real_V_0   |        0|  32|  33|    0|     4|   27|     1|          108|
    |p_inDataArray_M_real_V_2_U   |fftStreamingKernelBody_p_inDataArray_M_real_V_0   |        0|  32|  33|    0|     4|   27|     1|          108|
    |p_inDataArray_M_real_V_3_U   |fftStreamingKernelBody_p_inDataArray_M_real_V_0   |        0|  32|  33|    0|     4|   27|     1|          108|
    |p_inDataArray_M_imag_V_0_U   |fftStreamingKernelBody_p_inDataArray_M_real_V_0   |        0|  32|  33|    0|     4|   27|     1|          108|
    |p_inDataArray_M_imag_V_1_U   |fftStreamingKernelBody_p_inDataArray_M_real_V_0   |        0|  32|  33|    0|     4|   27|     1|          108|
    |p_inDataArray_M_imag_V_2_U   |fftStreamingKernelBody_p_inDataArray_M_real_V_0   |        0|  32|  33|    0|     4|   27|     1|          108|
    |p_inDataArray_M_imag_V_3_U   |fftStreamingKernelBody_p_inDataArray_M_real_V_0   |        0|  32|  33|    0|     4|   27|     1|          108|
    |p_outDataArray_M_real_V_0_U  |fftStreamingKernelBody_p_outDataArray_M_real_V_0  |        0|  32|  33|    0|     4|   32|     1|          128|
    |p_outDataArray_M_real_V_1_U  |fftStreamingKernelBody_p_outDataArray_M_real_V_0  |        0|  32|  33|    0|     4|   32|     1|          128|
    |p_outDataArray_M_real_V_2_U  |fftStreamingKernelBody_p_outDataArray_M_real_V_0  |        0|  32|  33|    0|     4|   32|     1|          128|
    |p_outDataArray_M_real_V_3_U  |fftStreamingKernelBody_p_outDataArray_M_real_V_0  |        0|  32|  33|    0|     4|   32|     1|          128|
    |p_outDataArray_M_imag_V_0_U  |fftStreamingKernelBody_p_outDataArray_M_real_V_0  |        0|  32|  33|    0|     4|   32|     1|          128|
    |p_outDataArray_M_imag_V_1_U  |fftStreamingKernelBody_p_outDataArray_M_real_V_0  |        0|  32|  33|    0|     4|   32|     1|          128|
    |p_outDataArray_M_imag_V_2_U  |fftStreamingKernelBody_p_outDataArray_M_real_V_0  |        0|  32|  33|    0|     4|   32|     1|          128|
    |p_outDataArray_M_imag_V_3_U  |fftStreamingKernelBody_p_outDataArray_M_real_V_0  |        0|  32|  33|    0|     4|   32|     1|          128|
    +-----------------------------+--------------------------------------------------+---------+----+----+-----+------+-----+------+-------------+
    |Total                        |                                                  |        0| 512| 528|    0|    64|  472|    16|         1888|
    +-----------------------------+--------------------------------------------------+---------+----+----+-----+------+-----+------+-------------+

    * FIFO: 
    +---------------------------+---------+---+----+-----+------+-----+---------+
    |            Name           | BRAM_18K| FF| LUT| URAM| Depth| Bits| Size:D*B|
    +---------------------------+---------+---+----+-----+------+-----+---------+
    |fftInStrm_V_M_imag_V_0_U   |        0|  5|   0|    -|     4|   27|      108|
    |fftInStrm_V_M_imag_V_1_U   |        0|  5|   0|    -|     4|   27|      108|
    |fftInStrm_V_M_imag_V_2_U   |        0|  5|   0|    -|     4|   27|      108|
    |fftInStrm_V_M_imag_V_3_U   |        0|  5|   0|    -|     4|   27|      108|
    |fftInStrm_V_M_real_V_0_U   |        0|  5|   0|    -|     4|   27|      108|
    |fftInStrm_V_M_real_V_1_U   |        0|  5|   0|    -|     4|   27|      108|
    |fftInStrm_V_M_real_V_2_U   |        0|  5|   0|    -|     4|   27|      108|
    |fftInStrm_V_M_real_V_3_U   |        0|  5|   0|    -|     4|   27|      108|
    |fftOutStrm_V_M_imag_V_0_U  |        0|  5|   0|    -|     4|   32|      128|
    |fftOutStrm_V_M_imag_V_1_U  |        0|  5|   0|    -|     4|   32|      128|
    |fftOutStrm_V_M_imag_V_2_U  |        0|  5|   0|    -|     4|   32|      128|
    |fftOutStrm_V_M_imag_V_3_U  |        0|  5|   0|    -|     4|   32|      128|
    |fftOutStrm_V_M_real_V_0_U  |        0|  5|   0|    -|     4|   32|      128|
    |fftOutStrm_V_M_real_V_1_U  |        0|  5|   0|    -|     4|   32|      128|
    |fftOutStrm_V_M_real_V_2_U  |        0|  5|   0|    -|     4|   32|      128|
    |fftOutStrm_V_M_real_V_3_U  |        0|  5|   0|    -|     4|   32|      128|
    +---------------------------+---------+---+----+-----+------+-----+---------+
    |Total                      |        0| 80|   0|    0|    64|  472|     1888|
    +---------------------------+---------+---+----+-----+------+-----+---------+

    * Expression: 
    +-----------------------------------------------------------------------------------------------------------------+----------+----+---+----+------------+------------+
    |                                                  Variable Name                                                  | Operation| DSP| FF| LUT| Bitwidth P0| Bitwidth P1|
    +-----------------------------------------------------------------------------------------------------------------+----------+----+---+----+------------+------------+
    |ap_channel_done_p_inDataArray_M_imag_V_0                                                                         |       and|   0|  0|   2|           1|           1|
    |ap_channel_done_p_inDataArray_M_imag_V_1                                                                         |       and|   0|  0|   2|           1|           1|
    |ap_channel_done_p_inDataArray_M_imag_V_2                                                                         |       and|   0|  0|   2|           1|           1|
    |ap_channel_done_p_inDataArray_M_imag_V_3                                                                         |       and|   0|  0|   2|           1|           1|
    |ap_channel_done_p_inDataArray_M_real_V_0                                                                         |       and|   0|  0|   2|           1|           1|
    |ap_channel_done_p_inDataArray_M_real_V_1                                                                         |       and|   0|  0|   2|           1|           1|
    |ap_channel_done_p_inDataArray_M_real_V_2                                                                         |       and|   0|  0|   2|           1|           1|
    |ap_channel_done_p_inDataArray_M_real_V_3                                                                         |       and|   0|  0|   2|           1|           1|
    |ap_channel_done_p_outDataArray_M_imag_V_0                                                                        |       and|   0|  0|   2|           1|           1|
    |ap_channel_done_p_outDataArray_M_imag_V_1                                                                        |       and|   0|  0|   2|           1|           1|
    |ap_channel_done_p_outDataArray_M_imag_V_2                                                                        |       and|   0|  0|   2|           1|           1|
    |ap_channel_done_p_outDataArray_M_imag_V_3                                                                        |       and|   0|  0|   2|           1|           1|
    |ap_channel_done_p_outDataArray_M_real_V_0                                                                        |       and|   0|  0|   2|           1|           1|
    |ap_channel_done_p_outDataArray_M_real_V_1                                                                        |       and|   0|  0|   2|           1|           1|
    |ap_channel_done_p_outDataArray_M_real_V_2                                                                        |       and|   0|  0|   2|           1|           1|
    |ap_channel_done_p_outDataArray_M_real_V_3                                                                        |       and|   0|  0|   2|           1|           1|
    |ap_ext_blocking_n                                                                                                |       and|   0|  0|   2|           1|           1|
    |ap_ext_blocking_sub_n                                                                                            |       and|   0|  0|   2|           1|           1|
    |ap_idle                                                                                                          |       and|   0|  0|   2|           1|           1|
    |ap_int_blocking_n                                                                                                |       and|   0|  0|   2|           1|           1|
    |ap_int_blocking_sub_n                                                                                            |       and|   0|  0|   2|           1|           1|
    |ap_str_blocking_n                                                                                                |       and|   0|  0|   2|           1|           1|
    |ap_str_blocking_sub_n                                                                                            |       and|   0|  0|   2|           1|           1|
    |convertArrayToSuperStream_1_80002_16_4_complex_ap_fixed_32_18_5_3_0_U0_ap_start                                  |       and|   0|  0|   2|           1|           1|
    |convertSuperStreamToArray_1_80002_16_4_complex_ap_fixed_27_13_5_3_0_complex_ap_fixed_27_13_5_3_0_U0_ap_continue  |       and|   0|  0|   2|           1|           1|
    |fftStreamingKernelBody_Loop_VITIS_LOOP_3267_1_proc263_U0_ap_start                                                |       and|   0|  0|   2|           1|           1|
    |fftStreamingKernelBody_Loop_VITIS_LOOP_3276_1_proc264_U0_ap_continue                                             |       and|   0|  0|   2|           1|           1|
    |ap_sync_channel_write_p_inDataArray_M_imag_V_0                                                                   |        or|   0|  0|   2|           1|           1|
    |ap_sync_channel_write_p_inDataArray_M_imag_V_1                                                                   |        or|   0|  0|   2|           1|           1|
    |ap_sync_channel_write_p_inDataArray_M_imag_V_2                                                                   |        or|   0|  0|   2|           1|           1|
    |ap_sync_channel_write_p_inDataArray_M_imag_V_3                                                                   |        or|   0|  0|   2|           1|           1|
    |ap_sync_channel_write_p_inDataArray_M_real_V_0                                                                   |        or|   0|  0|   2|           1|           1|
    |ap_sync_channel_write_p_inDataArray_M_real_V_1                                                                   |        or|   0|  0|   2|           1|           1|
    |ap_sync_channel_write_p_inDataArray_M_real_V_2                                                                   |        or|   0|  0|   2|           1|           1|
    |ap_sync_channel_write_p_inDataArray_M_real_V_3                                                                   |        or|   0|  0|   2|           1|           1|
    |ap_sync_channel_write_p_outDataArray_M_imag_V_0                                                                  |        or|   0|  0|   2|           1|           1|
    |ap_sync_channel_write_p_outDataArray_M_imag_V_1                                                                  |        or|   0|  0|   2|           1|           1|
    |ap_sync_channel_write_p_outDataArray_M_imag_V_2                                                                  |        or|   0|  0|   2|           1|           1|
    |ap_sync_channel_write_p_outDataArray_M_imag_V_3                                                                  |        or|   0|  0|   2|           1|           1|
    |ap_sync_channel_write_p_outDataArray_M_real_V_0                                                                  |        or|   0|  0|   2|           1|           1|
    |ap_sync_channel_write_p_outDataArray_M_real_V_1                                                                  |        or|   0|  0|   2|           1|           1|
    |ap_sync_channel_write_p_outDataArray_M_real_V_2                                                                  |        or|   0|  0|   2|           1|           1|
    |ap_sync_channel_write_p_outDataArray_M_real_V_3                                                                  |        or|   0|  0|   2|           1|           1|
    +-----------------------------------------------------------------------------------------------------------------+----------+----+---+----+------------+------------+
    |Total                                                                                                            |          |   0|  0|  86|          43|          43|
    +-----------------------------------------------------------------------------------------------------------------+----------+----+---+----+------------+------------+

    * Multiplexer: 
    +-----------------------------------------------------+----+-----------+-----+-----------+
    |                         Name                        | LUT| Input Size| Bits| Total Bits|
    +-----------------------------------------------------+----+-----------+-----+-----------+
    |ap_sync_reg_channel_write_p_inDataArray_M_imag_V_0   |   9|          2|    1|          2|
    |ap_sync_reg_channel_write_p_inDataArray_M_imag_V_1   |   9|          2|    1|          2|
    |ap_sync_reg_channel_write_p_inDataArray_M_imag_V_2   |   9|          2|    1|          2|
    |ap_sync_reg_channel_write_p_inDataArray_M_imag_V_3   |   9|          2|    1|          2|
    |ap_sync_reg_channel_write_p_inDataArray_M_real_V_0   |   9|          2|    1|          2|
    |ap_sync_reg_channel_write_p_inDataArray_M_real_V_1   |   9|          2|    1|          2|
    |ap_sync_reg_channel_write_p_inDataArray_M_real_V_2   |   9|          2|    1|          2|
    |ap_sync_reg_channel_write_p_inDataArray_M_real_V_3   |   9|          2|    1|          2|
    |ap_sync_reg_channel_write_p_outDataArray_M_imag_V_0  |   9|          2|    1|          2|
    |ap_sync_reg_channel_write_p_outDataArray_M_imag_V_1  |   9|          2|    1|          2|
    |ap_sync_reg_channel_write_p_outDataArray_M_imag_V_2  |   9|          2|    1|          2|
    |ap_sync_reg_channel_write_p_outDataArray_M_imag_V_3  |   9|          2|    1|          2|
    |ap_sync_reg_channel_write_p_outDataArray_M_real_V_0  |   9|          2|    1|          2|
    |ap_sync_reg_channel_write_p_outDataArray_M_real_V_1  |   9|          2|    1|          2|
    |ap_sync_reg_channel_write_p_outDataArray_M_real_V_2  |   9|          2|    1|          2|
    |ap_sync_reg_channel_write_p_outDataArray_M_real_V_3  |   9|          2|    1|          2|
    +-----------------------------------------------------+----+-----------+-----+-----------+
    |Total                                                | 144|         32|   16|         32|
    +-----------------------------------------------------+----+-----------+-----+-----------+

    * Register: 
    +-----------------------------------------------------+---+----+-----+-----------+
    |                         Name                        | FF| LUT| Bits| Const Bits|
    +-----------------------------------------------------+---+----+-----+-----------+
    |ap_sync_reg_channel_write_p_inDataArray_M_imag_V_0   |  1|   0|    1|          0|
    |ap_sync_reg_channel_write_p_inDataArray_M_imag_V_1   |  1|   0|    1|          0|
    |ap_sync_reg_channel_write_p_inDataArray_M_imag_V_2   |  1|   0|    1|          0|
    |ap_sync_reg_channel_write_p_inDataArray_M_imag_V_3   |  1|   0|    1|          0|
    |ap_sync_reg_channel_write_p_inDataArray_M_real_V_0   |  1|   0|    1|          0|
    |ap_sync_reg_channel_write_p_inDataArray_M_real_V_1   |  1|   0|    1|          0|
    |ap_sync_reg_channel_write_p_inDataArray_M_real_V_2   |  1|   0|    1|          0|
    |ap_sync_reg_channel_write_p_inDataArray_M_real_V_3   |  1|   0|    1|          0|
    |ap_sync_reg_channel_write_p_outDataArray_M_imag_V_0  |  1|   0|    1|          0|
    |ap_sync_reg_channel_write_p_outDataArray_M_imag_V_1  |  1|   0|    1|          0|
    |ap_sync_reg_channel_write_p_outDataArray_M_imag_V_2  |  1|   0|    1|          0|
    |ap_sync_reg_channel_write_p_outDataArray_M_imag_V_3  |  1|   0|    1|          0|
    |ap_sync_reg_channel_write_p_outDataArray_M_real_V_0  |  1|   0|    1|          0|
    |ap_sync_reg_channel_write_p_outDataArray_M_real_V_1  |  1|   0|    1|          0|
    |ap_sync_reg_channel_write_p_outDataArray_M_real_V_2  |  1|   0|    1|          0|
    |ap_sync_reg_channel_write_p_outDataArray_M_real_V_3  |  1|   0|    1|          0|
    +-----------------------------------------------------+---+----+-----+-----------+
    |Total                                                | 16|   0|   16|          0|
    +-----------------------------------------------------+---+----+-----+-----------+



================================================================
== Interface
================================================================
* Summary: 
+--------------------------------+-----+-----+------------+-------------------------+--------------+
|            RTL Ports           | Dir | Bits|  Protocol  |      Source Object      |    C Type    |
+--------------------------------+-----+-----+------------+-------------------------+--------------+
|ap_clk                          |   in|    1|  ap_ctrl_hs|   fftStreamingKernelBody|  return value|
|ap_rst                          |   in|    1|  ap_ctrl_hs|   fftStreamingKernelBody|  return value|
|ap_start                        |   in|    1|  ap_ctrl_hs|   fftStreamingKernelBody|  return value|
|ap_done                         |  out|    1|  ap_ctrl_hs|   fftStreamingKernelBody|  return value|
|ap_ready                        |  out|    1|  ap_ctrl_hs|   fftStreamingKernelBody|  return value|
|ap_idle                         |  out|    1|  ap_ctrl_hs|   fftStreamingKernelBody|  return value|
|ap_continue                     |   in|    1|  ap_ctrl_hs|   fftStreamingKernelBody|  return value|
|ap_ext_blocking_n               |  out|    1|  ap_ctrl_hs|   fftStreamingKernelBody|  return value|
|ap_str_blocking_n               |  out|    1|  ap_ctrl_hs|   fftStreamingKernelBody|  return value|
|ap_int_blocking_n               |  out|    1|  ap_ctrl_hs|   fftStreamingKernelBody|  return value|
|ssrWideStream4kernelIn_dout     |   in|  256|     ap_fifo|   ssrWideStream4kernelIn|       pointer|
|ssrWideStream4kernelIn_empty_n  |   in|    1|     ap_fifo|   ssrWideStream4kernelIn|       pointer|
|ssrWideStream4kernelIn_read     |  out|    1|     ap_fifo|   ssrWideStream4kernelIn|       pointer|
|ssrWideStream4kernelOut_din     |  out|  256|     ap_fifo|  ssrWideStream4kernelOut|       pointer|
|ssrWideStream4kernelOut_full_n  |   in|    1|     ap_fifo|  ssrWideStream4kernelOut|       pointer|
|ssrWideStream4kernelOut_write   |  out|    1|     ap_fifo|  ssrWideStream4kernelOut|       pointer|
+--------------------------------+-----+-----+------------+-------------------------+--------------+

