

================================================================
== Vitis HLS Report for 'fftStreamingKernel_2'
================================================================
* Date:           Thu Jan 27 12:46:25 2022

* Version:        2021.1 (Build 3247384 on Thu Jun 10 19:36:07 MDT 2021)
* Project:        fft2DKernel
* Solution:       solution (Vitis Kernel Flow Target)
* Product family: virtexuplus
* Target device:  xcvu9p-flgb2104-2-i


================================================================
== Performance Estimates
================================================================
+ Timing: 
    * Summary: 
    +--------+---------+----------+------------+
    |  Clock |  Target | Estimated| Uncertainty|
    +--------+---------+----------+------------+
    |ap_clk  |  4.00 ns|  2.983 ns|     1.08 ns|
    +--------+---------+----------+------------+

+ Latency: 
    * Summary: 
    +---------+---------+----------+----------+-----+-----+---------+
    |  Latency (cycles) |  Latency (absolute) |  Interval | Pipeline|
    |   min   |   max   |    min   |    max   | min | max |   Type  |
    +---------+---------+----------+----------+-----+-----+---------+
    |        ?|        ?|         ?|         ?|    ?|    ?|       no|
    +---------+---------+----------+----------+-----+-----+---------+

    + Detail: 
        * Instance: 
        +------------------------------------+--------------------------+---------+---------+----------+----------+-----+-----+----------+
        |                                    |                          |  Latency (cycles) |  Latency (absolute) |  Interval | Pipeline |
        |              Instance              |          Module          |   min   |   max   |    min   |    max   | min | max |   Type   |
        +------------------------------------+--------------------------+---------+---------+----------+----------+-----+-----+----------+
        |grp_fftStreamingKernelBody_2_fu_96  |fftStreamingKernelBody_2  |        ?|        ?|         ?|         ?|    ?|    ?|  dataflow|
        +------------------------------------+--------------------------+---------+---------+----------+----------+-----+-----+----------+

        * Loop: 
        +-------------------+---------+---------+----------+-----------+-----------+------+----------+
        |                   |  Latency (cycles) | Iteration|  Initiation Interval  | Trip |          |
        |     Loop Name     |   min   |   max   |  Latency |  achieved |   target  | Count| Pipelined|
        +-------------------+---------+---------+----------+-----------+-----------+------+----------+
        |- VITIS_LOOP_81_1  |        ?|        ?|         ?|          -|          -|     8|        no|
        +-------------------+---------+---------+----------+-----------+-----------+------+----------+



================================================================
== Utilization Estimates
================================================================
* Summary: 
+---------------------+---------+------+---------+---------+-----+
|         Name        | BRAM_18K|  DSP |    FF   |   LUT   | URAM|
+---------------------+---------+------+---------+---------+-----+
|DSP                  |        -|     -|        -|        -|    -|
|Expression           |        -|     -|        0|       33|    -|
|FIFO                 |        -|     -|        -|        -|    -|
|Instance             |        0|    14|    10542|    12450|    0|
|Memory               |        -|     -|        -|        -|    -|
|Multiplexer          |        -|     -|        -|       65|    -|
|Register             |        -|     -|       12|        -|    -|
+---------------------+---------+------+---------+---------+-----+
|Total                |        0|    14|    10554|    12548|    0|
+---------------------+---------+------+---------+---------+-----+
|Available SLR        |     1440|  2280|   788160|   394080|  320|
+---------------------+---------+------+---------+---------+-----+
|Utilization SLR (%)  |        0|    ~0|        1|        3|    0|
+---------------------+---------+------+---------+---------+-----+
|Available            |     4320|  6840|  2364480|  1182240|  960|
+---------------------+---------+------+---------+---------+-----+
|Utilization (%)      |        0|    ~0|       ~0|        1|    0|
+---------------------+---------+------+---------+---------+-----+

+ Detail: 
    * Instance: 
    +------------------------------------+--------------------------+---------+----+-------+-------+-----+
    |              Instance              |          Module          | BRAM_18K| DSP|   FF  |  LUT  | URAM|
    +------------------------------------+--------------------------+---------+----+-------+-------+-----+
    |grp_fftStreamingKernelBody_2_fu_96  |fftStreamingKernelBody_2  |        0|  14|  10542|  12450|    0|
    +------------------------------------+--------------------------+---------+----+-------+-------+-----+
    |Total                               |                          |        0|  14|  10542|  12450|    0|
    +------------------------------------+--------------------------+---------+----+-------+-------+-----+

    * DSP: 
    N/A

    * Memory: 
    N/A

    * FIFO: 
    N/A

    * Expression: 
    +-----------------------------------------------------+----------+----+---+----+------------+------------+
    |                    Variable Name                    | Operation| DSP| FF| LUT| Bitwidth P0| Bitwidth P1|
    +-----------------------------------------------------+----------+----+---+----+------------+------------+
    |fftn_3_fu_172_p2                                     |         +|   0|  0|  12|           4|           1|
    |ap_ext_blocking_n                                    |       and|   0|  0|   2|           1|           2|
    |ap_int_blocking_n                                    |       and|   0|  0|   2|           1|           2|
    |ap_str_blocking_n                                    |       and|   0|  0|   2|           1|           2|
    |icmp_ln81_fu_166_p2                                  |      icmp|   0|  0|   9|           4|           5|
    |ap_block_state1                                      |        or|   0|  0|   2|           1|           1|
    |ap_sync_grp_fftStreamingKernelBody_2_fu_96_ap_done   |        or|   0|  0|   2|           1|           1|
    |ap_sync_grp_fftStreamingKernelBody_2_fu_96_ap_ready  |        or|   0|  0|   2|           1|           1|
    +-----------------------------------------------------+----------+----+---+----+------------+------------+
    |Total                                                |          |   0|  0|  33|          14|          15|
    +-----------------------------------------------------+----------+----+---+----+------------+------------+

    * Multiplexer: 
    +-------------------------------+----+-----------+-----+-----------+
    |              Name             | LUT| Input Size| Bits| Total Bits|
    +-------------------------------+----+-----------+-----+-----------+
    |ap_NS_fsm                      |  20|          4|    1|          4|
    |ap_done                        |   9|          2|    1|          2|
    |fftn_01_fu_92                  |   9|          2|    4|          8|
    |real_start                     |   9|          2|    1|          2|
    |ssrWideStream4kernelIn_read    |   9|          2|    1|          2|
    |ssrWideStream4kernelOut_write  |   9|          2|    1|          2|
    +-------------------------------+----+-----------+-----+-----------+
    |Total                          |  65|         14|    9|         20|
    +-------------------------------+----+-----------+-----+-----------+

    * Register: 
    +---------------------------------------------------------+---+----+-----+-----------+
    |                           Name                          | FF| LUT| Bits| Const Bits|
    +---------------------------------------------------------+---+----+-----+-----------+
    |ap_CS_fsm                                                |  3|   0|    3|          0|
    |ap_done_reg                                              |  1|   0|    1|          0|
    |ap_sync_reg_grp_fftStreamingKernelBody_2_fu_96_ap_done   |  1|   0|    1|          0|
    |ap_sync_reg_grp_fftStreamingKernelBody_2_fu_96_ap_ready  |  1|   0|    1|          0|
    |fftn_01_fu_92                                            |  4|   0|    4|          0|
    |grp_fftStreamingKernelBody_2_fu_96_ap_start_reg          |  1|   0|    1|          0|
    |start_once_reg                                           |  1|   0|    1|          0|
    +---------------------------------------------------------+---+----+-----+-----------+
    |Total                                                    | 12|   0|   12|          0|
    +---------------------------------------------------------+---+----+-----+-----------+



================================================================
== Interface
================================================================
* Summary: 
+--------------------------------+-----+-----+------------+-------------------------+--------------+
|            RTL Ports           | Dir | Bits|  Protocol  |      Source Object      |    C Type    |
+--------------------------------+-----+-----+------------+-------------------------+--------------+
|ap_clk                          |   in|    1|  ap_ctrl_hs|     fftStreamingKernel.2|  return value|
|ap_rst                          |   in|    1|  ap_ctrl_hs|     fftStreamingKernel.2|  return value|
|ap_start                        |   in|    1|  ap_ctrl_hs|     fftStreamingKernel.2|  return value|
|start_full_n                    |   in|    1|  ap_ctrl_hs|     fftStreamingKernel.2|  return value|
|ap_done                         |  out|    1|  ap_ctrl_hs|     fftStreamingKernel.2|  return value|
|ap_continue                     |   in|    1|  ap_ctrl_hs|     fftStreamingKernel.2|  return value|
|ap_idle                         |  out|    1|  ap_ctrl_hs|     fftStreamingKernel.2|  return value|
|ap_ready                        |  out|    1|  ap_ctrl_hs|     fftStreamingKernel.2|  return value|
|start_out                       |  out|    1|  ap_ctrl_hs|     fftStreamingKernel.2|  return value|
|start_write                     |  out|    1|  ap_ctrl_hs|     fftStreamingKernel.2|  return value|
|ap_ext_blocking_n               |  out|    1|  ap_ctrl_hs|     fftStreamingKernel.2|  return value|
|ap_str_blocking_n               |  out|    1|  ap_ctrl_hs|     fftStreamingKernel.2|  return value|
|ap_int_blocking_n               |  out|    1|  ap_ctrl_hs|     fftStreamingKernel.2|  return value|
|ssrWideStream4kernelIn_dout     |   in|  256|     ap_fifo|   ssrWideStream4kernelIn|       pointer|
|ssrWideStream4kernelIn_empty_n  |   in|    1|     ap_fifo|   ssrWideStream4kernelIn|       pointer|
|ssrWideStream4kernelIn_read     |  out|    1|     ap_fifo|   ssrWideStream4kernelIn|       pointer|
|ssrWideStream4kernelOut_din     |  out|  256|     ap_fifo|  ssrWideStream4kernelOut|       pointer|
|ssrWideStream4kernelOut_full_n  |   in|    1|     ap_fifo|  ssrWideStream4kernelOut|       pointer|
|ssrWideStream4kernelOut_write   |  out|    1|     ap_fifo|  ssrWideStream4kernelOut|       pointer|
+--------------------------------+-----+-----+------------+-------------------------+--------------+

