

================================================================
== Vitis HLS Report for 'fftStage'
================================================================
* Date:           Thu Jan 27 12:47:17 2022

* Version:        2021.1 (Build 3247384 on Thu Jun 10 19:36:07 MDT 2021)
* Project:        fft2DKernel
* Solution:       solution (Vitis Kernel Flow Target)
* Product family: virtexuplus
* Target device:  xcvu9p-flgb2104-2-i


================================================================
== Performance Estimates
================================================================
+ Timing: 
    * Summary: 
    +--------+---------+----------+------------+
    |  Clock |  Target | Estimated| Uncertainty|
    +--------+---------+----------+------------+
    |ap_clk  |  4.00 ns|  2.983 ns|     1.08 ns|
    +--------+---------+----------+------------+

+ Latency: 
    * Summary: 
    +---------+---------+----------+----------+-----+-----+----------+
    |  Latency (cycles) |  Latency (absolute) |  Interval | Pipeline |
    |   min   |   max   |    min   |    max   | min | max |   Type   |
    +---------+---------+----------+----------+-----+-----+----------+
    |        ?|        ?|         ?|         ?|    ?|    ?|  dataflow|
    +---------+---------+----------+----------+-----+-----+----------+

    + Detail: 
        * Instance: 
        +-------------------------------------------------------------------------------------------------------------------------------------------------------------------------------------+----------------------------------------------------------------------------------------------------------------------------------------------------------------------------------+---------+---------+-----------+-----------+-----+-----+------------------------------------------+
        |                                                                                                                                                                                     |                                                                                                                                                                                  |  Latency (cycles) |   Latency (absolute)  |  Interval |                 Pipeline                 |
        |                                                                                       Instance                                                                                      |                                                                                      Module                                                                                      |   min   |   max   |    min    |    max    | min | max |                   Type                   |
        +-------------------------------------------------------------------------------------------------------------------------------------------------------------------------------------+----------------------------------------------------------------------------------------------------------------------------------------------------------------------------------+---------+---------+-----------+-----------+-----+-----+------------------------------------------+
        |fftStageKernelS2S_16_4_0_0_0_2_complex_ap_fixed_30_16_5_3_0_complex_ap_fixed_18_2_5_3_0_complex_ap_fixed_18_2_5_3_0_complex_ap_fixed_27_13_5_3_0_complex_ap_fixed_30_16_5_3_0_87_U0  |fftStageKernelS2S_16_4_0_0_0_2_complex_ap_fixed_30_16_5_3_0_complex_ap_fixed_18_2_5_3_0_complex_ap_fixed_18_2_5_3_0_complex_ap_fixed_27_13_5_3_0_complex_ap_fixed_30_16_5_3_0_87  |        ?|        ?|          ?|          ?|    0|    0|  loop rewind stp(delay=0 clock cycles(s))|
        |streamingDataCommutor_complex_ap_fixed_30_16_5_3_0_U0                                                                                                                                |streamingDataCommutor_complex_ap_fixed_30_16_5_3_0_s                                                                                                                              |       11|       12|  44.000 ns|  48.000 ns|   10|   10|  loop rewind stp(delay=0 clock cycles(s))|
        |fftStage_1_U0                                                                                                                                                                        |fftStage_1                                                                                                                                                                        |        ?|        ?|          ?|          ?|    ?|    ?|                                  dataflow|
        +-------------------------------------------------------------------------------------------------------------------------------------------------------------------------------------+----------------------------------------------------------------------------------------------------------------------------------------------------------------------------------+---------+---------+-----------+-----------+-----+-----+------------------------------------------+

        * Loop: 
        N/A



================================================================
== Utilization Estimates
================================================================
* Summary: 
+---------------------+---------+------+---------+---------+-----+
|         Name        | BRAM_18K|  DSP |    FF   |   LUT   | URAM|
+---------------------+---------+------+---------+---------+-----+
|DSP                  |        -|     -|        -|        -|    -|
|Expression           |        -|     -|        0|       18|    -|
|FIFO                 |        -|     -|     1562|      850|    -|
|Instance             |        0|    28|     9038|     9164|    0|
|Memory               |        -|     -|        -|        -|    -|
|Multiplexer          |        -|     -|        -|        -|    -|
|Register             |        -|     -|        2|        -|    -|
+---------------------+---------+------+---------+---------+-----+
|Total                |        0|    28|    10602|    10032|    0|
+---------------------+---------+------+---------+---------+-----+
|Available SLR        |     1440|  2280|   788160|   394080|  320|
+---------------------+---------+------+---------+---------+-----+
|Utilization SLR (%)  |        0|     1|        1|        2|    0|
+---------------------+---------+------+---------+---------+-----+
|Available            |     4320|  6840|  2364480|  1182240|  960|
+---------------------+---------+------+---------+---------+-----+
|Utilization (%)      |        0|    ~0|       ~0|       ~0|    0|
+---------------------+---------+------+---------+---------+-----+

+ Detail: 
    * Instance: 
    +-------------------------------------------------------------------------------------------------------------------------------------------------------------------------------------+----------------------------------------------------------------------------------------------------------------------------------------------------------------------------------+---------+----+------+------+-----+
    |                                                                                       Instance                                                                                      |                                                                                      Module                                                                                      | BRAM_18K| DSP|  FF  |  LUT | URAM|
    +-------------------------------------------------------------------------------------------------------------------------------------------------------------------------------------+----------------------------------------------------------------------------------------------------------------------------------------------------------------------------------+---------+----+------+------+-----+
    |fftStageKernelS2S_16_4_0_0_0_2_complex_ap_fixed_30_16_5_3_0_complex_ap_fixed_18_2_5_3_0_complex_ap_fixed_18_2_5_3_0_complex_ap_fixed_27_13_5_3_0_complex_ap_fixed_30_16_5_3_0_87_U0  |fftStageKernelS2S_16_4_0_0_0_2_complex_ap_fixed_30_16_5_3_0_complex_ap_fixed_18_2_5_3_0_complex_ap_fixed_18_2_5_3_0_complex_ap_fixed_27_13_5_3_0_complex_ap_fixed_30_16_5_3_0_87  |        0|  28|  4167|  3428|    0|
    |fftStage_1_U0                                                                                                                                                                        |fftStage_1                                                                                                                                                                        |        0|   0|  3787|  4921|    0|
    |streamingDataCommutor_complex_ap_fixed_30_16_5_3_0_U0                                                                                                                                |streamingDataCommutor_complex_ap_fixed_30_16_5_3_0_s                                                                                                                              |        0|   0|  1084|   815|    0|
    +-------------------------------------------------------------------------------------------------------------------------------------------------------------------------------------+----------------------------------------------------------------------------------------------------------------------------------------------------------------------------------+---------+----+------+------+-----+
    |Total                                                                                                                                                                                |                                                                                                                                                                                  |        0|  28|  9038|  9164|    0|
    +-------------------------------------------------------------------------------------------------------------------------------------------------------------------------------------+----------------------------------------------------------------------------------------------------------------------------------------------------------------------------------+---------+----+------+------+-----+

    * DSP: 
    N/A

    * Memory: 
    N/A

    * FIFO: 
    +---------------------+---------+-----+----+-----+------+-----+---------+
    |         Name        | BRAM_18K|  FF | LUT| URAM| Depth| Bits| Size:D*B|
    +---------------------+---------+-----+----+-----+------+-----+---------+
    |fftOutData_local2_U  |        0|  781|   0|    -|     8|  256|     2048|
    |fftOutData_local_U   |        0|  781|   0|    -|     8|  256|     2048|
    +---------------------+---------+-----+----+-----+------+-----+---------+
    |Total                |        0| 1562|   0|    0|    16|  512|     4096|
    +---------------------+---------+-----+----+-----+------+-----+---------+

    * Expression: 
    +----------------------------------------------------------------+----------+----+---+----+------------+------------+
    |                          Variable Name                         | Operation| DSP| FF| LUT| Bitwidth P0| Bitwidth P1|
    +----------------------------------------------------------------+----------+----+---+----+------------+------------+
    |ap_ext_blocking_n                                               |       and|   0|  0|   2|           1|           1|
    |ap_ext_blocking_sub_n                                           |       and|   0|  0|   2|           1|           1|
    |ap_idle                                                         |       and|   0|  0|   2|           1|           1|
    |ap_int_blocking_n                                               |       and|   0|  0|   2|           1|           1|
    |ap_int_blocking_sub_n                                           |       and|   0|  0|   2|           1|           1|
    |ap_str_blocking_n                                               |       and|   0|  0|   2|           1|           1|
    |ap_str_blocking_sub_n                                           |       and|   0|  0|   2|           1|           1|
    |fftStage_1_U0_ap_start                                          |        or|   0|  0|   2|           1|           1|
    |streamingDataCommutor_complex_ap_fixed_30_16_5_3_0_U0_ap_start  |        or|   0|  0|   2|           1|           1|
    +----------------------------------------------------------------+----------+----+---+----+------------+------------+
    |Total                                                           |          |   0|  0|  18|           9|           9|
    +----------------------------------------------------------------+----------+----+---+----+------------+------------+

    * Multiplexer: 
    N/A

    * Register: 
    +----------------------------------------------------------------------------+---+----+-----+-----------+
    |                                    Name                                    | FF| LUT| Bits| Const Bits|
    +----------------------------------------------------------------------------+---+----+-----+-----------+
    |ap_sync_reg_fftStage_1_U0_ap_start                                          |  1|   0|    1|          0|
    |ap_sync_reg_streamingDataCommutor_complex_ap_fixed_30_16_5_3_0_U0_ap_start  |  1|   0|    1|          0|
    +----------------------------------------------------------------------------+---+----+-----+-----------+
    |Total                                                                       |  2|   0|    2|          0|
    +----------------------------------------------------------------------------+---+----+-----+-----------+



================================================================
== Interface
================================================================
* Summary: 
+--------------------------------+-----+-----+------------+-------------------------+--------------+
|            RTL Ports           | Dir | Bits|  Protocol  |      Source Object      |    C Type    |
+--------------------------------+-----+-----+------------+-------------------------+--------------+
|p_fftInData_reOrdered_dout      |   in|  256|     ap_fifo|    p_fftInData_reOrdered|       pointer|
|p_fftInData_reOrdered_empty_n   |   in|    1|     ap_fifo|    p_fftInData_reOrdered|       pointer|
|p_fftInData_reOrdered_read      |  out|    1|     ap_fifo|    p_fftInData_reOrdered|       pointer|
|p_fftOutData_0_0_0_0_0_din      |  out|   32|     ap_fifo|   p_fftOutData_0_0_0_0_0|       pointer|
|p_fftOutData_0_0_0_0_0_full_n   |   in|    1|     ap_fifo|   p_fftOutData_0_0_0_0_0|       pointer|
|p_fftOutData_0_0_0_0_0_write    |  out|    1|     ap_fifo|   p_fftOutData_0_0_0_0_0|       pointer|
|p_fftOutData_0_0_0_0_01_din     |  out|   32|     ap_fifo|  p_fftOutData_0_0_0_0_01|       pointer|
|p_fftOutData_0_0_0_0_01_full_n  |   in|    1|     ap_fifo|  p_fftOutData_0_0_0_0_01|       pointer|
|p_fftOutData_0_0_0_0_01_write   |  out|    1|     ap_fifo|  p_fftOutData_0_0_0_0_01|       pointer|
|p_fftOutData_0_0_0_0_02_din     |  out|   32|     ap_fifo|  p_fftOutData_0_0_0_0_02|       pointer|
|p_fftOutData_0_0_0_0_02_full_n  |   in|    1|     ap_fifo|  p_fftOutData_0_0_0_0_02|       pointer|
|p_fftOutData_0_0_0_0_02_write   |  out|    1|     ap_fifo|  p_fftOutData_0_0_0_0_02|       pointer|
|p_fftOutData_0_0_0_0_03_din     |  out|   32|     ap_fifo|  p_fftOutData_0_0_0_0_03|       pointer|
|p_fftOutData_0_0_0_0_03_full_n  |   in|    1|     ap_fifo|  p_fftOutData_0_0_0_0_03|       pointer|
|p_fftOutData_0_0_0_0_03_write   |  out|    1|     ap_fifo|  p_fftOutData_0_0_0_0_03|       pointer|
|p_fftOutData_0_1_0_0_0_din      |  out|   32|     ap_fifo|   p_fftOutData_0_1_0_0_0|       pointer|
|p_fftOutData_0_1_0_0_0_full_n   |   in|    1|     ap_fifo|   p_fftOutData_0_1_0_0_0|       pointer|
|p_fftOutData_0_1_0_0_0_write    |  out|    1|     ap_fifo|   p_fftOutData_0_1_0_0_0|       pointer|
|p_fftOutData_0_1_0_0_04_din     |  out|   32|     ap_fifo|  p_fftOutData_0_1_0_0_04|       pointer|
|p_fftOutData_0_1_0_0_04_full_n  |   in|    1|     ap_fifo|  p_fftOutData_0_1_0_0_04|       pointer|
|p_fftOutData_0_1_0_0_04_write   |  out|    1|     ap_fifo|  p_fftOutData_0_1_0_0_04|       pointer|
|p_fftOutData_0_1_0_0_05_din     |  out|   32|     ap_fifo|  p_fftOutData_0_1_0_0_05|       pointer|
|p_fftOutData_0_1_0_0_05_full_n  |   in|    1|     ap_fifo|  p_fftOutData_0_1_0_0_05|       pointer|
|p_fftOutData_0_1_0_0_05_write   |  out|    1|     ap_fifo|  p_fftOutData_0_1_0_0_05|       pointer|
|p_fftOutData_0_1_0_0_06_din     |  out|   32|     ap_fifo|  p_fftOutData_0_1_0_0_06|       pointer|
|p_fftOutData_0_1_0_0_06_full_n  |   in|    1|     ap_fifo|  p_fftOutData_0_1_0_0_06|       pointer|
|p_fftOutData_0_1_0_0_06_write   |  out|    1|     ap_fifo|  p_fftOutData_0_1_0_0_06|       pointer|
|ap_clk                          |   in|    1|  ap_ctrl_hs|                 fftStage|  return value|
|ap_rst                          |   in|    1|  ap_ctrl_hs|                 fftStage|  return value|
|ap_start                        |   in|    1|  ap_ctrl_hs|                 fftStage|  return value|
|ap_done                         |  out|    1|  ap_ctrl_hs|                 fftStage|  return value|
|ap_ready                        |  out|    1|  ap_ctrl_hs|                 fftStage|  return value|
|ap_idle                         |  out|    1|  ap_ctrl_hs|                 fftStage|  return value|
|ap_continue                     |   in|    1|  ap_ctrl_hs|                 fftStage|  return value|
|ap_ext_blocking_n               |  out|    1|  ap_ctrl_hs|                 fftStage|  return value|
|ap_str_blocking_n               |  out|    1|  ap_ctrl_hs|                 fftStage|  return value|
|ap_int_blocking_n               |  out|    1|  ap_ctrl_hs|                 fftStage|  return value|
+--------------------------------+-----+-----+------------+-------------------------+--------------+

