

================================================================
== Vitis HLS Report for 'streamingDataCommutor_complex_ap_fixed_30_16_5_3_0_1'
================================================================
* Date:           Thu Jan 27 12:47:33 2022

* Version:        2021.1 (Build 3247384 on Thu Jun 10 19:36:07 MDT 2021)
* Project:        fft2DKernel
* Solution:       solution (Vitis Kernel Flow Target)
* Product family: virtexuplus
* Target device:  xcvu9p-flgb2104-2-i


================================================================
== Performance Estimates
================================================================
+ Timing: 
    * Summary: 
    +--------+---------+----------+------------+
    |  Clock |  Target | Estimated| Uncertainty|
    +--------+---------+----------+------------+
    |ap_clk  |  4.00 ns|  2.408 ns|     1.08 ns|
    +--------+---------+----------+------------+

+ Latency: 
    * Summary: 
    +---------+---------+-----------+-----------+-----+-----+------------------------------------------+
    |  Latency (cycles) |   Latency (absolute)  |  Interval |                 Pipeline                 |
    |   min   |   max   |    min    |    max    | min | max |                   Type                   |
    +---------+---------+-----------+-----------+-----+-----+------------------------------------------+
    |       11|       12|  44.000 ns|  48.000 ns|   10|   10|  loop rewind stp(delay=0 clock cycles(s))|
    +---------+---------+-----------+-----------+-----+-----+------------------------------------------+

    + Detail: 
        * Instance: 
        N/A

        * Loop: 
        +--------------------+---------+---------+----------+-----------+-----------+------+----------+
        |                    |  Latency (cycles) | Iteration|  Initiation Interval  | Trip |          |
        |      Loop Name     |   min   |   max   |  Latency |  achieved |   target  | Count| Pipelined|
        +--------------------+---------+---------+----------+-----------+-----------+------+----------+
        |- VITIS_LOOP_231_1  |       11|       11|         3|          1|          1|    10|       yes|
        +--------------------+---------+---------+----------+-----------+-----------+------+----------+



================================================================
== Utilization Estimates
================================================================
* Summary: 
+---------------------+---------+------+---------+---------+-----+
|         Name        | BRAM_18K|  DSP |    FF   |   LUT   | URAM|
+---------------------+---------+------+---------+---------+-----+
|DSP                  |        -|     -|        -|        -|    -|
|Expression           |        -|     -|        0|       79|    -|
|FIFO                 |        -|     -|        -|        -|    -|
|Instance             |        -|     -|        0|      240|    -|
|Memory               |        -|     -|      576|      288|    -|
|Multiplexer          |        -|     -|        -|      208|    -|
|Register             |        -|     -|      508|        -|    -|
+---------------------+---------+------+---------+---------+-----+
|Total                |        0|     0|     1084|      815|    0|
+---------------------+---------+------+---------+---------+-----+
|Available SLR        |     1440|  2280|   788160|   394080|  320|
+---------------------+---------+------+---------+---------+-----+
|Utilization SLR (%)  |        0|     0|       ~0|       ~0|    0|
+---------------------+---------+------+---------+---------+-----+
|Available            |     4320|  6840|  2364480|  1182240|  960|
+---------------------+---------+------+---------+---------+-----+
|Utilization (%)      |        0|     0|       ~0|       ~0|    0|
+---------------------+---------+------+---------+---------+-----+

+ Detail: 
    * Instance: 
    +---------------------+---------------+---------+----+---+----+-----+
    |       Instance      |     Module    | BRAM_18K| DSP| FF| LUT| URAM|
    +---------------------+---------------+---------+----+---+----+-----+
    |mux_42_1_1_1_U1357   |mux_42_1_1_1   |        0|   0|  0|  20|    0|
    |mux_42_1_1_1_U1360   |mux_42_1_1_1   |        0|   0|  0|  20|    0|
    |mux_42_1_1_1_U1363   |mux_42_1_1_1   |        0|   0|  0|  20|    0|
    |mux_42_1_1_1_U1366   |mux_42_1_1_1   |        0|   0|  0|  20|    0|
    |mux_42_30_1_1_U1355  |mux_42_30_1_1  |        0|   0|  0|  20|    0|
    |mux_42_30_1_1_U1356  |mux_42_30_1_1  |        0|   0|  0|  20|    0|
    |mux_42_30_1_1_U1358  |mux_42_30_1_1  |        0|   0|  0|  20|    0|
    |mux_42_30_1_1_U1359  |mux_42_30_1_1  |        0|   0|  0|  20|    0|
    |mux_42_30_1_1_U1361  |mux_42_30_1_1  |        0|   0|  0|  20|    0|
    |mux_42_30_1_1_U1362  |mux_42_30_1_1  |        0|   0|  0|  20|    0|
    |mux_42_30_1_1_U1364  |mux_42_30_1_1  |        0|   0|  0|  20|    0|
    |mux_42_30_1_1_U1365  |mux_42_30_1_1  |        0|   0|  0|  20|    0|
    +---------------------+---------------+---------+----+---+----+-----+
    |Total                |               |        0|   0|  0| 240|    0|
    +---------------------+---------------+---------+----+---+----+-----+

    * DSP: 
    N/A

    * Memory: 
    +------------------------------+--------------------------------------------------------------------------------+---------+----+----+-----+------+-----+------+-------------+
    |            Memory            |                                     Module                                     | BRAM_18K| FF | LUT| URAM| Words| Bits| Banks| W*Bits*Banks|
    +------------------------------+--------------------------------------------------------------------------------+---------+----+----+-----+------+-----+------+-------------+
    |control_delayline_Array_8_U   |streamingDataCommutor_complex_ap_fixed_22_8_5_3_0_s_control_delayline_Array_17  |        0|  64|  32|    0|     1|   32|     1|           32|
    |control_delayline_Array_9_U   |streamingDataCommutor_complex_ap_fixed_22_8_5_3_0_s_control_delayline_Array_17  |        0|  64|  32|    0|     1|   32|     1|           32|
    |control_delayline_Array_10_U  |streamingDataCommutor_complex_ap_fixed_22_8_5_3_0_s_control_delayline_Array_17  |        0|  64|  32|    0|     1|   32|     1|           32|
    |delayline_Array_41_U          |streamingDataCommutor_complex_ap_fixed_30_16_5_3_0_s_delayline_Array_1          |        0|  64|  32|    0|     3|   61|     1|          183|
    |delayline_Array_30_U          |streamingDataCommutor_complex_ap_fixed_30_16_5_3_0_s_delayline_Array_1          |        0|  64|  32|    0|     3|   61|     1|          183|
    |delayline_Array_43_U          |streamingDataCommutor_complex_ap_fixed_30_16_5_3_0_s_delayline_Array_11         |        0|  64|  32|    0|     2|   61|     1|          122|
    |delayline_Array_42_U          |streamingDataCommutor_complex_ap_fixed_30_16_5_3_0_s_delayline_Array_11         |        0|  64|  32|    0|     2|   61|     1|          122|
    |delayline_Array_13_U          |streamingDataCommutor_complex_ap_fixed_30_16_5_3_0_s_delayline_Array_36         |        0|  64|  32|    0|     1|   61|     1|           61|
    |delayline_Array_44_U          |streamingDataCommutor_complex_ap_fixed_30_16_5_3_0_s_delayline_Array_36         |        0|  64|  32|    0|     1|   61|     1|           61|
    +------------------------------+--------------------------------------------------------------------------------+---------+----+----+-----+------+-----+------+-------------+
    |Total                         |                                                                                |        0| 576| 288|    0|    15|  462|     9|          828|
    +------------------------------+--------------------------------------------------------------------------------+---------+----+----+-----+------+-----+------+-------------+

    * FIFO: 
    N/A

    * Expression: 
    +------------------------------------------+----------+----+---+----+------------+------------+
    |               Variable Name              | Operation| DSP| FF| LUT| Bitwidth P0| Bitwidth P1|
    +------------------------------------------+----------+----+---+----+------------+------------+
    |add_ln870_1_fu_417_p2                     |         +|   0|  0|   9|           2|           1|
    |add_ln870_fu_401_p2                       |         +|   0|  0|   9|           2|           1|
    |t_fu_307_p2                               |         +|   0|  0|  12|           4|           1|
    |and_ln297_1_fu_931_p2                     |       and|   0|  0|   2|           1|           1|
    |and_ln297_2_fu_937_p2                     |       and|   0|  0|   2|           1|           1|
    |and_ln297_fu_925_p2                       |       and|   0|  0|   2|           1|           1|
    |ap_block_state2_pp0_stage0_iter0          |       and|   0|  0|   2|           1|           1|
    |ap_block_state4_pp0_stage0_iter2          |       and|   0|  0|   2|           1|           1|
    |ap_condition_259                          |       and|   0|  0|   2|           1|           1|
    |ap_condition_77                           |       and|   0|  0|   2|           1|           1|
    |ap_ext_blocking_n                         |       and|   0|  0|   2|           2|           2|
    |ap_int_blocking_cur_n                     |       and|   0|  0|   2|           1|           1|
    |ap_int_blocking_n                         |       and|   0|  0|   2|           1|           2|
    |ap_str_blocking_n                         |       and|   0|  0|   2|           2|           2|
    |fifo_has_next_sample_nbreadreq_fu_156_p3  |       and|   0|  0|   2|           1|           0|
    |icmp_ln231_fu_441_p2                      |      icmp|   0|  0|   9|           4|           4|
    |icmp_ln256_fu_423_p2                      |      icmp|   0|  0|   8|           2|           2|
    |ap_block_pp0_stage0_01001                 |        or|   0|  0|   2|           1|           1|
    |ap_block_state1                           |        or|   0|  0|   2|           1|           1|
    |ap_predicate_op112_write_state4           |        or|   0|  0|   2|           1|           1|
    |ap_enable_pp0                             |       xor|   0|  0|   2|           1|           2|
    +------------------------------------------+----------+----+---+----+------------+------------+
    |Total                                     |          |   0|  0|  79|          32|          28|
    +------------------------------------------+----------+----+---+----+------------+------------+

    * Multiplexer: 
    +-----------------------------------------------------------------------------------------+----+-----------+-----+-----------+
    |                                           Name                                          | LUT| Input Size| Bits| Total Bits|
    +-----------------------------------------------------------------------------------------+----+-----------+-----+-----------+
    |ap_NS_fsm                                                                                |  14|          3|    1|          3|
    |ap_done                                                                                  |   9|          2|    1|          2|
    |ap_enable_reg_pp0_iter1                                                                  |   9|          2|    1|          2|
    |ap_enable_reg_pp0_iter2                                                                  |   9|          2|    1|          2|
    |ap_phi_mux_t59_phi_fu_196_p6                                                             |  14|          3|    4|         12|
    |ap_phi_reg_pp0_iter1_temp_tagged_input_triangle_delay_input_sample_M_imag_V_1_0_reg_241  |  14|          3|   30|         90|
    |ap_phi_reg_pp0_iter1_temp_tagged_input_triangle_delay_input_sample_M_imag_V_2_0_reg_230  |  14|          3|   30|         90|
    |ap_phi_reg_pp0_iter1_temp_tagged_input_triangle_delay_input_sample_M_imag_V_3_0_reg_219  |  14|          3|   30|         90|
    |ap_phi_reg_pp0_iter1_temp_tagged_input_triangle_delay_input_sample_M_real_V_1_0_reg_285  |  14|          3|   30|         90|
    |ap_phi_reg_pp0_iter1_temp_tagged_input_triangle_delay_input_sample_M_real_V_2_0_reg_274  |  14|          3|   30|         90|
    |ap_phi_reg_pp0_iter1_temp_tagged_input_triangle_delay_input_sample_M_real_V_3_0_reg_263  |  14|          3|   30|         90|
    |ap_phi_reg_pp0_iter1_temp_tagged_mux_chain_input_sample_M_imag_V_0_reg_252               |  14|          3|   30|         90|
    |ap_phi_reg_pp0_iter1_temp_tagged_mux_chain_input_sample_M_real_V_0_reg_296               |  14|          3|   30|         90|
    |ap_phi_reg_pp0_iter1_temp_tagged_mux_chain_input_valid_0_reg_206                         |  14|          3|    1|          3|
    |fftOutData_local2_blk_n                                                                  |   9|          2|    1|          2|
    |fftOutData_local_blk_n                                                                   |   9|          2|    1|          2|
    |t59_reg_192                                                                              |   9|          2|    4|          8|
    +-----------------------------------------------------------------------------------------+----+-----------+-----+-----------+
    |Total                                                                                    | 208|         45|  255|        756|
    +-----------------------------------------------------------------------------------------+----+-----------+-----+-----------+

    * Register: 
    +-----------------------------------------------------------------------------------------+----+----+-----+-----------+
    |                                           Name                                          | FF | LUT| Bits| Const Bits|
    +-----------------------------------------------------------------------------------------+----+----+-----+-----------+
    |and_ln297_2_reg_1073                                                                     |   1|   0|    1|          0|
    |ap_CS_fsm                                                                                |   2|   0|    2|          0|
    |ap_done_reg                                                                              |   1|   0|    1|          0|
    |ap_enable_reg_pp0_iter1                                                                  |   1|   0|    1|          0|
    |ap_enable_reg_pp0_iter2                                                                  |   1|   0|    1|          0|
    |ap_phi_reg_pp0_iter1_temp_tagged_input_triangle_delay_input_sample_M_imag_V_1_0_reg_241  |  30|   0|   30|          0|
    |ap_phi_reg_pp0_iter1_temp_tagged_input_triangle_delay_input_sample_M_imag_V_2_0_reg_230  |  30|   0|   30|          0|
    |ap_phi_reg_pp0_iter1_temp_tagged_input_triangle_delay_input_sample_M_imag_V_3_0_reg_219  |  30|   0|   30|          0|
    |ap_phi_reg_pp0_iter1_temp_tagged_input_triangle_delay_input_sample_M_real_V_1_0_reg_285  |  30|   0|   30|          0|
    |ap_phi_reg_pp0_iter1_temp_tagged_input_triangle_delay_input_sample_M_real_V_2_0_reg_274  |  30|   0|   30|          0|
    |ap_phi_reg_pp0_iter1_temp_tagged_input_triangle_delay_input_sample_M_real_V_3_0_reg_263  |  30|   0|   30|          0|
    |ap_phi_reg_pp0_iter1_temp_tagged_mux_chain_input_sample_M_imag_V_0_reg_252               |  30|   0|   30|          0|
    |ap_phi_reg_pp0_iter1_temp_tagged_mux_chain_input_sample_M_real_V_0_reg_296               |  30|   0|   30|          0|
    |ap_phi_reg_pp0_iter1_temp_tagged_mux_chain_input_valid_0_reg_206                         |   1|   0|    1|          0|
    |commuted_output_sample_M_imag_V_0_reg_1048                                               |  30|   0|   30|          0|
    |commuted_output_sample_M_imag_V_1_reg_1058                                               |  30|   0|   30|          0|
    |commuted_output_sample_M_imag_V_2_reg_1068                                               |  30|   0|   30|          0|
    |commuted_output_sample_M_real_V_0_reg_1043                                               |  30|   0|   30|          0|
    |commuted_output_sample_M_real_V_1_reg_1053                                               |  30|   0|   30|          0|
    |commuted_output_sample_M_real_V_2_reg_1063                                               |  30|   0|   30|          0|
    |control_bits_V_4                                                                         |   2|   0|    2|          0|
    |control_count_V_4                                                                        |   2|   0|    2|          0|
    |delay_line_stall_4                                                                       |   1|   0|    1|          0|
    |delay_line_stall_4_load_reg_985                                                          |   1|   0|    1|          0|
    |delay_line_stall_4_load_reg_985_pp0_iter1_reg                                            |   1|   0|    1|          0|
    |fifo_has_next_sample_reg_976                                                             |   1|   0|    1|          0|
    |fifo_has_next_sample_reg_976_pp0_iter1_reg                                               |   1|   0|    1|          0|
    |icmp_ln231_reg_1029                                                                      |   1|   0|    1|          0|
    |icmp_ln231_reg_1029_pp0_iter1_reg                                                        |   1|   0|    1|          0|
    |sample_in_read_count_V_4                                                                 |   2|   0|    2|          0|
    |t59_reg_192                                                                              |   4|   0|    4|          0|
    |t_reg_980                                                                                |   4|   0|    4|          0|
    |temp_tagged_output_triangle_input_sample_M_imag_V_3_reg_1038                             |  30|   0|   30|          0|
    |temp_tagged_output_triangle_input_sample_M_real_V_3_reg_1033                             |  30|   0|   30|          0|
    +-----------------------------------------------------------------------------------------+----+----+-----+-----------+
    |Total                                                                                    | 508|   0|  508|          0|
    +-----------------------------------------------------------------------------------------+----+----+-----+-----------+



================================================================
== Interface
================================================================
* Summary: 
+--------------------------+-----+-----+------------+---------------------------------------------------------------+--------------+
|         RTL Ports        | Dir | Bits|  Protocol  |                         Source Object                         |    C Type    |
+--------------------------+-----+-----+------------+---------------------------------------------------------------+--------------+
|ap_clk                    |   in|    1|  ap_ctrl_hs|  streamingDataCommutor<complex<ap_fixed<30, 16, 5, 3, 0> > >.1|  return value|
|ap_rst                    |   in|    1|  ap_ctrl_hs|  streamingDataCommutor<complex<ap_fixed<30, 16, 5, 3, 0> > >.1|  return value|
|ap_start                  |   in|    1|  ap_ctrl_hs|  streamingDataCommutor<complex<ap_fixed<30, 16, 5, 3, 0> > >.1|  return value|
|ap_done                   |  out|    1|  ap_ctrl_hs|  streamingDataCommutor<complex<ap_fixed<30, 16, 5, 3, 0> > >.1|  return value|
|ap_continue               |   in|    1|  ap_ctrl_hs|  streamingDataCommutor<complex<ap_fixed<30, 16, 5, 3, 0> > >.1|  return value|
|ap_idle                   |  out|    1|  ap_ctrl_hs|  streamingDataCommutor<complex<ap_fixed<30, 16, 5, 3, 0> > >.1|  return value|
|ap_ready                  |  out|    1|  ap_ctrl_hs|  streamingDataCommutor<complex<ap_fixed<30, 16, 5, 3, 0> > >.1|  return value|
|ap_ext_blocking_n         |  out|    1|  ap_ctrl_hs|  streamingDataCommutor<complex<ap_fixed<30, 16, 5, 3, 0> > >.1|  return value|
|ap_str_blocking_n         |  out|    1|  ap_ctrl_hs|  streamingDataCommutor<complex<ap_fixed<30, 16, 5, 3, 0> > >.1|  return value|
|ap_int_blocking_n         |  out|    1|  ap_ctrl_hs|  streamingDataCommutor<complex<ap_fixed<30, 16, 5, 3, 0> > >.1|  return value|
|fftOutData_local_dout     |   in|  256|     ap_fifo|                                               fftOutData_local|       pointer|
|fftOutData_local_empty_n  |   in|    1|     ap_fifo|                                               fftOutData_local|       pointer|
|fftOutData_local_read     |  out|    1|     ap_fifo|                                               fftOutData_local|       pointer|
|fftOutData_local2_din     |  out|  256|     ap_fifo|                                              fftOutData_local2|       pointer|
|fftOutData_local2_full_n  |   in|    1|     ap_fifo|                                              fftOutData_local2|       pointer|
|fftOutData_local2_write   |  out|    1|     ap_fifo|                                              fftOutData_local2|       pointer|
+--------------------------+-----+-----+------------+---------------------------------------------------------------+--------------+

