

================================================================
== Vitis HLS Report for 'transpMemBlocks_1u_16u_16u_8u_complex_ap_fixed_32_18_5_3_0_s'
================================================================
* Date:           Thu Jan 27 12:48:06 2022

* Version:        2021.1 (Build 3247384 on Thu Jun 10 19:36:07 MDT 2021)
* Project:        fft2DKernel
* Solution:       solution (Vitis Kernel Flow Target)
* Product family: virtexuplus
* Target device:  xcvu9p-flgb2104-2-i


================================================================
== Performance Estimates
================================================================
+ Timing: 
    * Summary: 
    +--------+---------+----------+------------+
    |  Clock |  Target | Estimated| Uncertainty|
    +--------+---------+----------+------------+
    |ap_clk  |  4.00 ns|  2.495 ns|     1.08 ns|
    +--------+---------+----------+------------+

+ Latency: 
    * Summary: 
    +---------+---------+----------+----------+-----+-----+---------+
    |  Latency (cycles) |  Latency (absolute) |  Interval | Pipeline|
    |   min   |   max   |    min   |    max   | min | max |   Type  |
    +---------+---------+----------+----------+-----+-----+---------+
    |       70|       70|  0.280 us|  0.280 us|   70|   70|       no|
    +---------+---------+----------+----------+-----+-----+---------+

    + Detail: 
        * Instance: 
        N/A

        * Loop: 
        +----------------------------------------------+---------+---------+----------+-----------+-----------+------+----------+
        |                                              |  Latency (cycles) | Iteration|  Initiation Interval  | Trip |          |
        |                   Loop Name                  |   min   |   max   |  Latency |  achieved |   target  | Count| Pipelined|
        +----------------------------------------------+---------+---------+----------+-----------+-----------+------+----------+
        |- transpMemBlocks_writePIPO_VITIS_LOOP_269_2  |       32|       32|         2|          1|          1|    32|       yes|
        |- transpMemBlocks_readPIPO_VITIS_LOOP_280_4   |       34|       34|         4|          1|          1|    32|       yes|
        +----------------------------------------------+---------+---------+----------+-----------+-----------+------+----------+



================================================================
== Utilization Estimates
================================================================
* Summary: 
+---------------------+---------+------+---------+---------+-----+
|         Name        | BRAM_18K|  DSP |    FF   |   LUT   | URAM|
+---------------------+---------+------+---------+---------+-----+
|DSP                  |        -|     -|        -|        -|    -|
|Expression           |        -|     -|        0|      358|    -|
|FIFO                 |        -|     -|        -|        -|    -|
|Instance             |        -|     -|        0|     1376|    -|
|Memory               |        -|     -|        -|        -|   16|
|Multiplexer          |        -|     -|        -|      480|    -|
|Register             |        -|     -|     1121|        -|    -|
+---------------------+---------+------+---------+---------+-----+
|Total                |        0|     0|     1121|     2214|   16|
+---------------------+---------+------+---------+---------+-----+
|Available SLR        |     1440|  2280|   788160|   394080|  320|
+---------------------+---------+------+---------+---------+-----+
|Utilization SLR (%)  |        0|     0|       ~0|       ~0|    5|
+---------------------+---------+------+---------+---------+-----+
|Available            |     4320|  6840|  2364480|  1182240|  960|
+---------------------+---------+------+---------+---------+-----+
|Utilization (%)      |        0|     0|       ~0|       ~0|    1|
+---------------------+---------+------+---------+---------+-----+

+ Detail: 
    * Instance: 
    +---------------------+---------------+---------+----+---+----+-----+
    |       Instance      |     Module    | BRAM_18K| DSP| FF| LUT| URAM|
    +---------------------+---------------+---------+----+---+----+-----+
    |mux_83_32_1_1_U1764  |mux_83_32_1_1  |        0|   0|  0|  43|    0|
    |mux_83_32_1_1_U1765  |mux_83_32_1_1  |        0|   0|  0|  43|    0|
    |mux_83_32_1_1_U1766  |mux_83_32_1_1  |        0|   0|  0|  43|    0|
    |mux_83_32_1_1_U1767  |mux_83_32_1_1  |        0|   0|  0|  43|    0|
    |mux_83_32_1_1_U1768  |mux_83_32_1_1  |        0|   0|  0|  43|    0|
    |mux_83_32_1_1_U1769  |mux_83_32_1_1  |        0|   0|  0|  43|    0|
    |mux_83_32_1_1_U1770  |mux_83_32_1_1  |        0|   0|  0|  43|    0|
    |mux_83_32_1_1_U1771  |mux_83_32_1_1  |        0|   0|  0|  43|    0|
    |mux_83_32_1_1_U1772  |mux_83_32_1_1  |        0|   0|  0|  43|    0|
    |mux_83_32_1_1_U1773  |mux_83_32_1_1  |        0|   0|  0|  43|    0|
    |mux_83_32_1_1_U1774  |mux_83_32_1_1  |        0|   0|  0|  43|    0|
    |mux_83_32_1_1_U1775  |mux_83_32_1_1  |        0|   0|  0|  43|    0|
    |mux_83_32_1_1_U1776  |mux_83_32_1_1  |        0|   0|  0|  43|    0|
    |mux_83_32_1_1_U1777  |mux_83_32_1_1  |        0|   0|  0|  43|    0|
    |mux_83_32_1_1_U1778  |mux_83_32_1_1  |        0|   0|  0|  43|    0|
    |mux_83_32_1_1_U1779  |mux_83_32_1_1  |        0|   0|  0|  43|    0|
    |mux_83_32_1_1_U1780  |mux_83_32_1_1  |        0|   0|  0|  43|    0|
    |mux_83_32_1_1_U1781  |mux_83_32_1_1  |        0|   0|  0|  43|    0|
    |mux_83_32_1_1_U1782  |mux_83_32_1_1  |        0|   0|  0|  43|    0|
    |mux_83_32_1_1_U1783  |mux_83_32_1_1  |        0|   0|  0|  43|    0|
    |mux_83_32_1_1_U1784  |mux_83_32_1_1  |        0|   0|  0|  43|    0|
    |mux_83_32_1_1_U1785  |mux_83_32_1_1  |        0|   0|  0|  43|    0|
    |mux_83_32_1_1_U1786  |mux_83_32_1_1  |        0|   0|  0|  43|    0|
    |mux_83_32_1_1_U1787  |mux_83_32_1_1  |        0|   0|  0|  43|    0|
    |mux_83_32_1_1_U1788  |mux_83_32_1_1  |        0|   0|  0|  43|    0|
    |mux_83_32_1_1_U1789  |mux_83_32_1_1  |        0|   0|  0|  43|    0|
    |mux_83_32_1_1_U1790  |mux_83_32_1_1  |        0|   0|  0|  43|    0|
    |mux_83_32_1_1_U1791  |mux_83_32_1_1  |        0|   0|  0|  43|    0|
    |mux_83_32_1_1_U1792  |mux_83_32_1_1  |        0|   0|  0|  43|    0|
    |mux_83_32_1_1_U1793  |mux_83_32_1_1  |        0|   0|  0|  43|    0|
    |mux_83_32_1_1_U1794  |mux_83_32_1_1  |        0|   0|  0|  43|    0|
    |mux_83_32_1_1_U1795  |mux_83_32_1_1  |        0|   0|  0|  43|    0|
    +---------------------+---------------+---------+----+---+----+-----+
    |Total                |               |        0|   0|  0|1376|    0|
    +---------------------+---------------+---------+----+---+----+-----+

    * DSP: 
    N/A

    * Memory: 
    +--------------------+-------------------------------------------------------------------------------+---------+---+----+-----+------+-----+------+-------------+
    |       Memory       |                                     Module                                    | BRAM_18K| FF| LUT| URAM| Words| Bits| Banks| W*Bits*Banks|
    +--------------------+-------------------------------------------------------------------------------+---------+---+----+-----+------+-----+------+-------------+
    |l_buf_M_real_V_0_U  |transpMemBlocks_1u_16u_16u_8u_complex_ap_fixed_32_18_5_3_0_s_l_buf_M_real_V_0  |        0|  0|   0|    1|    32|   32|     1|         1024|
    |l_buf_M_real_V_1_U  |transpMemBlocks_1u_16u_16u_8u_complex_ap_fixed_32_18_5_3_0_s_l_buf_M_real_V_0  |        0|  0|   0|    1|    32|   32|     1|         1024|
    |l_buf_M_real_V_2_U  |transpMemBlocks_1u_16u_16u_8u_complex_ap_fixed_32_18_5_3_0_s_l_buf_M_real_V_0  |        0|  0|   0|    1|    32|   32|     1|         1024|
    |l_buf_M_real_V_3_U  |transpMemBlocks_1u_16u_16u_8u_complex_ap_fixed_32_18_5_3_0_s_l_buf_M_real_V_0  |        0|  0|   0|    1|    32|   32|     1|         1024|
    |l_buf_M_real_V_4_U  |transpMemBlocks_1u_16u_16u_8u_complex_ap_fixed_32_18_5_3_0_s_l_buf_M_real_V_0  |        0|  0|   0|    1|    32|   32|     1|         1024|
    |l_buf_M_real_V_5_U  |transpMemBlocks_1u_16u_16u_8u_complex_ap_fixed_32_18_5_3_0_s_l_buf_M_real_V_0  |        0|  0|   0|    1|    32|   32|     1|         1024|
    |l_buf_M_real_V_6_U  |transpMemBlocks_1u_16u_16u_8u_complex_ap_fixed_32_18_5_3_0_s_l_buf_M_real_V_0  |        0|  0|   0|    1|    32|   32|     1|         1024|
    |l_buf_M_real_V_7_U  |transpMemBlocks_1u_16u_16u_8u_complex_ap_fixed_32_18_5_3_0_s_l_buf_M_real_V_0  |        0|  0|   0|    1|    32|   32|     1|         1024|
    |l_buf_M_imag_V_0_U  |transpMemBlocks_1u_16u_16u_8u_complex_ap_fixed_32_18_5_3_0_s_l_buf_M_real_V_0  |        0|  0|   0|    1|    32|   32|     1|         1024|
    |l_buf_M_imag_V_1_U  |transpMemBlocks_1u_16u_16u_8u_complex_ap_fixed_32_18_5_3_0_s_l_buf_M_real_V_0  |        0|  0|   0|    1|    32|   32|     1|         1024|
    |l_buf_M_imag_V_2_U  |transpMemBlocks_1u_16u_16u_8u_complex_ap_fixed_32_18_5_3_0_s_l_buf_M_real_V_0  |        0|  0|   0|    1|    32|   32|     1|         1024|
    |l_buf_M_imag_V_3_U  |transpMemBlocks_1u_16u_16u_8u_complex_ap_fixed_32_18_5_3_0_s_l_buf_M_real_V_0  |        0|  0|   0|    1|    32|   32|     1|         1024|
    |l_buf_M_imag_V_4_U  |transpMemBlocks_1u_16u_16u_8u_complex_ap_fixed_32_18_5_3_0_s_l_buf_M_real_V_0  |        0|  0|   0|    1|    32|   32|     1|         1024|
    |l_buf_M_imag_V_5_U  |transpMemBlocks_1u_16u_16u_8u_complex_ap_fixed_32_18_5_3_0_s_l_buf_M_real_V_0  |        0|  0|   0|    1|    32|   32|     1|         1024|
    |l_buf_M_imag_V_6_U  |transpMemBlocks_1u_16u_16u_8u_complex_ap_fixed_32_18_5_3_0_s_l_buf_M_real_V_0  |        0|  0|   0|    1|    32|   32|     1|         1024|
    |l_buf_M_imag_V_7_U  |transpMemBlocks_1u_16u_16u_8u_complex_ap_fixed_32_18_5_3_0_s_l_buf_M_real_V_0  |        0|  0|   0|    1|    32|   32|     1|         1024|
    +--------------------+-------------------------------------------------------------------------------+---------+---+----+-----+------+-----+------+-------------+
    |Total               |                                                                               |        0|  0|   0|   16|   512|  512|    16|        16384|
    +--------------------+-------------------------------------------------------------------------------+---------+---+----+-----+------+-----+------+-------------+

    * FIFO: 
    N/A

    * Expression: 
    +---------------------------+----------+----+---+----+------------+------------+
    |       Variable Name       | Operation| DSP| FF| LUT| Bitwidth P0| Bitwidth P1|
    +---------------------------+----------+----+---+----+------------+------------+
    |add_ln268_1_fu_1237_p2     |         +|   0|  0|  12|           5|           1|
    |add_ln268_fu_1249_p2       |         +|   0|  0|  12|           5|           1|
    |add_ln279_1_fu_1494_p2     |         +|   0|  0|  12|           5|           1|
    |add_ln279_fu_1506_p2       |         +|   0|  0|  12|           5|           1|
    |add_ln291_1_fu_1609_p2     |         +|   0|  0|  10|           3|           2|
    |add_ln291_2_fu_1658_p2     |         +|   0|  0|  10|           3|           2|
    |add_ln291_3_fu_1756_p2     |         +|   0|  0|  10|           3|           3|
    |add_ln291_4_fu_1805_p2     |         +|   0|  0|  10|           3|           3|
    |add_ln291_5_fu_1854_p2     |         +|   0|  0|  10|           3|           2|
    |add_ln291_fu_1560_p2       |         +|   0|  0|  10|           3|           1|
    |empty_102_fu_821_p2        |         +|   0|  0|  12|           5|           5|
    |j_1_fu_1488_p2             |         +|   0|  0|   9|           2|           1|
    |j_fu_1231_p2               |         +|   0|  0|   9|           2|           1|
    |sub_ln274_1_fu_881_p2      |         -|   0|  0|  10|           1|           3|
    |sub_ln274_2_fu_931_p2      |         -|   0|  0|  10|           2|           3|
    |sub_ln274_3_fu_981_p2      |         -|   0|  0|  10|           2|           3|
    |sub_ln274_4_fu_1031_p2     |         -|   0|  0|  12|           4|           3|
    |sub_ln274_5_fu_1081_p2     |         -|   0|  0|  10|           3|           3|
    |sub_ln274_6_fu_1131_p2     |         -|   0|  0|  10|           3|           3|
    |sub_ln274_fu_831_p2        |         -|   0|  0|  10|           1|           3|
    |sub_ln288_1_fu_1334_p2     |         -|   0|  0|  10|           1|           3|
    |sub_ln288_2_fu_1356_p2     |         -|   0|  0|  10|           2|           3|
    |sub_ln288_3_fu_1378_p2     |         -|   0|  0|  10|           2|           3|
    |sub_ln288_4_fu_1400_p2     |         -|   0|  0|  12|           4|           3|
    |sub_ln288_5_fu_1422_p2     |         -|   0|  0|  10|           3|           3|
    |sub_ln288_6_fu_1444_p2     |         -|   0|  0|  10|           3|           3|
    |sub_ln288_fu_1308_p2       |         -|   0|  0|  10|           1|           3|
    |ap_block_pp0_stage0_11001  |       and|   0|  0|   2|           1|           1|
    |ap_block_pp1_stage0_01001  |       and|   0|  0|   2|           1|           1|
    |ap_ext_blocking_n          |       and|   0|  0|   2|           2|           2|
    |ap_int_blocking_cur_n      |       and|   0|  0|   2|           1|           1|
    |ap_int_blocking_n          |       and|   0|  0|   2|           1|           2|
    |ap_str_blocking_n          |       and|   0|  0|   2|           2|           2|
    |icmp_ln268_fu_1255_p2      |      icmp|   0|  0|   9|           5|           2|
    |icmp_ln269_fu_1243_p2      |      icmp|   0|  0|   8|           2|           3|
    |icmp_ln279_fu_1512_p2      |      icmp|   0|  0|   9|           5|           2|
    |icmp_ln280_fu_1500_p2      |      icmp|   0|  0|   8|           2|           3|
    |ap_block_state1            |        or|   0|  0|   2|           1|           1|
    |i_1_fu_1288_p3             |    select|   0|  0|   5|           1|           5|
    |i_fu_649_p3                |    select|   0|  0|   5|           1|           5|
    |select_ln268_fu_641_p3     |    select|   0|  0|   2|           1|           1|
    |select_ln279_fu_1280_p3    |    select|   0|  0|   2|           1|           1|
    |ap_enable_pp0              |       xor|   0|  0|   2|           1|           2|
    |ap_enable_pp1              |       xor|   0|  0|   2|           1|           2|
    |xor_ln274_fu_1181_p2       |       xor|   0|  0|   3|           3|           2|
    |xor_ln288_fu_1466_p2       |       xor|   0|  0|   3|           3|           2|
    |xor_ln291_fu_1707_p2       |       xor|   0|  0|   4|           3|           4|
    +---------------------------+----------+----+---+----+------------+------------+
    |Total                      |          |   0|  0| 358|         117|         110|
    +---------------------------+----------+----+---+----+------------+------------+

    * Multiplexer: 
    +---------------------------------------------+----+-----------+-----+-----------+
    |                     Name                    | LUT| Input Size| Bits| Total Bits|
    +---------------------------------------------+----+-----------+-----+-----------+
    |add_ln268206_reg_531                         |   9|          2|    5|         10|
    |add_ln279201_reg_586                         |   9|          2|    5|         10|
    |ap_NS_fsm                                    |  31|          6|    1|          6|
    |ap_done                                      |   9|          2|    1|          2|
    |ap_enable_reg_pp0_iter1                      |   9|          2|    1|          2|
    |ap_enable_reg_pp1_iter3                      |   9|          2|    1|          2|
    |ap_phi_mux_add_ln268206_phi_fu_535_p4        |   9|          2|    5|         10|
    |ap_phi_mux_add_ln279201_phi_fu_590_p4        |   9|          2|    5|         10|
    |ap_phi_mux_i203_phi_fu_568_p4                |   9|          2|    5|         10|
    |ap_phi_mux_i_3198_phi_fu_623_p4              |   9|          2|    5|         10|
    |ap_phi_mux_icmp_ln269205_phi_fu_546_p4       |   9|          2|    1|          2|
    |ap_phi_mux_icmp_ln280200_phi_fu_601_p4       |   9|          2|    1|          2|
    |ap_phi_mux_indvar_flatten202_phi_fu_579_p4   |   9|          2|    5|         10|
    |ap_phi_mux_indvar_flatten6197_phi_fu_634_p4  |   9|          2|    5|         10|
    |ap_phi_mux_j204_phi_fu_557_p4                |   9|          2|    2|          4|
    |ap_phi_mux_j_1199_phi_fu_612_p4              |   9|          2|    2|          4|
    |fftOutStrm_blk_n                             |   9|          2|    1|          2|
    |i203_reg_564                                 |   9|          2|    5|         10|
    |i_3198_reg_619                               |   9|          2|    5|         10|
    |icmp_ln269205_reg_542                        |   9|          2|    1|          2|
    |icmp_ln280200_reg_597                        |   9|          2|    1|          2|
    |indvar_flatten202_reg_575                    |   9|          2|    5|         10|
    |indvar_flatten6197_reg_630                   |   9|          2|    5|         10|
    |j204_reg_553                                 |   9|          2|    2|          4|
    |j_1199_reg_608                               |   9|          2|    2|          4|
    |l_buf_M_imag_V_0_address0                    |  14|          3|    5|         15|
    |l_buf_M_imag_V_1_address0                    |  14|          3|    5|         15|
    |l_buf_M_imag_V_2_address0                    |  14|          3|    5|         15|
    |l_buf_M_imag_V_3_address0                    |  14|          3|    5|         15|
    |l_buf_M_imag_V_4_address0                    |  14|          3|    5|         15|
    |l_buf_M_imag_V_5_address0                    |  14|          3|    5|         15|
    |l_buf_M_imag_V_6_address0                    |  14|          3|    5|         15|
    |l_buf_M_imag_V_7_address0                    |  14|          3|    5|         15|
    |l_buf_M_real_V_0_address0                    |  14|          3|    5|         15|
    |l_buf_M_real_V_1_address0                    |  14|          3|    5|         15|
    |l_buf_M_real_V_2_address0                    |  14|          3|    5|         15|
    |l_buf_M_real_V_3_address0                    |  14|          3|    5|         15|
    |l_buf_M_real_V_4_address0                    |  14|          3|    5|         15|
    |l_buf_M_real_V_5_address0                    |  14|          3|    5|         15|
    |l_buf_M_real_V_6_address0                    |  14|          3|    5|         15|
    |l_buf_M_real_V_7_address0                    |  14|          3|    5|         15|
    |l_invTranspBlkMatrixStream2_blk_n            |   9|          2|    1|          2|
    +---------------------------------------------+----+-----------+-----+-----------+
    |Total                                        | 480|        104|  158|        400|
    +---------------------------------------------+----+-----------+-----+-----------+

    * Register: 
    +------------------------------------+----+----+-----+-----------+
    |                Name                | FF | LUT| Bits| Const Bits|
    +------------------------------------+----+----+-----+-----------+
    |add_ln268206_reg_531                |   5|   0|    5|          0|
    |add_ln268_1_reg_2019                |   5|   0|    5|          0|
    |add_ln268_reg_2029                  |   5|   0|    5|          0|
    |add_ln279201_reg_586                |   5|   0|    5|          0|
    |add_ln279_1_reg_2141                |   5|   0|    5|          0|
    |add_ln279_reg_2151                  |   5|   0|    5|          0|
    |ap_CS_fsm                           |   5|   0|    5|          0|
    |ap_done_reg                         |   1|   0|    1|          0|
    |ap_enable_reg_pp0_iter0             |   1|   0|    1|          0|
    |ap_enable_reg_pp0_iter1             |   1|   0|    1|          0|
    |ap_enable_reg_pp1_iter0             |   1|   0|    1|          0|
    |ap_enable_reg_pp1_iter1             |   1|   0|    1|          0|
    |ap_enable_reg_pp1_iter2             |   1|   0|    1|          0|
    |ap_enable_reg_pp1_iter3             |   1|   0|    1|          0|
    |empty_102_reg_1929                  |   5|   0|    5|          0|
    |i203_reg_564                        |   5|   0|    5|          0|
    |i_1_reg_2038                        |   5|   0|    5|          0|
    |i_3198_reg_619                      |   5|   0|    5|          0|
    |i_reg_1924                          |   5|   0|    5|          0|
    |icmp_ln268_reg_2034                 |   1|   0|    1|          0|
    |icmp_ln269205_reg_542               |   1|   0|    1|          0|
    |icmp_ln269_reg_2024                 |   1|   0|    1|          0|
    |icmp_ln279_reg_2156                 |   1|   0|    1|          0|
    |icmp_ln280200_reg_597               |   1|   0|    1|          0|
    |icmp_ln280_reg_2146                 |   1|   0|    1|          0|
    |indvar_flatten202_reg_575           |   5|   0|    5|          0|
    |indvar_flatten6197_reg_630          |   5|   0|    5|          0|
    |j204_reg_553                        |   2|   0|    2|          0|
    |j_1199_reg_608                      |   2|   0|    2|          0|
    |j_1_reg_2136                        |   2|   0|    2|          0|
    |j_reg_2014                          |   2|   0|    2|          0|
    |tmp_10_reg_1989                     |  32|   0|   32|          0|
    |tmp_11_reg_1994                     |  32|   0|   32|          0|
    |tmp_12_reg_1999                     |  32|   0|   32|          0|
    |tmp_13_reg_2004                     |  32|   0|   32|          0|
    |tmp_14_reg_2009                     |  32|   0|   32|          0|
    |tmp_15_reg_2160                     |  32|   0|   32|          0|
    |tmp_16_reg_2165                     |  32|   0|   32|          0|
    |tmp_17_reg_2170                     |  32|   0|   32|          0|
    |tmp_18_reg_2175                     |  32|   0|   32|          0|
    |tmp_19_reg_2180                     |  32|   0|   32|          0|
    |tmp_1_reg_1944                      |  32|   0|   32|          0|
    |tmp_20_reg_2185                     |  32|   0|   32|          0|
    |tmp_21_reg_2190                     |  32|   0|   32|          0|
    |tmp_22_reg_2195                     |  32|   0|   32|          0|
    |tmp_23_reg_2200                     |  32|   0|   32|          0|
    |tmp_24_reg_2205                     |  32|   0|   32|          0|
    |tmp_25_reg_2210                     |  32|   0|   32|          0|
    |tmp_26_reg_2215                     |  32|   0|   32|          0|
    |tmp_27_reg_2220                     |  32|   0|   32|          0|
    |tmp_28_reg_2225                     |  32|   0|   32|          0|
    |tmp_29_reg_2230                     |  32|   0|   32|          0|
    |tmp_2_reg_1949                      |  32|   0|   32|          0|
    |tmp_30_reg_2235                     |  32|   0|   32|          0|
    |tmp_3_reg_1954                      |  32|   0|   32|          0|
    |tmp_4_reg_1959                      |  32|   0|   32|          0|
    |tmp_5_reg_1964                      |  32|   0|   32|          0|
    |tmp_6_reg_1969                      |  32|   0|   32|          0|
    |tmp_7_reg_1974                      |  32|   0|   32|          0|
    |tmp_8_reg_1979                      |  32|   0|   32|          0|
    |tmp_9_reg_1984                      |  32|   0|   32|          0|
    |tmp_reg_1934                        |  32|   0|   32|          0|
    |tmp_s_reg_1939                      |  32|   0|   32|          0|
    |trunc_ln288_reg_2043                |   3|   0|    3|          0|
    |trunc_ln288_reg_2043_pp1_iter1_reg  |   3|   0|    3|          0|
    +------------------------------------+----+----+-----+-----------+
    |Total                               |1121|   0| 1121|          0|
    +------------------------------------+----+----+-----+-----------+



================================================================
== Interface
================================================================
* Summary: 
+-------------------------------------+-----+-----+------------+-------------------------------------------------------------------------+--------------+
|              RTL Ports              | Dir | Bits|  Protocol  |                              Source Object                              |    C Type    |
+-------------------------------------+-----+-----+------------+-------------------------------------------------------------------------+--------------+
|ap_clk                               |   in|    1|  ap_ctrl_hs|  transpMemBlocks<1u, 16u, 16u, 8u, complex<ap_fixed<32, 18, 5, 3, 0> > >|  return value|
|ap_rst                               |   in|    1|  ap_ctrl_hs|  transpMemBlocks<1u, 16u, 16u, 8u, complex<ap_fixed<32, 18, 5, 3, 0> > >|  return value|
|ap_start                             |   in|    1|  ap_ctrl_hs|  transpMemBlocks<1u, 16u, 16u, 8u, complex<ap_fixed<32, 18, 5, 3, 0> > >|  return value|
|ap_done                              |  out|    1|  ap_ctrl_hs|  transpMemBlocks<1u, 16u, 16u, 8u, complex<ap_fixed<32, 18, 5, 3, 0> > >|  return value|
|ap_continue                          |   in|    1|  ap_ctrl_hs|  transpMemBlocks<1u, 16u, 16u, 8u, complex<ap_fixed<32, 18, 5, 3, 0> > >|  return value|
|ap_idle                              |  out|    1|  ap_ctrl_hs|  transpMemBlocks<1u, 16u, 16u, 8u, complex<ap_fixed<32, 18, 5, 3, 0> > >|  return value|
|ap_ready                             |  out|    1|  ap_ctrl_hs|  transpMemBlocks<1u, 16u, 16u, 8u, complex<ap_fixed<32, 18, 5, 3, 0> > >|  return value|
|ap_ext_blocking_n                    |  out|    1|  ap_ctrl_hs|  transpMemBlocks<1u, 16u, 16u, 8u, complex<ap_fixed<32, 18, 5, 3, 0> > >|  return value|
|ap_str_blocking_n                    |  out|    1|  ap_ctrl_hs|  transpMemBlocks<1u, 16u, 16u, 8u, complex<ap_fixed<32, 18, 5, 3, 0> > >|  return value|
|ap_int_blocking_n                    |  out|    1|  ap_ctrl_hs|  transpMemBlocks<1u, 16u, 16u, 8u, complex<ap_fixed<32, 18, 5, 3, 0> > >|  return value|
|l_invTranspBlkMatrixStream2_dout     |   in|  512|     ap_fifo|                                              l_invTranspBlkMatrixStream2|       pointer|
|l_invTranspBlkMatrixStream2_empty_n  |   in|    1|     ap_fifo|                                              l_invTranspBlkMatrixStream2|       pointer|
|l_invTranspBlkMatrixStream2_read     |  out|    1|     ap_fifo|                                              l_invTranspBlkMatrixStream2|       pointer|
|fftOutStrm_din                       |  out|  512|     ap_fifo|                                                               fftOutStrm|       pointer|
|fftOutStrm_full_n                    |   in|    1|     ap_fifo|                                                               fftOutStrm|       pointer|
|fftOutStrm_write                     |  out|    1|     ap_fifo|                                                               fftOutStrm|       pointer|
+-------------------------------------+-----+-----+------------+-------------------------------------------------------------------------+--------------+

