

================================================================
== Vitis HLS Report for 'writeImages_512u_16u_16u_4096u_32u_8u_complex_ap_fixed_22_8_5_3_0_SuperSampleContainer_8_complex_ap_fixed_32_18_5_3_0_Pipeline_VITIS_LOOP_74_1_VITIS_LOOP_75_2_VITIS_LOOP_76_3'
================================================================
* Date:           Thu Jan 27 12:48:24 2022

* Version:        2021.1 (Build 3247384 on Thu Jun 10 19:36:07 MDT 2021)
* Project:        fft2DKernel
* Solution:       solution (Vitis Kernel Flow Target)
* Product family: virtexuplus
* Target device:  xcvu9p-flgb2104-2-i


================================================================
== Performance Estimates
================================================================
+ Timing: 
    * Summary: 
    +--------+---------+----------+------------+
    |  Clock |  Target | Estimated| Uncertainty|
    +--------+---------+----------+------------+
    |ap_clk  |  4.00 ns|  2.920 ns|     1.08 ns|
    +--------+---------+----------+------------+

+ Latency: 
    * Summary: 
    +---------+---------+----------+----------+-----+-----+---------+
    |  Latency (cycles) |  Latency (absolute) |  Interval | Pipeline|
    |   min   |   max   |    min   |    max   | min | max |   Type  |
    +---------+---------+----------+----------+-----+-----+---------+
    |        ?|        ?|         ?|         ?|    ?|    ?|       no|
    +---------+---------+----------+----------+-----+-----+---------+

    + Detail: 
        * Instance: 
        N/A

        * Loop: 
        +---------------------------------------------------+---------+---------+----------+-----------+-----------+------+----------+
        |                                                   |  Latency (cycles) | Iteration|  Initiation Interval  | Trip |          |
        |                     Loop Name                     |   min   |   max   |  Latency |  achieved |   target  | Count| Pipelined|
        +---------------------------------------------------+---------+---------+----------+-----------+-----------+------+----------+
        |- VITIS_LOOP_74_1_VITIS_LOOP_75_2_VITIS_LOOP_76_3  |        ?|        ?|        71|          1|          1|     ?|       yes|
        +---------------------------------------------------+---------+---------+----------+-----------+-----------+------+----------+



================================================================
== Utilization Estimates
================================================================
* Summary: 
+---------------------+---------+------+---------+---------+-----+
|         Name        | BRAM_18K|  DSP |    FF   |   LUT   | URAM|
+---------------------+---------+------+---------+---------+-----+
|DSP                  |        -|     -|        -|        -|    -|
|Expression           |        -|     -|        0|     1592|    -|
|FIFO                 |        -|     -|        -|        -|    -|
|Instance             |        -|     -|        -|        -|    -|
|Memory               |        -|     -|        -|        -|    -|
|Multiplexer          |        -|     -|        -|      108|    -|
|Register             |        -|     -|      636|       32|    -|
+---------------------+---------+------+---------+---------+-----+
|Total                |        0|     0|      636|     1732|    0|
+---------------------+---------+------+---------+---------+-----+
|Available SLR        |     1440|  2280|   788160|   394080|  320|
+---------------------+---------+------+---------+---------+-----+
|Utilization SLR (%)  |        0|     0|       ~0|       ~0|    0|
+---------------------+---------+------+---------+---------+-----+
|Available            |     4320|  6840|  2364480|  1182240|  960|
+---------------------+---------+------+---------+---------+-----+
|Utilization (%)      |        0|     0|       ~0|       ~0|    0|
+---------------------+---------+------+---------+---------+-----+

+ Detail: 
    * Instance: 
    N/A

    * DSP: 
    N/A

    * Memory: 
    N/A

    * FIFO: 
    N/A

    * Expression: 
    +------------------------------------+----------+----+---+----+------------+------------+
    |            Variable Name           | Operation| DSP| FF| LUT| Bitwidth P0| Bitwidth P1|
    +------------------------------------+----------+----+---+----+------------+------------+
    |add_ln74_1_fu_369_p2                |         +|   0|  0|  38|          31|           1|
    |add_ln74_fu_343_p2                  |         +|   0|  0|  44|          37|           1|
    |add_ln75_1_fu_475_p2                |         +|   0|  0|  71|          64|          64|
    |add_ln75_2_fu_536_p2                |         +|   0|  0|  14|           7|           1|
    |add_ln75_fu_421_p2                  |         +|   0|  0|  12|           5|           1|
    |add_ln76_1_fu_522_p2                |         +|   0|  0|   9|           2|           1|
    |ret_V_10_fu_792_p2                  |         +|   0|  0|  25|          18|           1|
    |ret_V_13_fu_848_p2                  |         +|   0|  0|  25|          18|           1|
    |ret_V_16_fu_904_p2                  |         +|   0|  0|  25|          18|           1|
    |ret_V_19_fu_960_p2                  |         +|   0|  0|  25|          18|           1|
    |ret_V_1_fu_624_p2                   |         +|   0|  0|  25|          18|           1|
    |ret_V_22_fu_1016_p2                 |         +|   0|  0|  25|          18|           1|
    |ret_V_25_fu_1072_p2                 |         +|   0|  0|  25|          18|           1|
    |ret_V_28_fu_1128_p2                 |         +|   0|  0|  25|          18|           1|
    |ret_V_31_fu_1184_p2                 |         +|   0|  0|  25|          18|           1|
    |ret_V_34_fu_1240_p2                 |         +|   0|  0|  25|          18|           1|
    |ret_V_37_fu_1296_p2                 |         +|   0|  0|  25|          18|           1|
    |ret_V_40_fu_1352_p2                 |         +|   0|  0|  25|          18|           1|
    |ret_V_43_fu_1408_p2                 |         +|   0|  0|  25|          18|           1|
    |ret_V_46_fu_1464_p2                 |         +|   0|  0|  25|          18|           1|
    |ret_V_4_fu_680_p2                   |         +|   0|  0|  25|          18|           1|
    |ret_V_7_fu_736_p2                   |         +|   0|  0|  25|          18|           1|
    |and_ln74_fu_407_p2                  |       and|   0|  0|   2|           1|           1|
    |ap_block_state3_io                  |       and|   0|  0|   2|           1|           1|
    |ap_block_state72_pp0_stage0_iter71  |       and|   0|  0|   2|           1|           1|
    |ap_ext_blocking_cur_n               |       and|   0|  0|   2|           1|           1|
    |ap_ext_blocking_n                   |       and|   0|  0|   2|           1|           2|
    |ap_int_blocking_cur_n               |       and|   0|  0|   2|           1|           0|
    |ap_int_blocking_n                   |       and|   0|  0|   2|           1|           2|
    |ap_str_blocking_n                   |       and|   0|  0|   2|           2|           2|
    |empty_77_fu_510_p2                  |      icmp|   0|  0|  20|          37|           1|
    |empty_79_fu_562_p2                  |      icmp|   0|  0|  20|          37|           1|
    |icmp_ln74_fu_338_p2                 |      icmp|   0|  0|  20|          37|          37|
    |icmp_ln75_fu_355_p2                 |      icmp|   0|  0|  10|           7|           6|
    |icmp_ln76_fu_401_p2                 |      icmp|   0|  0|   8|           2|           3|
    |icmp_ln902_10_fu_1178_p2            |      icmp|   0|  0|  12|          14|           1|
    |icmp_ln902_11_fu_1234_p2            |      icmp|   0|  0|  12|          14|           1|
    |icmp_ln902_12_fu_1290_p2            |      icmp|   0|  0|  12|          14|           1|
    |icmp_ln902_13_fu_1346_p2            |      icmp|   0|  0|  12|          14|           1|
    |icmp_ln902_14_fu_1402_p2            |      icmp|   0|  0|  12|          14|           1|
    |icmp_ln902_15_fu_1458_p2            |      icmp|   0|  0|  12|          14|           1|
    |icmp_ln902_1_fu_674_p2              |      icmp|   0|  0|  12|          14|           1|
    |icmp_ln902_2_fu_730_p2              |      icmp|   0|  0|  12|          14|           1|
    |icmp_ln902_3_fu_786_p2              |      icmp|   0|  0|  12|          14|           1|
    |icmp_ln902_4_fu_842_p2              |      icmp|   0|  0|  12|          14|           1|
    |icmp_ln902_5_fu_898_p2              |      icmp|   0|  0|  12|          14|           1|
    |icmp_ln902_6_fu_954_p2              |      icmp|   0|  0|  12|          14|           1|
    |icmp_ln902_7_fu_1010_p2             |      icmp|   0|  0|  12|          14|           1|
    |icmp_ln902_8_fu_1066_p2             |      icmp|   0|  0|  12|          14|           1|
    |icmp_ln902_9_fu_1122_p2             |      icmp|   0|  0|  12|          14|           1|
    |icmp_ln902_fu_618_p2                |      icmp|   0|  0|  12|          14|           1|
    |ap_block_pp0_stage0_01001           |        or|   0|  0|   2|           1|           1|
    |ap_block_pp0_stage0_11001           |        or|   0|  0|   2|           1|           1|
    |or_ln75_fu_427_p2                   |        or|   0|  0|   2|           1|           1|
    |ret_V_11_fu_806_p3                  |    select|   0|  0|  18|           1|          18|
    |ret_V_14_fu_862_p3                  |    select|   0|  0|  18|           1|          18|
    |ret_V_17_fu_918_p3                  |    select|   0|  0|  18|           1|          18|
    |ret_V_20_fu_974_p3                  |    select|   0|  0|  18|           1|          18|
    |ret_V_23_fu_1030_p3                 |    select|   0|  0|  18|           1|          18|
    |ret_V_26_fu_1086_p3                 |    select|   0|  0|  18|           1|          18|
    |ret_V_29_fu_1142_p3                 |    select|   0|  0|  18|           1|          18|
    |ret_V_2_fu_638_p3                   |    select|   0|  0|  18|           1|          18|
    |ret_V_32_fu_1198_p3                 |    select|   0|  0|  18|           1|          18|
    |ret_V_35_fu_1254_p3                 |    select|   0|  0|  18|           1|          18|
    |ret_V_38_fu_1310_p3                 |    select|   0|  0|  18|           1|          18|
    |ret_V_41_fu_1366_p3                 |    select|   0|  0|  18|           1|          18|
    |ret_V_44_fu_1422_p3                 |    select|   0|  0|  18|           1|          18|
    |ret_V_47_fu_1478_p3                 |    select|   0|  0|  18|           1|          18|
    |ret_V_5_fu_694_p3                   |    select|   0|  0|  18|           1|          18|
    |ret_V_8_fu_750_p3                   |    select|   0|  0|  18|           1|          18|
    |select_ln74_1_fu_379_p3             |    select|   0|  0|  24|           1|          24|
    |select_ln74_2_fu_413_p3             |    select|   0|  0|  31|           1|          31|
    |select_ln74_3_fu_447_p3             |    select|   0|  0|  29|           1|          29|
    |select_ln74_fu_361_p3               |    select|   0|  0|   5|           1|           1|
    |select_ln75_1_fu_490_p3             |    select|   0|  0|   5|           1|           5|
    |select_ln75_2_fu_542_p3             |    select|   0|  0|   7|           1|           1|
    |select_ln75_fu_455_p3               |    select|   0|  0|  29|           1|          29|
    |select_ln76_fu_528_p3               |    select|   0|  0|   2|           1|           1|
    |select_ln901_10_fu_1190_p3          |    select|   0|  0|  18|           1|          18|
    |select_ln901_11_fu_1246_p3          |    select|   0|  0|  18|           1|          18|
    |select_ln901_12_fu_1302_p3          |    select|   0|  0|  18|           1|          18|
    |select_ln901_13_fu_1358_p3          |    select|   0|  0|  18|           1|          18|
    |select_ln901_14_fu_1414_p3          |    select|   0|  0|  18|           1|          18|
    |select_ln901_15_fu_1470_p3          |    select|   0|  0|  18|           1|          18|
    |select_ln901_1_fu_686_p3            |    select|   0|  0|  18|           1|          18|
    |select_ln901_2_fu_742_p3            |    select|   0|  0|  18|           1|          18|
    |select_ln901_3_fu_798_p3            |    select|   0|  0|  18|           1|          18|
    |select_ln901_4_fu_854_p3            |    select|   0|  0|  18|           1|          18|
    |select_ln901_5_fu_910_p3            |    select|   0|  0|  18|           1|          18|
    |select_ln901_6_fu_966_p3            |    select|   0|  0|  18|           1|          18|
    |select_ln901_7_fu_1022_p3           |    select|   0|  0|  18|           1|          18|
    |select_ln901_8_fu_1078_p3           |    select|   0|  0|  18|           1|          18|
    |select_ln901_9_fu_1134_p3           |    select|   0|  0|  18|           1|          18|
    |select_ln901_fu_630_p3              |    select|   0|  0|  18|           1|          18|
    |ap_enable_pp0                       |       xor|   0|  0|   2|           1|           2|
    |xor_ln74_fu_395_p2                  |       xor|   0|  0|   2|           1|           2|
    +------------------------------------+----------+----+---+----+------------+------------+
    |Total                               |          |   0|  0|1592|         832|         863|
    +------------------------------------+----------+----+---+----+------------+------------+

    * Multiplexer: 
    +-------------------------+----+-----------+-----+-----------+
    |           Name          | LUT| Input Size| Bits| Total Bits|
    +-------------------------+----+-----------+-----+-----------+
    |ap_done_int              |   9|          2|    1|          2|
    |ap_enable_reg_pp0_iter1  |   9|          2|    1|          2|
    |ap_enable_reg_pp0_iter2  |   9|          2|    1|          2|
    |c_fu_232                 |   9|          2|    2|          4|
    |fftOutStrm_blk_n         |   9|          2|    1|          2|
    |gmem_blk_n_AW            |   9|          2|    1|          2|
    |gmem_blk_n_B             |   9|          2|    1|          2|
    |gmem_blk_n_W             |   9|          2|    1|          2|
    |indvar_flatten30_fu_248  |   9|          2|   37|         74|
    |indvar_flatten_fu_240    |   9|          2|    7|         14|
    |n_fu_244                 |   9|          2|   31|         62|
    |r_fu_236                 |   9|          2|    5|         10|
    +-------------------------+----+-----------+-----+-----------+
    |Total                    | 108|         24|   89|        178|
    +-------------------------+----+-----------+-----+-----------+

    * Register: 
    +-----------------------------------+----+----+-----+-----------+
    |                Name               | FF | LUT| Bits| Const Bits|
    +-----------------------------------+----+----+-----+-----------+
    |ap_CS_fsm                          |   1|   0|    1|          0|
    |ap_done_reg                        |   1|   0|    1|          0|
    |ap_enable_reg_pp0_iter1            |   1|   0|    1|          0|
    |ap_enable_reg_pp0_iter10           |   1|   0|    1|          0|
    |ap_enable_reg_pp0_iter11           |   1|   0|    1|          0|
    |ap_enable_reg_pp0_iter12           |   1|   0|    1|          0|
    |ap_enable_reg_pp0_iter13           |   1|   0|    1|          0|
    |ap_enable_reg_pp0_iter14           |   1|   0|    1|          0|
    |ap_enable_reg_pp0_iter15           |   1|   0|    1|          0|
    |ap_enable_reg_pp0_iter16           |   1|   0|    1|          0|
    |ap_enable_reg_pp0_iter17           |   1|   0|    1|          0|
    |ap_enable_reg_pp0_iter18           |   1|   0|    1|          0|
    |ap_enable_reg_pp0_iter19           |   1|   0|    1|          0|
    |ap_enable_reg_pp0_iter2            |   1|   0|    1|          0|
    |ap_enable_reg_pp0_iter20           |   1|   0|    1|          0|
    |ap_enable_reg_pp0_iter21           |   1|   0|    1|          0|
    |ap_enable_reg_pp0_iter22           |   1|   0|    1|          0|
    |ap_enable_reg_pp0_iter23           |   1|   0|    1|          0|
    |ap_enable_reg_pp0_iter24           |   1|   0|    1|          0|
    |ap_enable_reg_pp0_iter25           |   1|   0|    1|          0|
    |ap_enable_reg_pp0_iter26           |   1|   0|    1|          0|
    |ap_enable_reg_pp0_iter27           |   1|   0|    1|          0|
    |ap_enable_reg_pp0_iter28           |   1|   0|    1|          0|
    |ap_enable_reg_pp0_iter29           |   1|   0|    1|          0|
    |ap_enable_reg_pp0_iter3            |   1|   0|    1|          0|
    |ap_enable_reg_pp0_iter30           |   1|   0|    1|          0|
    |ap_enable_reg_pp0_iter31           |   1|   0|    1|          0|
    |ap_enable_reg_pp0_iter32           |   1|   0|    1|          0|
    |ap_enable_reg_pp0_iter33           |   1|   0|    1|          0|
    |ap_enable_reg_pp0_iter34           |   1|   0|    1|          0|
    |ap_enable_reg_pp0_iter35           |   1|   0|    1|          0|
    |ap_enable_reg_pp0_iter36           |   1|   0|    1|          0|
    |ap_enable_reg_pp0_iter37           |   1|   0|    1|          0|
    |ap_enable_reg_pp0_iter38           |   1|   0|    1|          0|
    |ap_enable_reg_pp0_iter39           |   1|   0|    1|          0|
    |ap_enable_reg_pp0_iter4            |   1|   0|    1|          0|
    |ap_enable_reg_pp0_iter40           |   1|   0|    1|          0|
    |ap_enable_reg_pp0_iter41           |   1|   0|    1|          0|
    |ap_enable_reg_pp0_iter42           |   1|   0|    1|          0|
    |ap_enable_reg_pp0_iter43           |   1|   0|    1|          0|
    |ap_enable_reg_pp0_iter44           |   1|   0|    1|          0|
    |ap_enable_reg_pp0_iter45           |   1|   0|    1|          0|
    |ap_enable_reg_pp0_iter46           |   1|   0|    1|          0|
    |ap_enable_reg_pp0_iter47           |   1|   0|    1|          0|
    |ap_enable_reg_pp0_iter48           |   1|   0|    1|          0|
    |ap_enable_reg_pp0_iter49           |   1|   0|    1|          0|
    |ap_enable_reg_pp0_iter5            |   1|   0|    1|          0|
    |ap_enable_reg_pp0_iter50           |   1|   0|    1|          0|
    |ap_enable_reg_pp0_iter51           |   1|   0|    1|          0|
    |ap_enable_reg_pp0_iter52           |   1|   0|    1|          0|
    |ap_enable_reg_pp0_iter53           |   1|   0|    1|          0|
    |ap_enable_reg_pp0_iter54           |   1|   0|    1|          0|
    |ap_enable_reg_pp0_iter55           |   1|   0|    1|          0|
    |ap_enable_reg_pp0_iter56           |   1|   0|    1|          0|
    |ap_enable_reg_pp0_iter57           |   1|   0|    1|          0|
    |ap_enable_reg_pp0_iter58           |   1|   0|    1|          0|
    |ap_enable_reg_pp0_iter59           |   1|   0|    1|          0|
    |ap_enable_reg_pp0_iter6            |   1|   0|    1|          0|
    |ap_enable_reg_pp0_iter60           |   1|   0|    1|          0|
    |ap_enable_reg_pp0_iter61           |   1|   0|    1|          0|
    |ap_enable_reg_pp0_iter62           |   1|   0|    1|          0|
    |ap_enable_reg_pp0_iter63           |   1|   0|    1|          0|
    |ap_enable_reg_pp0_iter64           |   1|   0|    1|          0|
    |ap_enable_reg_pp0_iter65           |   1|   0|    1|          0|
    |ap_enable_reg_pp0_iter66           |   1|   0|    1|          0|
    |ap_enable_reg_pp0_iter67           |   1|   0|    1|          0|
    |ap_enable_reg_pp0_iter68           |   1|   0|    1|          0|
    |ap_enable_reg_pp0_iter69           |   1|   0|    1|          0|
    |ap_enable_reg_pp0_iter7            |   1|   0|    1|          0|
    |ap_enable_reg_pp0_iter70           |   1|   0|    1|          0|
    |ap_enable_reg_pp0_iter71           |   1|   0|    1|          0|
    |ap_enable_reg_pp0_iter8            |   1|   0|    1|          0|
    |ap_enable_reg_pp0_iter9            |   1|   0|    1|          0|
    |ap_loop_exit_ready_pp0_iter10_reg  |   1|   0|    1|          0|
    |ap_loop_exit_ready_pp0_iter11_reg  |   1|   0|    1|          0|
    |ap_loop_exit_ready_pp0_iter12_reg  |   1|   0|    1|          0|
    |ap_loop_exit_ready_pp0_iter13_reg  |   1|   0|    1|          0|
    |ap_loop_exit_ready_pp0_iter14_reg  |   1|   0|    1|          0|
    |ap_loop_exit_ready_pp0_iter15_reg  |   1|   0|    1|          0|
    |ap_loop_exit_ready_pp0_iter16_reg  |   1|   0|    1|          0|
    |ap_loop_exit_ready_pp0_iter17_reg  |   1|   0|    1|          0|
    |ap_loop_exit_ready_pp0_iter18_reg  |   1|   0|    1|          0|
    |ap_loop_exit_ready_pp0_iter19_reg  |   1|   0|    1|          0|
    |ap_loop_exit_ready_pp0_iter20_reg  |   1|   0|    1|          0|
    |ap_loop_exit_ready_pp0_iter21_reg  |   1|   0|    1|          0|
    |ap_loop_exit_ready_pp0_iter22_reg  |   1|   0|    1|          0|
    |ap_loop_exit_ready_pp0_iter23_reg  |   1|   0|    1|          0|
    |ap_loop_exit_ready_pp0_iter24_reg  |   1|   0|    1|          0|
    |ap_loop_exit_ready_pp0_iter25_reg  |   1|   0|    1|          0|
    |ap_loop_exit_ready_pp0_iter26_reg  |   1|   0|    1|          0|
    |ap_loop_exit_ready_pp0_iter27_reg  |   1|   0|    1|          0|
    |ap_loop_exit_ready_pp0_iter28_reg  |   1|   0|    1|          0|
    |ap_loop_exit_ready_pp0_iter29_reg  |   1|   0|    1|          0|
    |ap_loop_exit_ready_pp0_iter2_reg   |   1|   0|    1|          0|
    |ap_loop_exit_ready_pp0_iter30_reg  |   1|   0|    1|          0|
    |ap_loop_exit_ready_pp0_iter31_reg  |   1|   0|    1|          0|
    |ap_loop_exit_ready_pp0_iter32_reg  |   1|   0|    1|          0|
    |ap_loop_exit_ready_pp0_iter33_reg  |   1|   0|    1|          0|
    |ap_loop_exit_ready_pp0_iter34_reg  |   1|   0|    1|          0|
    |ap_loop_exit_ready_pp0_iter35_reg  |   1|   0|    1|          0|
    |ap_loop_exit_ready_pp0_iter36_reg  |   1|   0|    1|          0|
    |ap_loop_exit_ready_pp0_iter37_reg  |   1|   0|    1|          0|
    |ap_loop_exit_ready_pp0_iter38_reg  |   1|   0|    1|          0|
    |ap_loop_exit_ready_pp0_iter39_reg  |   1|   0|    1|          0|
    |ap_loop_exit_ready_pp0_iter3_reg   |   1|   0|    1|          0|
    |ap_loop_exit_ready_pp0_iter40_reg  |   1|   0|    1|          0|
    |ap_loop_exit_ready_pp0_iter41_reg  |   1|   0|    1|          0|
    |ap_loop_exit_ready_pp0_iter42_reg  |   1|   0|    1|          0|
    |ap_loop_exit_ready_pp0_iter43_reg  |   1|   0|    1|          0|
    |ap_loop_exit_ready_pp0_iter44_reg  |   1|   0|    1|          0|
    |ap_loop_exit_ready_pp0_iter45_reg  |   1|   0|    1|          0|
    |ap_loop_exit_ready_pp0_iter46_reg  |   1|   0|    1|          0|
    |ap_loop_exit_ready_pp0_iter47_reg  |   1|   0|    1|          0|
    |ap_loop_exit_ready_pp0_iter48_reg  |   1|   0|    1|          0|
    |ap_loop_exit_ready_pp0_iter49_reg  |   1|   0|    1|          0|
    |ap_loop_exit_ready_pp0_iter4_reg   |   1|   0|    1|          0|
    |ap_loop_exit_ready_pp0_iter50_reg  |   1|   0|    1|          0|
    |ap_loop_exit_ready_pp0_iter51_reg  |   1|   0|    1|          0|
    |ap_loop_exit_ready_pp0_iter52_reg  |   1|   0|    1|          0|
    |ap_loop_exit_ready_pp0_iter53_reg  |   1|   0|    1|          0|
    |ap_loop_exit_ready_pp0_iter54_reg  |   1|   0|    1|          0|
    |ap_loop_exit_ready_pp0_iter55_reg  |   1|   0|    1|          0|
    |ap_loop_exit_ready_pp0_iter56_reg  |   1|   0|    1|          0|
    |ap_loop_exit_ready_pp0_iter57_reg  |   1|   0|    1|          0|
    |ap_loop_exit_ready_pp0_iter58_reg  |   1|   0|    1|          0|
    |ap_loop_exit_ready_pp0_iter59_reg  |   1|   0|    1|          0|
    |ap_loop_exit_ready_pp0_iter5_reg   |   1|   0|    1|          0|
    |ap_loop_exit_ready_pp0_iter60_reg  |   1|   0|    1|          0|
    |ap_loop_exit_ready_pp0_iter61_reg  |   1|   0|    1|          0|
    |ap_loop_exit_ready_pp0_iter62_reg  |   1|   0|    1|          0|
    |ap_loop_exit_ready_pp0_iter63_reg  |   1|   0|    1|          0|
    |ap_loop_exit_ready_pp0_iter64_reg  |   1|   0|    1|          0|
    |ap_loop_exit_ready_pp0_iter65_reg  |   1|   0|    1|          0|
    |ap_loop_exit_ready_pp0_iter66_reg  |   1|   0|    1|          0|
    |ap_loop_exit_ready_pp0_iter67_reg  |   1|   0|    1|          0|
    |ap_loop_exit_ready_pp0_iter68_reg  |   1|   0|    1|          0|
    |ap_loop_exit_ready_pp0_iter69_reg  |   1|   0|    1|          0|
    |ap_loop_exit_ready_pp0_iter6_reg   |   1|   0|    1|          0|
    |ap_loop_exit_ready_pp0_iter70_reg  |   1|   0|    1|          0|
    |ap_loop_exit_ready_pp0_iter7_reg   |   1|   0|    1|          0|
    |ap_loop_exit_ready_pp0_iter8_reg   |   1|   0|    1|          0|
    |ap_loop_exit_ready_pp0_iter9_reg   |   1|   0|    1|          0|
    |c_fu_232                           |   2|   0|    2|          0|
    |empty_77_reg_1634                  |   1|   0|    1|          0|
    |empty_79_reg_1638                  |   1|   0|    1|          0|
    |indvar_flatten30_fu_248            |  37|   0|   37|          0|
    |indvar_flatten_fu_240              |   7|   0|    7|          0|
    |n_fu_244                           |  31|   0|   31|          0|
    |r_fu_236                           |   5|   0|    5|          0|
    |ret_V_11_reg_1657                  |  18|   0|   18|          0|
    |ret_V_14_reg_1662                  |  18|   0|   18|          0|
    |ret_V_17_reg_1667                  |  18|   0|   18|          0|
    |ret_V_20_reg_1672                  |  18|   0|   18|          0|
    |ret_V_23_reg_1677                  |  18|   0|   18|          0|
    |ret_V_26_reg_1682                  |  18|   0|   18|          0|
    |ret_V_29_reg_1687                  |  18|   0|   18|          0|
    |ret_V_2_reg_1642                   |  18|   0|   18|          0|
    |ret_V_32_reg_1692                  |  18|   0|   18|          0|
    |ret_V_35_reg_1697                  |  18|   0|   18|          0|
    |ret_V_38_reg_1702                  |  18|   0|   18|          0|
    |ret_V_41_reg_1707                  |  18|   0|   18|          0|
    |ret_V_44_reg_1712                  |  18|   0|   18|          0|
    |ret_V_47_reg_1717                  |  18|   0|   18|          0|
    |ret_V_5_reg_1647                   |  18|   0|   18|          0|
    |ret_V_8_reg_1652                   |  18|   0|   18|          0|
    |sext_ln85_1_mid2_v_reg_1629        |  58|   0|   58|          0|
    |empty_79_reg_1638                  |  64|  32|    1|          0|
    +-----------------------------------+----+----+-----+-----------+
    |Total                              | 636|  32|  573|          0|
    +-----------------------------------+----+----+-----+-----------+



================================================================
== Interface
================================================================
* Summary: 
+---------------------+-----+-----+------------+----------------------------------------------------------------------------------------------------------------------------------------------------------------------------------------------------------+--------------+
|      RTL Ports      | Dir | Bits|  Protocol  |                                                                                               Source Object                                                                                              |    C Type    |
+---------------------+-----+-----+------------+----------------------------------------------------------------------------------------------------------------------------------------------------------------------------------------------------------+--------------+
|ap_clk               |   in|    1|  ap_ctrl_hs|  writeImages<512u, 16u, 16u, 4096u, 32u, 8u, complex<ap_fixed<22, 8, 5, 3, 0> >, SuperSampleContainer<8, complex<ap_fixed<32, 18, 5, 3, 0> > > >_Pipeline_VITIS_LOOP_74_1_VITIS_LOOP_75_2_VITIS_LOOP_76_3|  return value|
|ap_rst               |   in|    1|  ap_ctrl_hs|  writeImages<512u, 16u, 16u, 4096u, 32u, 8u, complex<ap_fixed<22, 8, 5, 3, 0> >, SuperSampleContainer<8, complex<ap_fixed<32, 18, 5, 3, 0> > > >_Pipeline_VITIS_LOOP_74_1_VITIS_LOOP_75_2_VITIS_LOOP_76_3|  return value|
|ap_start             |   in|    1|  ap_ctrl_hs|  writeImages<512u, 16u, 16u, 4096u, 32u, 8u, complex<ap_fixed<22, 8, 5, 3, 0> >, SuperSampleContainer<8, complex<ap_fixed<32, 18, 5, 3, 0> > > >_Pipeline_VITIS_LOOP_74_1_VITIS_LOOP_75_2_VITIS_LOOP_76_3|  return value|
|ap_done              |  out|    1|  ap_ctrl_hs|  writeImages<512u, 16u, 16u, 4096u, 32u, 8u, complex<ap_fixed<22, 8, 5, 3, 0> >, SuperSampleContainer<8, complex<ap_fixed<32, 18, 5, 3, 0> > > >_Pipeline_VITIS_LOOP_74_1_VITIS_LOOP_75_2_VITIS_LOOP_76_3|  return value|
|ap_idle              |  out|    1|  ap_ctrl_hs|  writeImages<512u, 16u, 16u, 4096u, 32u, 8u, complex<ap_fixed<22, 8, 5, 3, 0> >, SuperSampleContainer<8, complex<ap_fixed<32, 18, 5, 3, 0> > > >_Pipeline_VITIS_LOOP_74_1_VITIS_LOOP_75_2_VITIS_LOOP_76_3|  return value|
|ap_ready             |  out|    1|  ap_ctrl_hs|  writeImages<512u, 16u, 16u, 4096u, 32u, 8u, complex<ap_fixed<22, 8, 5, 3, 0> >, SuperSampleContainer<8, complex<ap_fixed<32, 18, 5, 3, 0> > > >_Pipeline_VITIS_LOOP_74_1_VITIS_LOOP_75_2_VITIS_LOOP_76_3|  return value|
|ap_ext_blocking_n    |  out|    1|  ap_ctrl_hs|  writeImages<512u, 16u, 16u, 4096u, 32u, 8u, complex<ap_fixed<22, 8, 5, 3, 0> >, SuperSampleContainer<8, complex<ap_fixed<32, 18, 5, 3, 0> > > >_Pipeline_VITIS_LOOP_74_1_VITIS_LOOP_75_2_VITIS_LOOP_76_3|  return value|
|ap_str_blocking_n    |  out|    1|  ap_ctrl_hs|  writeImages<512u, 16u, 16u, 4096u, 32u, 8u, complex<ap_fixed<22, 8, 5, 3, 0> >, SuperSampleContainer<8, complex<ap_fixed<32, 18, 5, 3, 0> > > >_Pipeline_VITIS_LOOP_74_1_VITIS_LOOP_75_2_VITIS_LOOP_76_3|  return value|
|ap_int_blocking_n    |  out|    1|  ap_ctrl_hs|  writeImages<512u, 16u, 16u, 4096u, 32u, 8u, complex<ap_fixed<22, 8, 5, 3, 0> >, SuperSampleContainer<8, complex<ap_fixed<32, 18, 5, 3, 0> > > >_Pipeline_VITIS_LOOP_74_1_VITIS_LOOP_75_2_VITIS_LOOP_76_3|  return value|
|fftOutStrm_dout      |   in|  512|     ap_fifo|                                                                                                                                                                                                fftOutStrm|       pointer|
|fftOutStrm_empty_n   |   in|    1|     ap_fifo|                                                                                                                                                                                                fftOutStrm|       pointer|
|fftOutStrm_read      |  out|    1|     ap_fifo|                                                                                                                                                                                                fftOutStrm|       pointer|
|m_axi_gmem_AWVALID   |  out|    1|       m_axi|                                                                                                                                                                                                      gmem|       pointer|
|m_axi_gmem_AWREADY   |   in|    1|       m_axi|                                                                                                                                                                                                      gmem|       pointer|
|m_axi_gmem_AWADDR    |  out|   64|       m_axi|                                                                                                                                                                                                      gmem|       pointer|
|m_axi_gmem_AWID      |  out|    1|       m_axi|                                                                                                                                                                                                      gmem|       pointer|
|m_axi_gmem_AWLEN     |  out|   32|       m_axi|                                                                                                                                                                                                      gmem|       pointer|
|m_axi_gmem_AWSIZE    |  out|    3|       m_axi|                                                                                                                                                                                                      gmem|       pointer|
|m_axi_gmem_AWBURST   |  out|    2|       m_axi|                                                                                                                                                                                                      gmem|       pointer|
|m_axi_gmem_AWLOCK    |  out|    2|       m_axi|                                                                                                                                                                                                      gmem|       pointer|
|m_axi_gmem_AWCACHE   |  out|    4|       m_axi|                                                                                                                                                                                                      gmem|       pointer|
|m_axi_gmem_AWPROT    |  out|    3|       m_axi|                                                                                                                                                                                                      gmem|       pointer|
|m_axi_gmem_AWQOS     |  out|    4|       m_axi|                                                                                                                                                                                                      gmem|       pointer|
|m_axi_gmem_AWREGION  |  out|    4|       m_axi|                                                                                                                                                                                                      gmem|       pointer|
|m_axi_gmem_AWUSER    |  out|    1|       m_axi|                                                                                                                                                                                                      gmem|       pointer|
|m_axi_gmem_WVALID    |  out|    1|       m_axi|                                                                                                                                                                                                      gmem|       pointer|
|m_axi_gmem_WREADY    |   in|    1|       m_axi|                                                                                                                                                                                                      gmem|       pointer|
|m_axi_gmem_WDATA     |  out|  512|       m_axi|                                                                                                                                                                                                      gmem|       pointer|
|m_axi_gmem_WSTRB     |  out|   64|       m_axi|                                                                                                                                                                                                      gmem|       pointer|
|m_axi_gmem_WLAST     |  out|    1|       m_axi|                                                                                                                                                                                                      gmem|       pointer|
|m_axi_gmem_WID       |  out|    1|       m_axi|                                                                                                                                                                                                      gmem|       pointer|
|m_axi_gmem_WUSER     |  out|    1|       m_axi|                                                                                                                                                                                                      gmem|       pointer|
|m_axi_gmem_ARVALID   |  out|    1|       m_axi|                                                                                                                                                                                                      gmem|       pointer|
|m_axi_gmem_ARREADY   |   in|    1|       m_axi|                                                                                                                                                                                                      gmem|       pointer|
|m_axi_gmem_ARADDR    |  out|   64|       m_axi|                                                                                                                                                                                                      gmem|       pointer|
|m_axi_gmem_ARID      |  out|    1|       m_axi|                                                                                                                                                                                                      gmem|       pointer|
|m_axi_gmem_ARLEN     |  out|   32|       m_axi|                                                                                                                                                                                                      gmem|       pointer|
|m_axi_gmem_ARSIZE    |  out|    3|       m_axi|                                                                                                                                                                                                      gmem|       pointer|
|m_axi_gmem_ARBURST   |  out|    2|       m_axi|                                                                                                                                                                                                      gmem|       pointer|
|m_axi_gmem_ARLOCK    |  out|    2|       m_axi|                                                                                                                                                                                                      gmem|       pointer|
|m_axi_gmem_ARCACHE   |  out|    4|       m_axi|                                                                                                                                                                                                      gmem|       pointer|
|m_axi_gmem_ARPROT    |  out|    3|       m_axi|                                                                                                                                                                                                      gmem|       pointer|
|m_axi_gmem_ARQOS     |  out|    4|       m_axi|                                                                                                                                                                                                      gmem|       pointer|
|m_axi_gmem_ARREGION  |  out|    4|       m_axi|                                                                                                                                                                                                      gmem|       pointer|
|m_axi_gmem_ARUSER    |  out|    1|       m_axi|                                                                                                                                                                                                      gmem|       pointer|
|m_axi_gmem_RVALID    |   in|    1|       m_axi|                                                                                                                                                                                                      gmem|       pointer|
|m_axi_gmem_RREADY    |  out|    1|       m_axi|                                                                                                                                                                                                      gmem|       pointer|
|m_axi_gmem_RDATA     |   in|  512|       m_axi|                                                                                                                                                                                                      gmem|       pointer|
|m_axi_gmem_RLAST     |   in|    1|       m_axi|                                                                                                                                                                                                      gmem|       pointer|
|m_axi_gmem_RID       |   in|    1|       m_axi|                                                                                                                                                                                                      gmem|       pointer|
|m_axi_gmem_RUSER     |   in|    1|       m_axi|                                                                                                                                                                                                      gmem|       pointer|
|m_axi_gmem_RRESP     |   in|    2|       m_axi|                                                                                                                                                                                                      gmem|       pointer|
|m_axi_gmem_BVALID    |   in|    1|       m_axi|                                                                                                                                                                                                      gmem|       pointer|
|m_axi_gmem_BREADY    |  out|    1|       m_axi|                                                                                                                                                                                                      gmem|       pointer|
|m_axi_gmem_BRESP     |   in|    2|       m_axi|                                                                                                                                                                                                      gmem|       pointer|
|m_axi_gmem_BID       |   in|    1|       m_axi|                                                                                                                                                                                                      gmem|       pointer|
|m_axi_gmem_BUSER     |   in|    1|       m_axi|                                                                                                                                                                                                      gmem|       pointer|
|bound5               |   in|   37|     ap_none|                                                                                                                                                                                                    bound5|        scalar|
|p_read               |   in|   64|     ap_none|                                                                                                                                                                                                    p_read|        scalar|
+---------------------+-----+-----+------------+----------------------------------------------------------------------------------------------------------------------------------------------------------------------------------------------------------+--------------+

