12:36:38 **** Incremental Build of configuration Emulation-HW for project vadd_system ****
make all 
/opt/Xilinx/Vitis/2021.1/bin/v++ --package --config package.cfg ../../vadd_system_hw_link/Emulation-HW/binary_container_1.xclbin -o binary_container_1.xclbin
Option Map File Used: '/opt/Xilinx/Vitis/2021.1/data/vitis/vpp/optMap.xml'

****** v++ v2021.1 (64-bit)
  **** SW Build 3246112 on 2021-06-09-14:19:56
    ** Copyright 1986-2020 Xilinx, Inc. All Rights Reserved.

INFO: [v++ 60-1306] Additional information associated with this v++ package can be found at:
	Reports: /home/centos/workspace/vadd_system/Emulation-HW/package.build/reports/package
	Log files: /home/centos/workspace/vadd_system/Emulation-HW/package.build/logs/package
Running Dispatch Server on port: 36783
INFO: [v++ 60-1548] Creating build summary session with primary output /home/centos/workspace/vadd_system/Emulation-HW/binary_container_1.xclbin.package_summary, at Mon Jan 24 12:36:53 2022
INFO: [v++ 60-1316] Initiating connection to rulecheck server, at Mon Jan 24 12:36:53 2022
Running Rule Check Server on port:36366
INFO: [v++ 60-1315] Creating rulecheck session with output '/home/centos/workspace/vadd_system/Emulation-HW/package.build/reports/package/v++_package_binary_container_1_guidance.html', at Mon Jan 24 12:36:56 2022
INFO: [v++ 60-895]   Target platform: /home/centos/aws-fpga/Vitis/aws_platform/xilinx_aws-vu9p-f1_shell-v04261818_201920_2/xilinx_aws-vu9p-f1_shell-v04261818_201920_2.xpfm
INFO: [v++ 60-1578]   This platform contains Xilinx Shell Archive '/home/centos/aws-fpga/Vitis/aws_platform/xilinx_aws-vu9p-f1_shell-v04261818_201920_2/hw/xilinx_aws-vu9p-f1_shell-v04261818_201920_2.xsa'
INFO: [v++ 74-78] Compiler Version string: 2021.1
INFO: [v++ 60-1302] Platform 'xilinx_aws-vu9p-f1_shell-v04261818_201920_2.xpfm' has been explicitly enabled for this release.
INFO: [v++ 60-2256] Packaging for hardware emulation
INFO: [v++ 60-2460] Successfully copied a temporary xclbin to the output xclbin: /home/centos/workspace/vadd_system/Emulation-HW/binary_container_1.xclbin
INFO: [v++ 60-2343] Use the vitis_analyzer tool to visualize and navigate the relevant reports. Run the following command. 
    vitis_analyzer /home/centos/workspace/vadd_system/Emulation-HW/binary_container_1.xclbin.package_summary 
INFO: [v++ 60-791] Total elapsed time: 0h 0m 20s
INFO: [v++ 60-1653] Closing dispatch client.
cp -f binary_container_1.xclbin ../../vadd/Emulation-HW

12:37:02 Build Finished (took 23s.535ms)

