Vivado Simulator v2021.1
Copyright 1986-1999, 2001-2021 Xilinx, Inc. All Rights Reserved.
Running: /opt/Xilinx/Vivado/2021.1/bin/unwrapped/lnx64.o/xelab -wto a2cd8744b37e42888891078cacb9231e --incr --debug typical --relax --mt 8 -sv_root /opt/Xilinx/Vivado/2021.1/data/simmodels/xsim/2021.1/lnx64/6.2.0/ext/protobuf -sc_lib libprotobuf.so --include /opt/Xilinx/Vivado/2021.1/data/simmodels/xsim/2021.1/lnx64/6.2.0/ext/protobuf/include -sv_root /opt/Xilinx/Vivado/2021.1/data/xsim/ip/xtlm -sc_lib libxtlm.so --include /opt/Xilinx/Vivado/2021.1/data/xsim/ip/xtlm/include -sv_root /opt/Xilinx/Vivado/2021.1/data/xsim/ip/xtlm_simple_interconnect_v1_0 -sc_lib libxtlm_simple_interconnect_v1_0.so --include /opt/Xilinx/Vivado/2021.1/data/xsim/ip/xtlm_simple_interconnect_v1_0/include -sv_root /opt/Xilinx/Vivado/2021.1/data/xsim/ip/common_cpp_v1_0 -sc_lib libcommon_cpp_v1_0.so --include /opt/Xilinx/Vivado/2021.1/data/xsim/ip/common_cpp_v1_0/include -sv_root /opt/Xilinx/Vivado/2021.1/data/xsim/ip/emu_perf_common_v1_0 -sc_lib libemu_perf_common_v1_0.so --include /opt/Xilinx/Vivado/2021.1/data/xsim/ip/emu_perf_common_v1_0/include --include ../../../../prj.ip_user_files/bd/pfm_dynamic/ip/pfm_dynamic_xtlm_simple_intercon_0_0/src --include ../../../../prj.ip_user_files/bd/pfm_dynamic/ip/pfm_dynamic_xtlm_simple_intercon_0_0/sim --include ../../../../prj.ip_user_files/bd/pfm_dynamic/ip/pfm_dynamic_memory_subsystem_0/bd_0/ip/ip_0/src --include ../../../../prj.ip_user_files/bd/pfm_dynamic/ip/pfm_dynamic_memory_subsystem_0/bd_0/ip/ip_0/sim --include ../../../../prj.ip_user_files/bd/pfm_dynamic/ip/pfm_dynamic_memory_subsystem_0/bd_0/ip/ip_1/src --include ../../../../prj.ip_user_files/bd/pfm_dynamic/ip/pfm_dynamic_memory_subsystem_0/bd_0/ip/ip_1/sim --include ../../../../prj.ip_user_files/bd/pfm_dynamic/ip/pfm_dynamic_memory_subsystem_0/bd_0/ip/ip_2/src --include ../../../../prj.ip_user_files/bd/pfm_dynamic/ip/pfm_dynamic_memory_subsystem_0/bd_0/ip/ip_2/sim --include ../../../../prj.ip_user_files/bd/pfm_dynamic/ip/pfm_dynamic_memory_subsystem_0/bd_0/ip/ip_3/src --include ../../../../prj.ip_user_files/bd/pfm_dynamic/ip/pfm_dynamic_memory_subsystem_0/bd_0/ip/ip_3/sim --include ../../../../prj.ip_user_files/bd/pfm_dynamic/ip/pfm_dynamic_memory_subsystem_0/bd_0/sim --include ../../../../prj.ip_user_files/bd/pfm_dynamic/ip/pfm_dynamic_memory_subsystem_0/sim --include ../../../../prj.ip_user_files/bd/pfm_dynamic/ip/pfm_dynamic_sim_ddr_0_0/sim_tlm/common --include ../../../../prj.ip_user_files/bd/pfm_dynamic/ip/pfm_dynamic_sim_ddr_0_0/sim_tlm/axi_crossbar/systemc_srcs --include ../../../../prj.ip_user_files/bd/pfm_dynamic/ip/pfm_dynamic_sim_ddr_0_0/sim_tlm/top --include ../../../../prj.ip_user_files/bd/pfm_dynamic/ip/pfm_dynamic_sim_ddr_0_0/sim_tlm/ddr_model/cpp_srcs --include ../../../../prj.ip_user_files/bd/pfm_dynamic/ip/pfm_dynamic_sim_ddr_0_0/sim_tlm/ddr_model/systemc_srcs --include ../../../../prj.ip_user_files/bd/pfm_dynamic/ip/pfm_dynamic_sim_ddr_0_0/sim --include ../../../../prj.ip_user_files/bd/pfm_dynamic/ip/pfm_dynamic_sim_ddr_2_0/sim_tlm/common --include ../../../../prj.ip_user_files/bd/pfm_dynamic/ip/pfm_dynamic_sim_ddr_2_0/sim_tlm/axi_crossbar/systemc_srcs --include ../../../../prj.ip_user_files/bd/pfm_dynamic/ip/pfm_dynamic_sim_ddr_2_0/sim_tlm/top --include ../../../../prj.ip_user_files/bd/pfm_dynamic/ip/pfm_dynamic_sim_ddr_2_0/sim_tlm/ddr_model/cpp_srcs --include ../../../../prj.ip_user_files/bd/pfm_dynamic/ip/pfm_dynamic_sim_ddr_2_0/sim_tlm/ddr_model/systemc_srcs --include ../../../../prj.ip_user_files/bd/pfm_dynamic/ip/pfm_dynamic_sim_ddr_2_0/sim --include ../../../../prj.ip_user_files/bd/pfm_dynamic/ip/pfm_dynamic_sim_ddr_3_0/sim_tlm/common --include ../../../../prj.ip_user_files/bd/pfm_dynamic/ip/pfm_dynamic_sim_ddr_3_0/sim_tlm/axi_crossbar/systemc_srcs --include ../../../../prj.ip_user_files/bd/pfm_dynamic/ip/pfm_dynamic_sim_ddr_3_0/sim_tlm/top --include ../../../../prj.ip_user_files/bd/pfm_dynamic/ip/pfm_dynamic_sim_ddr_3_0/sim_tlm/ddr_model/cpp_srcs --include ../../../../prj.ip_user_files/bd/pfm_dynamic/ip/pfm_dynamic_sim_ddr_3_0/sim_tlm/ddr_model/systemc_srcs --include ../../../../prj.ip_user_files/bd/pfm_dynamic/ip/pfm_dynamic_sim_ddr_3_0/sim --include ../../../../prj.ip_user_files/bd/pfm_dynamic/ip/pfm_dynamic_icn_pass_0_0/src --include ../../../../prj.ip_user_files/bd/pfm_dynamic/ip/pfm_dynamic_icn_pass_0_0/sim --include ../../../../prj.ip_user_files/bd/pfm_dynamic/ip/pfm_dynamic_icn_pass_1_0/src --include ../../../../prj.ip_user_files/bd/pfm_dynamic/ip/pfm_dynamic_icn_pass_1_0/sim --include ../../../../prj.ip_user_files/bd/pfm_dynamic/ip/pfm_dynamic_icn_pass_2_0/src --include ../../../../prj.ip_user_files/bd/pfm_dynamic/ip/pfm_dynamic_icn_pass_2_0/sim --include ../../../../prj.ip_user_files/bd/pfm_dynamic/ip/pfm_dynamic_icn_pass_3_0/src --include ../../../../prj.ip_user_files/bd/pfm_dynamic/ip/pfm_dynamic_icn_pass_3_0/sim --include ../../../../prj.ip_user_files/bd/pfm_dynamic/ip/pfm_dynamic_dpa_hub_0/src --include ../../../../prj.ip_user_files/bd/pfm_dynamic/ip/pfm_dynamic_dpa_hub_0/sim --include ../../../../prj.ip_user_files/bd/pfm_dynamic/ip/pfm_dynamic_dpa_mon0_0/src --include ../../../../prj.ip_user_files/bd/pfm_dynamic/ip/pfm_dynamic_dpa_mon0_0/sim --include ../../../../prj.ip_user_files/bd/pfm_dynamic/ip/pfm_dynamic_dpa_mon1_0/src --include ../../../../prj.ip_user_files/bd/pfm_dynamic/ip/pfm_dynamic_dpa_mon1_0/sim --include ../../../../prj.ip_user_files/bd/pfm_dynamic/sim --include ../../../../prj.ip_user_files/bd/emu/ip/emu_sim_embedded_scheduler_sw_0_0/src --include ../../../../prj.ip_user_files/bd/emu/ip/emu_sim_embedded_scheduler_sw_0_0/sim --include ../../../../prj.ip_user_files/bd/emu/ip/emu_sim_ddr_1_0/sim_tlm/common --include ../../../../prj.ip_user_files/bd/emu/ip/emu_sim_ddr_1_0/sim_tlm/axi_crossbar/systemc_srcs --include ../../../../prj.ip_user_files/bd/emu/ip/emu_sim_ddr_1_0/sim_tlm/top --include ../../../../prj.ip_user_files/bd/emu/ip/emu_sim_ddr_1_0/sim_tlm/ddr_model/cpp_srcs --include ../../../../prj.ip_user_files/bd/emu/ip/emu_sim_ddr_1_0/sim_tlm/ddr_model/systemc_srcs --include ../../../../prj.ip_user_files/bd/emu/ip/emu_sim_ddr_1_0/sim --include ../../../../prj.ip_user_files/bd/emu/ip/emu_icn_pass_0_0/src --include ../../../../prj.ip_user_files/bd/emu/ip/emu_icn_pass_0_0/sim --include ../../../../prj.ip_user_files/bd/emu/ip/emu_sim_xdma_0_0/src/common --include ../../../../prj.ip_user_files/bd/emu/ip/emu_sim_xdma_0_0/src/cpp_src --include ../../../../prj.ip_user_files/bd/emu/ip/emu_sim_xdma_0_0/src/sysc_src --include ../../../../prj.ip_user_files/bd/emu/ip/emu_sim_xdma_0_0/sim --include ../../../../prj.ip_user_files/bd/emu/ip/emu_sim_copy_kernel_0_0/sysc --include ../../../../prj.ip_user_files/bd/emu/ip/emu_sim_copy_kernel_0_0/sim --include ../../../../prj.ip_user_files/bd/emu/ip/emu_sim_copy_kernel_1_0/sysc --include ../../../../prj.ip_user_files/bd/emu/ip/emu_sim_copy_kernel_1_0/sim --include ../../../../prj.ip_user_files/bd/emu/ip/emu_sim_copy_kernel_2_0/sysc --include ../../../../prj.ip_user_files/bd/emu/ip/emu_sim_copy_kernel_2_0/sim --include ../../../../prj.ip_user_files/bd/emu/ip/emu_sim_copy_kernel_3_0/sysc --include ../../../../prj.ip_user_files/bd/emu/ip/emu_sim_copy_kernel_3_0/sim --include ../../../../prj.ip_user_files/bd/emu/sim --include /opt/Xilinx/Vivado/2021.1/tps/boost_1_72_0 -L xil_defaultlib -L sim_clk_gen_v1_0_3 -L xlconcat_v2_1_4 -L xlconstant_v1_1_7 -L lib_cdc_v1_0_2 -L proc_sys_reset_v5_0_13 -L axi_lite_ipif_v3_0_4 -L interrupt_control_v3_1_4 -L axi_gpio_v2_0_26 -L generic_baseblocks_v2_1_0 -L axi_infrastructure_v1_1_0 -L axi_register_slice_v2_1_24 -L fifo_generator_v13_2_5 -L axi_data_fifo_v2_1_23 -L axi_crossbar_v2_1_25 -L axi_clock_converter_v2_1_23 -L axi_intc_v4_1_15 -L shell_utils_embedded_scheduler_hw_v1_0_0 -L axi_protocol_converter_v2_1_24 -L axi_mmu_v2_1_22 -L uvm -L unisims_ver -L unimacro_ver -L secureip -L xpm -sv_root . -sc_lib libdpi.so --snapshot emu_wrapper_behav xil_defaultlib.emu_wrapper xil_defaultlib.glbl -log elaborate.log -ignore_assertions --debug sc 
Using 8 slave threads.
Starting static elaboration
Pass Through NonSizing Optimizer
WARNING: [VRFC 10-3091] actual bit length 6 differs from formal bit length 9 for port 'm_axi_arprot' [/home/centos/workspace/project_fft_system_hw_link/Emulation-HW/binary_container_1.build/link/vivado/vpl/prj/prj.ip_user_files/bd/pfm_dynamic/sim/pfm_dynamic.v:8454]
WARNING: [VRFC 10-3091] actual bit length 6 differs from formal bit length 9 for port 'm_axi_awprot' [/home/centos/workspace/project_fft_system_hw_link/Emulation-HW/binary_container_1.build/link/vivado/vpl/prj/prj.ip_user_files/bd/pfm_dynamic/sim/pfm_dynamic.v:8458]
WARNING: [VRFC 10-3091] actual bit length 6 differs from formal bit length 9 for port 'm_axi_arprot' [/home/centos/workspace/project_fft_system_hw_link/Emulation-HW/binary_container_1.build/link/vivado/vpl/prj/prj.ip_user_files/bd/emu/sim/emu.v:2599]
WARNING: [VRFC 10-3091] actual bit length 6 differs from formal bit length 9 for port 'm_axi_awprot' [/home/centos/workspace/project_fft_system_hw_link/Emulation-HW/binary_container_1.build/link/vivado/vpl/prj/prj.ip_user_files/bd/emu/sim/emu.v:2603]
WARNING: [VRFC 10-3091] actual bit length 6 differs from formal bit length 18 for port 'm_axi_arprot' [/home/centos/workspace/project_fft_system_hw_link/Emulation-HW/binary_container_1.build/link/vivado/vpl/prj/prj.ip_user_files/bd/emu/sim/emu.v:4481]
WARNING: [VRFC 10-3091] actual bit length 6 differs from formal bit length 18 for port 'm_axi_awprot' [/home/centos/workspace/project_fft_system_hw_link/Emulation-HW/binary_container_1.build/link/vivado/vpl/prj/prj.ip_user_files/bd/emu/sim/emu.v:4485]
WARNING: [VRFC 10-5021] port 'mb_reset' is not connected on this instance [/home/centos/workspace/project_fft_system_hw_link/Emulation-HW/binary_container_1.build/link/vivado/vpl/prj/prj.ip_user_files/bd/pfm_dynamic/sim/pfm_dynamic.v:9847]
WARNING: [VRFC 10-5021] port 'mb_reset' is not connected on this instance [/home/centos/workspace/project_fft_system_hw_link/Emulation-HW/binary_container_1.build/link/vivado/vpl/prj/prj.ip_user_files/bd/pfm_dynamic/sim/pfm_dynamic.v:9853]
WARNING: [VRFC 10-5021] port 'gpio_io_o' is not connected on this instance [/home/centos/workspace/project_fft_system_hw_link/Emulation-HW/binary_container_1.build/link/vivado/vpl/prj/prj.ip_user_files/bd/pfm_dynamic/sim/pfm_dynamic.v:9859]
WARNING: [VRFC 10-5021] port 'mb_reset' is not connected on this instance [/home/centos/workspace/project_fft_system_hw_link/Emulation-HW/binary_container_1.build/link/vivado/vpl/prj/prj.ip_user_files/bd/pfm_dynamic/sim/pfm_dynamic.v:11070]
WARNING: [VRFC 10-5021] port 'mb_reset' is not connected on this instance [/home/centos/workspace/project_fft_system_hw_link/Emulation-HW/binary_container_1.build/link/vivado/vpl/prj/prj.ip_user_files/bd/pfm_dynamic/sim/pfm_dynamic.v:11076]
WARNING: [VRFC 10-5021] port 'mb_reset' is not connected on this instance [/home/centos/workspace/project_fft_system_hw_link/Emulation-HW/binary_container_1.build/link/vivado/vpl/prj/prj.ip_user_files/bd/pfm_dynamic/sim/pfm_dynamic.v:11674]
WARNING: [VRFC 10-5021] port 'mb_reset' is not connected on this instance [/home/centos/workspace/project_fft_system_hw_link/Emulation-HW/binary_container_1.build/link/vivado/vpl/prj/prj.ip_user_files/bd/pfm_dynamic/sim/pfm_dynamic.v:11680]
WARNING: [VRFC 10-5021] port 'gpio_io_o' is not connected on this instance [/home/centos/workspace/project_fft_system_hw_link/Emulation-HW/binary_container_1.build/link/vivado/vpl/prj/prj.ip_user_files/bd/pfm_dynamic/sim/pfm_dynamic.v:11686]
WARNING: [VRFC 10-5021] port 'mb_reset' is not connected on this instance [/home/centos/workspace/project_fft_system_hw_link/Emulation-HW/binary_container_1.build/link/vivado/vpl/prj/prj.ip_user_files/bd/emu/sim/emu.v:8925]
WARNING: [VRFC 10-5021] port 'aclk2x' is not connected on this instance [/wrk/ci/prod/2021.1/sw/continuous/3932/packages/customer/vivado/data/ip/xilinx/axi_protocol_converter_v2_1/hdl/axi_protocol_converter_v2_1_vl_rfs.v:4376]
WARNING: [VRFC 10-5021] port 'aclk2x' is not connected on this instance [/wrk/ci/prod/2021.1/sw/continuous/3932/packages/customer/vivado/data/ip/xilinx/axi_protocol_converter_v2_1/hdl/axi_protocol_converter_v2_1_vl_rfs.v:4631]
WARNING: [VRFC 10-5021] port 'aclk2x' is not connected on this instance [/wrk/ci/prod/2021.1/sw/continuous/3932/packages/customer/vivado/data/ip/xilinx/axi_mmu_v2_1/hdl/axi_mmu_v2_1_vl_rfs.v:1155]
WARNING: [VRFC 10-5021] port 'busy' is not connected on this instance [/home/centos/workspace/project_fft_system_hw_link/Emulation-HW/binary_container_1.build/link/vivado/vpl/prj/prj.gen/sources_1/bd/emu/ipshared/a5f1/hdl/shell_utils_embedded_scheduler_hw_v1_0_vl_rfs.v:1116]
Completed static elaboration
Starting simulation data flow analysis
WARNING: [XSIM 43-4099] "/home/centos/workspace/project_fft_system_hw_link/Emulation-HW/binary_container_1.build/link/vivado/vpl/prj/prj.ip_user_files/bd/pfm_dynamic/sim/pfm_dynamic_sci_stub.sv" Line 11. Module pfm_dynamic_sci doesn't have a timescale but at least one module in design has a timescale.
WARNING: [XSIM 43-4099] "/home/centos/workspace/project_fft_system_hw_link/Emulation-HW/binary_container_1.build/link/vivado/vpl/prj/prj.ip_user_files/bd/emu/sim/emu_sci_stub.sv" Line 11. Module emu_sci doesn't have a timescale but at least one module in design has a timescale.
WARNING: [XSIM 43-4099] "/home/centos/workspace/project_fft_system_hw_link/Emulation-HW/binary_container_1.build/link/vivado/vpl/prj/prj.ip_user_files/bd/pfm_dynamic/sim/pfm_dynamic_sci_stub.sv" Line 11. Module pfm_dynamic_sci doesn't have a timescale but at least one module in design has a timescale.
WARNING: [XSIM 43-4099] "/home/centos/workspace/project_fft_system_hw_link/Emulation-HW/binary_container_1.build/link/vivado/vpl/prj/prj.ip_user_files/bd/emu/sim/emu_sci_stub.sv" Line 11. Module emu_sci doesn't have a timescale but at least one module in design has a timescale.
Completed simulation data flow analysis
Time Resolution for simulation is 1ps
INFO: [XSIM 43-4431] System-C Modules instantiated in Design
Compiling package std.standard
Compiling package std.textio
Compiling package ieee.std_logic_1164
Compiling package ieee.numeric_std
Compiling package unisim.vcomponents
Compiling package ieee.vital_timing
Compiling package ieee.vital_primitives
Compiling package unisim.vpkg
Compiling package ieee.std_logic_arith
Compiling package synopsys.attributes
Compiling package ieee.std_logic_misc
Compiling package ieee.std_logic_unsigned
Compiling package axi_lite_ipif_v3_0_4.ipif_pkg
Compiling package ieee.math_real
Compiling package xil_defaultlib.$unit_pfm_dynamic_dpa_hub_0_stub...
Compiling package xil_defaultlib.$unit_bd_d216_xtlm_simple_interc...
Compiling package xil_defaultlib.$unit_pfm_dynamic_xtlm_simple_in...
Compiling package xil_defaultlib.$unit_emu_sim_embedded_scheduler...
Compiling package xil_defaultlib.$unit_emu_sim_ddr_1_0_stub_sv
Compiling module axi_infrastructure_v1_1_0.axi_infrastructure_v1_1_0_axi2ve...
Compiling module xpm.xpm_cdc_single(DEST_SYNC_FF=3,SR...
Compiling module xpm.xpm_cdc_handshake(DEST_SYNC_FF=3...
Compiling module axi_clock_converter_v2_1_23.axi_clock_converter_v2_1_23_lite...
Compiling module xpm.xpm_cdc_handshake(DEST_SYNC_FF=3...
Compiling module axi_clock_converter_v2_1_23.axi_clock_converter_v2_1_23_lite...
Compiling module xpm.xpm_cdc_handshake(DEST_SYNC_FF=3...
Compiling module axi_clock_converter_v2_1_23.axi_clock_converter_v2_1_23_lite...
Compiling module xpm.xpm_cdc_handshake(DEST_SYNC_FF=3...
Compiling module axi_clock_converter_v2_1_23.axi_clock_converter_v2_1_23_lite...
Compiling module axi_infrastructure_v1_1_0.axi_infrastructure_v1_1_0_vector...
Compiling module axi_clock_converter_v2_1_23.axi_clock_converter_v2_1_23_axi_...
Compiling module xil_defaultlib.pfm_dynamic_auto_cc_1
Compiling module axi_register_slice_v2_1_24.axi_register_slice_v2_1_24_axic_...
Compiling module axi_register_slice_v2_1_24.axi_register_slice_v2_1_24_axic_...
Compiling module axi_register_slice_v2_1_24.axi_register_slice_v2_1_24_axic_...
Compiling module axi_register_slice_v2_1_24.axi_register_slice_v2_1_24_axic_...
Compiling module axi_register_slice_v2_1_24.axi_register_slice_v2_1_24_axi_r...
Compiling module xil_defaultlib.pfm_dynamic_m00_regslice_0
Compiling module xil_defaultlib.m00_couplers_imp_184K1VH
Compiling module xil_defaultlib.pfm_dynamic_auto_cc_2
Compiling module xil_defaultlib.pfm_dynamic_m01_regslice_7
Compiling module xil_defaultlib.m01_couplers_imp_87NC3
Compiling module xil_defaultlib.pfm_dynamic_auto_cc_3
Compiling module xil_defaultlib.pfm_dynamic_m02_regslice_0
Compiling module xil_defaultlib.m02_couplers_imp_YCLZI8
Compiling module xil_defaultlib.pfm_dynamic_auto_cc_4
Compiling module xil_defaultlib.pfm_dynamic_m03_regslice_0
Compiling module xil_defaultlib.m03_couplers_imp_1RAAZKU
Compiling module axi_infrastructure_v1_1_0.axi_infrastructure_v1_1_0_axi2ve...
Compiling module axi_infrastructure_v1_1_0.axi_infrastructure_v1_1_0_vector...
Compiling module axi_register_slice_v2_1_24.axi_register_slice_v2_1_24_axic_...
Compiling module axi_register_slice_v2_1_24.axi_register_slice_v2_1_24_axi_r...
Compiling module xil_defaultlib.pfm_dynamic_s00_regslice_0
Compiling module xil_defaultlib.s00_couplers_imp_VX2DF1
Compiling module axi_crossbar_v2_1_25.axi_crossbar_v2_1_25_addr_arbite...
Compiling module generic_baseblocks_v2_1_0.generic_baseblocks_v2_1_0_carry_...
Compiling module generic_baseblocks_v2_1_0.generic_baseblocks_v2_1_0_compar...
Compiling module generic_baseblocks_v2_1_0.generic_baseblocks_v2_1_0_compar...
Compiling module generic_baseblocks_v2_1_0.generic_baseblocks_v2_1_0_compar...
Compiling module generic_baseblocks_v2_1_0.generic_baseblocks_v2_1_0_compar...
Compiling module axi_crossbar_v2_1_25.axi_crossbar_v2_1_25_addr_decode...
Compiling module axi_crossbar_v2_1_25.axi_crossbar_v2_1_25_splitter(C_...
Compiling module axi_crossbar_v2_1_25.axi_crossbar_v2_1_25_splitter
Compiling module generic_baseblocks_v2_1_0.generic_baseblocks_v2_1_0_mux_en...
Compiling module generic_baseblocks_v2_1_0.generic_baseblocks_v2_1_0_mux_en...
Compiling module generic_baseblocks_v2_1_0.generic_baseblocks_v2_1_0_mux_en...
Compiling module axi_register_slice_v2_1_24.axi_register_slice_v2_1_24_axic_...
Compiling module generic_baseblocks_v2_1_0.generic_baseblocks_v2_1_0_mux_en...
Compiling module axi_crossbar_v2_1_25.axi_crossbar_v2_1_25_decerr_slav...
Compiling module axi_crossbar_v2_1_25.axi_crossbar_v2_1_25_crossbar_sa...
Compiling module axi_crossbar_v2_1_25.axi_crossbar_v2_1_25_axi_crossba...
Compiling module xil_defaultlib.pfm_dynamic_xbar_6
Compiling module xil_defaultlib.pfm_dynamic_dpa_ctrl_interconnec...
Compiling module xil_defaultlib.pfm_dynamic_dpa_hub_0
Compiling module xil_defaultlib.pfm_dynamic_dpa_mon0_0
Compiling module xil_defaultlib.pfm_dynamic_dpa_mon1_0
Compiling module xil_defaultlib.System_DPA_imp_NCWU00
Compiling module xil_defaultlib.fft2DKernel_entry_proc
Compiling module xil_defaultlib.fft2DKernel_flow_control_loop_pi...
Compiling module xil_defaultlib.fft2DKernel_readImages_512u_16u_...
Compiling module xil_defaultlib.fft2DKernel_readImages_512u_16u_...
Compiling module xpm.xpm_memory_base(MEMORY_TYPE=0,ME...
Compiling module xpm.xpm_memory_spram(MEMORY_SIZE=88,...
Compiling module xil_defaultlib.fft2DKernel_transpWideBlksInMatr...
Compiling module xil_defaultlib.fft2DKernel_transpWideBlksInMatr...
Compiling module xil_defaultlib.fft2DKernel_transpWideBlksInMatr...
Compiling module xil_defaultlib.fft2DKernel_demuxWideStreaming_2...
Compiling module xil_defaultlib.fft2DKernel_mux_83_22_1_1(ID=1,d...
Compiling module xil_defaultlib.fft2DKernel_wideToNarrowConverte...
Compiling module xil_defaultlib.fft2DKernel_fftStreamingKernelBo...
Compiling module xil_defaultlib.fft2DKernel_fftStreamingKernelBo...
Compiling module xil_defaultlib.fft2DKernel_fftStreamingKernelBo...
Compiling module xil_defaultlib.fft2DKernel_fftStreamingKernelBo...
Compiling module xil_defaultlib.fft2DKernel_convertSuperStreamTo...
Compiling module xil_defaultlib.fft2DKernel_mux_42_22_1_1(ID=1,d...
Compiling module xil_defaultlib.fft2DKernel_flow_control_loop_pi...
Compiling module xil_defaultlib.fft2DKernel_fftStreamingKernelBo...
Compiling module xil_defaultlib.fft2DKernel_castArrayS2Streaming...
Compiling module xil_defaultlib.fft2DKernel_streamingDataCommuto...
Compiling module xil_defaultlib.fft2DKernel_streamingDataCommuto...
Compiling module xil_defaultlib.fft2DKernel_streamingDataCommuto...
Compiling module xil_defaultlib.fft2DKernel_streamingDataCommuto...
Compiling module xil_defaultlib.fft2DKernel_streamingDataCommuto...
Compiling module xil_defaultlib.fft2DKernel_streamingDataCommuto...
Compiling module xil_defaultlib.fft2DKernel_streamingDataCommuto...
Compiling module xil_defaultlib.fft2DKernel_streamingDataCommuto...
Compiling module xil_defaultlib.fft2DKernel_mux_42_1_1_1(ID=1,di...
Compiling module xil_defaultlib.fft2DKernel_streamingDataCommuto...
Compiling module xil_defaultlib.fft2DKernel_fftStageKernelS2S_16...
Compiling module xil_defaultlib.fft2DKernel_mul_mul_24s_18s_41_4...
Compiling module xil_defaultlib.fft2DKernel_mul_mul_24s_18s_41_4...
Compiling module xil_defaultlib.fft2DKernel_mac_mulsub_24s_18s_4...
Compiling module xil_defaultlib.fft2DKernel_mac_mulsub_24s_18s_4...
Compiling module xil_defaultlib.fft2DKernel_mac_muladd_24s_18s_4...
Compiling module xil_defaultlib.fft2DKernel_mac_muladd_24s_18s_4...
Compiling module xil_defaultlib.fft2DKernel_mac_mulsub_24s_18s_4...
Compiling module xil_defaultlib.fft2DKernel_mac_mulsub_24s_18s_4...
Compiling module xil_defaultlib.fft2DKernel_mac_muladd_24s_18s_4...
Compiling module xil_defaultlib.fft2DKernel_mac_muladd_24s_18s_4...
Compiling module xil_defaultlib.fft2DKernel_twiddleFactorMulS2S_...
Compiling module xil_defaultlib.fft2DKernel_fftStageKernelS2S_16...
Compiling module xil_defaultlib.fft2DKernel_streamingDataCommuto...
Compiling module xil_defaultlib.fft2DKernel_streamingDataCommuto...
Compiling module xil_defaultlib.fft2DKernel_streamingDataCommuto...
Compiling module xil_defaultlib.fft2DKernel_streamingDataCommuto...
Compiling module xil_defaultlib.fft2DKernel_streamingDataCommuto...
Compiling module xil_defaultlib.fft2DKernel_streamingDataCommuto...
Compiling module xil_defaultlib.fft2DKernel_mux_42_25_1_1(ID=1,d...
Compiling module xil_defaultlib.fft2DKernel_streamingDataCommuto...
Compiling module xil_defaultlib.fft2DKernel_fftStageKernelLastSt...
Compiling module xil_defaultlib.fft2DKernel_convertSuperStreamTo...
Compiling module xil_defaultlib.fft2DKernel_digitReversedDataReO...
Compiling module xil_defaultlib.fft2DKernel_cacheDataDR_16_4_ap_...
Compiling module xil_defaultlib.fft2DKernel_writeBackCacheDataDR...
Compiling module xil_defaultlib.fft2DKernel_digitReversedDataReO...
Compiling module xil_defaultlib.fft2DKernel_fifo_w256_d8_D_ram
Compiling module xil_defaultlib.fft2DKernel_fifo_w256_d8_D
Compiling module xil_defaultlib.fft2DKernel_fifo_w27_d8_D_ram
Compiling module xil_defaultlib.fft2DKernel_fifo_w27_d8_D
Compiling module xil_defaultlib.fft2DKernel_start_for_convertSup...
Compiling module xil_defaultlib.fft2DKernel_start_for_convertSup...
Compiling module xil_defaultlib.fft2DKernel_start_for_digitRever...
Compiling module xil_defaultlib.fft2DKernel_start_for_digitRever...
Compiling module xil_defaultlib.fft2DKernel_fftStage_5
Compiling module xil_defaultlib.fft2DKernel_fifo_w256_d8_D_x_ram
Compiling module xil_defaultlib.fft2DKernel_fifo_w256_d8_D_x
Compiling module xil_defaultlib.fft2DKernel_fftStage_4
Compiling module xil_defaultlib.fft2DKernel_fifo_w256_d8_D_x0_ra...
Compiling module xil_defaultlib.fft2DKernel_fifo_w256_d8_D_x0
Compiling module xil_defaultlib.fft2DKernel_innerFFT_16_4_40002_...
Compiling module xil_defaultlib.fft2DKernel_fftStreamingKernelBo...
Compiling module xil_defaultlib.fft2DKernel_convertArrayToSuperS...
Compiling module xil_defaultlib.fft2DKernel_fifo_w22_d4_S_shiftR...
Compiling module xil_defaultlib.fft2DKernel_fifo_w22_d4_S
Compiling module xil_defaultlib.fft2DKernel_fifo_w27_d4_S_shiftR...
Compiling module xil_defaultlib.fft2DKernel_fifo_w27_d4_S
Compiling module xil_defaultlib.fft2DKernel_start_for_innerFFT_1...
Compiling module xil_defaultlib.fft2DKernel_start_for_innerFFT_1...
Compiling module xil_defaultlib.fft2DKernel_start_for_fftStreami...
Compiling module xil_defaultlib.fft2DKernel_start_for_fftStreami...
Compiling module xil_defaultlib.fft2DKernel_fftStreamingKernelBo...
Compiling module xil_defaultlib.fft2DKernel_fftStreamingKernel_2
Compiling module xil_defaultlib.fft2DKernel_mux_83_27_1_1(ID=1,d...
Compiling module xil_defaultlib.fft2DKernel_narrowToWideConverte...
Compiling module xil_defaultlib.fft2DKernel_wideToNarrowConverte...
Compiling module xil_defaultlib.fft2DKernel_fftStreamingKernelBo...
Compiling module xil_defaultlib.fft2DKernel_fftStreamingKernelBo...
Compiling module xil_defaultlib.fft2DKernel_fftStreamingKernelBo...
Compiling module xil_defaultlib.fft2DKernel_fftStreamingKernelBo...
Compiling module xil_defaultlib.fft2DKernel_convertSuperStreamTo...
Compiling module xil_defaultlib.fft2DKernel_fftStreamingKernelBo...
Compiling module xil_defaultlib.fft2DKernel_castArrayS2Streaming...
Compiling module xil_defaultlib.fft2DKernel_streamingDataCommuto...
Compiling module xil_defaultlib.fft2DKernel_fftStageKernelS2S_16...
Compiling module xil_defaultlib.fft2DKernel_fftStageKernelS2S_16...
Compiling module xil_defaultlib.fft2DKernel_streamingDataCommuto...
Compiling module xil_defaultlib.fft2DKernel_fftStageKernelLastSt...
Compiling module xil_defaultlib.fft2DKernel_convertSuperStreamTo...
Compiling module xil_defaultlib.fft2DKernel_digitReversedDataReO...
Compiling module xil_defaultlib.fft2DKernel_digitReversedDataReO...
Compiling module xil_defaultlib.fft2DKernel_fifo_w256_d8_D_x1_ra...
Compiling module xil_defaultlib.fft2DKernel_fifo_w256_d8_D_x1
Compiling module xil_defaultlib.fft2DKernel_fifo_w27_d8_D_x_ram
Compiling module xil_defaultlib.fft2DKernel_fifo_w27_d8_D_x
Compiling module xil_defaultlib.fft2DKernel_start_for_convertSup...
Compiling module xil_defaultlib.fft2DKernel_start_for_convertSup...
Compiling module xil_defaultlib.fft2DKernel_start_for_digitRever...
Compiling module xil_defaultlib.fft2DKernel_start_for_digitRever...
Compiling module xil_defaultlib.fft2DKernel_fftStage_7
Compiling module xil_defaultlib.fft2DKernel_fifo_w256_d8_D_x2_ra...
Compiling module xil_defaultlib.fft2DKernel_fifo_w256_d8_D_x2
Compiling module xil_defaultlib.fft2DKernel_fftStage_6
Compiling module xil_defaultlib.fft2DKernel_fifo_w256_d8_D_x3_ra...
Compiling module xil_defaultlib.fft2DKernel_fifo_w256_d8_D_x3
Compiling module xil_defaultlib.fft2DKernel_innerFFT_16_4_40001_...
Compiling module xil_defaultlib.fft2DKernel_fftStreamingKernelBo...
Compiling module xil_defaultlib.fft2DKernel_convertArrayToSuperS...
Compiling module xil_defaultlib.fft2DKernel_fifo_w22_d4_S_x_shif...
Compiling module xil_defaultlib.fft2DKernel_fifo_w22_d4_S_x
Compiling module xil_defaultlib.fft2DKernel_fifo_w27_d4_S_x_shif...
Compiling module xil_defaultlib.fft2DKernel_fifo_w27_d4_S_x
Compiling module xil_defaultlib.fft2DKernel_start_for_innerFFT_1...
Compiling module xil_defaultlib.fft2DKernel_start_for_innerFFT_1...
Compiling module xil_defaultlib.fft2DKernel_start_for_fftStreami...
Compiling module xil_defaultlib.fft2DKernel_start_for_fftStreami...
Compiling module xil_defaultlib.fft2DKernel_fftStreamingKernelBo...
Compiling module xil_defaultlib.fft2DKernel_fftStreamingKernel_3
Compiling module xil_defaultlib.fft2DKernel_narrowToWideConverte...
Compiling module xil_defaultlib.fft2DKernel_fifo_w256_d2_D_ram
Compiling module xil_defaultlib.fft2DKernel_fifo_w256_d2_D
Compiling module xil_defaultlib.fft2DKernel_start_for_fftStreami...
Compiling module xil_defaultlib.fft2DKernel_start_for_fftStreami...
Compiling module xil_defaultlib.fft2DKernel_start_for_narrowToWi...
Compiling module xil_defaultlib.fft2DKernel_start_for_narrowToWi...
Compiling module xil_defaultlib.fft2DKernel_genMemWideFFTKernel1...
Compiling module xil_defaultlib.fft2DKernel_fifo_w256_d2_D_x_ram
Compiling module xil_defaultlib.fft2DKernel_fifo_w256_d2_D_x
Compiling module xil_defaultlib.fft2DKernel_start_for_fftStreami...
Compiling module xil_defaultlib.fft2DKernel_start_for_fftStreami...
Compiling module xil_defaultlib.fft2DKernel_start_for_narrowToWi...
Compiling module xil_defaultlib.fft2DKernel_start_for_narrowToWi...
Compiling module xil_defaultlib.fft2DKernel_genMemWideFFTKernel1...
Compiling module xil_defaultlib.fft2DKernel_muxWideStreaming_2u_...
Compiling module xil_defaultlib.fft2DKernel_fifo_w22_d2_D_ram
Compiling module xil_defaultlib.fft2DKernel_fifo_w22_d2_D
Compiling module xil_defaultlib.fft2DKernel_fifo_w27_d2_D_ram
Compiling module xil_defaultlib.fft2DKernel_fifo_w27_d2_D
Compiling module xil_defaultlib.fft2DKernel_start_for_genMemWide...
Compiling module xil_defaultlib.fft2DKernel_start_for_genMemWide...
Compiling module xil_defaultlib.fft2DKernel_start_for_muxWideStr...
Compiling module xil_defaultlib.fft2DKernel_start_for_muxWideStr...
Compiling module xil_defaultlib.fft2DKernel_sliceProcessor_1
Compiling module xpm.xpm_memory_base(MEMORY_TYPE=0,ME...
Compiling module xpm.xpm_memory_spram(MEMORY_SIZE=108...
Compiling module xil_defaultlib.fft2DKernel_invTranspWideBlksInM...
Compiling module xil_defaultlib.fft2DKernel_invTranspWideBlksInM...
Compiling module xil_defaultlib.fft2DKernel_invTranspWideBlksInM...
Compiling module xpm.xpm_memory_base(MEMORY_TYPE=0,ME...
Compiling module xpm.xpm_memory_spram(MEMORY_SIZE=864...
Compiling module xil_defaultlib.fft2DKernel_transpMemBlocks_1u_1...
Compiling module xil_defaultlib.fft2DKernel_transpMemBlocks_1u_1...
Compiling module xil_defaultlib.fft2DKernel_transpMemBlocks_1u_1...
Compiling module xil_defaultlib.fft2DKernel_transpWideBlksInMatr...
Compiling module xil_defaultlib.fft2DKernel_demuxWideStreaming_2...
Compiling module xil_defaultlib.fft2DKernel_wideToNarrowConverte...
Compiling module xil_defaultlib.fft2DKernel_fftStreamingKernelBo...
Compiling module xil_defaultlib.fft2DKernel_fftStreamingKernelBo...
Compiling module xil_defaultlib.fft2DKernel_fftStreamingKernelBo...
Compiling module xil_defaultlib.fft2DKernel_fftStreamingKernelBo...
Compiling module xil_defaultlib.fft2DKernel_convertSuperStreamTo...
Compiling module xil_defaultlib.fft2DKernel_mux_42_27_1_1(ID=1,d...
Compiling module xil_defaultlib.fft2DKernel_fftStreamingKernelBo...
Compiling module xil_defaultlib.fft2DKernel_castArrayS2Streaming...
Compiling module xil_defaultlib.fft2DKernel_streamingDataCommuto...
Compiling module xil_defaultlib.fft2DKernel_streamingDataCommuto...
Compiling module xil_defaultlib.fft2DKernel_streamingDataCommuto...
Compiling module xil_defaultlib.fft2DKernel_streamingDataCommuto...
Compiling module xil_defaultlib.fft2DKernel_streamingDataCommuto...
Compiling module xil_defaultlib.fft2DKernel_streamingDataCommuto...
Compiling module xil_defaultlib.fft2DKernel_streamingDataCommuto...
Compiling module xil_defaultlib.fft2DKernel_fftStageKernelS2S_16...
Compiling module xil_defaultlib.fft2DKernel_mul_29s_18s_46_2_1(N...
Compiling module xil_defaultlib.fft2DKernel_twiddleFactorMulS2S_...
Compiling module xil_defaultlib.fft2DKernel_fftStageKernelS2S_16...
Compiling module xil_defaultlib.fft2DKernel_streamingDataCommuto...
Compiling module xil_defaultlib.fft2DKernel_streamingDataCommuto...
Compiling module xil_defaultlib.fft2DKernel_streamingDataCommuto...
Compiling module xil_defaultlib.fft2DKernel_streamingDataCommuto...
Compiling module xil_defaultlib.fft2DKernel_streamingDataCommuto...
Compiling module xil_defaultlib.fft2DKernel_streamingDataCommuto...
Compiling module xil_defaultlib.fft2DKernel_mux_42_30_1_1(ID=1,d...
Compiling module xil_defaultlib.fft2DKernel_streamingDataCommuto...
Compiling module xil_defaultlib.fft2DKernel_fftStageKernelLastSt...
Compiling module xil_defaultlib.fft2DKernel_convertSuperStreamTo...
Compiling module xil_defaultlib.fft2DKernel_digitReversedDataReO...
Compiling module xil_defaultlib.fft2DKernel_cacheDataDR_16_4_ap_...
Compiling module xil_defaultlib.fft2DKernel_writeBackCacheDataDR...
Compiling module xil_defaultlib.fft2DKernel_digitReversedDataReO...
Compiling module xil_defaultlib.fft2DKernel_fifo_w256_d8_D_x4_ra...
Compiling module xil_defaultlib.fft2DKernel_fifo_w256_d8_D_x4
Compiling module xil_defaultlib.fft2DKernel_fifo_w32_d8_D_ram
Compiling module xil_defaultlib.fft2DKernel_fifo_w32_d8_D
Compiling module xil_defaultlib.fft2DKernel_start_for_convertSup...
Compiling module xil_defaultlib.fft2DKernel_start_for_convertSup...
Compiling module xil_defaultlib.fft2DKernel_start_for_digitRever...
Compiling module xil_defaultlib.fft2DKernel_start_for_digitRever...
Compiling module xil_defaultlib.fft2DKernel_fftStage_1
Compiling module xil_defaultlib.fft2DKernel_fifo_w256_d8_D_x5_ra...
Compiling module xil_defaultlib.fft2DKernel_fifo_w256_d8_D_x5
Compiling module xil_defaultlib.fft2DKernel_fftStage
Compiling module xil_defaultlib.fft2DKernel_fifo_w256_d8_D_x6_ra...
Compiling module xil_defaultlib.fft2DKernel_fifo_w256_d8_D_x6
Compiling module xil_defaultlib.fft2DKernel_innerFFT_16_4_80002_...
Compiling module xil_defaultlib.fft2DKernel_fftStreamingKernelBo...
Compiling module xil_defaultlib.fft2DKernel_convertArrayToSuperS...
Compiling module xil_defaultlib.fft2DKernel_fifo_w27_d4_S_x0_shi...
Compiling module xil_defaultlib.fft2DKernel_fifo_w27_d4_S_x0
Compiling module xil_defaultlib.fft2DKernel_fifo_w32_d4_S_shiftR...
Compiling module xil_defaultlib.fft2DKernel_fifo_w32_d4_S
Compiling module xil_defaultlib.fft2DKernel_start_for_innerFFT_1...
Compiling module xil_defaultlib.fft2DKernel_start_for_innerFFT_1...
Compiling module xil_defaultlib.fft2DKernel_start_for_fftStreami...
Compiling module xil_defaultlib.fft2DKernel_start_for_fftStreami...
Compiling module xil_defaultlib.fft2DKernel_fftStreamingKernelBo...
Compiling module xil_defaultlib.fft2DKernel_fftStreamingKernel
Compiling module xil_defaultlib.fft2DKernel_mux_83_32_1_1(ID=1,d...
Compiling module xil_defaultlib.fft2DKernel_narrowToWideConverte...
Compiling module xil_defaultlib.fft2DKernel_wideToNarrowConverte...
Compiling module xil_defaultlib.fft2DKernel_fftStreamingKernelBo...
Compiling module xil_defaultlib.fft2DKernel_fftStreamingKernelBo...
Compiling module xil_defaultlib.fft2DKernel_fftStreamingKernelBo...
Compiling module xil_defaultlib.fft2DKernel_fftStreamingKernelBo...
Compiling module xil_defaultlib.fft2DKernel_convertSuperStreamTo...
Compiling module xil_defaultlib.fft2DKernel_fftStreamingKernelBo...
Compiling module xil_defaultlib.fft2DKernel_castArrayS2Streaming...
Compiling module xil_defaultlib.fft2DKernel_streamingDataCommuto...
Compiling module xil_defaultlib.fft2DKernel_fftStageKernelS2S_16...
Compiling module xil_defaultlib.fft2DKernel_fftStageKernelS2S_16...
Compiling module xil_defaultlib.fft2DKernel_streamingDataCommuto...
Compiling module xil_defaultlib.fft2DKernel_fftStageKernelLastSt...
Compiling module xil_defaultlib.fft2DKernel_convertSuperStreamTo...
Compiling module xil_defaultlib.fft2DKernel_digitReversedDataReO...
Compiling module xil_defaultlib.fft2DKernel_digitReversedDataReO...
Compiling module xil_defaultlib.fft2DKernel_fifo_w256_d8_D_x7_ra...
Compiling module xil_defaultlib.fft2DKernel_fifo_w256_d8_D_x7
Compiling module xil_defaultlib.fft2DKernel_fifo_w32_d8_D_x_ram
Compiling module xil_defaultlib.fft2DKernel_fifo_w32_d8_D_x
Compiling module xil_defaultlib.fft2DKernel_start_for_convertSup...
Compiling module xil_defaultlib.fft2DKernel_start_for_convertSup...
Compiling module xil_defaultlib.fft2DKernel_start_for_digitRever...
Compiling module xil_defaultlib.fft2DKernel_start_for_digitRever...
Compiling module xil_defaultlib.fft2DKernel_fftStage_3
Compiling module xil_defaultlib.fft2DKernel_fifo_w256_d8_D_x8_ra...
Compiling module xil_defaultlib.fft2DKernel_fifo_w256_d8_D_x8
Compiling module xil_defaultlib.fft2DKernel_fftStage_2
Compiling module xil_defaultlib.fft2DKernel_fifo_w256_d8_D_x9_ra...
Compiling module xil_defaultlib.fft2DKernel_fifo_w256_d8_D_x9
Compiling module xil_defaultlib.fft2DKernel_innerFFT_16_4_80001_...
Compiling module xil_defaultlib.fft2DKernel_fftStreamingKernelBo...
Compiling module xil_defaultlib.fft2DKernel_convertArrayToSuperS...
Compiling module xil_defaultlib.fft2DKernel_fifo_w27_d4_S_x1_shi...
Compiling module xil_defaultlib.fft2DKernel_fifo_w27_d4_S_x1
Compiling module xil_defaultlib.fft2DKernel_fifo_w32_d4_S_x_shif...
Compiling module xil_defaultlib.fft2DKernel_fifo_w32_d4_S_x
Compiling module xil_defaultlib.fft2DKernel_start_for_innerFFT_1...
Compiling module xil_defaultlib.fft2DKernel_start_for_innerFFT_1...
Compiling module xil_defaultlib.fft2DKernel_start_for_fftStreami...
Compiling module xil_defaultlib.fft2DKernel_start_for_fftStreami...
Compiling module xil_defaultlib.fft2DKernel_fftStreamingKernelBo...
Compiling module xil_defaultlib.fft2DKernel_fftStreamingKernel_1
Compiling module xil_defaultlib.fft2DKernel_narrowToWideConverte...
Compiling module xil_defaultlib.fft2DKernel_fifo_w256_d2_D_x0_ra...
Compiling module xil_defaultlib.fft2DKernel_fifo_w256_d2_D_x0
Compiling module xil_defaultlib.fft2DKernel_start_for_fftStreami...
Compiling module xil_defaultlib.fft2DKernel_start_for_fftStreami...
Compiling module xil_defaultlib.fft2DKernel_start_for_narrowToWi...
Compiling module xil_defaultlib.fft2DKernel_start_for_narrowToWi...
Compiling module xil_defaultlib.fft2DKernel_genMemWideFFTKernel1...
Compiling module xil_defaultlib.fft2DKernel_fifo_w256_d2_D_x1_ra...
Compiling module xil_defaultlib.fft2DKernel_fifo_w256_d2_D_x1
Compiling module xil_defaultlib.fft2DKernel_start_for_fftStreami...
Compiling module xil_defaultlib.fft2DKernel_start_for_fftStreami...
Compiling module xil_defaultlib.fft2DKernel_start_for_narrowToWi...
Compiling module xil_defaultlib.fft2DKernel_start_for_narrowToWi...
Compiling module xil_defaultlib.fft2DKernel_genMemWideFFTKernel1...
Compiling module xil_defaultlib.fft2DKernel_muxWideStreaming_2u_...
Compiling module xil_defaultlib.fft2DKernel_fifo_w27_d2_D_x_ram
Compiling module xil_defaultlib.fft2DKernel_fifo_w27_d2_D_x
Compiling module xil_defaultlib.fft2DKernel_fifo_w32_d2_D_ram
Compiling module xil_defaultlib.fft2DKernel_fifo_w32_d2_D
Compiling module xil_defaultlib.fft2DKernel_start_for_genMemWide...
Compiling module xil_defaultlib.fft2DKernel_start_for_genMemWide...
Compiling module xil_defaultlib.fft2DKernel_start_for_muxWideStr...
Compiling module xil_defaultlib.fft2DKernel_start_for_muxWideStr...
Compiling module xil_defaultlib.fft2DKernel_sliceProcessor
Compiling module xpm.xpm_memory_base(MEMORY_TYPE=0,ME...
Compiling module xpm.xpm_memory_spram(MEMORY_SIZE=128...
Compiling module xil_defaultlib.fft2DKernel_invTranspWideBlksInM...
Compiling module xil_defaultlib.fft2DKernel_invTranspWideBlksInM...
Compiling module xil_defaultlib.fft2DKernel_invTranspWideBlksInM...
Compiling module xpm.xpm_memory_base(MEMORY_TYPE=0,ME...
Compiling module xpm.xpm_memory_spram(MEMORY_SIZE=102...
Compiling module xil_defaultlib.fft2DKernel_transpMemBlocks_1u_1...
Compiling module xil_defaultlib.fft2DKernel_transpMemBlocks_1u_1...
Compiling module xil_defaultlib.fft2DKernel_transpMemBlocks_1u_1...
Compiling module xil_defaultlib.fft2DKernel_fifo_w512_d2_D_ram
Compiling module xil_defaultlib.fft2DKernel_fifo_w512_d2_D
Compiling module xil_defaultlib.fft2DKernel_start_for_sliceProce...
Compiling module xil_defaultlib.fft2DKernel_start_for_sliceProce...
Compiling module xil_defaultlib.fft2DKernel_start_for_invTranspW...
Compiling module xil_defaultlib.fft2DKernel_start_for_invTranspW...
Compiling module xil_defaultlib.fft2DKernel_start_for_transpMemB...
Compiling module xil_defaultlib.fft2DKernel_start_for_transpMemB...
Compiling module xil_defaultlib.fft2DKernel_start_for_transpWide...
Compiling module xil_defaultlib.fft2DKernel_start_for_transpWide...
Compiling module xil_defaultlib.fft2DKernel_start_for_sliceProce...
Compiling module xil_defaultlib.fft2DKernel_start_for_sliceProce...
Compiling module xil_defaultlib.fft2DKernel_start_for_invTranspW...
Compiling module xil_defaultlib.fft2DKernel_start_for_invTranspW...
Compiling module xil_defaultlib.fft2DKernel_start_for_transpMemB...
Compiling module xil_defaultlib.fft2DKernel_start_for_transpMemB...
Compiling module xil_defaultlib.fft2DKernel_fft2dProc
Compiling module xil_defaultlib.fft2DKernel_fft2dKernel_512u_8u_...
Compiling module xil_defaultlib.fft2DKernel_writeImages_512u_16u...
Compiling module xil_defaultlib.fft2DKernel_writeImages_512u_16u...
Compiling module xil_defaultlib.fft2DKernel_fifo_w64_d3_S_shiftR...
Compiling module xil_defaultlib.fft2DKernel_fifo_w64_d3_S
Compiling module xil_defaultlib.fft2DKernel_fifo_w512_d16_A_ram
Compiling module xil_defaultlib.fft2DKernel_fifo_w512_d16_A
Compiling module xil_defaultlib.fft2DKernel_fifo_w32_d2_S_shiftR...
Compiling module xil_defaultlib.fft2DKernel_fifo_w32_d2_S
Compiling module xil_defaultlib.fft2DKernel_start_for_fft2dKerne...
Compiling module xil_defaultlib.fft2DKernel_start_for_fft2dKerne...
Compiling module xil_defaultlib.fft2DKernel_fft2dKernel_512u_8u_...
Compiling module xil_defaultlib.fft2DKernel_control_s_axi
Compiling module xil_defaultlib.fft2DKernel_gmem_m_axi_reg_slice...
Compiling module xil_defaultlib.fft2DKernel_gmem_m_axi_fifo(DATA...
Compiling module xil_defaultlib.fft2DKernel_gmem_m_axi_buffer(DA...
Compiling module xil_defaultlib.fft2DKernel_gmem_m_axi_fifo(DEPT...
Compiling module xil_defaultlib.fft2DKernel_gmem_m_axi_fifo(DATA...
Compiling module xil_defaultlib.fft2DKernel_gmem_m_axi_fifo(DATA...
Compiling module xil_defaultlib.fft2DKernel_gmem_m_axi_write(NUM...
Compiling module xil_defaultlib.fft2DKernel_gmem_m_axi_buffer(DA...
Compiling module xil_defaultlib.fft2DKernel_gmem_m_axi_reg_slice...
Compiling module xil_defaultlib.fft2DKernel_gmem_m_axi_read(NUM_...
Compiling module xil_defaultlib.fft2DKernel_gmem_m_axi_reg_slice...
Compiling module xil_defaultlib.fft2DKernel_gmem_m_axi_fifo(DATA...
Compiling module xil_defaultlib.fft2DKernel_gmem_m_axi_fifo(DATA...
Compiling module xil_defaultlib.fft2DKernel_gmem_m_axi_throttle(...
Compiling module xil_defaultlib.fft2DKernel_gmem_m_axi(CONSERVAT...
Compiling module xil_defaultlib.fft2DKernel(C_M_AXI_GMEM_USER_VA...
Compiling module xil_defaultlib.pfm_dynamic_fft2DKernel_1_0
Compiling module xlconcat_v2_1_4.xlconcat_v2_1_4_xlconcat(IN0_WID...
Compiling module xil_defaultlib.pfm_dynamic_xlconcat_interrupt_0
Compiling module xlconcat_v2_1_4.xlconcat_v2_1_4_xlconcat(dout_wi...
Compiling module xil_defaultlib.pfm_dynamic_xlconcat_interrupt_0...
Compiling module xil_defaultlib.pfm_dynamic_xlconcat_interrupt_1...
Compiling module xil_defaultlib.pfm_dynamic_xlconcat_interrupt_2...
Compiling module xil_defaultlib.pfm_dynamic_xlconcat_interrupt_3...
Compiling module xlconstant_v1_1_7.xlconstant_v1_1_7_xlconstant
Compiling module xil_defaultlib.pfm_dynamic_xlconstant_gnd_0
Compiling module xil_defaultlib.interrupt_concat_imp_1SXQM3I
Compiling module sim_clk_gen_v1_0_3.sim_clk_gen(CLOCK_PERIOD=2.0,RES...
Compiling module xil_defaultlib.pfm_dynamic_kernel2_clk_0
Compiling module sim_clk_gen_v1_0_3.sim_clk_gen(CLOCK_PERIOD=3.33333...
Compiling module xil_defaultlib.pfm_dynamic_kernel_clk_0
Compiling module xil_defaultlib.pfm_dynamic_memory_subsystem_0
Compiling module xil_defaultlib.pfm_dynamic_sci
Compiling module xil_defaultlib.pfm_dynamic_sim_ddr_0_0
Compiling module xil_defaultlib.pfm_dynamic_sim_ddr_2_0
Compiling module xil_defaultlib.pfm_dynamic_sim_ddr_3_0
Compiling module xil_defaultlib.pfm_dynamic_icn_pass_0_0
Compiling module xil_defaultlib.s00_couplers_imp_1VD9R9B
Compiling module xil_defaultlib.pfm_dynamic_interconnect_axilite...
Compiling architecture fdre_v of entity unisim.FDRE [fdre_default]
Compiling architecture fdre_v of entity unisim.FDRE [\FDRE(init='1')\]
Compiling architecture fdr_v of entity unisim.FDR [fdr_default]
Compiling architecture implementation of entity lib_cdc_v1_0_2.cdc_sync [\cdc_sync(c_vector_width=2,c_mtb...]
Compiling architecture srl16e_v of entity unisim.SRL16E [\SRL16E(init="1111111111111111")...]
Compiling architecture srl16_v of entity unisim.SRL16 [\SRL16(init="1111111111111111")(...]
Compiling architecture imp of entity proc_sys_reset_v5_0_13.lpf [\lpf(c_ext_rst_width=4,c_aux_rst...]
Compiling architecture imp of entity proc_sys_reset_v5_0_13.upcnt_n [\upcnt_n(c_size=6)\]
Compiling architecture imp of entity proc_sys_reset_v5_0_13.sequence_psr [sequence_psr_default]
Compiling architecture imp of entity proc_sys_reset_v5_0_13.proc_sys_reset [\proc_sys_reset(c_family="virtex...]
Compiling architecture pfm_dynamic_psr_kernel2_clk_0_0_arch of entity xil_defaultlib.pfm_dynamic_psr_kernel2_clk_0_0 [pfm_dynamic_psr_kernel2_clk_0_0_...]
Compiling architecture pfm_dynamic_psr_kernel_clk_0_0_arch of entity xil_defaultlib.pfm_dynamic_psr_kernel_clk_0_0 [pfm_dynamic_psr_kernel_clk_0_0_d...]
Compiling architecture imp of entity axi_lite_ipif_v3_0_4.pselect_f [\pselect_f(c_ab=2,c_aw=2,c_bar="...]
Compiling architecture imp of entity axi_lite_ipif_v3_0_4.pselect_f [\pselect_f(c_ab=2,c_aw=2,c_bar="...]
Compiling architecture imp of entity axi_lite_ipif_v3_0_4.pselect_f [\pselect_f(c_ab=2,c_aw=2,c_bar="...]
Compiling architecture imp of entity axi_lite_ipif_v3_0_4.pselect_f [\pselect_f(c_ab=2,c_aw=2,c_bar="...]
Compiling architecture imp of entity axi_lite_ipif_v3_0_4.address_decoder [\address_decoder(c_bus_awidth=9,...]
Compiling architecture imp of entity axi_lite_ipif_v3_0_4.slave_attachment [\slave_attachment(c_ard_addr_ran...]
Compiling architecture imp of entity axi_lite_ipif_v3_0_4.axi_lite_ipif [\axi_lite_ipif(c_s_axi_addr_widt...]
Compiling architecture implementation of entity lib_cdc_v1_0_2.cdc_sync [\cdc_sync(c_single_bit=0,c_mtbf_...]
Compiling architecture imp of entity axi_gpio_v2_0_26.GPIO_Core [\GPIO_Core(c_aw=9,c_family="virt...]
Compiling architecture imp of entity axi_gpio_v2_0_26.axi_gpio [\axi_gpio(c_family="virtexuplus"...]
Compiling architecture pfm_dynamic_to_delete_kernel_ctrl_0_0_arch of entity xil_defaultlib.pfm_dynamic_to_delete_kernel_ctrl_0_0 [pfm_dynamic_to_delete_kernel_ctr...]
Compiling module xil_defaultlib.slr0_imp_1Q3M93Z
Compiling module xil_defaultlib.pfm_dynamic_icn_pass_1_0
Compiling module xil_defaultlib.pfm_dynamic_icn_pass_2_0
Compiling module xil_defaultlib.m00_couplers_imp_1IU07KW
Compiling module axi_infrastructure_v1_1_0.axi_infrastructure_v1_1_0_axi2ve...
Compiling module xpm.xpm_cdc_handshake(DEST_SYNC_FF=3...
Compiling module axi_clock_converter_v2_1_23.axi_clock_converter_v2_1_23_lite...
Compiling module axi_infrastructure_v1_1_0.axi_infrastructure_v1_1_0_vector...
Compiling module axi_clock_converter_v2_1_23.axi_clock_converter_v2_1_23_axi_...
Compiling module xil_defaultlib.pfm_dynamic_auto_cc_0
Compiling module axi_register_slice_v2_1_24.axi_register_slice_v2_1_24_axic_...
Compiling module axi_register_slice_v2_1_24.axi_register_slice_v2_1_24_axi_r...
Compiling module xil_defaultlib.pfm_dynamic_m01_regslice_6
Compiling module xil_defaultlib.m01_couplers_imp_P1OJY6
Compiling module xil_defaultlib.s00_couplers_imp_BJPJ00
Compiling module generic_baseblocks_v2_1_0.generic_baseblocks_v2_1_0_compar...
Compiling module axi_crossbar_v2_1_25.axi_crossbar_v2_1_25_addr_decode...
Compiling module generic_baseblocks_v2_1_0.generic_baseblocks_v2_1_0_mux_en...
Compiling module generic_baseblocks_v2_1_0.generic_baseblocks_v2_1_0_mux_en...
Compiling module generic_baseblocks_v2_1_0.generic_baseblocks_v2_1_0_mux_en...
Compiling module axi_crossbar_v2_1_25.axi_crossbar_v2_1_25_crossbar_sa...
Compiling module axi_crossbar_v2_1_25.axi_crossbar_v2_1_25_axi_crossba...
Compiling module xil_defaultlib.pfm_dynamic_xbar_4
Compiling module xil_defaultlib.pfm_dynamic_interconnect_axilite...
Compiling architecture pfm_dynamic_psr_kernel2_clk_1_0_arch of entity xil_defaultlib.pfm_dynamic_psr_kernel2_clk_1_0 [pfm_dynamic_psr_kernel2_clk_1_0_...]
Compiling architecture pfm_dynamic_psr_kernel_clk_1_0_arch of entity xil_defaultlib.pfm_dynamic_psr_kernel_clk_1_0 [pfm_dynamic_psr_kernel_clk_1_0_d...]
Compiling module xil_defaultlib.slr1_imp_IZT2WG
Compiling module xil_defaultlib.pfm_dynamic_icn_pass_3_0
Compiling module xil_defaultlib.s00_couplers_imp_1858E00
Compiling module xil_defaultlib.pfm_dynamic_interconnect_axilite...
Compiling architecture pfm_dynamic_psr_kernel2_clk_2_0_arch of entity xil_defaultlib.pfm_dynamic_psr_kernel2_clk_2_0 [pfm_dynamic_psr_kernel2_clk_2_0_...]
Compiling architecture pfm_dynamic_psr_kernel_clk_2_0_arch of entity xil_defaultlib.pfm_dynamic_psr_kernel_clk_2_0 [pfm_dynamic_psr_kernel_clk_2_0_d...]
Compiling architecture pfm_dynamic_to_delete_kernel_ctrl_2_0_arch of entity xil_defaultlib.pfm_dynamic_to_delete_kernel_ctrl_2_0 [pfm_dynamic_to_delete_kernel_ctr...]
Compiling module xil_defaultlib.slr2_imp_EEMOLC
Compiling module xil_defaultlib.m00_couplers_imp_120WOX2
Compiling module xil_defaultlib.m01_couplers_imp_6BWSZC
Compiling module xil_defaultlib.m02_couplers_imp_UGVDQZ
Compiling module xil_defaultlib.s00_couplers_imp_S199H2
Compiling module generic_baseblocks_v2_1_0.generic_baseblocks_v2_1_0_compar...
Compiling module generic_baseblocks_v2_1_0.generic_baseblocks_v2_1_0_compar...
Compiling module axi_crossbar_v2_1_25.axi_crossbar_v2_1_25_addr_decode...
Compiling module generic_baseblocks_v2_1_0.generic_baseblocks_v2_1_0_mux_en...
Compiling module generic_baseblocks_v2_1_0.generic_baseblocks_v2_1_0_mux_en...
Compiling module generic_baseblocks_v2_1_0.generic_baseblocks_v2_1_0_mux_en...
Compiling module axi_crossbar_v2_1_25.axi_crossbar_v2_1_25_crossbar_sa...
Compiling module axi_crossbar_v2_1_25.axi_crossbar_v2_1_25_axi_crossba...
Compiling module xil_defaultlib.pfm_dynamic_xbar_5
Compiling module xil_defaultlib.pfm_dynamic_user_slr_icn_0
Compiling module xil_defaultlib.pfm_dynamic_xtlm_simple_intercon...
Compiling module xil_defaultlib.pfm_dynamic
Compiling module xil_defaultlib.emu_sci
Compiling module sim_clk_gen_v1_0_3.sim_clk_gen(CLOCK_PERIOD=3.33200...
Compiling module xil_defaultlib.emu_ddr0_ui_clk_0
Compiling module xil_defaultlib.emu_kernel2_clk_0
Compiling module xil_defaultlib.emu_kernel_clk_0
Compiling module xil_defaultlib.clk_reset_wizard_imp_1N4AMRV
Compiling module xil_defaultlib.m00_couplers_imp_THO9J8
Compiling module xil_defaultlib.m01_couplers_imp_1F0NE0X
Compiling module xil_defaultlib.m02_couplers_imp_2SPS0F
Compiling module xil_defaultlib.s00_couplers_imp_1I78I2M
Compiling module axi_infrastructure_v1_1_0.axi_infrastructure_v1_1_0_axi2ve...
Compiling module axi_infrastructure_v1_1_0.axi_infrastructure_v1_1_0_vector...
Compiling module axi_register_slice_v2_1_24.axi_register_slice_v2_1_24_axic_...
Compiling module axi_register_slice_v2_1_24.axi_register_slice_v2_1_24_axic_...
Compiling module axi_register_slice_v2_1_24.axi_register_slice_v2_1_24_axic_...
Compiling module axi_register_slice_v2_1_24.axi_register_slice_v2_1_24_axic_...
Compiling module axi_register_slice_v2_1_24.axi_register_slice_v2_1_24_axi_r...
Compiling module axi_protocol_converter_v2_1_24.axi_protocol_converter_v2_1_24_b...
Compiling module axi_protocol_converter_v2_1_24.axi_protocol_converter_v2_1_24_b...
Compiling module axi_protocol_converter_v2_1_24.axi_protocol_converter_v2_1_24_b...
Compiling module axi_protocol_converter_v2_1_24.axi_protocol_converter_v2_1_24_b...
Compiling module axi_protocol_converter_v2_1_24.axi_protocol_converter_v2_1_24_b...
Compiling module axi_protocol_converter_v2_1_24.axi_protocol_converter_v2_1_24_b...
Compiling module axi_protocol_converter_v2_1_24.axi_protocol_converter_v2_1_24_b...
Compiling module axi_protocol_converter_v2_1_24.axi_protocol_converter_v2_1_24_b...
Compiling module axi_protocol_converter_v2_1_24.axi_protocol_converter_v2_1_24_b...
Compiling module axi_protocol_converter_v2_1_24.axi_protocol_converter_v2_1_24_b...
Compiling module axi_protocol_converter_v2_1_24.axi_protocol_converter_v2_1_24_b...
Compiling module axi_protocol_converter_v2_1_24.axi_protocol_converter_v2_1_24_b...
Compiling module axi_protocol_converter_v2_1_24.axi_protocol_converter_v2_1_24_b...
Compiling module axi_infrastructure_v1_1_0.axi_infrastructure_v1_1_0_axi2ve...
Compiling module axi_infrastructure_v1_1_0.axi_infrastructure_v1_1_0_vector...
Compiling module axi_register_slice_v2_1_24.axi_register_slice_v2_1_24_axic_...
Compiling module axi_register_slice_v2_1_24.axi_register_slice_v2_1_24_axic_...
Compiling module axi_register_slice_v2_1_24.axi_register_slice_v2_1_24_axic_...
Compiling module axi_register_slice_v2_1_24.axi_register_slice_v2_1_24_axic_...
Compiling module axi_register_slice_v2_1_24.axi_register_slice_v2_1_24_axi_r...
Compiling module axi_protocol_converter_v2_1_24.axi_protocol_converter_v2_1_24_b...
Compiling module axi_protocol_converter_v2_1_24.axi_protocol_converter_v2_1_24_a...
Compiling module xil_defaultlib.emu_auto_pc_0
Compiling module xil_defaultlib.s01_couplers_imp_8JQCQJ
Compiling module axi_mmu_v2_1_22.axi_mmu_v2_1_22_addr_decoder(C_F...
Compiling module axi_mmu_v2_1_22.axi_mmu_v2_1_22_decerr_slave(C_R...
Compiling module axi_infrastructure_v1_1_0.axi_infrastructure_v1_1_0_axi2ve...
Compiling module axi_infrastructure_v1_1_0.axi_infrastructure_v1_1_0_vector...
Compiling module axi_register_slice_v2_1_24.axi_register_slice_v2_1_24_axic_...
Compiling module axi_register_slice_v2_1_24.axi_register_slice_v2_1_24_axic_...
Compiling module axi_register_slice_v2_1_24.axi_register_slice_v2_1_24_axic_...
Compiling module axi_register_slice_v2_1_24.axi_register_slice_v2_1_24_axic_...
Compiling module axi_register_slice_v2_1_24.axi_register_slice_v2_1_24_axi_r...
Compiling module axi_mmu_v2_1_22.axi_mmu_v2_1_22_top(C_FAMILY="vi...
Compiling module xil_defaultlib.emu_s01_mmu_0
Compiling module generic_baseblocks_v2_1_0.generic_baseblocks_v2_1_0_mux_en...
Compiling module axi_crossbar_v2_1_25.axi_crossbar_v2_1_25_addr_arbite...
Compiling module generic_baseblocks_v2_1_0.generic_baseblocks_v2_1_0_compar...
Compiling module generic_baseblocks_v2_1_0.generic_baseblocks_v2_1_0_compar...
Compiling module generic_baseblocks_v2_1_0.generic_baseblocks_v2_1_0_compar...
Compiling module axi_crossbar_v2_1_25.axi_crossbar_v2_1_25_addr_decode...
Compiling module generic_baseblocks_v2_1_0.generic_baseblocks_v2_1_0_mux_en...
Compiling module generic_baseblocks_v2_1_0.generic_baseblocks_v2_1_0_mux_en...
Compiling module axi_crossbar_v2_1_25.axi_crossbar_v2_1_25_crossbar_sa...
Compiling module axi_crossbar_v2_1_25.axi_crossbar_v2_1_25_axi_crossba...
Compiling module xil_defaultlib.emu_xbar_2
Compiling module xil_defaultlib.emu_connect_to_es_0
Compiling module xil_defaultlib.m00_couplers_imp_1J2QOWN
Compiling module xil_defaultlib.m01_couplers_imp_7QT8NM
Compiling module xil_defaultlib.m02_couplers_imp_1A3IVOC
Compiling module xil_defaultlib.m03_couplers_imp_YBOEHL
Compiling module xil_defaultlib.m04_couplers_imp_1VNSOX
Compiling module xil_defaultlib.m05_couplers_imp_1OUOKUC
Compiling module xil_defaultlib.s00_couplers_imp_UX2T9P
Compiling module axi_mmu_v2_1_22.axi_mmu_v2_1_22_addr_decoder(C_F...
Compiling module axi_mmu_v2_1_22.axi_mmu_v2_1_22_decerr_slave(C_A...
Compiling module axi_infrastructure_v1_1_0.axi_infrastructure_v1_1_0_axi2ve...
Compiling module axi_infrastructure_v1_1_0.axi_infrastructure_v1_1_0_vector...
Compiling module axi_register_slice_v2_1_24.axi_register_slice_v2_1_24_axic_...
Compiling module axi_register_slice_v2_1_24.axi_register_slice_v2_1_24_axic_...
Compiling module axi_register_slice_v2_1_24.axi_register_slice_v2_1_24_axic_...
Compiling module axi_register_slice_v2_1_24.axi_register_slice_v2_1_24_axi_r...
Compiling module axi_mmu_v2_1_22.axi_mmu_v2_1_22_top(C_FAMILY="vi...
Compiling module xil_defaultlib.emu_s00_mmu_0
Compiling module xil_defaultlib.emu_auto_pc_1
Compiling module xil_defaultlib.s01_couplers_imp_1DNO9BC
Compiling module xil_defaultlib.emu_s01_mmu_1
Compiling module xil_defaultlib.emu_auto_pc_2
Compiling module xil_defaultlib.s02_couplers_imp_47SKBQ
Compiling module xil_defaultlib.emu_s02_mmu_0
Compiling module xil_defaultlib.s03_couplers_imp_1MG1X0J
Compiling module axi_mmu_v2_1_22.axi_mmu_v2_1_22_addr_decoder(C_F...
Compiling module axi_mmu_v2_1_22.axi_mmu_v2_1_22_top(C_FAMILY="vi...
Compiling module xil_defaultlib.emu_s03_mmu_0
Compiling module generic_baseblocks_v2_1_0.generic_baseblocks_v2_1_0_mux_en...
Compiling module axi_crossbar_v2_1_25.axi_crossbar_v2_1_25_addr_arbite...
Compiling module axi_crossbar_v2_1_25.axi_crossbar_v2_1_25_addr_decode...
Compiling module generic_baseblocks_v2_1_0.generic_baseblocks_v2_1_0_mux_en...
Compiling module generic_baseblocks_v2_1_0.generic_baseblocks_v2_1_0_mux_en...
Compiling module generic_baseblocks_v2_1_0.generic_baseblocks_v2_1_0_mux_en...
Compiling module generic_baseblocks_v2_1_0.generic_baseblocks_v2_1_0_mux_en...
Compiling module axi_crossbar_v2_1_25.axi_crossbar_v2_1_25_crossbar_sa...
Compiling module axi_crossbar_v2_1_25.axi_crossbar_v2_1_25_axi_crossba...
Compiling module xil_defaultlib.emu_xbar_3
Compiling module xil_defaultlib.emu_connect_to_es_cu_0
Compiling module xil_defaultlib.emu_dma_pcie_clk_0
Compiling module xil_defaultlib.shell_utils_cudma_controller_CQD...
Compiling module xil_defaultlib.shell_utils_cudma_controller_CQD...
Compiling module xil_defaultlib.shell_utils_cudma_controller_CQD...
Compiling module xil_defaultlib.shell_utils_cudma_controller_CQD...
Compiling module xil_defaultlib.shell_utils_cudma_controller_CQD...
Compiling module xil_defaultlib.shell_utils_cudma_controller_CQD...
Compiling module xil_defaultlib.shell_utils_cudma_controller_CQD...
Compiling module xil_defaultlib.shell_utils_cudma_controller_CQD...
Compiling module xil_defaultlib.shell_utils_cudma_controller_CQD...
Compiling module xil_defaultlib.shell_utils_cudma_controller_CQD...
Compiling module xil_defaultlib.shell_utils_cudma_controller_CQD...
Compiling module xil_defaultlib.shell_utils_cudma_controller_CQD...
Compiling module xil_defaultlib.shell_utils_cudma_controller_CUD...
Compiling module xil_defaultlib.shell_utils_cudma_controller_CUD...
Compiling module xil_defaultlib.shell_utils_cudma_controller_CUD...
Compiling module xil_defaultlib.shell_utils_cudma_controller_CUD...
Compiling module xil_defaultlib.shell_utils_cudma_controller_CUD...
Compiling module xil_defaultlib.shell_utils_cudma_controller_CUD...
Compiling module xil_defaultlib.shell_utils_cudma_controller_CUD...
Compiling module xil_defaultlib.shell_utils_cudma_controller_CUD...
Compiling module xil_defaultlib.shell_utils_cudma_controller_CUD...
Compiling module xil_defaultlib.shell_utils_cudma_controller_CUD...
Compiling module xil_defaultlib.shell_utils_cudma_controller_CUD...
Compiling module xil_defaultlib.shell_utils_cudma_controller_CUD...
Compiling module xil_defaultlib.shell_utils_cudma_controller(C_M...
Compiling module xil_defaultlib.emu_CuDmaController_0_0
Compiling architecture imp of entity axi_intc_v4_1_15.intc_core [\intc_core(c_family="virtexuplus...]
Compiling architecture imp of entity axi_lite_ipif_v3_0_4.pselect_f [\pselect_f(c_ab=3,c_aw=9,c_bar="...]
Compiling architecture imp of entity axi_lite_ipif_v3_0_4.pselect_f [\pselect_f(c_ab=4,c_aw=4,c_bar="...]
Compiling architecture imp of entity axi_lite_ipif_v3_0_4.pselect_f [\pselect_f(c_ab=4,c_aw=4,c_bar="...]
Compiling architecture imp of entity axi_lite_ipif_v3_0_4.pselect_f [\pselect_f(c_ab=4,c_aw=4,c_bar="...]
Compiling architecture imp of entity axi_lite_ipif_v3_0_4.pselect_f [\pselect_f(c_ab=4,c_aw=4,c_bar="...]
Compiling architecture imp of entity axi_lite_ipif_v3_0_4.pselect_f [\pselect_f(c_ab=4,c_aw=4,c_bar="...]
Compiling architecture imp of entity axi_lite_ipif_v3_0_4.pselect_f [\pselect_f(c_ab=4,c_aw=4,c_bar="...]
Compiling architecture imp of entity axi_lite_ipif_v3_0_4.pselect_f [\pselect_f(c_ab=4,c_aw=4,c_bar="...]
Compiling architecture imp of entity axi_lite_ipif_v3_0_4.pselect_f [\pselect_f(c_ab=4,c_aw=4,c_bar="...]
Compiling architecture imp of entity axi_lite_ipif_v3_0_4.pselect_f [\pselect_f(c_ab=4,c_aw=4,c_bar="...]
Compiling architecture imp of entity axi_lite_ipif_v3_0_4.pselect_f [\pselect_f(c_ab=4,c_aw=4,c_bar="...]
Compiling architecture imp of entity axi_lite_ipif_v3_0_4.pselect_f [\pselect_f(c_ab=4,c_aw=4,c_bar="...]
Compiling architecture imp of entity axi_lite_ipif_v3_0_4.pselect_f [\pselect_f(c_ab=4,c_aw=4,c_bar="...]
Compiling architecture imp of entity axi_lite_ipif_v3_0_4.pselect_f [\pselect_f(c_ab=4,c_aw=4,c_bar="...]
Compiling architecture imp of entity axi_lite_ipif_v3_0_4.pselect_f [\pselect_f(c_ab=4,c_aw=4,c_bar="...]
Compiling architecture imp of entity axi_lite_ipif_v3_0_4.pselect_f [\pselect_f(c_ab=4,c_aw=4,c_bar="...]
Compiling architecture imp of entity axi_lite_ipif_v3_0_4.pselect_f [\pselect_f(c_ab=4,c_aw=4,c_bar="...]
Compiling architecture imp of entity axi_lite_ipif_v3_0_4.pselect_f [\pselect_f(c_ab=2,c_aw=9,c_bar="...]
Compiling architecture imp of entity axi_lite_ipif_v3_0_4.pselect_f [\pselect_f(c_ab=1,c_aw=9,c_bar="...]
Compiling architecture imp of entity axi_lite_ipif_v3_0_4.pselect_f [\pselect_f(c_ab=1,c_aw=1,c_bar="...]
Compiling architecture imp of entity axi_lite_ipif_v3_0_4.pselect_f [\pselect_f(c_ab=1,c_aw=1,c_bar="...]
Compiling architecture imp of entity axi_lite_ipif_v3_0_4.address_decoder [\address_decoder(c_bus_awidth=9,...]
Compiling architecture imp of entity axi_lite_ipif_v3_0_4.slave_attachment [\slave_attachment(c_ard_addr_ran...]
Compiling architecture imp of entity axi_lite_ipif_v3_0_4.axi_lite_ipif [\axi_lite_ipif(c_s_axi_addr_widt...]
Compiling architecture imp of entity axi_intc_v4_1_15.axi_intc [\axi_intc(c_family="virtexuplus"...]
Compiling architecture emu_axi_intc_0_0_arch of entity xil_defaultlib.emu_axi_intc_0_0 [emu_axi_intc_0_0_default]
Compiling module xil_defaultlib.shell_utils_cuisr_a_m_axi_thrott...
Compiling module xil_defaultlib.shell_utils_cuisr_a_m_axi_reg_sl...
Compiling module xil_defaultlib.shell_utils_cuisr_a_m_axi_fifo(D...
Compiling module xil_defaultlib.shell_utils_cuisr_a_m_axi_buffer...
Compiling module xil_defaultlib.shell_utils_cuisr_a_m_axi_fifo(D...
Compiling module xil_defaultlib.shell_utils_cuisr_a_m_axi_fifo(D...
Compiling module xil_defaultlib.shell_utils_cuisr_a_m_axi_fifo(D...
Compiling module xil_defaultlib.shell_utils_cuisr_a_m_axi_write(...
Compiling module xil_defaultlib.shell_utils_cuisr_a_m_axi_buffer...
Compiling module xil_defaultlib.shell_utils_cuisr_a_m_axi_reg_sl...
Compiling module xil_defaultlib.shell_utils_cuisr_a_m_axi_read(N...
Compiling module xil_defaultlib.shell_utils_cuisr_a_m_axi(NUM_RE...
Compiling module xil_defaultlib.shell_utils_cuisr(C_M_AXI_A_USER...
Compiling module xil_defaultlib.emu_cuisr_0_0
Compiling module xpm.xpm_memory_base(MEMORY_SIZE=4096...
Compiling module xpm.xpm_memory_dpdistram(MEMORY_SIZE...
Compiling module xpm.xpm_cdc_array_single(DEST_SYNC_F...
Compiling module shell_utils_embedded_scheduler_hw_v1_0_0.CuDmaController_rtl
Compiling module shell_utils_embedded_scheduler_hw_v1_0_0.CuISR
Compiling module shell_utils_embedded_scheduler_hw_v1_0_0.shell_utils_embedded_scheduler_h...
Compiling module xil_defaultlib.emu_embedded_scheduler_hw_0_0
Compiling module xil_defaultlib.emu_sim_embedded_scheduler_sw_0_...
Compiling module xlconcat_v2_1_4.xlconcat_v2_1_4_xlconcat(dout_wi...
Compiling module xil_defaultlib.emu_xlconcat_0_0
Compiling module xlconstant_v1_1_7.xlconstant_v1_1_7_xlconstant(CON...
Compiling module xil_defaultlib.emu_xlconstant_0_0
Compiling module xil_defaultlib.embedded_schedular_imp_1KU1L3J
Compiling module xil_defaultlib.emu_icn_pass_0_0
Compiling architecture emu_psr_dma_pcie_aclk_0_arch of entity xil_defaultlib.emu_psr_dma_pcie_aclk_0 [emu_psr_dma_pcie_aclk_0_default]
Compiling module xil_defaultlib.emu_sim_copy_kernel_0_0
Compiling module xil_defaultlib.emu_sim_copy_kernel_1_0
Compiling module xil_defaultlib.emu_sim_copy_kernel_2_0
Compiling module xil_defaultlib.emu_sim_copy_kernel_3_0
Compiling module xil_defaultlib.emu_sim_ddr_1_0
Compiling module xil_defaultlib.emu_sim_xdma_0_0
Compiling module xil_defaultlib.static_region_imp_PT295H
Compiling module xil_defaultlib.emu
Compiling module xil_defaultlib.emu_wrapper
Compiling module xil_defaultlib.glbl
Built simulation snapshot emu_wrapper_behav
